#
# A fatal error has been detected by the Java Runtime Environment:
#
#  EXCEPTION_ACCESS_VIOLATION (0xc0000005) at pc=0x00007ffbb254c4be, pid=32500, tid=33396
#
# JRE version: OpenJDK Runtime Environment Corretto-16.0.2.7.1 (16.0.2+7) (build 16.0.2+7)
# Java VM: OpenJDK 64-Bit Server VM Corretto-16.0.2.7.1 (16.0.2+7, mixed mode, sharing, tiered, compressed oops, compressed class ptrs, g1 gc, windows-amd64)
# Problematic frame:
# C  [native-platform-file-events.dll+0x1c4be]
#
# No core dump will be written. Minidumps are not enabled by default on client versions of Windows
#
# If you would like to submit a bug report, please visit:
#   https://github.com/corretto/corretto-jdk/issues/
# The crash happened outside the Java Virtual Machine in native code.
# See problematic frame for where to report the bug.
#

---------------  S U M M A R Y ------------

Command Line: --add-opens=java.base/java.util=ALL-UNNAMED --add-opens=java.base/java.lang=ALL-UNNAMED --add-opens=java.base/java.lang.invoke=ALL-UNNAMED --add-opens=java.base/java.util=ALL-UNNAMED --add-opens=java.prefs/java.util.prefs=ALL-UNNAMED --add-opens=java.prefs/java.util.prefs=ALL-UNNAMED --add-opens=java.base/java.nio.charset=ALL-UNNAMED --add-opens=java.base/java.net=ALL-UNNAMED --add-opens=java.base/java.util.concurrent.atomic=ALL-UNNAMED -Xmx3G -Dfile.encoding=windows-1251 -Duser.country=RU -Duser.language=ru -Duser.variant org.gradle.launcher.daemon.bootstrap.GradleDaemon 7.1.1

Host: AMD Ryzen 5 1600 Six-Core Processor            , 12 cores, 15G,  Windows 10 , 64 bit Build 19041 (10.0.19041.928)
Time: Tue Dec 21 00:35:01 2021  Windows 10 , 64 bit Build 19041 (10.0.19041.928) elapsed time: 177.323747 seconds (0d 0h 2m 57s)

---------------  T H R E A D  ---------------

Current thread (0x000001dcc5f88040):  JavaThread "File watcher server" daemon [_thread_in_native, id=33396, stack(0x0000009bf6d00000,0x0000009bf6e00000)]

Stack: [0x0000009bf6d00000,0x0000009bf6e00000],  sp=0x0000009bf6dfe3e0,  free space=1016k
Native frames: (J=compiled Java code, j=interpreted, Vv=VM code, C=native code)
C  [native-platform-file-events.dll+0x1c4be]

Java frames: (J=compiled Java code, j=interpreted, Vv=VM code)
j  net.rubygrapefruit.platform.internal.jni.AbstractFileEventFunctions$NativeFileWatcher.executeRunLoop0(Ljava/lang/Object;)V+0
j  net.rubygrapefruit.platform.internal.jni.AbstractFileEventFunctions$NativeFileWatcher.access$100(Lnet/rubygrapefruit/platform/internal/jni/AbstractFileEventFunctions$NativeFileWatcher;Ljava/lang/Object;)V+2
j  net.rubygrapefruit.platform.internal.jni.AbstractFileEventFunctions$NativeFileWatcher$1.run()V+26
v  ~StubRoutines::call_stub

siginfo: EXCEPTION_ACCESS_VIOLATION (0xc0000005), reading address 0xffffffffffffffff


Register to memory mapping:

RIP=0x00007ffbb254c4be native-platform-file-events.dll
RAX=0x2473636974736974 is an unknown value
RBX=0x0000000000000001 is an unknown value
RCX=0x2473636974736974 is an unknown value
RDX=0x0000009bf6dfe438 is pointing into the stack for thread: 0x000001dcc5f88040
RSP=0x0000009bf6dfe3e0 is pointing into the stack for thread: 0x000001dcc5f88040
RBP=0x0000009bf6dfedd8 is pointing into the stack for thread: 0x000001dcc5f88040
RSI=0x0 is NULL
RDI=0x00000000ffffffff is an unknown value
R8 =0x0000009bf6dfe440 is pointing into the stack for thread: 0x000001dcc5f88040
R9 =0x000000007ffe2000 points into unknown readable memory: 0x00000000546c6148 | 48 61 6c 54 00 00 00 00
R10=0x00000000546c6148 is an unknown value
R11=0x0000016eea086590 is an unknown value
R12=0x0 is NULL
R13={method} {0x000001dcc7352de0} 'executeRunLoop0' '(Ljava/lang/Object;)V' in 'net/rubygrapefruit/platform/internal/jni/AbstractFileEventFunctions$NativeFileWatcher'
R14=0x0000009bf6dfee00 is pointing into the stack for thread: 0x000001dcc5f88040
R15=0x000001dcc5f88040 is a thread


Registers:
RAX=0x2473636974736974, RBX=0x0000000000000001, RCX=0x2473636974736974, RDX=0x0000009bf6dfe438
RSP=0x0000009bf6dfe3e0, RBP=0x0000009bf6dfedd8, RSI=0x0000000000000000, RDI=0x00000000ffffffff
R8 =0x0000009bf6dfe440, R9 =0x000000007ffe2000, R10=0x00000000546c6148, R11=0x0000016eea086590
R12=0x0000000000000000, R13=0x000001dcc7352dd8, R14=0x0000009bf6dfee00, R15=0x000001dcc5f88040
RIP=0x00007ffbb254c4be, EFLAGS=0x0000000000010202

Top of Stack: (sp=0x0000009bf6dfe3e0)
0x0000009bf6dfe3e0:   00014516ad7f5fe4 0001451686f11944
0x0000009bf6dfe3f0:   00014516ad7f5fe4 00007ffbb2567be5
0x0000009bf6dfe400:   0000009bf6dfe4b8 0000009bf6dfe438
0x0000009bf6dfe410:   0000009b00000000 0000009bf6dfe448
0x0000009bf6dfe420:   0000009bf6df0001 000003403a0e12e1
0x0000009bf6dfe430:   0000009bf6dfe440 0000000000000286
0x0000009bf6dfe440:   0001451686f11944 00014516ad7f5fe4
0x0000009bf6dfe450:   0000009bf6dfee00 00007ffbb2567777
0x0000009bf6dfe460:   0000009bf6dfe4b8 0000009bf6dfe4b0
0x0000009bf6dfe470:   000001dcc4197970 00000000000002e9
0x0000009bf6dfe480:   0000000000000000 00007ffbb2558bee
0x0000009bf6dfe490:   00014516ad7f5fe4 0000000000000286
0x0000009bf6dfe4a0:   0000009bf65fbec0 00000007409b1178
0x0000009bf6dfe4b0:   0000c1fc68a04e45 0000000000000286
0x0000009bf6dfe4c0:   0000009bf6dfe4f0 00007ffbb254c6ec
0x0000009bf6dfe4d0:   2473636974736974 0000009b00000003 

Instructions: (pc=0x00007ffbb254c4be)
0x00007ffbb254c3be:   8b 00 48 89 44 24 38 48 8b 44 24 38 48 89 44 24
0x00007ffbb254c3ce:   58 48 8b 84 24 b0 00 00 00 48 83 c0 08 48 89 44
0x00007ffbb254c3de:   24 40 48 8d 54 24 70 48 8b 4c 24 40 e8 26 50 fe
0x00007ffbb254c3ee:   ff 48 8b 00 48 89 44 24 48 48 8b 44 24 48 48 89
0x00007ffbb254c3fe:   44 24 60 4c 8b 4c 24 50 4c 8b 44 24 58 48 8b 54
0x00007ffbb254c40e:   24 60 48 8d 4c 24 78 e8 31 92 fe ff 48 8d 4c 24
0x00007ffbb254c41e:   78 e8 8b 6a fe ff 48 8b c8 ff 15 db ab 11 00 89
0x00007ffbb254c42e:   44 24 24 83 7c 24 24 ff 74 15 8b 44 24 24 83 e0
0x00007ffbb254c43e:   10 85 c0 74 0a c7 44 24 28 01 00 00 00 eb 08 c7
0x00007ffbb254c44e:   44 24 28 00 00 00 00 0f b6 44 24 28 88 44 24 20
0x00007ffbb254c45e:   48 8d 4c 24 78 e8 1f 97 fe ff 0f b6 44 24 20 48
0x00007ffbb254c46e:   8b 8c 24 98 00 00 00 48 33 cc e8 8f 76 fe ff 48
0x00007ffbb254c47e:   81 c4 a8 00 00 00 c3 cc cc cc cc cc cc cc cc cc
0x00007ffbb254c48e:   cc cc 48 89 4c 24 08 48 81 ec e8 00 00 00 48 8b
0x00007ffbb254c49e:   05 a5 7d 10 00 48 33 c4 48 89 84 24 d0 00 00 00
0x00007ffbb254c4ae:   c7 44 24 30 00 00 00 00 48 8b 84 24 f0 00 00 00
0x00007ffbb254c4be:   83 78 68 03 0f 84 02 01 00 00 48 8b 84 24 f0 00
0x00007ffbb254c4ce:   00 00 48 8b 48 28 ff 15 36 ab 11 00 89 44 24 38
0x00007ffbb254c4de:   83 7c 24 38 00 0f 85 d0 00 00 00 ba 07 00 00 00
0x00007ffbb254c4ee:   48 8b 0d 1b b0 10 00 e8 48 a4 fe ff 88 44 24 34
0x00007ffbb254c4fe:   0f b6 44 24 34 85 c0 0f 84 90 00 00 00 ff 15 07
0x00007ffbb254c50e:   ab 11 00 89 44 24 3c 48 8b 84 24 f0 00 00 00 48
0x00007ffbb254c51e:   83 c0 08 48 8b d0 48 8d 8c 24 90 00 00 00 e8 05
0x00007ffbb254c52e:   51 fe ff 48 89 44 24 40 48 8b 44 24 40 48 89 44
0x00007ffbb254c53e:   24 48 8b 44 24 30 83 c8 01 89 44 24 30 48 8b 4c
0x00007ffbb254c54e:   24 48 e8 d5 52 fe ff 48 89 44 24 50 48 8b 84 24
0x00007ffbb254c55e:   f0 00 00 00 48 8b 40 28 48 89 44 24 58 8b 44 24
0x00007ffbb254c56e:   3c 89 44 24 28 48 8b 44 24 50 48 89 44 24 20 4c
0x00007ffbb254c57e:   8b 4c 24 58 4c 8d 05 77 af 0d 00 ba 07 00 00 00
0x00007ffbb254c58e:   48 8b 0d 7b af 10 00 e8 f8 71 fe ff 90 8b 44 24
0x00007ffbb254c59e:   30 83 e0 01 85 c0 74 13 83 64 24 30 fe 48 8d 8c
0x00007ffbb254c5ae:   24 90 00 00 00 e8 e7 5a fe ff 90 eb 00 48 8b 84 


Stack slot to memory mapping:
stack at sp + 0 slots: 0x00014516ad7f5fe4 is an unknown value
stack at sp + 1 slots: 0x0001451686f11944 is an unknown value
stack at sp + 2 slots: 0x00014516ad7f5fe4 is an unknown value
stack at sp + 3 slots: 0x00007ffbb2567be5 native-platform-file-events.dll
stack at sp + 4 slots: 0x0000009bf6dfe4b8 is pointing into the stack for thread: 0x000001dcc5f88040
stack at sp + 5 slots: 0x0000009bf6dfe438 is pointing into the stack for thread: 0x000001dcc5f88040
stack at sp + 6 slots: 0x0000009b00000000 is an unknown value
stack at sp + 7 slots: 0x0000009bf6dfe448 is pointing into the stack for thread: 0x000001dcc5f88040


---------------  P R O C E S S  ---------------

Threads class SMR info:
_java_thread_list=0x000001dcc62beed0, length=169, elements={
0x000001dca1226b70, 0x000001dcc2f9aa00, 0x000001dcc2f9bcb0, 0x000001dcc2fb2b60,
0x000001dcc2fb5480, 0x000001dcc2fb8570, 0x000001dcc2fb6da0, 0x000001dcc2fbd2c0,
0x000001dcc2fbe3b0, 0x000001dcc2fcbca0, 0x000001dcc3a0dc30, 0x000001dcc3a12160,
0x000001dcc4f5bc20, 0x000001dcc4f5c6c0, 0x000001dcc4f5c170, 0x000001dcc4f5d160,
0x000001dcc4f5d6b0, 0x000001dcc4f5e150, 0x000001dcc4f5e6a0, 0x000001dcc4f5dc00,
0x000001dcc4f5cc10, 0x000001dcc4f5ebf0, 0x000001dcc4f5f140, 0x000001dcc5f88ae0,
0x000001dcc5f89580, 0x000001dcc5f89030, 0x000001dcc5f88040, 0x000001dcc5f8a020,
0x000001dcc5f89ad0, 0x000001dcc5f87af0, 0x000001dcc5f8c550, 0x000001dcc5f88590,
0x000001dcc5f8a570, 0x000001dcc5f85070, 0x000001dcc5f8b560, 0x000001dcc5f8c000,
0x000001dcc5f855c0, 0x000001dcc5f8caa0, 0x000001dcc5f87050, 0x000001dcc9404420,
0x000001dcc940a3c0, 0x000001dcc9405960, 0x000001dcc9402990, 0x000001dcc9409e70,
0x000001dcc9406ea0, 0x000001dcc94083e0, 0x000001dcc9405eb0, 0x000001dcc9405410,
0x000001dcc9403ed0, 0x000001dcc94093d0, 0x000001dcc9407940, 0x000001dcc9406400,
0x000001dcc9409920, 0x000001dcc9402ee0, 0x000001dcc9403430, 0x000001dcc9406950,
0x000001dcc94073f0, 0x000001dcc9403980, 0x000001dcc9407e90, 0x000001dcc9408e80,
0x000001dcc9404970, 0x000001dcc9408930, 0x000001dcc9404ec0, 0x000001dcc97424b0,
0x000001dcc97434a0, 0x000001dcc97439f0, 0x000001dcc9741f60, 0x000001dcc9742f50,
0x000001dcc9740f70, 0x000001dcc5820260, 0x000001dcc5823230, 0x000001dcc5822790,
0x000001dcc581c7f0, 0x000001dcc581d290, 0x000001dcc5821250, 0x000001dcc581f7c0,
0x000001dcc581cd40, 0x000001dcc581d7e0, 0x000001dcc58207b0, 0x000001dcc581fd10,
0x000001dcc581dd30, 0x000001dcc5820d00, 0x000001dcc58217a0, 0x000001dcc581c2a0,
0x000001dcc5821cf0, 0x000001dcc581e7d0, 0x000001dcc581e280, 0x000001dcc581ed20,
0x000001dcc581f270, 0x000001dcc3ac2040, 0x000001dcc3ac2590, 0x000001dcc3ac3580,
0x000001dcc3ac1050, 0x000001dcc3ac2ae0, 0x000001dcc3ac3030, 0x000001dcc3ac15a0,
0x000001dcc3ac0060, 0x000001dcc3ac05b0, 0x000001dcc3ac1af0, 0x000001dcc3ac0b00,
0x000001dcc77fead0, 0x000001dcc77fc050, 0x000001dcc77fe030, 0x000001dcc77fd590,
0x000001dcc77fe580, 0x000001dcc77ff020, 0x000001dcc77ff570, 0x000001dcc77fc5a0,
0x000001dcc77fcaf0, 0x000001dcc77fd040, 0x000001dcc77fdae0, 0x000001dcc63f1d60,
0x000001dcc63ed300, 0x000001dcc63f0820, 0x000001dcc63f37f0, 0x000001dcc63f22b0,
0x000001dcc63efd80, 0x000001dcc63ee2f0, 0x000001dcc63f2800, 0x000001dcc63ec860,
0x000001dcc63eed90, 0x000001dcc63f4290, 0x000001dcc63f2d50, 0x000001dcc63ed850,
0x000001dcc63f1810, 0x000001dcc63ecdb0, 0x000001dcc63edda0, 0x000001dcc63f02d0,
0x000001dcc63ee840, 0x000001dcc63f32a0, 0x000001dcc63ef2e0, 0x000001dcc63f0d70,
0x000001dcc63ef830, 0x000001dcc63f3d40, 0x000001dcc63f12c0, 0x000001dcc8812b00,
0x000001dcc8814590, 0x000001dcc88115c0, 0x000001dcc8814ae0, 0x000001dcc8813050,
0x000001dcc8813af0, 0x000001dcc8816570, 0x000001dcc88135a0, 0x000001dcc8815030,
0x000001dcc8817010, 0x000001dcc8814040, 0x000001dcc8812060, 0x000001dcc8816ac0,
0x000001dcc88125b0, 0x000001dcc8817560, 0x000001dcc8815580, 0x000001dcc88105d0,
0x000001dcc8815ad0, 0x000001dcc8817ab0, 0x000001dcc8811070, 0x000001dcc8810b20,
0x000001dcc8816020, 0x000001dcc7780920, 0x000001dcc7780e70, 0x000001dcc77803d0,
0x000001dcc77813c0, 0x000001dcc77823b0, 0x000001dcc7784e30, 0x000001dcc777e940,
0x000001dcc7782900, 0x000001dcc77833a0, 0x000001dcc7785e20, 0x000001dcc77858d0,
0x000001dcc79e21c0
}

Java Threads: ( => current thread )
  0x000001dca1226b70 JavaThread "main" [_thread_blocked, id=26976, stack(0x0000009bf4500000,0x0000009bf4600000)]
  0x000001dcc2f9aa00 JavaThread "Reference Handler" daemon [_thread_blocked, id=7820, stack(0x0000009bf4c00000,0x0000009bf4d00000)]
  0x000001dcc2f9bcb0 JavaThread "Finalizer" daemon [_thread_blocked, id=30040, stack(0x0000009bf4d00000,0x0000009bf4e00000)]
  0x000001dcc2fb2b60 JavaThread "Signal Dispatcher" daemon [_thread_blocked, id=27500, stack(0x0000009bf4e00000,0x0000009bf4f00000)]
  0x000001dcc2fb5480 JavaThread "Attach Listener" daemon [_thread_blocked, id=28264, stack(0x0000009bf4f00000,0x0000009bf5000000)]
  0x000001dcc2fb8570 JavaThread "Service Thread" daemon [_thread_blocked, id=33988, stack(0x0000009bf5000000,0x0000009bf5100000)]
  0x000001dcc2fb6da0 JavaThread "Monitor Deflation Thread" daemon [_thread_blocked, id=33228, stack(0x0000009bf5100000,0x0000009bf5200000)]
  0x000001dcc2fbd2c0 JavaThread "C2 CompilerThread0" daemon [_thread_in_native, id=9596, stack(0x0000009bf5200000,0x0000009bf5300000)]
  0x000001dcc2fbe3b0 JavaThread "C1 CompilerThread0" daemon [_thread_blocked, id=35828, stack(0x0000009bf5300000,0x0000009bf5400000)]
  0x000001dcc2fcbca0 JavaThread "Sweeper thread" daemon [_thread_blocked, id=33684, stack(0x0000009bf5400000,0x0000009bf5500000)]
  0x000001dcc3a0dc30 JavaThread "Common-Cleaner" daemon [_thread_blocked, id=34680, stack(0x0000009bf5500000,0x0000009bf5600000)]
  0x000001dcc3a12160 JavaThread "Notification Thread" daemon [_thread_blocked, id=27168, stack(0x0000009bf5600000,0x0000009bf5700000)]
  0x000001dcc4f5bc20 JavaThread "Daemon health stats" [_thread_blocked, id=34288, stack(0x0000009bf5f00000,0x0000009bf6000000)]
  0x000001dcc4f5c6c0 JavaThread "Incoming local TCP Connector on port 56884" [_thread_in_native, id=7728, stack(0x0000009bf6000000,0x0000009bf6100000)]
  0x000001dcc4f5c170 JavaThread "Daemon periodic checks" [_thread_blocked, id=33940, stack(0x0000009bf6100000,0x0000009bf6200000)]
  0x000001dcc4f5d160 JavaThread "Daemon" [_thread_blocked, id=35720, stack(0x0000009bf6200000,0x0000009bf6300000)]
  0x000001dcc4f5d6b0 JavaThread "Handler for socket connection from /127.0.0.1:56884 to /127.0.0.1:56885" [_thread_in_native, id=19592, stack(0x0000009bf6300000,0x0000009bf6400000)]
  0x000001dcc4f5e150 JavaThread "Cancel handler" [_thread_blocked, id=13580, stack(0x0000009bf6400000,0x0000009bf6500000)]
  0x000001dcc4f5e6a0 JavaThread "Daemon worker" [_thread_in_native, id=22704, stack(0x0000009bf6500000,0x0000009bf6600000)]
  0x000001dcc4f5dc00 JavaThread "Asynchronous log dispatcher for DefaultDaemonConnection: socket connection from /127.0.0.1:56884 to /127.0.0.1:56885" [_thread_blocked, id=9444, stack(0x0000009bf6600000,0x0000009bf6700000)]
  0x000001dcc4f5cc10 JavaThread "Stdin handler" [_thread_blocked, id=27392, stack(0x0000009bf6700000,0x0000009bf6800000)]
  0x000001dcc4f5ebf0 JavaThread "Daemon client event forwarder" [_thread_blocked, id=12908, stack(0x0000009bf6800000,0x0000009bf6900000)]
  0x000001dcc4f5f140 JavaThread "Cache worker for journal cache (C:\Users\opadfnezig\.gradle\caches\journal-1)" [_thread_blocked, id=21812, stack(0x0000009bf6900000,0x0000009bf6a00000)]
  0x000001dcc5f88ae0 JavaThread "File lock request listener" [_thread_in_native, id=6136, stack(0x0000009bf6a00000,0x0000009bf6b00000)]
  0x000001dcc5f89580 JavaThread "Cache worker for file hash cache (C:\Users\opadfnezig\.gradle\caches\7.1.1\fileHashes)" [_thread_blocked, id=25236, stack(0x0000009bf6b00000,0x0000009bf6c00000)]
  0x000001dcc5f89030 JavaThread "Cache worker for file hash cache (Y:\workspaces\intelij\idk\.gradle\7.1.1\fileHashes)" [_thread_blocked, id=35460, stack(0x0000009bf6c00000,0x0000009bf6d00000)]
=>0x000001dcc5f88040 JavaThread "File watcher server" daemon [_thread_in_native, id=33396, stack(0x0000009bf6d00000,0x0000009bf6e00000)]
  0x000001dcc5f8a020 JavaThread "File watcher consumer" daemon [_thread_blocked, id=30900, stack(0x0000009bf6e00000,0x0000009bf6f00000)]
  0x000001dcc5f89ad0 JavaThread "Cache worker for checksums cache (Y:\workspaces\intelij\idk\.gradle\checksums)" [_thread_blocked, id=1320, stack(0x0000009bf6f00000,0x0000009bf7000000)]
  0x000001dcc5f8c550 JavaThread "Cache worker for execution history cache (C:\Users\opadfnezig\.gradle\caches\7.1.1\executionHistory)" [_thread_blocked, id=13220, stack(0x0000009bf7100000,0x0000009bf7200000)]
  0x000001dcc5f88590 JavaThread "jar transforms" [_thread_blocked, id=35636, stack(0x0000009bf7800000,0x0000009bf7900000)]
  0x000001dcc5f8a570 JavaThread "jar transforms Thread 2" [_thread_blocked, id=33736, stack(0x0000009bf7900000,0x0000009bf7a00000)]
  0x000001dcc5f85070 JavaThread "Cache worker for file content cache (C:\Users\opadfnezig\.gradle\caches\7.1.1\fileContent)" [_thread_blocked, id=31856, stack(0x0000009bf7b00000,0x0000009bf7c00000)]
  0x000001dcc5f8b560 JavaThread "jar transforms Thread 3" [_thread_blocked, id=15272, stack(0x0000009bf7c00000,0x0000009bf7d00000)]
  0x000001dcc5f8c000 JavaThread "jar transforms Thread 4" [_thread_blocked, id=6140, stack(0x0000009bf7d00000,0x0000009bf7e00000)]
  0x000001dcc5f855c0 JavaThread "Cache worker for dependencies-accessors (Y:\workspaces\intelij\idk\.gradle\7.1.1\dependencies-accessors)" [_thread_blocked, id=33572, stack(0x0000009bf7e00000,0x0000009bf7f00000)]
  0x000001dcc5f8caa0 JavaThread "jar transforms Thread 5" [_thread_blocked, id=15964, stack(0x0000009bf7f00000,0x0000009bf8000000)]
  0x000001dcc5f87050 JavaThread "Unconstrained build operations" [_thread_blocked, id=32056, stack(0x0000009bf7a00000,0x0000009bf7b00000)]
  0x000001dcc9404420 JavaThread "Unconstrained build operations Thread 2" [_thread_blocked, id=33008, stack(0x0000009bf8100000,0x0000009bf8200000)]
  0x000001dcc940a3c0 JavaThread "Unconstrained build operations Thread 3" [_thread_blocked, id=12668, stack(0x0000009bf8200000,0x0000009bf8300000)]
  0x000001dcc9405960 JavaThread "Unconstrained build operations Thread 4" [_thread_blocked, id=27052, stack(0x0000009bf8300000,0x0000009bf8400000)]
  0x000001dcc9402990 JavaThread "Unconstrained build operations Thread 5" [_thread_blocked, id=33456, stack(0x0000009bf8400000,0x0000009bf8500000)]
  0x000001dcc9409e70 JavaThread "Unconstrained build operations Thread 6" [_thread_blocked, id=34168, stack(0x0000009bf8500000,0x0000009bf8600000)]
  0x000001dcc9406ea0 JavaThread "Unconstrained build operations Thread 7" [_thread_blocked, id=27788, stack(0x0000009bf8600000,0x0000009bf8700000)]
  0x000001dcc94083e0 JavaThread "Unconstrained build operations Thread 8" [_thread_blocked, id=24816, stack(0x0000009bf8700000,0x0000009bf8800000)]
  0x000001dcc9405eb0 JavaThread "Unconstrained build operations Thread 9" [_thread_blocked, id=18812, stack(0x0000009bf8800000,0x0000009bf8900000)]
  0x000001dcc9405410 JavaThread "Unconstrained build operations Thread 10" [_thread_blocked, id=28880, stack(0x0000009bf8900000,0x0000009bf8a00000)]
  0x000001dcc9403ed0 JavaThread "Unconstrained build operations Thread 11" [_thread_blocked, id=35672, stack(0x0000009bf8a00000,0x0000009bf8b00000)]
  0x000001dcc94093d0 JavaThread "Unconstrained build operations Thread 12" [_thread_blocked, id=34660, stack(0x0000009bf8b00000,0x0000009bf8c00000)]
  0x000001dcc9407940 JavaThread "Unconstrained build operations Thread 13" [_thread_blocked, id=35152, stack(0x0000009bf8c00000,0x0000009bf8d00000)]
  0x000001dcc9406400 JavaThread "Unconstrained build operations Thread 14" [_thread_blocked, id=35448, stack(0x0000009bf8d00000,0x0000009bf8e00000)]
  0x000001dcc9409920 JavaThread "Unconstrained build operations Thread 15" [_thread_blocked, id=33424, stack(0x0000009bf8e00000,0x0000009bf8f00000)]
  0x000001dcc9402ee0 JavaThread "Unconstrained build operations Thread 16" [_thread_blocked, id=31884, stack(0x0000009bf8f00000,0x0000009bf9000000)]
  0x000001dcc9403430 JavaThread "Unconstrained build operations Thread 17" [_thread_blocked, id=29560, stack(0x0000009bf9000000,0x0000009bf9100000)]
  0x000001dcc9406950 JavaThread "Unconstrained build operations Thread 18" [_thread_blocked, id=30328, stack(0x0000009bf9100000,0x0000009bf9200000)]
  0x000001dcc94073f0 JavaThread "Unconstrained build operations Thread 19" [_thread_blocked, id=31144, stack(0x0000009bf9200000,0x0000009bf9300000)]
  0x000001dcc9403980 JavaThread "Unconstrained build operations Thread 20" [_thread_blocked, id=13340, stack(0x0000009bf9300000,0x0000009bf9400000)]
  0x000001dcc9407e90 JavaThread "Unconstrained build operations Thread 21" [_thread_blocked, id=29608, stack(0x0000009bf9400000,0x0000009bf9500000)]
  0x000001dcc9408e80 JavaThread "Unconstrained build operations Thread 22" [_thread_blocked, id=20604, stack(0x0000009bf9500000,0x0000009bf9600000)]
  0x000001dcc9404970 JavaThread "Unconstrained build operations Thread 23" [_thread_blocked, id=30692, stack(0x0000009bf9600000,0x0000009bf9700000)]
  0x000001dcc9408930 JavaThread "Unconstrained build operations Thread 24" [_thread_blocked, id=32904, stack(0x0000009bf9700000,0x0000009bf9800000)]
  0x000001dcc9404ec0 JavaThread "Unconstrained build operations Thread 25" [_thread_blocked, id=23456, stack(0x0000009bf9800000,0x0000009bf9900000)]
  0x000001dcc97424b0 JavaThread "Unconstrained build operations Thread 26" [_thread_blocked, id=16760, stack(0x0000009bf9900000,0x0000009bf9a00000)]
  0x000001dcc97434a0 JavaThread "Unconstrained build operations Thread 27" [_thread_blocked, id=34972, stack(0x0000009bf9a00000,0x0000009bf9b00000)]
  0x000001dcc97439f0 JavaThread "Unconstrained build operations Thread 28" [_thread_blocked, id=32520, stack(0x0000009bf9b00000,0x0000009bf9c00000)]
  0x000001dcc9741f60 JavaThread "jar transforms Thread 6" [_thread_blocked, id=680, stack(0x0000009bf9c00000,0x0000009bf9d00000)]
  0x000001dcc9742f50 JavaThread "jar transforms Thread 7" [_thread_blocked, id=23368, stack(0x0000009bf9d00000,0x0000009bf9e00000)]
  0x000001dcc9740f70 JavaThread "Memory manager" [_thread_blocked, id=1456, stack(0x0000009bfa000000,0x0000009bfa100000)]
  0x000001dcc5820260 JavaThread "ForkJoinPool.commonPool-worker-3" daemon [_thread_blocked, id=26788, stack(0x0000009bfa100000,0x0000009bfa200000)]
  0x000001dcc5823230 JavaThread "ForkJoinPool.commonPool-worker-7" daemon [_thread_blocked, id=5928, stack(0x0000009bfa300000,0x0000009bfa400000)]
  0x000001dcc5822790 JavaThread "ForkJoinPool.commonPool-worker-9" daemon [_thread_blocked, id=3104, stack(0x0000009bfa400000,0x0000009bfa500000)]
  0x000001dcc581c7f0 JavaThread "ForkJoinPool.commonPool-worker-11" daemon [_thread_blocked, id=30876, stack(0x0000009bfa500000,0x0000009bfa600000)]
  0x000001dcc581d290 JavaThread "Exec process" [_thread_in_native, id=24264, stack(0x0000009bfa700000,0x0000009bfa800000)]
  0x000001dcc5821250 JavaThread "Exec process Thread 2" [_thread_blocked, id=33796, stack(0x0000009bf9f00000,0x0000009bfa000000)]
  0x000001dcc581f7c0 JavaThread "Exec process Thread 3" [_thread_blocked, id=9320, stack(0x0000009bfa800000,0x0000009bfa900000)]
  0x000001dcc581cd40 JavaThread "Unconstrained build operations Thread 29" [_thread_blocked, id=29548, stack(0x0000009bfaa00000,0x0000009bfab00000)]
  0x000001dcc581d7e0 JavaThread "Unconstrained build operations Thread 30" [_thread_blocked, id=35252, stack(0x0000009bfab00000,0x0000009bfac00000)]
  0x000001dcc58207b0 JavaThread "Unconstrained build operations Thread 31" [_thread_blocked, id=35144, stack(0x0000009bfac00000,0x0000009bfad00000)]
  0x000001dcc581fd10 JavaThread "Unconstrained build operations Thread 32" [_thread_blocked, id=19872, stack(0x0000009bfad00000,0x0000009bfae00000)]
  0x000001dcc581dd30 JavaThread "Unconstrained build operations Thread 33" [_thread_blocked, id=13120, stack(0x0000009bfae00000,0x0000009bfaf00000)]
  0x000001dcc5820d00 JavaThread "Unconstrained build operations Thread 34" [_thread_blocked, id=34524, stack(0x0000009bfaf00000,0x0000009bfb000000)]
  0x000001dcc58217a0 JavaThread "Unconstrained build operations Thread 35" [_thread_blocked, id=32908, stack(0x0000009bfb000000,0x0000009bfb100000)]
  0x000001dcc581c2a0 JavaThread "Unconstrained build operations Thread 36" [_thread_blocked, id=22472, stack(0x0000009bfb100000,0x0000009bfb200000)]
  0x000001dcc5821cf0 JavaThread "Unconstrained build operations Thread 37" [_thread_blocked, id=32328, stack(0x0000009bfb200000,0x0000009bfb300000)]
  0x000001dcc581e7d0 JavaThread "Unconstrained build operations Thread 38" [_thread_blocked, id=3128, stack(0x0000009bfb300000,0x0000009bfb400000)]
  0x000001dcc581e280 JavaThread "Unconstrained build operations Thread 39" [_thread_blocked, id=35712, stack(0x0000009bfb400000,0x0000009bfb500000)]
  0x000001dcc581ed20 JavaThread "Unconstrained build operations Thread 40" [_thread_blocked, id=35388, stack(0x0000009bfb500000,0x0000009bfb600000)]
  0x000001dcc581f270 JavaThread "Unconstrained build operations Thread 41" [_thread_blocked, id=5920, stack(0x0000009bfb600000,0x0000009bfb700000)]
  0x000001dcc3ac2040 JavaThread "Unconstrained build operations Thread 42" [_thread_blocked, id=21756, stack(0x0000009bfb700000,0x0000009bfb800000)]
  0x000001dcc3ac2590 JavaThread "Unconstrained build operations Thread 43" [_thread_blocked, id=27996, stack(0x0000009bfb800000,0x0000009bfb900000)]
  0x000001dcc3ac3580 JavaThread "Unconstrained build operations Thread 44" [_thread_blocked, id=26200, stack(0x0000009bfb900000,0x0000009bfba00000)]
  0x000001dcc3ac1050 JavaThread "Unconstrained build operations Thread 45" [_thread_blocked, id=24912, stack(0x0000009bfba00000,0x0000009bfbb00000)]
  0x000001dcc3ac2ae0 JavaThread "Unconstrained build operations Thread 46" [_thread_blocked, id=35576, stack(0x0000009bfbb00000,0x0000009bfbc00000)]
  0x000001dcc3ac3030 JavaThread "Unconstrained build operations Thread 47" [_thread_blocked, id=2376, stack(0x0000009bfbc00000,0x0000009bfbd00000)]
  0x000001dcc3ac15a0 JavaThread "Unconstrained build operations Thread 48" [_thread_blocked, id=24560, stack(0x0000009bfbd00000,0x0000009bfbe00000)]
  0x000001dcc3ac0060 JavaThread "Unconstrained build operations Thread 49" [_thread_blocked, id=35288, stack(0x0000009bfbe00000,0x0000009bfbf00000)]
  0x000001dcc3ac05b0 JavaThread "Unconstrained build operations Thread 50" [_thread_blocked, id=31896, stack(0x0000009bfbf00000,0x0000009bfc000000)]
  0x000001dcc3ac1af0 JavaThread "Unconstrained build operations Thread 51" [_thread_blocked, id=26844, stack(0x0000009bfc000000,0x0000009bfc100000)]
  0x000001dcc3ac0b00 JavaThread "Unconstrained build operations Thread 52" [_thread_blocked, id=8932, stack(0x0000009bfc100000,0x0000009bfc200000)]
  0x000001dcc77fead0 JavaThread "Unconstrained build operations Thread 53" [_thread_blocked, id=35112, stack(0x0000009bfc200000,0x0000009bfc300000)]
  0x000001dcc77fc050 JavaThread "Unconstrained build operations Thread 54" [_thread_blocked, id=33044, stack(0x0000009bfc300000,0x0000009bfc400000)]
  0x000001dcc77fe030 JavaThread "Unconstrained build operations Thread 55" [_thread_blocked, id=28040, stack(0x0000009bfc400000,0x0000009bfc500000)]
  0x000001dcc77fd590 JavaThread "Unconstrained build operations Thread 56" [_thread_blocked, id=27284, stack(0x0000009bfc500000,0x0000009bfc600000)]
  0x000001dcc77fe580 JavaThread "Unconstrained build operations Thread 57" [_thread_blocked, id=28656, stack(0x0000009bfc600000,0x0000009bfc700000)]
  0x000001dcc77ff020 JavaThread "Unconstrained build operations Thread 58" [_thread_blocked, id=35504, stack(0x0000009bfc700000,0x0000009bfc800000)]
  0x000001dcc77ff570 JavaThread "Unconstrained build operations Thread 59" [_thread_blocked, id=21732, stack(0x0000009bfc800000,0x0000009bfc900000)]
  0x000001dcc77fc5a0 JavaThread "Unconstrained build operations Thread 60" [_thread_blocked, id=19840, stack(0x0000009bfc900000,0x0000009bfca00000)]
  0x000001dcc77fcaf0 JavaThread "Unconstrained build operations Thread 61" [_thread_blocked, id=7468, stack(0x0000009bfca00000,0x0000009bfcb00000)]
  0x000001dcc77fd040 JavaThread "Unconstrained build operations Thread 62" [_thread_blocked, id=32812, stack(0x0000009bfcb00000,0x0000009bfcc00000)]
  0x000001dcc77fdae0 JavaThread "Unconstrained build operations Thread 63" [_thread_blocked, id=5076, stack(0x0000009bfcc00000,0x0000009bfcd00000)]
  0x000001dcc63f1d60 JavaThread "Unconstrained build operations Thread 64" [_thread_blocked, id=28016, stack(0x0000009bfcd00000,0x0000009bfce00000)]
  0x000001dcc63ed300 JavaThread "Unconstrained build operations Thread 65" [_thread_blocked, id=34040, stack(0x0000009bfce00000,0x0000009bfcf00000)]
  0x000001dcc63f0820 JavaThread "Unconstrained build operations Thread 66" [_thread_blocked, id=33344, stack(0x0000009bfcf00000,0x0000009bfd000000)]
  0x000001dcc63f37f0 JavaThread "Unconstrained build operations Thread 67" [_thread_blocked, id=26576, stack(0x0000009bfd000000,0x0000009bfd100000)]
  0x000001dcc63f22b0 JavaThread "Unconstrained build operations Thread 68" [_thread_blocked, id=34428, stack(0x0000009bfd100000,0x0000009bfd200000)]
  0x000001dcc63efd80 JavaThread "Unconstrained build operations Thread 69" [_thread_blocked, id=35700, stack(0x0000009bfd200000,0x0000009bfd300000)]
  0x000001dcc63ee2f0 JavaThread "Unconstrained build operations Thread 70" [_thread_blocked, id=33524, stack(0x0000009bfd300000,0x0000009bfd400000)]
  0x000001dcc63f2800 JavaThread "Unconstrained build operations Thread 71" [_thread_blocked, id=28260, stack(0x0000009bfd400000,0x0000009bfd500000)]
  0x000001dcc63ec860 JavaThread "Unconstrained build operations Thread 72" [_thread_blocked, id=34844, stack(0x0000009bfd500000,0x0000009bfd600000)]
  0x000001dcc63eed90 JavaThread "Unconstrained build operations Thread 73" [_thread_blocked, id=35408, stack(0x0000009bfd600000,0x0000009bfd700000)]
  0x000001dcc63f4290 JavaThread "Unconstrained build operations Thread 74" [_thread_blocked, id=33176, stack(0x0000009bfd700000,0x0000009bfd800000)]
  0x000001dcc63f2d50 JavaThread "Unconstrained build operations Thread 75" [_thread_blocked, id=34980, stack(0x0000009bfd800000,0x0000009bfd900000)]
  0x000001dcc63ed850 JavaThread "Unconstrained build operations Thread 76" [_thread_blocked, id=25124, stack(0x0000009bfd900000,0x0000009bfda00000)]
  0x000001dcc63f1810 JavaThread "Unconstrained build operations Thread 77" [_thread_blocked, id=34192, stack(0x0000009bfda00000,0x0000009bfdb00000)]
  0x000001dcc63ecdb0 JavaThread "Unconstrained build operations Thread 78" [_thread_blocked, id=34460, stack(0x0000009bfdb00000,0x0000009bfdc00000)]
  0x000001dcc63edda0 JavaThread "Unconstrained build operations Thread 79" [_thread_blocked, id=31504, stack(0x0000009bfdc00000,0x0000009bfdd00000)]
  0x000001dcc63f02d0 JavaThread "Unconstrained build operations Thread 80" [_thread_blocked, id=35084, stack(0x0000009bfdd00000,0x0000009bfde00000)]
  0x000001dcc63ee840 JavaThread "Unconstrained build operations Thread 81" [_thread_blocked, id=27380, stack(0x0000009bfde00000,0x0000009bfdf00000)]
  0x000001dcc63f32a0 JavaThread "Unconstrained build operations Thread 82" [_thread_blocked, id=35136, stack(0x0000009bfdf00000,0x0000009bfe000000)]
  0x000001dcc63ef2e0 JavaThread "Unconstrained build operations Thread 83" [_thread_blocked, id=35560, stack(0x0000009bfe000000,0x0000009bfe100000)]
  0x000001dcc63f0d70 JavaThread "Unconstrained build operations Thread 84" [_thread_blocked, id=34916, stack(0x0000009bfe100000,0x0000009bfe200000)]
  0x000001dcc63ef830 JavaThread "Unconstrained build operations Thread 85" [_thread_blocked, id=31764, stack(0x0000009bfe200000,0x0000009bfe300000)]
  0x000001dcc63f3d40 JavaThread "Unconstrained build operations Thread 86" [_thread_blocked, id=5940, stack(0x0000009bfe300000,0x0000009bfe400000)]
  0x000001dcc63f12c0 JavaThread "Unconstrained build operations Thread 87" [_thread_blocked, id=24324, stack(0x0000009bfe400000,0x0000009bfe500000)]
  0x000001dcc8812b00 JavaThread "Unconstrained build operations Thread 88" [_thread_blocked, id=33192, stack(0x0000009bfe500000,0x0000009bfe600000)]
  0x000001dcc8814590 JavaThread "Unconstrained build operations Thread 89" [_thread_blocked, id=31912, stack(0x0000009bfe600000,0x0000009bfe700000)]
  0x000001dcc88115c0 JavaThread "Unconstrained build operations Thread 90" [_thread_blocked, id=7672, stack(0x0000009bfe700000,0x0000009bfe800000)]
  0x000001dcc8814ae0 JavaThread "Unconstrained build operations Thread 91" [_thread_blocked, id=34772, stack(0x0000009bfe800000,0x0000009bfe900000)]
  0x000001dcc8813050 JavaThread "Unconstrained build operations Thread 92" [_thread_blocked, id=24364, stack(0x0000009bfe900000,0x0000009bfea00000)]
  0x000001dcc8813af0 JavaThread "Unconstrained build operations Thread 93" [_thread_blocked, id=33488, stack(0x0000009bfea00000,0x0000009bfeb00000)]
  0x000001dcc8816570 JavaThread "Unconstrained build operations Thread 94" [_thread_blocked, id=25488, stack(0x0000009bfeb00000,0x0000009bfec00000)]
  0x000001dcc88135a0 JavaThread "Unconstrained build operations Thread 95" [_thread_blocked, id=2076, stack(0x0000009bfec00000,0x0000009bfed00000)]
  0x000001dcc8815030 JavaThread "Unconstrained build operations Thread 96" [_thread_blocked, id=29268, stack(0x0000009bfed00000,0x0000009bfee00000)]
  0x000001dcc8817010 JavaThread "Unconstrained build operations Thread 97" [_thread_blocked, id=24136, stack(0x0000009bfee00000,0x0000009bfef00000)]
  0x000001dcc8814040 JavaThread "Unconstrained build operations Thread 98" [_thread_blocked, id=14032, stack(0x0000009bfef00000,0x0000009bff000000)]
  0x000001dcc8812060 JavaThread "Unconstrained build operations Thread 99" [_thread_blocked, id=11928, stack(0x0000009bff000000,0x0000009bff100000)]
  0x000001dcc8816ac0 JavaThread "Unconstrained build operations Thread 100" [_thread_blocked, id=24904, stack(0x0000009bff100000,0x0000009bff200000)]
  0x000001dcc88125b0 JavaThread "Unconstrained build operations Thread 101" [_thread_blocked, id=11232, stack(0x0000009bff200000,0x0000009bff300000)]
  0x000001dcc8817560 JavaThread "Unconstrained build operations Thread 102" [_thread_blocked, id=26208, stack(0x0000009bff300000,0x0000009bff400000)]
  0x000001dcc8815580 JavaThread "Unconstrained build operations Thread 103" [_thread_blocked, id=34172, stack(0x0000009bff400000,0x0000009bff500000)]
  0x000001dcc88105d0 JavaThread "Unconstrained build operations Thread 104" [_thread_blocked, id=35648, stack(0x0000009bff500000,0x0000009bff600000)]
  0x000001dcc8815ad0 JavaThread "Unconstrained build operations Thread 105" [_thread_blocked, id=34088, stack(0x0000009bff600000,0x0000009bff700000)]
  0x000001dcc8817ab0 JavaThread "Unconstrained build operations Thread 106" [_thread_blocked, id=10584, stack(0x0000009bff700000,0x0000009bff800000)]
  0x000001dcc8811070 JavaThread "Unconstrained build operations Thread 107" [_thread_blocked, id=7492, stack(0x0000009bff800000,0x0000009bff900000)]
  0x000001dcc8810b20 JavaThread "Unconstrained build operations Thread 108" [_thread_blocked, id=34948, stack(0x0000009bff900000,0x0000009bffa00000)]
  0x000001dcc8816020 JavaThread "Unconstrained build operations Thread 109" [_thread_blocked, id=34904, stack(0x0000009bffa00000,0x0000009bffb00000)]
  0x000001dcc7780920 JavaThread "Unconstrained build operations Thread 110" [_thread_blocked, id=8980, stack(0x0000009bffb00000,0x0000009bffc00000)]
  0x000001dcc7780e70 JavaThread "Unconstrained build operations Thread 111" [_thread_blocked, id=35360, stack(0x0000009bffc00000,0x0000009bffd00000)]
  0x000001dcc77803d0 JavaThread "Unconstrained build operations Thread 112" [_thread_blocked, id=15148, stack(0x0000009bffd00000,0x0000009bffe00000)]
  0x000001dcc77813c0 JavaThread "Unconstrained build operations Thread 113" [_thread_blocked, id=33688, stack(0x0000009bffe00000,0x0000009bfff00000)]
  0x000001dcc77823b0 JavaThread "Unconstrained build operations Thread 114" [_thread_blocked, id=29436, stack(0x0000009bfff00000,0x0000009c00000000)]
  0x000001dcc7784e30 JavaThread "Unconstrained build operations Thread 115" [_thread_blocked, id=34900, stack(0x0000009b80000000,0x0000009b80100000)]
  0x000001dcc777e940 JavaThread "Unconstrained build operations Thread 116" [_thread_blocked, id=32620, stack(0x0000009b80100000,0x0000009b80200000)]
  0x000001dcc7782900 JavaThread "Unconstrained build operations Thread 117" [_thread_blocked, id=34244, stack(0x0000009b80200000,0x0000009b80300000)]
  0x000001dcc77833a0 JavaThread "Unconstrained build operations Thread 118" [_thread_blocked, id=35296, stack(0x0000009b80300000,0x0000009b80400000)]
  0x000001dcc7785e20 JavaThread "Unconstrained build operations Thread 119" [_thread_blocked, id=33536, stack(0x0000009b80400000,0x0000009b80500000)]
  0x000001dcc77858d0 JavaThread "Unconstrained build operations Thread 120" [_thread_blocked, id=30724, stack(0x0000009b80500000,0x0000009b80600000)]
  0x000001dcc79e21c0 JavaThread "C2 CompilerThread1" daemon [_thread_blocked, id=29060, stack(0x0000009b80600000,0x0000009b80700000)]

Other Threads:
  0x000001dcc2f95460 VMThread "VM Thread" [stack: 0x0000009bf4b00000,0x0000009bf4c00000] [id=14280]
  0x000001dcc3a12a90 WatcherThread [stack: 0x0000009bf5700000,0x0000009bf5800000] [id=30684]
  0x000001dca1269d40 GCTaskThread "GC Thread#0" [stack: 0x0000009bf4600000,0x0000009bf4700000] [id=23820]
  0x000001dcc42ec9e0 GCTaskThread "GC Thread#1" [stack: 0x0000009bf5a00000,0x0000009bf5b00000] [id=28240]
  0x000001dcc465d340 GCTaskThread "GC Thread#2" [stack: 0x0000009bf5b00000,0x0000009bf5c00000] [id=32816]
  0x000001dcc4805040 GCTaskThread "GC Thread#3" [stack: 0x0000009bf5c00000,0x0000009bf5d00000] [id=29600]
  0x000001dcc48048f0 GCTaskThread "GC Thread#4" [stack: 0x0000009bf5d00000,0x0000009bf5e00000] [id=30024]
  0x000001dcc42e7230 GCTaskThread "GC Thread#5" [stack: 0x0000009bf5e00000,0x0000009bf5f00000] [id=34352]
  0x000001dccaaeec30 GCTaskThread "GC Thread#6" [stack: 0x0000009bf7200000,0x0000009bf7300000] [id=33400]
  0x000001dcc80b7f00 GCTaskThread "GC Thread#7" [stack: 0x0000009bf7300000,0x0000009bf7400000] [id=17960]
  0x000001dcc7a177f0 GCTaskThread "GC Thread#8" [stack: 0x0000009bf7400000,0x0000009bf7500000] [id=34868]
  0x000001dcc81adb90 GCTaskThread "GC Thread#9" [stack: 0x0000009bf7500000,0x0000009bf7600000] [id=29024]
  0x000001dca1276b30 ConcurrentGCThread "G1 Main Marker" [stack: 0x0000009bf4700000,0x0000009bf4800000] [id=34544]
  0x000001dca1277b90 ConcurrentGCThread "G1 Conc#0" [stack: 0x0000009bf4800000,0x0000009bf4900000] [id=35568]
  0x000001dcc81acf50 ConcurrentGCThread "G1 Conc#1" [stack: 0x0000009bf7600000,0x0000009bf7700000] [id=33760]
  0x000001dcc81ad880 ConcurrentGCThread "G1 Conc#2" [stack: 0x0000009bf7700000,0x0000009bf7800000] [id=34324]
  0x000001dca130df20 ConcurrentGCThread "G1 Refine#0" [stack: 0x0000009bf4900000,0x0000009bf4a00000] [id=34108]
  0x000001dca130e750 ConcurrentGCThread "G1 Service" [stack: 0x0000009bf4a00000,0x0000009bf4b00000] [id=35052]

Threads with active compile tasks:

VM state: not at safepoint (normal execution)

VM Mutex/Monitor currently owned by a thread: None

Heap address: 0x0000000740000000, size: 3072 MB, Compressed Oops mode: Zero based, Oop shift amount: 3

CDS archive(s) mapped at: [0x0000000800000000-0x0000000800be0000-0x0000000800be0000), size 12451840, SharedBaseAddress: 0x0000000800000000, ArchiveRelocationMode: 0.
Compressed class space mapped at: 0x0000000800c00000-0x0000000840c00000, reserved size: 1073741824
Narrow klass base: 0x0000000800000000, Narrow klass shift: 3, Narrow klass range: 0x100000000

GC Precious Log:
 CPUs: 12 total, 12 available
 Memory: 16335M
 Large Page Support: Disabled
 NUMA Support: Disabled
 Compressed Oops: Enabled (Zero based)
 Heap Region Size: 2M
 Heap Min Capacity: 8M
 Heap Initial Capacity: 256M
 Heap Max Capacity: 3G
 Pre-touch: Disabled
 Parallel Workers: 10
 Concurrent Workers: 3
 Concurrent Refinement Workers: 10
 Periodic GC: Disabled

Heap:
 garbage-first heap   total 215040K, used 176472K [0x0000000740000000, 0x0000000800000000)
  region size 2048K, 58 young (118784K), 2 survivors (4096K)
 Metaspace       used 60459K, committed 61056K, reserved 1105920K
  class space    used 7969K, committed 8256K, reserved 1048576K

Heap Regions: E=young(eden), S=young(survivor), O=old, HS=humongous(starts), HC=humongous(continues), CS=collection set, F=free, OA=open archive, CA=closed archive, TAMS=top-at-mark-start (previous, next)
|   0|0x0000000740000000, 0x0000000740200000, 0x0000000740200000|100%| O|  |TAMS 0x0000000740200000, 0x0000000740200000| Untracked 
|   1|0x0000000740200000, 0x00000007403fce00, 0x0000000740400000| 99%| O|  |TAMS 0x00000007403fce00, 0x00000007403fce00| Untracked 
|   2|0x0000000740400000, 0x0000000740600000, 0x0000000740600000|100%|HS|  |TAMS 0x0000000740600000, 0x0000000740600000| Complete 
|   3|0x0000000740600000, 0x0000000740800000, 0x0000000740800000|100%|HC|  |TAMS 0x0000000740800000, 0x0000000740800000| Complete 
|   4|0x0000000740800000, 0x0000000740a00000, 0x0000000740a00000|100%| O|  |TAMS 0x0000000740a00000, 0x0000000740a00000| Untracked 
|   5|0x0000000740a00000, 0x0000000740c00000, 0x0000000740c00000|100%| O|  |TAMS 0x0000000740c00000, 0x0000000740c00000| Untracked 
|   6|0x0000000740c00000, 0x0000000740e00000, 0x0000000740e00000|100%| O|  |TAMS 0x0000000740e00000, 0x0000000740e00000| Untracked 
|   7|0x0000000740e00000, 0x0000000741000000, 0x0000000741000000|100%| O|  |TAMS 0x0000000741000000, 0x0000000741000000| Untracked 
|   8|0x0000000741000000, 0x0000000741200000, 0x0000000741200000|100%| O|  |TAMS 0x0000000741200000, 0x0000000741200000| Untracked 
|   9|0x0000000741200000, 0x0000000741400000, 0x0000000741400000|100%| O|  |TAMS 0x0000000741400000, 0x0000000741400000| Untracked 
|  10|0x0000000741400000, 0x0000000741600000, 0x0000000741600000|100%| O|  |TAMS 0x0000000741600000, 0x0000000741600000| Untracked 
|  11|0x0000000741600000, 0x0000000741800000, 0x0000000741800000|100%| O|  |TAMS 0x0000000741800000, 0x0000000741800000| Untracked 
|  12|0x0000000741800000, 0x0000000741a00000, 0x0000000741a00000|100%| O|  |TAMS 0x0000000741a00000, 0x0000000741a00000| Untracked 
|  13|0x0000000741a00000, 0x0000000741c00000, 0x0000000741c00000|100%|HS|  |TAMS 0x0000000741c00000, 0x0000000741c00000| Complete 
|  14|0x0000000741c00000, 0x0000000741e00000, 0x0000000741e00000|100%| O|  |TAMS 0x0000000741e00000, 0x0000000741e00000| Untracked 
|  15|0x0000000741e00000, 0x0000000742000000, 0x0000000742000000|100%| O|  |TAMS 0x0000000742000000, 0x0000000742000000| Untracked 
|  16|0x0000000742000000, 0x0000000742200000, 0x0000000742200000|100%| O|  |TAMS 0x0000000742200000, 0x0000000742200000| Untracked 
|  17|0x0000000742200000, 0x0000000742400000, 0x0000000742400000|100%| O|  |TAMS 0x0000000742400000, 0x0000000742400000| Untracked 
|  18|0x0000000742400000, 0x0000000742600000, 0x0000000742600000|100%| O|  |TAMS 0x0000000742600000, 0x0000000742600000| Untracked 
|  19|0x0000000742600000, 0x00000007427ee200, 0x0000000742800000| 96%| O|  |TAMS 0x0000000742600000, 0x00000007427ee200| Untracked 
|  20|0x0000000742800000, 0x0000000742800000, 0x0000000742a00000|  0%| F|  |TAMS 0x0000000742800000, 0x0000000742800000| Untracked 
|  21|0x0000000742a00000, 0x0000000742c00000, 0x0000000742c00000|100%| O|  |TAMS 0x0000000742c00000, 0x0000000742c00000| Untracked 
|  22|0x0000000742c00000, 0x0000000742e00000, 0x0000000742e00000|100%| O|  |TAMS 0x0000000742d8c800, 0x0000000742e00000| Untracked 
|  23|0x0000000742e00000, 0x0000000743000000, 0x0000000743000000|100%|HS|  |TAMS 0x0000000742e00000, 0x0000000742e00000| Complete 
|  24|0x0000000743000000, 0x0000000743200000, 0x0000000743200000|100%|HC|  |TAMS 0x0000000743000000, 0x0000000743000000| Complete 
|  25|0x0000000743200000, 0x0000000743400000, 0x0000000743400000|100%|HS|  |TAMS 0x0000000743200000, 0x0000000743200000| Complete 
|  26|0x0000000743400000, 0x0000000743600000, 0x0000000743600000|100%|HC|  |TAMS 0x0000000743400000, 0x0000000743400000| Complete 
|  27|0x0000000743600000, 0x0000000743800000, 0x0000000743800000|100%|HS|  |TAMS 0x0000000743600000, 0x0000000743600000| Complete 
|  28|0x0000000743800000, 0x0000000743a00000, 0x0000000743a00000|100%|HC|  |TAMS 0x0000000743800000, 0x0000000743800000| Complete 
|  29|0x0000000743a00000, 0x0000000743c00000, 0x0000000743c00000|100%|HC|  |TAMS 0x0000000743a00000, 0x0000000743a00000| Complete 
|  30|0x0000000743c00000, 0x0000000743e00000, 0x0000000743e00000|100%|HC|  |TAMS 0x0000000743c00000, 0x0000000743c00000| Complete 
|  31|0x0000000743e00000, 0x0000000743e00000, 0x0000000744000000|  0%| F|  |TAMS 0x0000000743e00000, 0x0000000743e00000| Untracked 
|  32|0x0000000744000000, 0x0000000744000000, 0x0000000744200000|  0%| F|  |TAMS 0x0000000744000000, 0x0000000744000000| Untracked 
|  33|0x0000000744200000, 0x0000000744200000, 0x0000000744400000|  0%| F|  |TAMS 0x0000000744200000, 0x0000000744200000| Untracked 
|  34|0x0000000744400000, 0x0000000744400000, 0x0000000744600000|  0%| F|  |TAMS 0x0000000744400000, 0x0000000744400000| Untracked 
|  35|0x0000000744600000, 0x0000000744600000, 0x0000000744800000|  0%| F|  |TAMS 0x0000000744600000, 0x0000000744600000| Untracked 
|  36|0x0000000744800000, 0x0000000744800000, 0x0000000744a00000|  0%| F|  |TAMS 0x0000000744800000, 0x0000000744800000| Untracked 
|  37|0x0000000744a00000, 0x0000000744a00000, 0x0000000744c00000|  0%| F|  |TAMS 0x0000000744a00000, 0x0000000744a00000| Untracked 
|  38|0x0000000744c00000, 0x0000000744c00000, 0x0000000744e00000|  0%| F|  |TAMS 0x0000000744c00000, 0x0000000744c00000| Untracked 
|  39|0x0000000744e00000, 0x0000000744e00000, 0x0000000745000000|  0%| F|  |TAMS 0x0000000744e00000, 0x0000000744e00000| Untracked 
|  40|0x0000000745000000, 0x0000000745000000, 0x0000000745200000|  0%| F|  |TAMS 0x0000000745000000, 0x0000000745000000| Untracked 
|  41|0x0000000745200000, 0x0000000745200000, 0x0000000745400000|  0%| F|  |TAMS 0x0000000745200000, 0x0000000745200000| Untracked 
|  42|0x0000000745400000, 0x0000000745400000, 0x0000000745600000|  0%| F|  |TAMS 0x0000000745400000, 0x0000000745400000| Untracked 
|  43|0x0000000745600000, 0x0000000745600000, 0x0000000745800000|  0%| F|  |TAMS 0x0000000745600000, 0x0000000745600000| Untracked 
|  44|0x0000000745800000, 0x0000000745800000, 0x0000000745a00000|  0%| F|  |TAMS 0x0000000745800000, 0x0000000745800000| Untracked 
|  45|0x0000000745a00000, 0x0000000745a00000, 0x0000000745c00000|  0%| F|  |TAMS 0x0000000745a00000, 0x0000000745a00000| Untracked 
|  46|0x0000000745c00000, 0x0000000745c00000, 0x0000000745e00000|  0%| F|  |TAMS 0x0000000745c00000, 0x0000000745c00000| Untracked 
|  47|0x0000000745e00000, 0x0000000745f00800, 0x0000000746000000| 50%| E|  |TAMS 0x0000000745e00000, 0x0000000745e00000| Complete 
|  48|0x0000000746000000, 0x0000000746200000, 0x0000000746200000|100%| E|CS|TAMS 0x0000000746000000, 0x0000000746000000| Complete 
|  49|0x0000000746200000, 0x0000000746400000, 0x0000000746400000|100%| E|CS|TAMS 0x0000000746200000, 0x0000000746200000| Complete 
|  50|0x0000000746400000, 0x0000000746600000, 0x0000000746600000|100%| E|CS|TAMS 0x0000000746400000, 0x0000000746400000| Complete 
|  51|0x0000000746600000, 0x0000000746800000, 0x0000000746800000|100%| E|CS|TAMS 0x0000000746600000, 0x0000000746600000| Complete 
|  52|0x0000000746800000, 0x0000000746a00000, 0x0000000746a00000|100%| E|CS|TAMS 0x0000000746800000, 0x0000000746800000| Complete 
|  53|0x0000000746a00000, 0x0000000746c00000, 0x0000000746c00000|100%| E|CS|TAMS 0x0000000746a00000, 0x0000000746a00000| Complete 
|  54|0x0000000746c00000, 0x0000000746e00000, 0x0000000746e00000|100%| E|CS|TAMS 0x0000000746c00000, 0x0000000746c00000| Complete 
|  55|0x0000000746e00000, 0x0000000747000000, 0x0000000747000000|100%| E|CS|TAMS 0x0000000746e00000, 0x0000000746e00000| Complete 
|  56|0x0000000747000000, 0x0000000747200000, 0x0000000747200000|100%| E|CS|TAMS 0x0000000747000000, 0x0000000747000000| Complete 
|  57|0x0000000747200000, 0x0000000747400000, 0x0000000747400000|100%| E|CS|TAMS 0x0000000747200000, 0x0000000747200000| Complete 
|  58|0x0000000747400000, 0x0000000747600000, 0x0000000747600000|100%| E|CS|TAMS 0x0000000747400000, 0x0000000747400000| Complete 
|  59|0x0000000747600000, 0x0000000747800000, 0x0000000747800000|100%| E|CS|TAMS 0x0000000747600000, 0x0000000747600000| Complete 
|  60|0x0000000747800000, 0x0000000747a00000, 0x0000000747a00000|100%| E|CS|TAMS 0x0000000747800000, 0x0000000747800000| Complete 
|  61|0x0000000747a00000, 0x0000000747c00000, 0x0000000747c00000|100%| E|CS|TAMS 0x0000000747a00000, 0x0000000747a00000| Complete 
|  62|0x0000000747c00000, 0x0000000747e00000, 0x0000000747e00000|100%| E|CS|TAMS 0x0000000747c00000, 0x0000000747c00000| Complete 
|  63|0x0000000747e00000, 0x0000000748000000, 0x0000000748000000|100%| E|CS|TAMS 0x0000000747e00000, 0x0000000747e00000| Complete 
|  64|0x0000000748000000, 0x0000000748200000, 0x0000000748200000|100%| E|CS|TAMS 0x0000000748000000, 0x0000000748000000| Complete 
|  65|0x0000000748200000, 0x0000000748400000, 0x0000000748400000|100%| E|CS|TAMS 0x0000000748200000, 0x0000000748200000| Complete 
|  66|0x0000000748400000, 0x0000000748600000, 0x0000000748600000|100%| E|CS|TAMS 0x0000000748400000, 0x0000000748400000| Complete 
|  67|0x0000000748600000, 0x0000000748800000, 0x0000000748800000|100%| E|CS|TAMS 0x0000000748600000, 0x0000000748600000| Complete 
|  68|0x0000000748800000, 0x0000000748a00000, 0x0000000748a00000|100%| E|CS|TAMS 0x0000000748800000, 0x0000000748800000| Complete 
|  69|0x0000000748a00000, 0x0000000748c00000, 0x0000000748c00000|100%| E|CS|TAMS 0x0000000748a00000, 0x0000000748a00000| Complete 
|  70|0x0000000748c00000, 0x0000000748e00000, 0x0000000748e00000|100%| E|CS|TAMS 0x0000000748c00000, 0x0000000748c00000| Complete 
|  71|0x0000000748e00000, 0x0000000749000000, 0x0000000749000000|100%| E|CS|TAMS 0x0000000748e00000, 0x0000000748e00000| Complete 
|  72|0x0000000749000000, 0x0000000749200000, 0x0000000749200000|100%| E|CS|TAMS 0x0000000749000000, 0x0000000749000000| Complete 
|  73|0x0000000749200000, 0x0000000749400000, 0x0000000749400000|100%| E|CS|TAMS 0x0000000749200000, 0x0000000749200000| Complete 
|  74|0x0000000749400000, 0x0000000749600000, 0x0000000749600000|100%| E|CS|TAMS 0x0000000749400000, 0x0000000749400000| Complete 
|  75|0x0000000749600000, 0x0000000749800000, 0x0000000749800000|100%| E|CS|TAMS 0x0000000749600000, 0x0000000749600000| Complete 
|  76|0x0000000749800000, 0x0000000749a00000, 0x0000000749a00000|100%| E|CS|TAMS 0x0000000749800000, 0x0000000749800000| Complete 
|  77|0x0000000749a00000, 0x0000000749c00000, 0x0000000749c00000|100%| E|CS|TAMS 0x0000000749a00000, 0x0000000749a00000| Complete 
|  78|0x0000000749c00000, 0x0000000749e00000, 0x0000000749e00000|100%| E|CS|TAMS 0x0000000749c00000, 0x0000000749c00000| Complete 
|  79|0x0000000749e00000, 0x000000074a000000, 0x000000074a000000|100%| E|CS|TAMS 0x0000000749e00000, 0x0000000749e00000| Complete 
|  80|0x000000074a000000, 0x000000074a200000, 0x000000074a200000|100%| E|CS|TAMS 0x000000074a000000, 0x000000074a000000| Complete 
|  81|0x000000074a200000, 0x000000074a400000, 0x000000074a400000|100%| E|CS|TAMS 0x000000074a200000, 0x000000074a200000| Complete 
|  82|0x000000074a400000, 0x000000074a600000, 0x000000074a600000|100%| E|CS|TAMS 0x000000074a400000, 0x000000074a400000| Complete 
|  83|0x000000074a600000, 0x000000074a800000, 0x000000074a800000|100%| E|CS|TAMS 0x000000074a600000, 0x000000074a600000| Complete 
|  84|0x000000074a800000, 0x000000074aa00000, 0x000000074aa00000|100%| E|CS|TAMS 0x000000074a800000, 0x000000074a800000| Complete 
|  85|0x000000074aa00000, 0x000000074ac00000, 0x000000074ac00000|100%| E|CS|TAMS 0x000000074aa00000, 0x000000074aa00000| Complete 
|  86|0x000000074ac00000, 0x000000074ae00000, 0x000000074ae00000|100%| E|CS|TAMS 0x000000074ac00000, 0x000000074ac00000| Complete 
|  87|0x000000074ae00000, 0x000000074b000000, 0x000000074b000000|100%| E|CS|TAMS 0x000000074ae00000, 0x000000074ae00000| Complete 
|  88|0x000000074b000000, 0x000000074b200000, 0x000000074b200000|100%| E|CS|TAMS 0x000000074b000000, 0x000000074b000000| Complete 
|  89|0x000000074b200000, 0x000000074b400000, 0x000000074b400000|100%| E|CS|TAMS 0x000000074b200000, 0x000000074b200000| Complete 
|  90|0x000000074b400000, 0x000000074b600000, 0x000000074b600000|100%| E|CS|TAMS 0x000000074b400000, 0x000000074b400000| Complete 
|  91|0x000000074b600000, 0x000000074b800000, 0x000000074b800000|100%| E|CS|TAMS 0x000000074b600000, 0x000000074b600000| Complete 
|  92|0x000000074b800000, 0x000000074ba00000, 0x000000074ba00000|100%| E|CS|TAMS 0x000000074b800000, 0x000000074b800000| Complete 
|  93|0x000000074ba00000, 0x000000074bc00000, 0x000000074bc00000|100%| E|CS|TAMS 0x000000074ba00000, 0x000000074ba00000| Complete 
|  94|0x000000074bc00000, 0x000000074be00000, 0x000000074be00000|100%| E|CS|TAMS 0x000000074bc00000, 0x000000074bc00000| Complete 
|  95|0x000000074be00000, 0x000000074c000000, 0x000000074c000000|100%| E|CS|TAMS 0x000000074be00000, 0x000000074be00000| Complete 
|  96|0x000000074c000000, 0x000000074c06b100, 0x000000074c200000| 20%| S|CS|TAMS 0x000000074c000000, 0x000000074c000000| Complete 
|  97|0x000000074c200000, 0x000000074c400000, 0x000000074c400000|100%| S|CS|TAMS 0x000000074c200000, 0x000000074c200000| Complete 
|  98|0x000000074c400000, 0x000000074c600000, 0x000000074c600000|100%| E|CS|TAMS 0x000000074c400000, 0x000000074c400000| Complete 
|  99|0x000000074c600000, 0x000000074c800000, 0x000000074c800000|100%| E|CS|TAMS 0x000000074c600000, 0x000000074c600000| Complete 
| 100|0x000000074c800000, 0x000000074ca00000, 0x000000074ca00000|100%| E|CS|TAMS 0x000000074c800000, 0x000000074c800000| Complete 
| 101|0x000000074ca00000, 0x000000074cc00000, 0x000000074cc00000|100%| E|CS|TAMS 0x000000074ca00000, 0x000000074ca00000| Complete 
| 102|0x000000074cc00000, 0x000000074ce00000, 0x000000074ce00000|100%| E|CS|TAMS 0x000000074cc00000, 0x000000074cc00000| Complete 
| 103|0x000000074ce00000, 0x000000074d000000, 0x000000074d000000|100%| E|CS|TAMS 0x000000074ce00000, 0x000000074ce00000| Complete 
| 127|0x000000074fe00000, 0x0000000750000000, 0x0000000750000000|100%| E|CS|TAMS 0x000000074fe00000, 0x000000074fe00000| Complete 

Card table byte_map: [0x000001dcb9750000,0x000001dcb9d50000] _byte_map_base: 0x000001dcb5d50000

Marking Bits (Prev, Next): (CMBitMap*) 0x000001dca126a160, (CMBitMap*) 0x000001dca126a1a0
 Prev Bits: [0x000001dcba350000, 0x000001dcbd350000)
 Next Bits: [0x000001dcbd350000, 0x000001dcc0350000)

Polling page: 0x000001dc9f1b0000

Metaspace:

Usage:
  Non-class:     51.28 MB used.
      Class:      7.79 MB used.
       Both:     59.07 MB used.

Virtual space:
  Non-class space:       56.00 MB reserved,      51.63 MB ( 92%) committed,  7 nodes.
      Class space:        1.00 GB reserved,       8.06 MB ( <1%) committed,  1 nodes.
              Both:        1.05 GB reserved,      59.69 MB (  6%) committed. 

Chunk freelists:
   Non-Class:  3.62 MB
       Class:  3.88 MB
        Both:  7.50 MB

MaxMetaspaceSize: 17179869184.00 GB
CompressedClassSpaceSize: 1.00 GB
 - commit_granule_bytes: 65536.
 - commit_granule_words: 8192.
 - virtual_space_node_default_size: 1048576.
 - enlarge_chunks_in_place: 1.
 - new_chunks_are_fully_committed: 0.
 - uncommit_free_chunks: 1.
 - use_allocation_guard: 0.
 - handle_deallocations: 1.


Internal statistics:

num_allocs_failed_limit: 6.
num_arena_births: 674.
num_arena_deaths: 0.
num_vsnodes_births: 8.
num_vsnodes_deaths: 0.
num_space_committed: 955.
num_space_uncommitted: 0.
num_chunks_returned_to_freelist: 6.
num_chunks_taken_from_freelist: 2891.
num_chunk_merges: 6.
num_chunk_splits: 1829.
num_chunks_enlarged: 1158.
num_purges: 0.

CodeHeap 'non-profiled nmethods': size=120000Kb used=5058Kb max_used=5058Kb free=114941Kb
 bounds [0x000001dcb16d0000, 0x000001dcb1bd0000, 0x000001dcb8c00000]
CodeHeap 'profiled nmethods': size=120000Kb used=16447Kb max_used=16447Kb free=103553Kb
 bounds [0x000001dcaa1a0000, 0x000001dcab1b0000, 0x000001dcb16d0000]
CodeHeap 'non-nmethods': size=5760Kb used=2385Kb max_used=2453Kb free=3374Kb
 bounds [0x000001dca9c00000, 0x000001dca9e70000, 0x000001dcaa1a0000]
 total_blobs=8920 nmethods=8020 adapters=812
 compilation: enabled
              stopped_count=0, restarted_count=0
 full_count=0

Compilation events (20 events):
Event: 177.280 Thread 0x000001dcc2fbe3b0 nmethod 8855 0x000001dcab193690 code [0x000001dcab193880, 0x000001dcab193ed8]
Event: 177.281 Thread 0x000001dcc2fbd2c0 nmethod 8835 0x000001dcb1bb6610 code [0x000001dcb1bb67e0, 0x000001dcb1bb6f88]
Event: 177.281 Thread 0x000001dcc2fbd2c0 8834       4       java.lang.ClassLoader::preDefineClass (119 bytes)
Event: 177.281 Thread 0x000001dcc2fbe3b0 8857       3       org.gradle.internal.snapshot.FileSystemSnapshotHierarchyVisitor::enterDirectory (1 bytes)
Event: 177.281 Thread 0x000001dcc2fbe3b0 nmethod 8857 0x000001dcab194090 code [0x000001dcab194220, 0x000001dcab194338]
Event: 177.281 Thread 0x000001dcc2fbe3b0 8858       3       org.gradle.internal.snapshot.FileSystemSnapshotHierarchyVisitor::leaveDirectory (1 bytes)
Event: 177.281 Thread 0x000001dcc2fbe3b0 nmethod 8858 0x000001dcab194410 code [0x000001dcab1945a0, 0x000001dcab1946b8]
Event: 177.282 Thread 0x000001dcc2fbe3b0 8859       3       org.gradle.internal.snapshot.AbstractFileSystemLocationSnapshot::accept (8 bytes)
Event: 177.282 Thread 0x000001dcc2fbe3b0 nmethod 8859 0x000001dcab194790 code [0x000001dcab194940, 0x000001dcab194b28]
Event: 177.294 Thread 0x000001dcc79e21c0 nmethod 8853 0x000001dcb1bb7490 code [0x000001dcb1bb7620, 0x000001dcb1bb7d78]
Event: 177.294 Thread 0x000001dcc79e21c0 8849       4       org.gradle.internal.file.DefaultFileHierarchySet$Node::contains (101 bytes)
Event: 177.295 Thread 0x000001dcc2fbd2c0 nmethod 8834 0x000001dcb1bb8010 code [0x000001dcb1bb81e0, 0x000001dcb1bb8c68]
Event: 177.295 Thread 0x000001dcc2fbd2c0 8856       4       org.gradle.internal.file.DefaultFileHierarchySet$PrefixFileSet::contains (10 bytes)
Event: 177.307 Thread 0x000001dcc2fbe3b0 8860       3       java.lang.invoke.SimpleMethodHandle::speciesData (4 bytes)
Event: 177.307 Thread 0x000001dcc2fbe3b0 nmethod 8860 0x000001dcab194c10 code [0x000001dcab194da0, 0x000001dcab194eb8]
Event: 177.307 Thread 0x000001dcc2fbe3b0 8861       3       java.lang.invoke.SimpleMethodHandle::copyWithExtendL (7 bytes)
Event: 177.308 Thread 0x000001dcc2fbe3b0 nmethod 8861 0x000001dcab194f90 code [0x000001dcab195140, 0x000001dcab1952e8]
Event: 177.310 Thread 0x000001dcc2fbe3b0 8862       3       com.google.common.collect.AbstractMultiset::add (9 bytes)
Event: 177.310 Thread 0x000001dcc2fbe3b0 nmethod 8862 0x000001dcab195410 code [0x000001dcab1955c0, 0x000001dcab1957a8]
Event: 177.310 Thread 0x000001dcc2fbe3b0 8863       3       com.google.common.base.Preconditions::checkArgument (28 bytes)

GC Heap History (20 events):
Event: 5.963 GC heap before
{Heap before GC invocations=11 (full 0):
 garbage-first heap   total 81920K, used 62369K [0x0000000740000000, 0x0000000800000000)
  region size 2048K, 15 young (30720K), 3 survivors (6144K)
 Metaspace       used 49702K, committed 50176K, reserved 1097728K
  class space    used 6495K, committed 6720K, reserved 1048576K
}
Event: 5.971 GC heap after
{Heap after GC invocations=12 (full 0):
 garbage-first heap   total 81920K, used 40062K [0x0000000740000000, 0x0000000800000000)
  region size 2048K, 2 young (4096K), 2 survivors (4096K)
 Metaspace       used 49702K, committed 50176K, reserved 1097728K
  class space    used 6495K, committed 6720K, reserved 1048576K
}
Event: 6.171 GC heap before
{Heap before GC invocations=12 (full 0):
 garbage-first heap   total 81920K, used 62590K [0x0000000740000000, 0x0000000800000000)
  region size 2048K, 13 young (26624K), 2 survivors (4096K)
 Metaspace       used 50715K, committed 51200K, reserved 1097728K
  class space    used 6665K, committed 6912K, reserved 1048576K
}
Event: 6.175 GC heap after
{Heap after GC invocations=13 (full 0):
 garbage-first heap   total 98304K, used 42476K [0x0000000740000000, 0x0000000800000000)
  region size 2048K, 2 young (4096K), 2 survivors (4096K)
 Metaspace       used 50715K, committed 51200K, reserved 1097728K
  class space    used 6665K, committed 6912K, reserved 1048576K
}
Event: 6.476 GC heap before
{Heap before GC invocations=14 (full 0):
 garbage-first heap   total 98304K, used 79340K [0x0000000740000000, 0x0000000800000000)
  region size 2048K, 18 young (36864K), 2 survivors (4096K)
 Metaspace       used 52550K, committed 53056K, reserved 1097728K
  class space    used 6934K, committed 7168K, reserved 1048576K
}
Event: 6.481 GC heap after
{Heap after GC invocations=15 (full 0):
 garbage-first heap   total 98304K, used 45112K [0x0000000740000000, 0x0000000800000000)
  region size 2048K, 3 young (6144K), 3 survivors (6144K)
 Metaspace       used 52550K, committed 53056K, reserved 1097728K
  class space    used 6934K, committed 7168K, reserved 1048576K
}
Event: 6.508 GC heap before
{Heap before GC invocations=15 (full 0):
 garbage-first heap   total 98304K, used 49208K [0x0000000740000000, 0x0000000800000000)
  region size 2048K, 4 young (8192K), 3 survivors (6144K)
 Metaspace       used 52674K, committed 53184K, reserved 1097728K
  class space    used 6950K, committed 7232K, reserved 1048576K
}
Event: 6.512 GC heap after
{Heap after GC invocations=16 (full 0):
 garbage-first heap   total 98304K, used 45190K [0x0000000740000000, 0x0000000800000000)
  region size 2048K, 2 young (4096K), 2 survivors (4096K)
 Metaspace       used 52674K, committed 53184K, reserved 1097728K
  class space    used 6950K, committed 7232K, reserved 1048576K
}
Event: 7.546 GC heap before
{Heap before GC invocations=16 (full 0):
 garbage-first heap   total 98304K, used 65670K [0x0000000740000000, 0x0000000800000000)
  region size 2048K, 13 young (26624K), 2 survivors (4096K)
 Metaspace       used 54912K, committed 55488K, reserved 1097728K
  class space    used 7225K, committed 7488K, reserved 1048576K
}
Event: 7.550 GC heap after
{Heap after GC invocations=17 (full 0):
 garbage-first heap   total 98304K, used 46955K [0x0000000740000000, 0x0000000800000000)
  region size 2048K, 3 young (6144K), 3 survivors (6144K)
 Metaspace       used 54912K, committed 55488K, reserved 1097728K
  class space    used 7225K, committed 7488K, reserved 1048576K
}
Event: 7.710 GC heap before
{Heap before GC invocations=17 (full 0):
 garbage-first heap   total 98304K, used 71531K [0x0000000740000000, 0x0000000800000000)
  region size 2048K, 7 young (14336K), 3 survivors (6144K)
 Metaspace       used 55182K, committed 55680K, reserved 1097728K
  class space    used 7248K, committed 7488K, reserved 1048576K
}
Event: 7.713 GC heap after
{Heap after GC invocations=18 (full 0):
 garbage-first heap   total 98304K, used 47356K [0x0000000740000000, 0x0000000800000000)
  region size 2048K, 2 young (4096K), 2 survivors (4096K)
 Metaspace       used 55182K, committed 55680K, reserved 1097728K
  class space    used 7248K, committed 7488K, reserved 1048576K
}
Event: 7.781 GC heap before
{Heap before GC invocations=19 (full 0):
 garbage-first heap   total 122880K, used 88316K [0x0000000740000000, 0x0000000800000000)
  region size 2048K, 5 young (10240K), 2 survivors (4096K)
 Metaspace       used 55231K, committed 55744K, reserved 1097728K
  class space    used 7249K, committed 7488K, reserved 1048576K
}
Event: 7.783 GC heap after
{Heap after GC invocations=20 (full 0):
 garbage-first heap   total 122880K, used 47116K [0x0000000740000000, 0x0000000800000000)
  region size 2048K, 2 young (4096K), 2 survivors (4096K)
 Metaspace       used 55231K, committed 55744K, reserved 1097728K
  class space    used 7249K, committed 7488K, reserved 1048576K
}
Event: 7.896 GC heap before
{Heap before GC invocations=20 (full 0):
 garbage-first heap   total 122880K, used 61452K [0x0000000740000000, 0x0000000800000000)
  region size 2048K, 6 young (12288K), 2 survivors (4096K)
 Metaspace       used 55651K, committed 56192K, reserved 1097728K
  class space    used 7305K, committed 7552K, reserved 1048576K
}
Event: 7.899 GC heap after
{Heap after GC invocations=21 (full 0):
 garbage-first heap   total 122880K, used 47376K [0x0000000740000000, 0x0000000800000000)
  region size 2048K, 2 young (4096K), 2 survivors (4096K)
 Metaspace       used 55651K, committed 56192K, reserved 1097728K
  class space    used 7305K, committed 7552K, reserved 1048576K
}
Event: 7.913 GC heap before
{Heap before GC invocations=21 (full 0):
 garbage-first heap   total 122880K, used 55568K [0x0000000740000000, 0x0000000800000000)
  region size 2048K, 4 young (8192K), 2 survivors (4096K)
 Metaspace       used 55652K, committed 56192K, reserved 1097728K
  class space    used 7305K, committed 7552K, reserved 1048576K
}
Event: 7.916 GC heap after
{Heap after GC invocations=22 (full 0):
 garbage-first heap   total 215040K, used 47414K [0x0000000740000000, 0x0000000800000000)
  region size 2048K, 2 young (4096K), 2 survivors (4096K)
 Metaspace       used 55652K, committed 56192K, reserved 1097728K
  class space    used 7305K, committed 7552K, reserved 1048576K
}
Event: 8.049 GC heap before
{Heap before GC invocations=22 (full 0):
 garbage-first heap   total 215040K, used 106806K [0x0000000740000000, 0x0000000800000000)
  region size 2048K, 9 young (18432K), 2 survivors (4096K)
 Metaspace       used 55776K, committed 56256K, reserved 1097728K
  class space    used 7306K, committed 7552K, reserved 1048576K
}
Event: 8.052 GC heap after
{Heap after GC invocations=23 (full 0):
 garbage-first heap   total 215040K, used 47448K [0x0000000740000000, 0x0000000800000000)
  region size 2048K, 2 young (4096K), 2 survivors (4096K)
 Metaspace       used 55776K, committed 56256K, reserved 1097728K
  class space    used 7306K, committed 7552K, reserved 1048576K
}

Deoptimization events (20 events):
Event: 177.257 Thread 0x000001dcc7782e50 Uncommon trap: trap_request=0xffffff45 fr.pc=0x000001dcb1978710 relative=0x0000000000000630
Event: 177.257 Thread 0x000001dcc7782e50 Uncommon trap: reason=unstable_if action=reinterpret pc=0x000001dcb1978710 method=java.util.HashMap$HashIterator.<init>(Ljava/util/HashMap;)V @ 45 c2
Event: 177.257 Thread 0x000001dcc7782e50 DEOPT PACKING pc=0x000001dcb1978710 sp=0x0000009b80eff2b0
Event: 177.257 Thread 0x000001dcc7782e50 DEOPT UNPACKING pc=0x000001dca9c4d72e sp=0x0000009b80eff140 mode 2
Event: 177.258 Thread 0x000001dcc4f5ebf0 Uncommon trap: trap_request=0xffffff45 fr.pc=0x000001dcb1b279dc relative=0x000000000000051c
Event: 177.258 Thread 0x000001dcc4f5ebf0 Uncommon trap: reason=unstable_if action=reinterpret pc=0x000001dcb1b279dc method=java.io.ObjectOutputStream$BlockDataOutputStream.writeBytes(Ljava/lang/String;)V @ 22 c2
Event: 177.258 Thread 0x000001dcc4f5ebf0 DEOPT PACKING pc=0x000001dcb1b279dc sp=0x0000009bf68fd540
Event: 177.258 Thread 0x000001dcc4f5ebf0 DEOPT UNPACKING pc=0x000001dca9c4d72e sp=0x0000009bf68fd4e8 mode 2
Event: 177.263 Thread 0x000001dcc4f5e6a0 Uncommon trap: trap_request=0xffffff45 fr.pc=0x000001dcb19f45ec relative=0x000000000000502c
Event: 177.263 Thread 0x000001dcc4f5e6a0 Uncommon trap: reason=unstable_if action=reinterpret pc=0x000001dcb19f45ec method=java.util.regex.Matcher.search(I)Z @ 76 c2
Event: 177.263 Thread 0x000001dcc4f5e6a0 DEOPT PACKING pc=0x000001dcb19f45ec sp=0x0000009bf65fb3b0
Event: 177.263 Thread 0x000001dcc4f5e6a0 DEOPT UNPACKING pc=0x000001dca9c4d72e sp=0x0000009bf65fb228 mode 2
Event: 177.263 Thread 0x000001dcc4f5e6a0 Uncommon trap: trap_request=0xffffff45 fr.pc=0x000001dcb1a34b8c relative=0x00000000000004ac
Event: 177.263 Thread 0x000001dcc4f5e6a0 Uncommon trap: reason=unstable_if action=reinterpret pc=0x000001dcb1a34b8c method=java.util.regex.Pattern$Loop.match(Ljava/util/regex/Matcher;ILjava/lang/CharSequence;)Z @ 91 c2
Event: 177.263 Thread 0x000001dcc4f5e6a0 DEOPT PACKING pc=0x000001dcb1a34b8c sp=0x0000009bf65faf40
Event: 177.263 Thread 0x000001dcc4f5e6a0 DEOPT UNPACKING pc=0x000001dca9c4d72e sp=0x0000009bf65faed8 mode 2
Event: 177.263 Thread 0x000001dcc4f5e6a0 Uncommon trap: trap_request=0xffffff45 fr.pc=0x000001dcb187b71c relative=0x000000000000035c
Event: 177.263 Thread 0x000001dcc4f5e6a0 Uncommon trap: reason=unstable_if action=reinterpret pc=0x000001dcb187b71c method=java.util.regex.Matcher.search(I)Z @ 76 c2
Event: 177.263 Thread 0x000001dcc4f5e6a0 DEOPT PACKING pc=0x000001dcb187b71c sp=0x0000009bf65fb2a0
Event: 177.263 Thread 0x000001dcc4f5e6a0 DEOPT UNPACKING pc=0x000001dca9c4d72e sp=0x0000009bf65fb240 mode 2

Classes unloaded (0 events):
No events

Classes redefined (0 events):
No events

Internal exceptions (20 events):
Event: 8.770 Thread 0x000001dcc7782e50 Exception <a 'java/lang/NoSuchMethodError'{0x0000000749eb3640}: 'int java.lang.invoke.DirectMethodHandle$Holder.invokeStaticInit(java.lang.Object, java.lang.Object, java.lang.Object, java.lang.Object, java.lang.Object)'> (0x0000000749eb3640) 
thrown [c:\wsjdk\correttojdksrc\installers\windows\zip\corretto-build\buildroot\src\hotspot\share\interpreter\linkResolver.cpp, line 790]
Event: 8.787 Thread 0x000001dcc4f5ebf0 Exception <a 'java/lang/NoSuchMethodError'{0x0000000749fe9c88}: static Lorg/gradle/internal/build/event/types/DefaultTaskFinishedProgressEvent;.<clinit>()V> (0x0000000749fe9c88) 
thrown [c:\wsjdk\correttojdksrc\installers\windows\zip\corretto-build\buildroot\src\hotspot\share\prims\jni.cpp, line 1210]
Event: 8.789 Thread 0x000001dcc4f5ebf0 Exception <a 'java/lang/NoSuchMethodError'{0x0000000749c15fa0}: static Lorg/gradle/internal/build/event/types/DefaultTaskSuccessResult;.<clinit>()V> (0x0000000749c15fa0) 
thrown [c:\wsjdk\correttojdksrc\installers\windows\zip\corretto-build\buildroot\src\hotspot\share\prims\jni.cpp, line 1210]
Event: 8.789 Thread 0x000001dcc4f5ebf0 Exception <a 'java/lang/NoSuchMethodError'{0x0000000749c1f0b0}: static Lorg/gradle/internal/build/event/types/AbstractTaskResult;.<clinit>()V> (0x0000000749c1f0b0) 
thrown [c:\wsjdk\correttojdksrc\installers\windows\zip\corretto-build\buildroot\src\hotspot\share\prims\jni.cpp, line 1210]
Event: 8.789 Thread 0x000001dcc4f5ebf0 Exception <a 'java/lang/NoSuchMethodError'{0x0000000749c20690}: static Lorg/gradle/internal/build/event/types/AbstractResult;.<clinit>()V> (0x0000000749c20690) 
thrown [c:\wsjdk\correttojdksrc\installers\windows\zip\corretto-build\buildroot\src\hotspot\share\prims\jni.cpp, line 1210]
Event: 9.302 Thread 0x000001dcc7782e50 Exception <a 'java/lang/NoSuchMethodError'{0x00000007498b72f0}: 'java.lang.Object java.lang.invoke.DirectMethodHandle$Holder.invokeVirtual(java.lang.Object, java.lang.Object, java.lang.Object)'> (0x00000007498b72f0) 
thrown [c:\wsjdk\correttojdksrc\installers\windows\zip\corretto-build\buildroot\src\hotspot\share\interpreter\linkResolver.cpp, line 790]
Event: 18.674 Thread 0x000001dcc4f5ebf0 Exception <a 'java/lang/NoSuchMethodError'{0x000000074900c388}: static [Ljava/lang/Object;.<clinit>()V> (0x000000074900c388) 
thrown [c:\wsjdk\correttojdksrc\installers\windows\zip\corretto-build\buildroot\src\hotspot\share\prims\jni.cpp, line 1210]
Event: 18.852 Thread 0x000001dcc7782e50 Exception <a 'java/lang/NoSuchMethodError'{0x00000007490946d0}: 'void java.lang.invoke.DirectMethodHandle$Holder.invokeInterface(java.lang.Object, java.lang.Object, java.lang.Object, java.lang.Object)'> (0x00000007490946d0) 
thrown [c:\wsjdk\correttojdksrc\installers\windows\zip\corretto-build\buildroot\src\hotspot\share\interpreter\linkResolver.cpp, line 790]
Event: 19.242 Thread 0x000001dcc7782e50 Exception <a 'java/lang/ClassNotFoundException'{0x0000000746f9f8d8}: org/gradle/api/tasks/JavaExec_DecoratedBeanInfo> (0x0000000746f9f8d8) 
thrown [c:\wsjdk\correttojdksrc\installers\windows\zip\corretto-build\buildroot\src\hotspot\share\classfile\systemDictionary.cpp, line 256]
Event: 19.242 Thread 0x000001dcc7782e50 Exception <a 'java/lang/ClassNotFoundException'{0x0000000746fa66a8}: org/gradle/api/tasks/JavaExecBeanInfo> (0x0000000746fa66a8) 
thrown [c:\wsjdk\correttojdksrc\installers\windows\zip\corretto-build\buildroot\src\hotspot\share\classfile\systemDictionary.cpp, line 256]
Event: 19.242 Thread 0x000001dcc7782e50 Exception <a 'java/lang/ClassNotFoundException'{0x0000000746fad4e0}: org/gradle/api/tasks/JavaExecCustomizer> (0x0000000746fad4e0) 
thrown [c:\wsjdk\correttojdksrc\installers\windows\zip\corretto-build\buildroot\src\hotspot\share\classfile\systemDictionary.cpp, line 256]
Event: 19.244 Thread 0x000001dcc7782e50 Exception <a 'java/lang/ClassNotFoundException'{0x0000000746c081d0}: org/gradle/api/tasks/JavaExec_DecoratedCustomizer> (0x0000000746c081d0) 
thrown [c:\wsjdk\correttojdksrc\installers\windows\zip\corretto-build\buildroot\src\hotspot\share\classfile\systemDictionary.cpp, line 256]
Event: 19.250 Thread 0x000001dcc7782e50 Exception <a 'java/lang/ClassNotFoundException'{0x0000000746d29128}: org/gradle/api/internal/file/collections/DefaultConfigurableFileCollectionBeanInfo> (0x0000000746d29128) 
thrown [c:\wsjdk\correttojdksrc\installers\windows\zip\corretto-build\buildroot\src\hotspot\share\classfile\systemDictionary.cpp, line 256]
Event: 19.251 Thread 0x000001dcc7782e50 Exception <a 'java/lang/ClassNotFoundException'{0x0000000746d2f390}: org/gradle/api/internal/file/collections/DefaultConfigurableFileCollectionCustomizer> (0x0000000746d2f390) 
thrown [c:\wsjdk\correttojdksrc\installers\windows\zip\corretto-build\buildroot\src\hotspot\share\classfile\systemDictionary.cpp, line 256]
Event: 19.275 Thread 0x000001dcc7782e50 Exception <a 'java/lang/ClassNotFoundException'{0x000000074690c1f0}: java/io/FileBeanInfo> (0x000000074690c1f0) 
thrown [c:\wsjdk\correttojdksrc\installers\windows\zip\corretto-build\buildroot\src\hotspot\share\classfile\systemDictionary.cpp, line 256]
Event: 19.275 Thread 0x000001dcc7782e50 Exception <a 'java/lang/ClassNotFoundException'{0x000000074690f638}: java/io/FileCustomizer> (0x000000074690f638) 
thrown [c:\wsjdk\correttojdksrc\installers\windows\zip\corretto-build\buildroot\src\hotspot\share\classfile\systemDictionary.cpp, line 256]
Event: 19.276 Thread 0x000001dcc7782e50 Implicit null exception at 0x000001dcb191c7dd to 0x000001dcb191dd78
Event: 177.253 Thread 0x000001dcc7782e50 Exception <a 'java/lang/reflect/InvocationTargetException'{0x00000007469c13e8}> (0x00000007469c13e8) 
thrown [c:\wsjdk\correttojdksrc\installers\windows\zip\corretto-build\buildroot\src\hotspot\share\runtime\reflection.cpp, line 1157]
Event: 177.257 Thread 0x000001dcc4f5ebf0 Exception <a 'java/lang/NoSuchMethodError'{0x000000074606f7b8}: static Lorg/gradle/internal/build/event/types/DefaultTaskFailureResult;.<clinit>()V> (0x000000074606f7b8) 
thrown [c:\wsjdk\correttojdksrc\installers\windows\zip\corretto-build\buildroot\src\hotspot\share\prims\jni.cpp, line 1210]
Event: 177.258 Thread 0x000001dcc4f5ebf0 Exception <a 'java/lang/NoSuchMethodError'{0x000000074607f700}: static Lorg/gradle/internal/build/event/types/DefaultFailure;.<clinit>()V> (0x000000074607f700) 
thrown [c:\wsjdk\correttojdksrc\installers\windows\zip\corretto-build\buildroot\src\hotspot\share\prims\jni.cpp, line 1210]

Events (20 events):
Event: 177.257 Thread 0x000001dcc777f930 Thread exited: 0x000001dcc777f930
Event: 177.257 Thread 0x000001dcc777ee90 Thread exited: 0x000001dcc777ee90
Event: 177.257 Thread 0x000001dcc7781e60 Thread exited: 0x000001dcc7781e60
Event: 177.257 Thread 0x000001dcc7784390 Thread exited: 0x000001dcc7784390
Event: 177.257 Thread 0x000001dcc7785380 Thread exited: 0x000001dcc7785380
Event: 177.257 Thread 0x000001dcc77838f0 Thread exited: 0x000001dcc77838f0
Event: 177.257 Thread 0x000001dcc7781910 Thread exited: 0x000001dcc7781910
Event: 177.257 Thread 0x000001dcc777fe80 Thread exited: 0x000001dcc777fe80
Event: 177.257 Thread 0x000001dcc7782e50 Thread exited: 0x000001dcc7782e50
Event: 177.260 loading class java/util/concurrent/ConcurrentLinkedQueue$Itr
Event: 177.261 loading class java/util/concurrent/ConcurrentLinkedQueue$Itr done
Event: 177.263 loading class java/util/logging/LogRecord
Event: 177.264 loading class java/util/logging/LogRecord done
Event: 177.268 Executing  VM operation: HandshakeAllThreads
Event: 177.268 Executing  VM operation: HandshakeAllThreads done
Event: 177.268 Executing  VM operation: Cleanup
Event: 177.268 Executing  VM operation: Cleanup done
Event: 177.270 Executing  VM operation: HandshakeAllThreads
Event: 177.270 Executing  VM operation: HandshakeAllThreads done
Event: 177.280 Thread 0x000001dcc79e21c0 Thread added: 0x000001dcc79e21c0


Dynamic libraries:
0x00007ff6f2ed0000 - 0x00007ff6f2edd000 	C:\Users\opadfnezig\.jdks\corretto-16.0.2\bin\java.exe
0x00007ffc494b0000 - 0x00007ffc496a5000 	C:\Windows\SYSTEM32\ntdll.dll
0x00007ffc48de0000 - 0x00007ffc48e9d000 	C:\Windows\System32\KERNEL32.DLL
0x00007ffc46f00000 - 0x00007ffc471c8000 	C:\Windows\System32\KERNELBASE.dll
0x00007ffc471d0000 - 0x00007ffc472d0000 	C:\Windows\System32\ucrtbase.dll
0x00007ffc2a890000 - 0x00007ffc2a8a8000 	C:\Users\opadfnezig\.jdks\corretto-16.0.2\bin\jli.dll
0x00007ffc1a1c0000 - 0x00007ffc1a1d5000 	C:\Users\opadfnezig\.jdks\corretto-16.0.2\bin\VCRUNTIME140.dll
0x00007ffc47620000 - 0x00007ffc477c0000 	C:\Windows\System32\USER32.dll
0x00007ffc47330000 - 0x00007ffc47352000 	C:\Windows\System32\win32u.dll
0x00007ffc38860000 - 0x00007ffc38afa000 	C:\Windows\WinSxS\amd64_microsoft.windows.common-controls_6595b64144ccf1df_6.0.19041.844_none_ca00b6081b84eb1d\COMCTL32.dll
0x00007ffc47ad0000 - 0x00007ffc47afa000 	C:\Windows\System32\GDI32.dll
0x00007ffc485f0000 - 0x00007ffc4868e000 	C:\Windows\System32\msvcrt.dll
0x00007ffc46ca0000 - 0x00007ffc46dab000 	C:\Windows\System32\gdi32full.dll
0x00007ffc46db0000 - 0x00007ffc46e4d000 	C:\Windows\System32\msvcp_win.dll
0x00007ffc481f0000 - 0x00007ffc48220000 	C:\Windows\System32\IMM32.DLL
0x00007ffbe43a0000 - 0x00007ffbe443b000 	C:\Users\opadfnezig\.jdks\corretto-16.0.2\bin\msvcp140.dll
0x00007ffba4c80000 - 0x00007ffba5889000 	C:\Users\opadfnezig\.jdks\corretto-16.0.2\bin\server\jvm.dll
0x00007ffc47890000 - 0x00007ffc4793c000 	C:\Windows\System32\ADVAPI32.dll
0x00007ffc493b0000 - 0x00007ffc4944b000 	C:\Windows\System32\sechost.dll
0x00007ffc49280000 - 0x00007ffc493ab000 	C:\Windows\System32\RPCRT4.dll
0x00007ffc49450000 - 0x00007ffc49458000 	C:\Windows\System32\PSAPI.DLL
0x00007ffc3d9b0000 - 0x00007ffc3d9d7000 	C:\Windows\SYSTEM32\WINMM.dll
0x00007ffc3f960000 - 0x00007ffc3f96a000 	C:\Windows\SYSTEM32\VERSION.dll
0x00007ffc40080000 - 0x00007ffc40089000 	C:\Windows\SYSTEM32\WSOCK32.dll
0x00007ffc480f0000 - 0x00007ffc4815b000 	C:\Windows\System32\WS2_32.dll
0x00007ffc44a80000 - 0x00007ffc44a92000 	C:\Windows\SYSTEM32\kernel.appcore.dll
0x00007ffc42b20000 - 0x00007ffc42b2a000 	C:\Users\opadfnezig\.jdks\corretto-16.0.2\bin\jimage.dll
0x00007ffc39990000 - 0x00007ffc39b74000 	C:\Windows\SYSTEM32\DBGHELP.DLL
0x00007ffc32990000 - 0x00007ffc329bc000 	C:\Windows\SYSTEM32\dbgcore.DLL
0x00007ffc46e50000 - 0x00007ffc46ed0000 	C:\Windows\System32\bcryptPrimitives.dll
0x00007ffc0d410000 - 0x00007ffc0d435000 	C:\Users\opadfnezig\.jdks\corretto-16.0.2\bin\java.dll
0x00007ffc48690000 - 0x00007ffc48dd2000 	C:\Windows\System32\SHELL32.dll
0x00007ffc44d60000 - 0x00007ffc454f0000 	C:\Windows\SYSTEM32\windows.storage.dll
0x00007ffc48220000 - 0x00007ffc48575000 	C:\Windows\System32\combase.dll
0x00007ffc46660000 - 0x00007ffc4668c000 	C:\Windows\SYSTEM32\Wldp.dll
0x00007ffc47510000 - 0x00007ffc475be000 	C:\Windows\System32\SHCORE.dll
0x00007ffc48590000 - 0x00007ffc485e5000 	C:\Windows\System32\shlwapi.dll
0x00007ffc46b30000 - 0x00007ffc46b4f000 	C:\Windows\SYSTEM32\profapi.dll
0x00007ffc05250000 - 0x00007ffc05269000 	C:\Users\opadfnezig\.jdks\corretto-16.0.2\bin\net.dll
0x00007ffc40220000 - 0x00007ffc4032b000 	C:\Windows\SYSTEM32\WINHTTP.dll
0x00007ffc463d0000 - 0x00007ffc4643a000 	C:\Windows\system32\mswsock.dll
0x00007ffc03c30000 - 0x00007ffc03c43000 	C:\Users\opadfnezig\.jdks\corretto-16.0.2\bin\nio.dll
0x00007ffc03c10000 - 0x00007ffc03c28000 	C:\Users\opadfnezig\.jdks\corretto-16.0.2\bin\zip.dll
0x00007ffc40090000 - 0x00007ffc400a0000 	C:\Users\opadfnezig\.jdks\corretto-16.0.2\bin\verify.dll
0x00007ffc142a0000 - 0x00007ffc142c7000 	C:\Users\opadfnezig\.gradle\native\8bec1ad78214c89d9ad589b4d07fe93259594b29d510b10fafb7a158f7737e5d\windows-amd64\native-platform.dll
0x00007ffbb2530000 - 0x00007ffbb266d000 	C:\Users\opadfnezig\.gradle\native\53dbd7edfb1c66fb8903c78663c9afc45aea4f116125fa6feffd364cf09443e8\windows-amd64\native-platform-file-events.dll
0x00007ffc3d770000 - 0x00007ffc3d779000 	C:\Users\opadfnezig\.jdks\corretto-16.0.2\bin\management.dll
0x00007ffc34130000 - 0x00007ffc3413b000 	C:\Users\opadfnezig\.jdks\corretto-16.0.2\bin\management_ext.dll
0x00007ffc465b0000 - 0x00007ffc465c8000 	C:\Windows\SYSTEM32\CRYPTSP.dll
0x00007ffc45d00000 - 0x00007ffc45d34000 	C:\Windows\system32\rsaenh.dll
0x00007ffc46ed0000 - 0x00007ffc46ef7000 	C:\Windows\System32\bcrypt.dll
0x00007ffc46af0000 - 0x00007ffc46b1e000 	C:\Windows\SYSTEM32\USERENV.dll
0x00007ffc465a0000 - 0x00007ffc465ac000 	C:\Windows\SYSTEM32\CRYPTBASE.dll
0x00007ffc46070000 - 0x00007ffc460ab000 	C:\Windows\SYSTEM32\IPHLPAPI.DLL
0x00007ffc49460000 - 0x00007ffc49468000 	C:\Windows\System32\NSI.dll
0x00007ffc405b0000 - 0x00007ffc405c7000 	C:\Windows\SYSTEM32\dhcpcsvc6.DLL
0x00007ffc40590000 - 0x00007ffc405ad000 	C:\Windows\SYSTEM32\dhcpcsvc.DLL
0x00007ffc460c0000 - 0x00007ffc4618c000 	C:\Windows\SYSTEM32\DNSAPI.dll
0x00007ffc33de0000 - 0x00007ffc33dee000 	C:\Users\opadfnezig\.jdks\corretto-16.0.2\bin\sunmscapi.dll
0x00007ffc47360000 - 0x00007ffc474bf000 	C:\Windows\System32\CRYPT32.dll
0x00007ffc466d0000 - 0x00007ffc466f7000 	C:\Windows\SYSTEM32\ncrypt.dll
0x00007ffc46690000 - 0x00007ffc466cb000 	C:\Windows\SYSTEM32\NTASN1.dll
0x00007ffc2fc90000 - 0x00007ffc2fc97000 	C:\Windows\system32\wshunix.dll
0x00007ffc3de00000 - 0x00007ffc3de0a000 	C:\Windows\System32\rasadhlp.dll
0x00007ffc3d8d0000 - 0x00007ffc3d94f000 	C:\Windows\System32\fwpuclnt.dll

dbghelp: loaded successfully - version: 4.0.5 - missing functions: none
symbol engine: initialized successfully - sym options: 0x614 - pdb path: .;C:\Users\opadfnezig\.jdks\corretto-16.0.2\bin;C:\Windows\SYSTEM32;C:\Windows\WinSxS\amd64_microsoft.windows.common-controls_6595b64144ccf1df_6.0.19041.844_none_ca00b6081b84eb1d;C:\Users\opadfnezig\.jdks\corretto-16.0.2\bin\server;C:\Users\opadfnezig\.gradle\native\8bec1ad78214c89d9ad589b4d07fe93259594b29d510b10fafb7a158f7737e5d\windows-amd64;C:\Users\opadfnezig\.gradle\native\53dbd7edfb1c66fb8903c78663c9afc45aea4f116125fa6feffd364cf09443e8\windows-amd64

VM Arguments:
jvm_args: --add-opens=java.base/java.util=ALL-UNNAMED --add-opens=java.base/java.lang=ALL-UNNAMED --add-opens=java.base/java.lang.invoke=ALL-UNNAMED --add-opens=java.base/java.util=ALL-UNNAMED --add-opens=java.prefs/java.util.prefs=ALL-UNNAMED --add-opens=java.prefs/java.util.prefs=ALL-UNNAMED --add-opens=java.base/java.nio.charset=ALL-UNNAMED --add-opens=java.base/java.net=ALL-UNNAMED --add-opens=java.base/java.util.concurrent.atomic=ALL-UNNAMED -Xmx3G -Dfile.encoding=windows-1251 -Duser.country=RU -Duser.language=ru -Duser.variant 
java_command: org.gradle.launcher.daemon.bootstrap.GradleDaemon 7.1.1
java_class_path (initial): C:\Users\opadfnezig\.gradle\wrapper\dists\gradle-7.1.1-bin\f29rtwfnc96ub43tt7p47zsru\gradle-7.1.1\lib\gradle-launcher-7.1.1.jar
Launcher Type: SUN_STANDARD

[Global flags]
     intx CICompilerCount                          = 4                                         {product} {ergonomic}
     uint ConcGCThreads                            = 3                                         {product} {ergonomic}
     uint G1ConcRefinementThreads                  = 10                                        {product} {ergonomic}
   size_t G1HeapRegionSize                         = 2097152                                   {product} {ergonomic}
    uintx GCDrainStackTargetSize                   = 64                                        {product} {ergonomic}
   size_t InitialHeapSize                          = 268435456                                 {product} {ergonomic}
   size_t MarkStackSize                            = 4194304                                   {product} {ergonomic}
   size_t MaxHeapSize                              = 3221225472                                {product} {command line}
   size_t MaxNewSize                               = 1931476992                                {product} {ergonomic}
   size_t MinHeapDeltaBytes                        = 2097152                                   {product} {ergonomic}
   size_t MinHeapSize                              = 8388608                                   {product} {ergonomic}
    uintx NonNMethodCodeHeapSize                   = 5839372                                {pd product} {ergonomic}
    uintx NonProfiledCodeHeapSize                  = 122909434                              {pd product} {ergonomic}
    uintx ProfiledCodeHeapSize                     = 122909434                              {pd product} {ergonomic}
    uintx ReservedCodeCacheSize                    = 251658240                              {pd product} {ergonomic}
     bool SegmentedCodeCache                       = true                                      {product} {ergonomic}
   size_t SoftMaxHeapSize                          = 3221225472                             {manageable} {ergonomic}
     bool UseCompressedClassPointers               = true                           {product lp64_product} {ergonomic}
     bool UseCompressedOops                        = true                           {product lp64_product} {ergonomic}
     bool UseG1GC                                  = true                                      {product} {ergonomic}
     bool UseLargePagesIndividualAllocation        = false                                  {pd product} {ergonomic}

Logging:
Log output configuration:
 #0: stdout all=warning uptime,level,tags
 #1: stderr all=off uptime,level,tags

Environment Variables:
JAVA_HOME=C:\Program Files\Eclipse Adoptium\jdk-8.0.312.7-hotspot\
PATH=C:\Program Files\Eclipse Adoptium\jdk-8.0.312.7-hotspot\bin;C:\Program Files\Oculus\Support\oculus-runtime;C:\Program Files\AdoptOpenJDK\jdk-16.0.1.9-hotspot\bin;C:\Program Files (x86)\AMD APP\bin\x86_64;C:\Program Files (x86)\AMD APP\bin\x86;C:\Windows\system32;C:\Windows;C:\Windows\System32\Wbem;C:\Windows\System32\WindowsPowerShell\v1.0\;C:\Windows\System32\OpenSSH\;C:\Program Files (x86)\ATI Technologies\ATI.ACE\Core-Static;C:\Program Files (x86)\NVIDIA Corporation\PhysX\Common;C:\Program Files\Process Lasso\;C:\Program Files\dotnet\;C:\Program Files\Microsoft SQL Server\130\Tools\Binn\;D:\Program Files (x86)\Brackets\command;C:\Program Files (x86)\dotnet\;D:\nodejs\;C:\Program Files\PuTTY\;C:\Program Files\Git\cmd;C:\Program Files\Microsoft Network Monitor 3\;D:\Program Files (x86)\Yarn\bin\;C:\Program Files\NVIDIA Corporation\NVIDIA NvDLISR;C:\Users\opadfnezig\AppData\Local\Microsoft\WindowsApps;C:\Users\opadfnezig\.dotnet\tools;C:\Users\opadfnezig\AppData\Roaming\npm;C:\Users\opadfnezig\AppData\Local\GitHubDesktop\bin;D:\Users\opadfnezig\AppData\Local\Programs\Microsoft VS Code\bin;C:\Users\opadfnezig\AppData\Local\Yarn\bin
USERNAME=opadfnezig
OS=Windows_NT
PROCESSOR_IDENTIFIER=AMD64 Family 23 Model 8 Stepping 2, AuthenticAMD



---------------  S Y S T E M  ---------------

OS:
 Windows 10 , 64 bit Build 19041 (10.0.19041.928)
OS uptime: 4 days 3:17 hours

CPU: total 12 (initial active 12) (12 cores per cpu, 2 threads per core) family 23 model 8 stepping 2 microcode 0x0, cx8, cmov, fxsr, ht, mmx, 3dnowpref, sse, sse2, sse3, ssse3, sse4a, sse4.1, sse4.2, popcnt, lzcnt, tsc, tscinvbit, avx, avx2, aes, clmul, bmi1, bmi2, adx, sha, fma, vzeroupper, clflush, clflushopt

Memory: 4k page, system-wide physical 16335M (1122M free)
TotalPageFile size 47794M (AvailPageFile size 6040M)
current process WorkingSet (physical memory assigned to process): 414M, peak: 449M
current process commit charge ("private bytes"): 487M, peak: 535M

vm_info: OpenJDK 64-Bit Server VM (16.0.2+7) for windows-amd64 JRE (16.0.2+7), built on Jul 22 2021 01:11:46 by "Administrator" with MS VC++ 15.9 (VS2017)

END.
