#
# A fatal error has been detected by the Java Runtime Environment:
#
#  EXCEPTION_ACCESS_VIOLATION (0xc0000005) at pc=0x00007ff86b76c4be, pid=4580, tid=20168
#
# JRE version: OpenJDK Runtime Environment Corretto-16.0.2.7.1 (16.0.2+7) (build 16.0.2+7)
# Java VM: OpenJDK 64-Bit Server VM Corretto-16.0.2.7.1 (16.0.2+7, mixed mode, sharing, tiered, compressed oops, compressed class ptrs, g1 gc, windows-amd64)
# Problematic frame:
# C  [native-platform-file-events.dll+0x1c4be]
#
# No core dump will be written. Minidumps are not enabled by default on client versions of Windows
#
# If you would like to submit a bug report, please visit:
#   https://github.com/corretto/corretto-jdk/issues/
# The crash happened outside the Java Virtual Machine in native code.
# See problematic frame for where to report the bug.
#

---------------  S U M M A R Y ------------

Command Line: -agentlib:jdwp=transport=dt_socket,server=n,suspend=y,address=127.0.0.1:60362 --add-opens=java.base/java.util=ALL-UNNAMED --add-opens=java.base/java.lang=ALL-UNNAMED --add-opens=java.base/java.lang.invoke=ALL-UNNAMED --add-opens=java.base/java.util=ALL-UNNAMED --add-opens=java.prefs/java.util.prefs=ALL-UNNAMED --add-opens=java.prefs/java.util.prefs=ALL-UNNAMED --add-opens=java.base/java.nio.charset=ALL-UNNAMED --add-opens=java.base/java.net=ALL-UNNAMED --add-opens=java.base/java.util.concurrent.atomic=ALL-UNNAMED -Xmx3G -Dfile.encoding=windows-1251 -Duser.country=RU -Duser.language=ru -Duser.variant org.gradle.launcher.daemon.bootstrap.GradleDaemon 7.1.1

Host: AMD Ryzen 5 1600 Six-Core Processor            , 12 cores, 15G,  Windows 10 , 64 bit Build 19041 (10.0.19041.928)
Time: Wed Nov 10 14:25:42 2021  Windows 10 , 64 bit Build 19041 (10.0.19041.928) elapsed time: 553.140824 seconds (0d 0h 9m 13s)

---------------  T H R E A D  ---------------

Current thread (0x0000021af4c4cc70):  JavaThread "File watcher server" daemon [_thread_in_native, id=20168, stack(0x000000be2e400000,0x000000be2e500000)]

Stack: [0x000000be2e400000,0x000000be2e500000],  sp=0x000000be2e4fe840,  free space=1018k
Native frames: (J=compiled Java code, j=interpreted, Vv=VM code, C=native code)
C  [native-platform-file-events.dll+0x1c4be]

Java frames: (J=compiled Java code, j=interpreted, Vv=VM code)
j  net.rubygrapefruit.platform.internal.jni.AbstractFileEventFunctions$NativeFileWatcher.executeRunLoop0(Ljava/lang/Object;)V+0
j  net.rubygrapefruit.platform.internal.jni.AbstractFileEventFunctions$NativeFileWatcher.access$100(Lnet/rubygrapefruit/platform/internal/jni/AbstractFileEventFunctions$NativeFileWatcher;Ljava/lang/Object;)V+2
j  net.rubygrapefruit.platform.internal.jni.AbstractFileEventFunctions$NativeFileWatcher$1.run()V+26
v  ~StubRoutines::call_stub

siginfo: EXCEPTION_ACCESS_VIOLATION (0xc0000005), reading address 0xffffffffffffffff


Register to memory mapping:

RIP=0x00007ff86b76c4be native-platform-file-events.dll
RAX=0x2473636974736974 is an unknown value
RBX=0x0000000000000001 is an unknown value
RCX=0x2473636974736974 is an unknown value
RDX=0x000000be2e4fe898 is pointing into the stack for thread: 0x0000021af4c4cc70
RSP=0x000000be2e4fe840 is pointing into the stack for thread: 0x0000021af4c4cc70
RBP=0x000000be2e4ff238 is pointing into the stack for thread: 0x0000021af4c4cc70
RSI=0x0 is NULL
RDI=0x00000000ffffffff is an unknown value
R8 =0x000000be2e4fe8a0 is pointing into the stack for thread: 0x0000021af4c4cc70
R9 =0x000000007ffec000 points into unknown readable memory: 0x00000000546c6148 | 48 61 6c 54 00 00 00 00
R10=0x00000000546c6148 is an unknown value
R11=0x0000008c0f09a151 is an unknown value
R12=0x0 is NULL
R13={method} {0x0000021af776e040} 'executeRunLoop0' '(Ljava/lang/Object;)V' in 'net/rubygrapefruit/platform/internal/jni/AbstractFileEventFunctions$NativeFileWatcher'
R14=0x000000be2e4ff260 is pointing into the stack for thread: 0x0000021af4c4cc70
R15=0x0000021af4c4cc70 is a thread


Registers:
RAX=0x2473636974736974, RBX=0x0000000000000001, RCX=0x2473636974736974, RDX=0x000000be2e4fe898
RSP=0x000000be2e4fe840, RBP=0x000000be2e4ff238, RSI=0x0000000000000000, RDI=0x00000000ffffffff
R8 =0x000000be2e4fe8a0, R9 =0x000000007ffec000, R10=0x00000000546c6148, R11=0x0000008c0f09a151
R12=0x0000000000000000, R13=0x0000021af776e038, R14=0x000000be2e4ff260, R15=0x0000021af4c4cc70
RIP=0x00007ff86b76c4be, EFLAGS=0x0000000000010202

Top of Stack: (sp=0x000000be2e4fe840)
0x000000be2e4fe840:   00008057f9bf3ebc 00008057f9a6bc20
0x000000be2e4fe850:   00008057f9bf3ebc 00007ff86b787be5
0x000000be2e4fe860:   000000be2e4fe918 000000be2e4fe898
0x000000be2e4fe870:   000000be00000000 000000be2e4fe8a8
0x000000be2e4fe880:   000000be2e4f0001 000001488f4c2707
0x000000be2e4fe890:   000000be2e4fe8a0 0000000000000001
0x000000be2e4fe8a0:   00008057f9a6bc20 00008057f9bf3ebc
0x000000be2e4fe8b0:   000000be2e4ff260 00007ff86b787777
0x000000be2e4fe8c0:   000000be2e4fe918 000000be2e4fe910
0x000000be2e4fe8d0:   0000021af30d6f30 0000021ad973bf5c
0x000000be2e4fe8e0:   0000000000000000 00007ff86b778bee
0x000000be2e4fe8f0:   00008057f9bf3ebc 0000000000000001
0x000000be2e4fe900:   000000be2dcfc2d0 000000074a200170
0x000000be2e4fe910:   0000d381cf8d2249 0000000000000001
0x000000be2e4fe920:   000000be2e4fe950 00007ff86b76c6ec
0x000000be2e4fe930:   2473636974736974 000000be00000003 

Instructions: (pc=0x00007ff86b76c4be)
0x00007ff86b76c3be:   8b 00 48 89 44 24 38 48 8b 44 24 38 48 89 44 24
0x00007ff86b76c3ce:   58 48 8b 84 24 b0 00 00 00 48 83 c0 08 48 89 44
0x00007ff86b76c3de:   24 40 48 8d 54 24 70 48 8b 4c 24 40 e8 26 50 fe
0x00007ff86b76c3ee:   ff 48 8b 00 48 89 44 24 48 48 8b 44 24 48 48 89
0x00007ff86b76c3fe:   44 24 60 4c 8b 4c 24 50 4c 8b 44 24 58 48 8b 54
0x00007ff86b76c40e:   24 60 48 8d 4c 24 78 e8 31 92 fe ff 48 8d 4c 24
0x00007ff86b76c41e:   78 e8 8b 6a fe ff 48 8b c8 ff 15 db ab 11 00 89
0x00007ff86b76c42e:   44 24 24 83 7c 24 24 ff 74 15 8b 44 24 24 83 e0
0x00007ff86b76c43e:   10 85 c0 74 0a c7 44 24 28 01 00 00 00 eb 08 c7
0x00007ff86b76c44e:   44 24 28 00 00 00 00 0f b6 44 24 28 88 44 24 20
0x00007ff86b76c45e:   48 8d 4c 24 78 e8 1f 97 fe ff 0f b6 44 24 20 48
0x00007ff86b76c46e:   8b 8c 24 98 00 00 00 48 33 cc e8 8f 76 fe ff 48
0x00007ff86b76c47e:   81 c4 a8 00 00 00 c3 cc cc cc cc cc cc cc cc cc
0x00007ff86b76c48e:   cc cc 48 89 4c 24 08 48 81 ec e8 00 00 00 48 8b
0x00007ff86b76c49e:   05 a5 7d 10 00 48 33 c4 48 89 84 24 d0 00 00 00
0x00007ff86b76c4ae:   c7 44 24 30 00 00 00 00 48 8b 84 24 f0 00 00 00
0x00007ff86b76c4be:   83 78 68 03 0f 84 02 01 00 00 48 8b 84 24 f0 00
0x00007ff86b76c4ce:   00 00 48 8b 48 28 ff 15 36 ab 11 00 89 44 24 38
0x00007ff86b76c4de:   83 7c 24 38 00 0f 85 d0 00 00 00 ba 07 00 00 00
0x00007ff86b76c4ee:   48 8b 0d 1b b0 10 00 e8 48 a4 fe ff 88 44 24 34
0x00007ff86b76c4fe:   0f b6 44 24 34 85 c0 0f 84 90 00 00 00 ff 15 07
0x00007ff86b76c50e:   ab 11 00 89 44 24 3c 48 8b 84 24 f0 00 00 00 48
0x00007ff86b76c51e:   83 c0 08 48 8b d0 48 8d 8c 24 90 00 00 00 e8 05
0x00007ff86b76c52e:   51 fe ff 48 89 44 24 40 48 8b 44 24 40 48 89 44
0x00007ff86b76c53e:   24 48 8b 44 24 30 83 c8 01 89 44 24 30 48 8b 4c
0x00007ff86b76c54e:   24 48 e8 d5 52 fe ff 48 89 44 24 50 48 8b 84 24
0x00007ff86b76c55e:   f0 00 00 00 48 8b 40 28 48 89 44 24 58 8b 44 24
0x00007ff86b76c56e:   3c 89 44 24 28 48 8b 44 24 50 48 89 44 24 20 4c
0x00007ff86b76c57e:   8b 4c 24 58 4c 8d 05 77 af 0d 00 ba 07 00 00 00
0x00007ff86b76c58e:   48 8b 0d 7b af 10 00 e8 f8 71 fe ff 90 8b 44 24
0x00007ff86b76c59e:   30 83 e0 01 85 c0 74 13 83 64 24 30 fe 48 8d 8c
0x00007ff86b76c5ae:   24 90 00 00 00 e8 e7 5a fe ff 90 eb 00 48 8b 84 


Stack slot to memory mapping:
stack at sp + 0 slots: 0x00008057f9bf3ebc is an unknown value
stack at sp + 1 slots: 0x00008057f9a6bc20 is an unknown value
stack at sp + 2 slots: 0x00008057f9bf3ebc is an unknown value
stack at sp + 3 slots: 0x00007ff86b787be5 native-platform-file-events.dll
stack at sp + 4 slots: 0x000000be2e4fe918 is pointing into the stack for thread: 0x0000021af4c4cc70
stack at sp + 5 slots: 0x000000be2e4fe898 is pointing into the stack for thread: 0x0000021af4c4cc70
stack at sp + 6 slots: 0x000000be00000000 is an unknown value
stack at sp + 7 slots: 0x000000be2e4fe8a8 is pointing into the stack for thread: 0x0000021af4c4cc70


---------------  P R O C E S S  ---------------

Threads class SMR info:
_java_thread_list=0x0000021af9f9dfe0, length=191, elements={
0x0000021ad05aaa20, 0x0000021af231ee90, 0x0000021af231fc60, 0x0000021af23344e0,
0x0000021af2335f60, 0x0000021af2338880, 0x0000021af233c5b0, 0x0000021af23407a0,
0x0000021af23411a0, 0x0000021af2349b00, 0x0000021af2e200e0, 0x0000021af2e23900,
0x0000021af2e3e3e0, 0x0000021af2e3e920, 0x0000021af2e43450, 0x0000021af40e2870,
0x0000021af4733b90, 0x0000021af3a92450, 0x0000021af54ab040, 0x0000021af4eef540,
0x0000021af4e6dc40, 0x0000021af4fce140, 0x0000021af59a7980, 0x0000021af4c4c1d0,
0x0000021af4c4e1b0, 0x0000021af4c4e700, 0x0000021af4c4b730, 0x0000021af4c4c720,
0x0000021af4c4bc80, 0x0000021af4c4cc70, 0x0000021af4c4ec50, 0x0000021af4c4d1c0,
0x0000021af4c4dc60, 0x0000021af523ee80, 0x0000021af523e930, 0x0000021af52413b0,
0x0000021af523f3d0, 0x0000021af523d3f0, 0x0000021af52403c0, 0x0000021af523f920,
0x0000021af5240e60, 0x0000021af523fe70, 0x0000021af523cea0, 0x0000021af5240910,
0x0000021af5241900, 0x0000021af523a420, 0x0000021af523aec0, 0x0000021af523c950,
0x0000021af523a970, 0x0000021af523e3e0, 0x0000021af523d940, 0x0000021af523de90,
0x0000021af523c400, 0x0000021af523beb0, 0x0000021af523b410, 0x0000021af523b960,
0x0000021af6616c60, 0x0000021af6617c50, 0x0000021af6615c70, 0x0000021af66196e0,
0x0000021af661a180, 0x0000021af66161c0, 0x0000021af661b6c0, 0x0000021af6619c30,
0x0000021af661b170, 0x0000021af66181a0, 0x0000021af6613c90, 0x0000021af66141e0,
0x0000021af661a6d0, 0x0000021af6618c40, 0x0000021af661ac20, 0x0000021af6614730,
0x0000021af66186f0, 0x0000021af6615720, 0x0000021af489c860, 0x0000021af489cdb0,
0x0000021af4898df0, 0x0000021af4899340, 0x0000021af489a330, 0x0000021af48958d0,
0x0000021af4895380, 0x0000021af4895e20, 0x0000021af4896370, 0x0000021af48968c0,
0x0000021af48978b0, 0x0000021af489bdc0, 0x0000021af489c310, 0x0000021af4899890,
0x0000021af4896e10, 0x0000021af4897360, 0x0000021af4897e00, 0x0000021af489add0,
0x0000021af48988a0, 0x0000021af4898350, 0x0000021af489b320, 0x0000021af4899de0,
0x0000021af489a880, 0x0000021af489b870, 0x0000021af4c84850, 0x0000021af4c81330,
0x0000021af4c81880, 0x0000021af4c81dd0, 0x0000021af4c82870, 0x0000021af4c7ee00,
0x0000021af4c83860, 0x0000021af4c82320, 0x0000021af4c84da0, 0x0000021af4c85d90,
0x0000021af4c83db0, 0x0000021af4c852f0, 0x0000021af4c80de0, 0x0000021af4c85840,
0x0000021af4c83310, 0x0000021af4c84300, 0x0000021af4c82dc0, 0x0000021af4c7e360,
0x0000021af4c7e8b0, 0x0000021af4c7f350, 0x0000021af4c7f8a0, 0x0000021af4c80890,
0x0000021af4c7fdf0, 0x0000021af4c80340, 0x0000021af55bb230, 0x0000021af55bccc0,
0x0000021af55bd210, 0x0000021af55ba790, 0x0000021af55be200, 0x0000021af55bd760,
0x0000021af55bdcb0, 0x0000021af55bace0, 0x0000021af55be750, 0x0000021af55beca0,
0x0000021af55b97a0, 0x0000021af55bc220, 0x0000021af55b9cf0, 0x0000021af55bb780,
0x0000021af55c01e0, 0x0000021af55bf1f0, 0x0000021af55bbcd0, 0x0000021af55bf740,
0x0000021af55bfc90, 0x0000021af55b8d00, 0x0000021af55ba240, 0x0000021af55c0730,
0x0000021af55b9250, 0x0000021af55bc770, 0x0000021af2edfeb0, 0x0000021af2edf410,
0x0000021af2ee0400, 0x0000021af2ee0ea0, 0x0000021af2edf960, 0x0000021af2ee1e90,
0x0000021af2ee5e50, 0x0000021af2ee68f0, 0x0000021af2ee1940, 0x0000021af2edeec0,
0x0000021af2ee33d0, 0x0000021af2ee0950, 0x0000021af2ee13f0, 0x0000021af2ee23e0,
0x0000021af2ee43c0, 0x0000021af2ee4e60, 0x0000021af2ee2930, 0x0000021af2ee2e80,
0x0000021af2ee3920, 0x0000021af2ee3e70, 0x0000021af2ee53b0, 0x0000021af2ee5900,
0x0000021af2ee63a0, 0x0000021af9676b20, 0x0000021af9676080, 0x0000021af96710d0,
0x0000021af9672610, 0x0000021af9671b70, 0x0000021af96730b0, 0x0000021af9673b50,
0x0000021af9673600, 0x0000021af96740a0, 0x0000021af96745f0, 0x0000021af9674b40,
0x0000021af5c8b280, 0x0000021af5c8dd00, 0x0000021af5c8e250, 0x0000021af5c87d60,
0x0000021af5c8b7d0, 0x0000021af5c882b0, 0x0000021af5c8c7c0, 0x0000021af5c897f0,
0x0000021af5c8a290, 0x0000021af5c8e7a0, 0x0000021af908e0e0
}

Java Threads: ( => current thread )
  0x0000021ad05aaa20 JavaThread "main" [_thread_blocked, id=12780, stack(0x000000be2b600000,0x000000be2b700000)]
  0x0000021af231ee90 JavaThread "Reference Handler" daemon [_thread_blocked, id=8004, stack(0x000000be2bd00000,0x000000be2be00000)]
  0x0000021af231fc60 JavaThread "Finalizer" daemon [_thread_blocked, id=23492, stack(0x000000be2be00000,0x000000be2bf00000)]
  0x0000021af23344e0 JavaThread "Signal Dispatcher" daemon [_thread_blocked, id=24336, stack(0x000000be2bf00000,0x000000be2c000000)]
  0x0000021af2335f60 JavaThread "Attach Listener" daemon [_thread_blocked, id=27772, stack(0x000000be2c000000,0x000000be2c100000)]
  0x0000021af2338880 JavaThread "Service Thread" daemon [_thread_blocked, id=13836, stack(0x000000be2c100000,0x000000be2c200000)]
  0x0000021af233c5b0 JavaThread "Monitor Deflation Thread" daemon [_thread_blocked, id=24620, stack(0x000000be2c200000,0x000000be2c300000)]
  0x0000021af23407a0 JavaThread "C2 CompilerThread0" daemon [_thread_in_native, id=12804, stack(0x000000be2c300000,0x000000be2c400000)]
  0x0000021af23411a0 JavaThread "C1 CompilerThread0" daemon [_thread_blocked, id=6100, stack(0x000000be2c400000,0x000000be2c500000)]
  0x0000021af2349b00 JavaThread "Sweeper thread" daemon [_thread_blocked, id=7364, stack(0x000000be2c500000,0x000000be2c600000)]
  0x0000021af2e200e0 JavaThread "Common-Cleaner" daemon [_thread_blocked, id=26840, stack(0x000000be2c600000,0x000000be2c700000)]
  0x0000021af2e23900 JavaThread "JDWP Transport Listener: dt_socket" daemon [_thread_blocked, id=26580, stack(0x000000be2c700000,0x000000be2c800000)]
  0x0000021af2e3e3e0 JavaThread "JDWP Event Helper Thread" daemon [_thread_blocked, id=4896, stack(0x000000be2c800000,0x000000be2c900000)]
  0x0000021af2e3e920 JavaThread "JDWP Command Reader" daemon [_thread_in_native, id=25740, stack(0x000000be2c900000,0x000000be2ca00000)]
  0x0000021af2e43450 JavaThread "Notification Thread" daemon [_thread_blocked, id=4744, stack(0x000000be2ca00000,0x000000be2cb00000)]
  0x0000021af40e2870 JavaThread "Daemon health stats" [_thread_blocked, id=21308, stack(0x000000be2d600000,0x000000be2d700000)]
  0x0000021af4733b90 JavaThread "Incoming local TCP Connector on port 60371" [_thread_in_native, id=3048, stack(0x000000be2d700000,0x000000be2d800000)]
  0x0000021af3a92450 JavaThread "Daemon periodic checks" [_thread_blocked, id=18708, stack(0x000000be2d800000,0x000000be2d900000)]
  0x0000021af54ab040 JavaThread "Daemon" [_thread_blocked, id=28036, stack(0x000000be2d900000,0x000000be2da00000)]
  0x0000021af4eef540 JavaThread "Handler for socket connection from /127.0.0.1:60371 to /127.0.0.1:60372" [_thread_in_native, id=16924, stack(0x000000be2da00000,0x000000be2db00000)]
  0x0000021af4e6dc40 JavaThread "Cancel handler" [_thread_blocked, id=27216, stack(0x000000be2db00000,0x000000be2dc00000)]
  0x0000021af4fce140 JavaThread "Daemon worker" [_thread_in_native, id=2400, stack(0x000000be2dc00000,0x000000be2dd00000)]
  0x0000021af59a7980 JavaThread "Asynchronous log dispatcher for DefaultDaemonConnection: socket connection from /127.0.0.1:60371 to /127.0.0.1:60372" [_thread_blocked, id=20572, stack(0x000000be2dd00000,0x000000be2de00000)]
  0x0000021af4c4c1d0 JavaThread "Stdin handler" [_thread_blocked, id=18960, stack(0x000000be2de00000,0x000000be2df00000)]
  0x0000021af4c4e1b0 JavaThread "Daemon client event forwarder" [_thread_blocked, id=8544, stack(0x000000be2df00000,0x000000be2e000000)]
  0x0000021af4c4e700 JavaThread "Cache worker for journal cache (C:\Users\opadfnezig\.gradle\caches\journal-1)" [_thread_blocked, id=3292, stack(0x000000be2e000000,0x000000be2e100000)]
  0x0000021af4c4b730 JavaThread "File lock request listener" [_thread_in_native, id=28380, stack(0x000000be2e100000,0x000000be2e200000)]
  0x0000021af4c4c720 JavaThread "Cache worker for file hash cache (C:\Users\opadfnezig\.gradle\caches\7.1.1\fileHashes)" [_thread_blocked, id=18496, stack(0x000000be2e200000,0x000000be2e300000)]
  0x0000021af4c4bc80 JavaThread "Cache worker for file hash cache (Y:\workspaces\intelij\idk\.gradle\7.1.1\fileHashes)" [_thread_blocked, id=10480, stack(0x000000be2e300000,0x000000be2e400000)]
=>0x0000021af4c4cc70 JavaThread "File watcher server" daemon [_thread_in_native, id=20168, stack(0x000000be2e400000,0x000000be2e500000)]
  0x0000021af4c4ec50 JavaThread "File watcher consumer" daemon [_thread_blocked, id=9468, stack(0x000000be2e500000,0x000000be2e600000)]
  0x0000021af4c4d1c0 JavaThread "Cache worker for checksums cache (Y:\workspaces\intelij\idk\.gradle\checksums)" [_thread_blocked, id=4548, stack(0x000000be2e600000,0x000000be2e700000)]
  0x0000021af4c4dc60 JavaThread "Cache worker for cache directory md-rule (C:\Users\opadfnezig\.gradle\caches\7.1.1\md-rule)" [_thread_blocked, id=18548, stack(0x000000be2e800000,0x000000be2e900000)]
  0x0000021af523ee80 JavaThread "Cache worker for execution history cache (C:\Users\opadfnezig\.gradle\caches\7.1.1\executionHistory)" [_thread_blocked, id=10172, stack(0x000000be2e900000,0x000000be2ea00000)]
  0x0000021af523e930 JavaThread "jar transforms" [_thread_blocked, id=10356, stack(0x000000be2ec00000,0x000000be2ed00000)]
  0x0000021af52413b0 JavaThread "jar transforms Thread 2" [_thread_blocked, id=22520, stack(0x000000be2ed00000,0x000000be2ee00000)]
  0x0000021af523f3d0 JavaThread "Cache worker for file content cache (C:\Users\opadfnezig\.gradle\caches\7.1.1\fileContent)" [_thread_blocked, id=14148, stack(0x000000be2ee00000,0x000000be2ef00000)]
  0x0000021af523d3f0 JavaThread "jar transforms Thread 3" [_thread_blocked, id=3332, stack(0x000000be2ef00000,0x000000be2f000000)]
  0x0000021af52403c0 JavaThread "jar transforms Thread 4" [_thread_blocked, id=21664, stack(0x000000be2f000000,0x000000be2f100000)]
  0x0000021af523f920 JavaThread "jar transforms Thread 5" [_thread_blocked, id=13292, stack(0x000000be2f100000,0x000000be2f200000)]
  0x0000021af5240e60 JavaThread "Cache worker for dependencies-accessors (Y:\workspaces\intelij\idk\.gradle\7.1.1\dependencies-accessors)" [_thread_blocked, id=10128, stack(0x000000be2f200000,0x000000be2f300000)]
  0x0000021af523fe70 JavaThread "jar transforms Thread 6" [_thread_blocked, id=16068, stack(0x000000be2f300000,0x000000be2f400000)]
  0x0000021af5240910 JavaThread "Unconstrained build operations" [_thread_blocked, id=21108, stack(0x000000be2f500000,0x000000be2f600000)]
  0x0000021af5241900 JavaThread "Unconstrained build operations Thread 2" [_thread_blocked, id=6788, stack(0x000000be2f600000,0x000000be2f700000)]
  0x0000021af523a420 JavaThread "Unconstrained build operations Thread 3" [_thread_blocked, id=13496, stack(0x000000be2f700000,0x000000be2f800000)]
  0x0000021af523aec0 JavaThread "Unconstrained build operations Thread 4" [_thread_blocked, id=27748, stack(0x000000be2f800000,0x000000be2f900000)]
  0x0000021af523c950 JavaThread "Unconstrained build operations Thread 5" [_thread_blocked, id=20820, stack(0x000000be2f900000,0x000000be2fa00000)]
  0x0000021af523a970 JavaThread "Unconstrained build operations Thread 6" [_thread_blocked, id=7812, stack(0x000000be2fa00000,0x000000be2fb00000)]
  0x0000021af523e3e0 JavaThread "Unconstrained build operations Thread 7" [_thread_blocked, id=27756, stack(0x000000be2fb00000,0x000000be2fc00000)]
  0x0000021af523d940 JavaThread "Unconstrained build operations Thread 8" [_thread_blocked, id=10512, stack(0x000000be2fc00000,0x000000be2fd00000)]
  0x0000021af523de90 JavaThread "Unconstrained build operations Thread 9" [_thread_blocked, id=19756, stack(0x000000be2fd00000,0x000000be2fe00000)]
  0x0000021af523c400 JavaThread "Unconstrained build operations Thread 10" [_thread_blocked, id=20048, stack(0x000000be2fe00000,0x000000be2ff00000)]
  0x0000021af523beb0 JavaThread "Unconstrained build operations Thread 11" [_thread_blocked, id=14524, stack(0x000000be2ff00000,0x000000be30000000)]
  0x0000021af523b410 JavaThread "Unconstrained build operations Thread 12" [_thread_blocked, id=19636, stack(0x000000be30000000,0x000000be30100000)]
  0x0000021af523b960 JavaThread "Unconstrained build operations Thread 13" [_thread_blocked, id=10340, stack(0x000000be30100000,0x000000be30200000)]
  0x0000021af6616c60 JavaThread "Unconstrained build operations Thread 14" [_thread_blocked, id=14852, stack(0x000000be30200000,0x000000be30300000)]
  0x0000021af6617c50 JavaThread "Unconstrained build operations Thread 15" [_thread_blocked, id=3680, stack(0x000000be30300000,0x000000be30400000)]
  0x0000021af6615c70 JavaThread "Unconstrained build operations Thread 16" [_thread_blocked, id=20272, stack(0x000000be30400000,0x000000be30500000)]
  0x0000021af66196e0 JavaThread "Unconstrained build operations Thread 17" [_thread_blocked, id=13296, stack(0x000000be30500000,0x000000be30600000)]
  0x0000021af661a180 JavaThread "Unconstrained build operations Thread 18" [_thread_blocked, id=21668, stack(0x000000be30600000,0x000000be30700000)]
  0x0000021af66161c0 JavaThread "Unconstrained build operations Thread 19" [_thread_blocked, id=2680, stack(0x000000be30700000,0x000000be30800000)]
  0x0000021af661b6c0 JavaThread "Unconstrained build operations Thread 20" [_thread_blocked, id=23564, stack(0x000000be30800000,0x000000be30900000)]
  0x0000021af6619c30 JavaThread "Unconstrained build operations Thread 21" [_thread_blocked, id=15560, stack(0x000000be30900000,0x000000be30a00000)]
  0x0000021af661b170 JavaThread "Unconstrained build operations Thread 22" [_thread_blocked, id=15708, stack(0x000000be30a00000,0x000000be30b00000)]
  0x0000021af66181a0 JavaThread "Unconstrained build operations Thread 23" [_thread_blocked, id=3020, stack(0x000000be30b00000,0x000000be30c00000)]
  0x0000021af6613c90 JavaThread "Unconstrained build operations Thread 24" [_thread_blocked, id=23540, stack(0x000000be30c00000,0x000000be30d00000)]
  0x0000021af66141e0 JavaThread "Unconstrained build operations Thread 25" [_thread_blocked, id=8648, stack(0x000000be30d00000,0x000000be30e00000)]
  0x0000021af661a6d0 JavaThread "Unconstrained build operations Thread 26" [_thread_blocked, id=12736, stack(0x000000be30e00000,0x000000be30f00000)]
  0x0000021af6618c40 JavaThread "Unconstrained build operations Thread 27" [_thread_blocked, id=11732, stack(0x000000be30f00000,0x000000be31000000)]
  0x0000021af661ac20 JavaThread "Unconstrained build operations Thread 28" [_thread_blocked, id=676, stack(0x000000be31000000,0x000000be31100000)]
  0x0000021af6614730 JavaThread "jar transforms Thread 7" [_thread_blocked, id=13160, stack(0x000000be31100000,0x000000be31200000)]
  0x0000021af66186f0 JavaThread "Memory manager" [_thread_blocked, id=20332, stack(0x000000be31300000,0x000000be31400000)]
  0x0000021af6615720 JavaThread "ForkJoinPool.commonPool-worker-7" daemon [_thread_blocked, id=3488, stack(0x000000be31600000,0x000000be31700000)]
  0x0000021af489c860 JavaThread "Exec process" [_thread_in_native, id=4784, stack(0x000000be31a00000,0x000000be31b00000)]
  0x0000021af489cdb0 JavaThread "Exec process Thread 2" [_thread_in_native, id=14556, stack(0x000000be31b00000,0x000000be31c00000)]
  0x0000021af4898df0 JavaThread "Exec process Thread 3" [_thread_in_native, id=11800, stack(0x000000be31c00000,0x000000be31d00000)]
  0x0000021af4899340 JavaThread "Unconstrained build operations Thread 29" [_thread_blocked, id=18888, stack(0x000000be31d00000,0x000000be31e00000)]
  0x0000021af489a330 JavaThread "Unconstrained build operations Thread 30" [_thread_blocked, id=22812, stack(0x000000be31e00000,0x000000be31f00000)]
  0x0000021af48958d0 JavaThread "Unconstrained build operations Thread 31" [_thread_blocked, id=22208, stack(0x000000be31f00000,0x000000be32000000)]
  0x0000021af4895380 JavaThread "Unconstrained build operations Thread 32" [_thread_blocked, id=28920, stack(0x000000be32000000,0x000000be32100000)]
  0x0000021af4895e20 JavaThread "Unconstrained build operations Thread 33" [_thread_blocked, id=16024, stack(0x000000be32100000,0x000000be32200000)]
  0x0000021af4896370 JavaThread "Unconstrained build operations Thread 34" [_thread_blocked, id=27556, stack(0x000000be32200000,0x000000be32300000)]
  0x0000021af48968c0 JavaThread "Unconstrained build operations Thread 35" [_thread_blocked, id=12044, stack(0x000000be32300000,0x000000be32400000)]
  0x0000021af48978b0 JavaThread "Unconstrained build operations Thread 36" [_thread_blocked, id=19484, stack(0x000000be32400000,0x000000be32500000)]
  0x0000021af489bdc0 JavaThread "Unconstrained build operations Thread 37" [_thread_blocked, id=6616, stack(0x000000be32500000,0x000000be32600000)]
  0x0000021af489c310 JavaThread "Unconstrained build operations Thread 38" [_thread_blocked, id=27432, stack(0x000000be32600000,0x000000be32700000)]
  0x0000021af4899890 JavaThread "Unconstrained build operations Thread 39" [_thread_blocked, id=23692, stack(0x000000be32700000,0x000000be32800000)]
  0x0000021af4896e10 JavaThread "Unconstrained build operations Thread 40" [_thread_blocked, id=8348, stack(0x000000be32800000,0x000000be32900000)]
  0x0000021af4897360 JavaThread "Unconstrained build operations Thread 41" [_thread_blocked, id=27576, stack(0x000000be32900000,0x000000be32a00000)]
  0x0000021af4897e00 JavaThread "Unconstrained build operations Thread 42" [_thread_blocked, id=21688, stack(0x000000be32a00000,0x000000be32b00000)]
  0x0000021af489add0 JavaThread "Unconstrained build operations Thread 43" [_thread_blocked, id=11816, stack(0x000000be32b00000,0x000000be32c00000)]
  0x0000021af48988a0 JavaThread "Unconstrained build operations Thread 44" [_thread_blocked, id=3524, stack(0x000000be32c00000,0x000000be32d00000)]
  0x0000021af4898350 JavaThread "Unconstrained build operations Thread 45" [_thread_blocked, id=15276, stack(0x000000be32d00000,0x000000be32e00000)]
  0x0000021af489b320 JavaThread "Unconstrained build operations Thread 46" [_thread_blocked, id=21588, stack(0x000000be32e00000,0x000000be32f00000)]
  0x0000021af4899de0 JavaThread "Unconstrained build operations Thread 47" [_thread_blocked, id=14360, stack(0x000000be32f00000,0x000000be33000000)]
  0x0000021af489a880 JavaThread "Unconstrained build operations Thread 48" [_thread_blocked, id=24692, stack(0x000000be33000000,0x000000be33100000)]
  0x0000021af489b870 JavaThread "Unconstrained build operations Thread 49" [_thread_blocked, id=1172, stack(0x000000be33100000,0x000000be33200000)]
  0x0000021af4c84850 JavaThread "Unconstrained build operations Thread 50" [_thread_blocked, id=11316, stack(0x000000be33200000,0x000000be33300000)]
  0x0000021af4c81330 JavaThread "Unconstrained build operations Thread 51" [_thread_blocked, id=19548, stack(0x000000be33300000,0x000000be33400000)]
  0x0000021af4c81880 JavaThread "Unconstrained build operations Thread 52" [_thread_blocked, id=6776, stack(0x000000be33400000,0x000000be33500000)]
  0x0000021af4c81dd0 JavaThread "Unconstrained build operations Thread 53" [_thread_blocked, id=14944, stack(0x000000be33500000,0x000000be33600000)]
  0x0000021af4c82870 JavaThread "Unconstrained build operations Thread 54" [_thread_blocked, id=26176, stack(0x000000be33600000,0x000000be33700000)]
  0x0000021af4c7ee00 JavaThread "Unconstrained build operations Thread 55" [_thread_blocked, id=24020, stack(0x000000be33700000,0x000000be33800000)]
  0x0000021af4c83860 JavaThread "Unconstrained build operations Thread 56" [_thread_blocked, id=12924, stack(0x000000be33800000,0x000000be33900000)]
  0x0000021af4c82320 JavaThread "Unconstrained build operations Thread 57" [_thread_blocked, id=15596, stack(0x000000be33900000,0x000000be33a00000)]
  0x0000021af4c84da0 JavaThread "Unconstrained build operations Thread 58" [_thread_blocked, id=25520, stack(0x000000be33a00000,0x000000be33b00000)]
  0x0000021af4c85d90 JavaThread "Unconstrained build operations Thread 59" [_thread_blocked, id=25864, stack(0x000000be33b00000,0x000000be33c00000)]
  0x0000021af4c83db0 JavaThread "Unconstrained build operations Thread 60" [_thread_blocked, id=29140, stack(0x000000be33c00000,0x000000be33d00000)]
  0x0000021af4c852f0 JavaThread "Unconstrained build operations Thread 61" [_thread_blocked, id=15768, stack(0x000000be33d00000,0x000000be33e00000)]
  0x0000021af4c80de0 JavaThread "Unconstrained build operations Thread 62" [_thread_blocked, id=28772, stack(0x000000be33e00000,0x000000be33f00000)]
  0x0000021af4c85840 JavaThread "Unconstrained build operations Thread 63" [_thread_blocked, id=29268, stack(0x000000be33f00000,0x000000be34000000)]
  0x0000021af4c83310 JavaThread "Unconstrained build operations Thread 64" [_thread_blocked, id=28372, stack(0x000000be34000000,0x000000be34100000)]
  0x0000021af4c84300 JavaThread "Unconstrained build operations Thread 65" [_thread_blocked, id=8584, stack(0x000000be34100000,0x000000be34200000)]
  0x0000021af4c82dc0 JavaThread "Unconstrained build operations Thread 66" [_thread_blocked, id=16848, stack(0x000000be34200000,0x000000be34300000)]
  0x0000021af4c7e360 JavaThread "Unconstrained build operations Thread 67" [_thread_blocked, id=15544, stack(0x000000be34300000,0x000000be34400000)]
  0x0000021af4c7e8b0 JavaThread "Unconstrained build operations Thread 68" [_thread_blocked, id=3536, stack(0x000000be34400000,0x000000be34500000)]
  0x0000021af4c7f350 JavaThread "Unconstrained build operations Thread 69" [_thread_blocked, id=26668, stack(0x000000be34500000,0x000000be34600000)]
  0x0000021af4c7f8a0 JavaThread "Unconstrained build operations Thread 70" [_thread_blocked, id=21240, stack(0x000000be34600000,0x000000be34700000)]
  0x0000021af4c80890 JavaThread "Unconstrained build operations Thread 71" [_thread_blocked, id=25776, stack(0x000000be34700000,0x000000be34800000)]
  0x0000021af4c7fdf0 JavaThread "Unconstrained build operations Thread 72" [_thread_blocked, id=24964, stack(0x000000be34800000,0x000000be34900000)]
  0x0000021af4c80340 JavaThread "Unconstrained build operations Thread 73" [_thread_blocked, id=26932, stack(0x000000be34900000,0x000000be34a00000)]
  0x0000021af55bb230 JavaThread "Unconstrained build operations Thread 74" [_thread_blocked, id=23044, stack(0x000000be34a00000,0x000000be34b00000)]
  0x0000021af55bccc0 JavaThread "Unconstrained build operations Thread 75" [_thread_blocked, id=27864, stack(0x000000be34b00000,0x000000be34c00000)]
  0x0000021af55bd210 JavaThread "Unconstrained build operations Thread 76" [_thread_blocked, id=10980, stack(0x000000be34c00000,0x000000be34d00000)]
  0x0000021af55ba790 JavaThread "Unconstrained build operations Thread 77" [_thread_blocked, id=12440, stack(0x000000be34d00000,0x000000be34e00000)]
  0x0000021af55be200 JavaThread "Unconstrained build operations Thread 78" [_thread_blocked, id=11576, stack(0x000000be34e00000,0x000000be34f00000)]
  0x0000021af55bd760 JavaThread "Unconstrained build operations Thread 79" [_thread_blocked, id=23608, stack(0x000000be34f00000,0x000000be35000000)]
  0x0000021af55bdcb0 JavaThread "Unconstrained build operations Thread 80" [_thread_blocked, id=16612, stack(0x000000be35000000,0x000000be35100000)]
  0x0000021af55bace0 JavaThread "Unconstrained build operations Thread 81" [_thread_blocked, id=18476, stack(0x000000be35100000,0x000000be35200000)]
  0x0000021af55be750 JavaThread "Unconstrained build operations Thread 82" [_thread_blocked, id=17332, stack(0x000000be35200000,0x000000be35300000)]
  0x0000021af55beca0 JavaThread "Unconstrained build operations Thread 83" [_thread_blocked, id=15144, stack(0x000000be35300000,0x000000be35400000)]
  0x0000021af55b97a0 JavaThread "Unconstrained build operations Thread 84" [_thread_blocked, id=18612, stack(0x000000be35400000,0x000000be35500000)]
  0x0000021af55bc220 JavaThread "Unconstrained build operations Thread 85" [_thread_blocked, id=8156, stack(0x000000be35500000,0x000000be35600000)]
  0x0000021af55b9cf0 JavaThread "Unconstrained build operations Thread 86" [_thread_blocked, id=28176, stack(0x000000be35600000,0x000000be35700000)]
  0x0000021af55bb780 JavaThread "Unconstrained build operations Thread 87" [_thread_blocked, id=17428, stack(0x000000be35700000,0x000000be35800000)]
  0x0000021af55c01e0 JavaThread "Unconstrained build operations Thread 88" [_thread_blocked, id=28872, stack(0x000000be35800000,0x000000be35900000)]
  0x0000021af55bf1f0 JavaThread "Unconstrained build operations Thread 89" [_thread_blocked, id=18988, stack(0x000000be35900000,0x000000be35a00000)]
  0x0000021af55bbcd0 JavaThread "Unconstrained build operations Thread 90" [_thread_blocked, id=21920, stack(0x000000be35a00000,0x000000be35b00000)]
  0x0000021af55bf740 JavaThread "Unconstrained build operations Thread 91" [_thread_blocked, id=17524, stack(0x000000be35b00000,0x000000be35c00000)]
  0x0000021af55bfc90 JavaThread "Unconstrained build operations Thread 92" [_thread_blocked, id=11956, stack(0x000000be35c00000,0x000000be35d00000)]
  0x0000021af55b8d00 JavaThread "Unconstrained build operations Thread 93" [_thread_blocked, id=19436, stack(0x000000be35d00000,0x000000be35e00000)]
  0x0000021af55ba240 JavaThread "Unconstrained build operations Thread 94" [_thread_blocked, id=24088, stack(0x000000be35e00000,0x000000be35f00000)]
  0x0000021af55c0730 JavaThread "Unconstrained build operations Thread 95" [_thread_blocked, id=26264, stack(0x000000be35f00000,0x000000be36000000)]
  0x0000021af55b9250 JavaThread "Unconstrained build operations Thread 96" [_thread_blocked, id=21020, stack(0x000000be36000000,0x000000be36100000)]
  0x0000021af55bc770 JavaThread "Unconstrained build operations Thread 97" [_thread_blocked, id=7344, stack(0x000000be36100000,0x000000be36200000)]
  0x0000021af2edfeb0 JavaThread "Unconstrained build operations Thread 98" [_thread_blocked, id=23876, stack(0x000000be36200000,0x000000be36300000)]
  0x0000021af2edf410 JavaThread "Unconstrained build operations Thread 99" [_thread_blocked, id=9220, stack(0x000000be36300000,0x000000be36400000)]
  0x0000021af2ee0400 JavaThread "Unconstrained build operations Thread 100" [_thread_blocked, id=14412, stack(0x000000be36400000,0x000000be36500000)]
  0x0000021af2ee0ea0 JavaThread "Unconstrained build operations Thread 101" [_thread_blocked, id=8188, stack(0x000000be36500000,0x000000be36600000)]
  0x0000021af2edf960 JavaThread "Unconstrained build operations Thread 102" [_thread_blocked, id=9528, stack(0x000000be36600000,0x000000be36700000)]
  0x0000021af2ee1e90 JavaThread "Unconstrained build operations Thread 103" [_thread_blocked, id=10080, stack(0x000000be36700000,0x000000be36800000)]
  0x0000021af2ee5e50 JavaThread "Unconstrained build operations Thread 104" [_thread_blocked, id=9992, stack(0x000000be36800000,0x000000be36900000)]
  0x0000021af2ee68f0 JavaThread "Unconstrained build operations Thread 105" [_thread_blocked, id=26192, stack(0x000000be36900000,0x000000be36a00000)]
  0x0000021af2ee1940 JavaThread "Unconstrained build operations Thread 106" [_thread_blocked, id=8548, stack(0x000000be36a00000,0x000000be36b00000)]
  0x0000021af2edeec0 JavaThread "Unconstrained build operations Thread 107" [_thread_blocked, id=12388, stack(0x000000be36b00000,0x000000be36c00000)]
  0x0000021af2ee33d0 JavaThread "Unconstrained build operations Thread 108" [_thread_blocked, id=20852, stack(0x000000be36c00000,0x000000be36d00000)]
  0x0000021af2ee0950 JavaThread "Unconstrained build operations Thread 109" [_thread_blocked, id=17412, stack(0x000000be36d00000,0x000000be36e00000)]
  0x0000021af2ee13f0 JavaThread "Unconstrained build operations Thread 110" [_thread_blocked, id=22132, stack(0x000000be36e00000,0x000000be36f00000)]
  0x0000021af2ee23e0 JavaThread "Unconstrained build operations Thread 111" [_thread_blocked, id=15884, stack(0x000000be36f00000,0x000000be37000000)]
  0x0000021af2ee43c0 JavaThread "Unconstrained build operations Thread 112" [_thread_blocked, id=11516, stack(0x000000be37000000,0x000000be37100000)]
  0x0000021af2ee4e60 JavaThread "Unconstrained build operations Thread 113" [_thread_blocked, id=21904, stack(0x000000be37100000,0x000000be37200000)]
  0x0000021af2ee2930 JavaThread "Unconstrained build operations Thread 114" [_thread_blocked, id=22748, stack(0x000000be37200000,0x000000be37300000)]
  0x0000021af2ee2e80 JavaThread "Unconstrained build operations Thread 115" [_thread_blocked, id=26232, stack(0x000000be37300000,0x000000be37400000)]
  0x0000021af2ee3920 JavaThread "Unconstrained build operations Thread 116" [_thread_blocked, id=17576, stack(0x000000be37400000,0x000000be37500000)]
  0x0000021af2ee3e70 JavaThread "Unconstrained build operations Thread 117" [_thread_blocked, id=26188, stack(0x000000be37500000,0x000000be37600000)]
  0x0000021af2ee53b0 JavaThread "Unconstrained build operations Thread 118" [_thread_blocked, id=7972, stack(0x000000be37600000,0x000000be37700000)]
  0x0000021af2ee5900 JavaThread "Unconstrained build operations Thread 119" [_thread_blocked, id=28336, stack(0x000000be37700000,0x000000be37800000)]
  0x0000021af2ee63a0 JavaThread "Unconstrained build operations Thread 120" [_thread_blocked, id=16680, stack(0x000000be37800000,0x000000be37900000)]
  0x0000021af9676b20 JavaThread "Cache worker for Java compile cache (C:\Users\opadfnezig\.gradle\caches\7.1.1\javaCompile)" [_thread_blocked, id=3940, stack(0x000000be38500000,0x000000be38600000)]
  0x0000021af9676080 JavaThread "Build operations" [_thread_blocked, id=4460, stack(0x000000be38600000,0x000000be38700000)]
  0x0000021af96710d0 JavaThread "Build operations Thread 2" [_thread_blocked, id=872, stack(0x000000be38700000,0x000000be38800000)]
  0x0000021af9672610 JavaThread "Build operations Thread 3" [_thread_blocked, id=2564, stack(0x000000be38800000,0x000000be38900000)]
  0x0000021af9671b70 JavaThread "Build operations Thread 4" [_thread_blocked, id=15456, stack(0x000000be38900000,0x000000be38a00000)]
  0x0000021af96730b0 JavaThread "Build operations Thread 5" [_thread_blocked, id=16620, stack(0x000000be38a00000,0x000000be38b00000)]
  0x0000021af9673b50 JavaThread "Build operations Thread 6" [_thread_blocked, id=25516, stack(0x000000be38b00000,0x000000be38c00000)]
  0x0000021af9673600 JavaThread "Build operations Thread 7" [_thread_blocked, id=25452, stack(0x000000be38c00000,0x000000be38d00000)]
  0x0000021af96740a0 JavaThread "Build operations Thread 8" [_thread_blocked, id=25272, stack(0x000000be38d00000,0x000000be38e00000)]
  0x0000021af96745f0 JavaThread "Build operations Thread 9" [_thread_blocked, id=18332, stack(0x000000be38e00000,0x000000be38f00000)]
  0x0000021af9674b40 JavaThread "Build operations Thread 10" [_thread_blocked, id=10876, stack(0x000000be38f00000,0x000000be39000000)]
  0x0000021af5c8b280 JavaThread "Build operations Thread 11" [_thread_blocked, id=18240, stack(0x000000be39000000,0x000000be39100000)]
  0x0000021af5c8dd00 JavaThread "Build operations Thread 12" [_thread_blocked, id=12120, stack(0x000000be39100000,0x000000be39200000)]
  0x0000021af5c8e250 JavaThread "Exec process Thread 4" [_thread_in_native, id=9888, stack(0x000000be39400000,0x000000be39500000)]
  0x0000021af5c87d60 JavaThread "/127.0.0.1:50479 to /127.0.0.1:50480 workers" [_thread_blocked, id=22680, stack(0x000000be2cc00000,0x000000be2cd00000)]
  0x0000021af5c8b7d0 JavaThread "/127.0.0.1:50479 to /127.0.0.1:50480 workers Thread 2" [_thread_blocked, id=29224, stack(0x000000be39300000,0x000000be39400000)]
  0x0000021af5c882b0 JavaThread "/127.0.0.1:50479 to /127.0.0.1:50480 workers Thread 3" [_thread_blocked, id=29176, stack(0x000000be39500000,0x000000be39600000)]
  0x0000021af5c8c7c0 JavaThread "/127.0.0.1:50479 to /127.0.0.1:50480 workers Thread 4" [_thread_blocked, id=876, stack(0x000000be39600000,0x000000be39700000)]
  0x0000021af5c897f0 JavaThread "/127.0.0.1:50479 to /127.0.0.1:50480 workers Thread 5" [_thread_in_native, id=744, stack(0x000000be39700000,0x000000be39800000)]
  0x0000021af5c8a290 JavaThread "Exec process Thread 5" [_thread_blocked, id=29000, stack(0x000000be39900000,0x000000be39a00000)]
  0x0000021af5c8e7a0 JavaThread "Exec process Thread 6" [_thread_blocked, id=1588, stack(0x000000be39a00000,0x000000be39b00000)]
  0x0000021af908e0e0 JavaThread "C2 CompilerThread1" daemon [_thread_in_native, id=4260, stack(0x000000be2b300000,0x000000be2b400000)]

Other Threads:
  0x0000021af2318320 VMThread "VM Thread" [stack: 0x000000be2bc00000,0x000000be2bd00000] [id=13532]
  0x0000021af2e43970 WatcherThread [stack: 0x000000be2cb00000,0x000000be2cc00000] [id=20568]
  0x0000021ad05ebe90 GCTaskThread "GC Thread#0" [stack: 0x000000be2b700000,0x000000be2b800000] [id=20164]
  0x0000021af3517d20 GCTaskThread "GC Thread#1" [stack: 0x000000be2cd00000,0x000000be2ce00000] [id=22060]
  0x0000021af3517700 GCTaskThread "GC Thread#2" [stack: 0x000000be2ce00000,0x000000be2cf00000] [id=9412]
  0x0000021af3516dd0 GCTaskThread "GC Thread#3" [stack: 0x000000be2cf00000,0x000000be2d000000] [id=22572]
  0x0000021af3517a10 GCTaskThread "GC Thread#4" [stack: 0x000000be2d000000,0x000000be2d100000] [id=13192]
  0x0000021af35170e0 GCTaskThread "GC Thread#5" [stack: 0x000000be2d100000,0x000000be2d200000] [id=4656]
  0x0000021af3518030 GCTaskThread "GC Thread#6" [stack: 0x000000be2d200000,0x000000be2d300000] [id=18660]
  0x0000021af3518340 GCTaskThread "GC Thread#7" [stack: 0x000000be2d300000,0x000000be2d400000] [id=28736]
  0x0000021af3518650 GCTaskThread "GC Thread#8" [stack: 0x000000be2d400000,0x000000be2d500000] [id=21072]
  0x0000021af3aee4e0 GCTaskThread "GC Thread#9" [stack: 0x000000be2d500000,0x000000be2d600000] [id=17712]
  0x0000021ad05fa590 ConcurrentGCThread "G1 Main Marker" [stack: 0x000000be2b800000,0x000000be2b900000] [id=11236]
  0x0000021ad05fbf20 ConcurrentGCThread "G1 Conc#0" [stack: 0x000000be2b900000,0x000000be2ba00000] [id=12784]
  0x0000021af3aedec0 ConcurrentGCThread "G1 Conc#1" [stack: 0x000000be2ea00000,0x000000be2eb00000] [id=16312]
  0x0000021af3aee1d0 ConcurrentGCThread "G1 Conc#2" [stack: 0x000000be2eb00000,0x000000be2ec00000] [id=26336]
  0x0000021ad067a6a0 ConcurrentGCThread "G1 Refine#0" [stack: 0x000000be2ba00000,0x000000be2bb00000] [id=26284]
  0x0000021af21e2220 ConcurrentGCThread "G1 Service" [stack: 0x000000be2bb00000,0x000000be2bc00000] [id=22496]

Threads with active compile tasks:
C2 CompilerThread1   553206 9276       4       org.gradle.internal.logging.text.AbstractLineChoppingStyledTextOutput::doAppend (43 bytes)

VM state: not at safepoint (normal execution)

VM Mutex/Monitor currently owned by a thread:  ([mutex/lock_event])
[0x0000021ad05a76f0] CompiledIC_lock - owner thread: 0x0000000000000000

Heap address: 0x0000000740000000, size: 3072 MB, Compressed Oops mode: Zero based, Oop shift amount: 3

CDS archive(s) mapped at: [0x0000000800000000-0x0000000800be0000-0x0000000800be0000), size 12451840, SharedBaseAddress: 0x0000000800000000, ArchiveRelocationMode: 0.
Compressed class space mapped at: 0x0000000800c00000-0x0000000840c00000, reserved size: 1073741824
Narrow klass base: 0x0000000800000000, Narrow klass shift: 3, Narrow klass range: 0x100000000

GC Precious Log:
 CPUs: 12 total, 12 available
 Memory: 16335M
 Large Page Support: Disabled
 NUMA Support: Disabled
 Compressed Oops: Enabled (Zero based)
 Heap Region Size: 2M
 Heap Min Capacity: 8M
 Heap Initial Capacity: 256M
 Heap Max Capacity: 3G
 Pre-touch: Disabled
 Parallel Workers: 10
 Concurrent Workers: 3
 Concurrent Refinement Workers: 10
 Periodic GC: Disabled

Heap:
 garbage-first heap   total 262144K, used 154123K [0x0000000740000000, 0x0000000800000000)
  region size 2048K, 55 young (112640K), 9 survivors (18432K)
 Metaspace       used 62921K, committed 63488K, reserved 1105920K
  class space    used 8265K, committed 8512K, reserved 1048576K

Heap Regions: E=young(eden), S=young(survivor), O=old, HS=humongous(starts), HC=humongous(continues), CS=collection set, F=free, OA=open archive, CA=closed archive, TAMS=top-at-mark-start (previous, next)
|   0|0x0000000740000000, 0x0000000740200000, 0x0000000740200000|100%| O|  |TAMS 0x0000000740200000, 0x0000000740200000| Untracked 
|   1|0x0000000740200000, 0x0000000740400000, 0x0000000740400000|100%| O|  |TAMS 0x0000000740400000, 0x0000000740400000| Untracked 
|   2|0x0000000740400000, 0x0000000740600000, 0x0000000740600000|100%|HS|  |TAMS 0x0000000740600000, 0x0000000740600000| Complete 
|   3|0x0000000740600000, 0x0000000740800000, 0x0000000740800000|100%|HC|  |TAMS 0x0000000740800000, 0x0000000740800000| Complete 
|   4|0x0000000740800000, 0x0000000740a00000, 0x0000000740a00000|100%| O|  |TAMS 0x0000000740a00000, 0x0000000740a00000| Untracked 
|   5|0x0000000740a00000, 0x0000000740a1ca00, 0x0000000740c00000|  5%| O|  |TAMS 0x0000000740a1ca00, 0x0000000740a1ca00| Untracked 
|   6|0x0000000740c00000, 0x0000000740e00000, 0x0000000740e00000|100%| O|  |TAMS 0x0000000740e00000, 0x0000000740e00000| Untracked 
|   7|0x0000000740e00000, 0x0000000741000000, 0x0000000741000000|100%| O|  |TAMS 0x0000000741000000, 0x0000000741000000| Untracked 
|   8|0x0000000741000000, 0x0000000741200000, 0x0000000741200000|100%| O|  |TAMS 0x0000000741200000, 0x0000000741200000| Untracked 
|   9|0x0000000741200000, 0x0000000741400000, 0x0000000741400000|100%| O|  |TAMS 0x0000000741400000, 0x0000000741400000| Untracked 
|  10|0x0000000741400000, 0x0000000741600000, 0x0000000741600000|100%| O|  |TAMS 0x0000000741600000, 0x0000000741600000| Untracked 
|  11|0x0000000741600000, 0x0000000741800000, 0x0000000741800000|100%| O|  |TAMS 0x0000000741800000, 0x0000000741800000| Untracked 
|  12|0x0000000741800000, 0x0000000741a00000, 0x0000000741a00000|100%| O|  |TAMS 0x0000000741a00000, 0x0000000741a00000| Untracked 
|  13|0x0000000741a00000, 0x0000000741c00000, 0x0000000741c00000|100%| O|  |TAMS 0x0000000741c00000, 0x0000000741c00000| Untracked 
|  14|0x0000000741c00000, 0x0000000741e00000, 0x0000000741e00000|100%| O|  |TAMS 0x0000000741e00000, 0x0000000741e00000| Untracked 
|  15|0x0000000741e00000, 0x0000000742000000, 0x0000000742000000|100%|HS|  |TAMS 0x0000000742000000, 0x0000000742000000| Complete 
|  16|0x0000000742000000, 0x0000000742200000, 0x0000000742200000|100%| O|  |TAMS 0x0000000742200000, 0x0000000742200000| Untracked 
|  17|0x0000000742200000, 0x0000000742400000, 0x0000000742400000|100%| O|  |TAMS 0x0000000742400000, 0x0000000742400000| Untracked 
|  18|0x0000000742400000, 0x0000000742600000, 0x0000000742600000|100%| O|  |TAMS 0x0000000742600000, 0x0000000742600000| Untracked 
|  19|0x0000000742600000, 0x0000000742800000, 0x0000000742800000|100%| O|  |TAMS 0x0000000742800000, 0x0000000742800000| Untracked 
|  20|0x0000000742800000, 0x0000000742a00000, 0x0000000742a00000|100%| O|  |TAMS 0x0000000742a00000, 0x0000000742a00000| Untracked 
|  21|0x0000000742a00000, 0x0000000742ab2c00, 0x0000000742c00000| 34%| O|  |TAMS 0x0000000742a00000, 0x0000000742ab2c00| Untracked 
|  22|0x0000000742c00000, 0x0000000742c00000, 0x0000000742e00000|  0%| F|  |TAMS 0x0000000742c00000, 0x0000000742c00000| Untracked 
|  23|0x0000000742e00000, 0x0000000742e00000, 0x0000000743000000|  0%| F|  |TAMS 0x0000000742e00000, 0x0000000742e00000| Untracked 
|  24|0x0000000743000000, 0x0000000743200000, 0x0000000743200000|100%| O|  |TAMS 0x0000000743200000, 0x0000000743200000| Untracked 
|  25|0x0000000743200000, 0x0000000743400000, 0x0000000743400000|100%| O|  |TAMS 0x00000007432b9000, 0x0000000743400000| Untracked 
|  26|0x0000000743400000, 0x0000000743400000, 0x0000000743600000|  0%| F|  |TAMS 0x0000000743400000, 0x0000000743400000| Untracked 
|  27|0x0000000743600000, 0x0000000743600000, 0x0000000743800000|  0%| F|  |TAMS 0x0000000743600000, 0x0000000743600000| Untracked 
|  28|0x0000000743800000, 0x0000000743800000, 0x0000000743a00000|  0%| F|  |TAMS 0x0000000743800000, 0x0000000743800000| Untracked 
|  29|0x0000000743a00000, 0x0000000743a00000, 0x0000000743c00000|  0%| F|  |TAMS 0x0000000743a00000, 0x0000000743a00000| Untracked 
|  30|0x0000000743c00000, 0x0000000743c00000, 0x0000000743e00000|  0%| F|  |TAMS 0x0000000743c00000, 0x0000000743c00000| Untracked 
|  31|0x0000000743e00000, 0x0000000743e00000, 0x0000000744000000|  0%| F|  |TAMS 0x0000000743e00000, 0x0000000743e00000| Untracked 
|  32|0x0000000744000000, 0x0000000744000000, 0x0000000744200000|  0%| F|  |TAMS 0x0000000744000000, 0x0000000744000000| Untracked 
|  33|0x0000000744200000, 0x0000000744200000, 0x0000000744400000|  0%| F|  |TAMS 0x0000000744200000, 0x0000000744200000| Untracked 
|  34|0x0000000744400000, 0x0000000744400000, 0x0000000744600000|  0%| F|  |TAMS 0x0000000744400000, 0x0000000744400000| Untracked 
|  35|0x0000000744600000, 0x0000000744600000, 0x0000000744800000|  0%| F|  |TAMS 0x0000000744600000, 0x0000000744600000| Untracked 
|  36|0x0000000744800000, 0x0000000744800000, 0x0000000744a00000|  0%| F|  |TAMS 0x0000000744800000, 0x0000000744800000| Untracked 
|  37|0x0000000744a00000, 0x0000000744a00000, 0x0000000744c00000|  0%| F|  |TAMS 0x0000000744a00000, 0x0000000744a00000| Untracked 
|  38|0x0000000744c00000, 0x0000000744c00000, 0x0000000744e00000|  0%| F|  |TAMS 0x0000000744c00000, 0x0000000744c00000| Untracked 
|  39|0x0000000744e00000, 0x0000000744e00000, 0x0000000745000000|  0%| F|  |TAMS 0x0000000744e00000, 0x0000000744e00000| Untracked 
|  40|0x0000000745000000, 0x0000000745000000, 0x0000000745200000|  0%| F|  |TAMS 0x0000000745000000, 0x0000000745000000| Untracked 
|  41|0x0000000745200000, 0x0000000745200000, 0x0000000745400000|  0%| F|  |TAMS 0x0000000745200000, 0x0000000745200000| Untracked 
|  42|0x0000000745400000, 0x0000000745400000, 0x0000000745600000|  0%| F|  |TAMS 0x0000000745400000, 0x0000000745400000| Untracked 
|  43|0x0000000745600000, 0x0000000745600000, 0x0000000745800000|  0%| F|  |TAMS 0x0000000745600000, 0x0000000745600000| Untracked 
|  44|0x0000000745800000, 0x0000000745800000, 0x0000000745a00000|  0%| F|  |TAMS 0x0000000745800000, 0x0000000745800000| Untracked 
|  45|0x0000000745a00000, 0x0000000745a00000, 0x0000000745c00000|  0%| F|  |TAMS 0x0000000745a00000, 0x0000000745a00000| Untracked 
|  46|0x0000000745c00000, 0x0000000745c00000, 0x0000000745e00000|  0%| F|  |TAMS 0x0000000745c00000, 0x0000000745c00000| Untracked 
|  47|0x0000000745e00000, 0x0000000745e00000, 0x0000000746000000|  0%| F|  |TAMS 0x0000000745e00000, 0x0000000745e00000| Untracked 
|  48|0x0000000746000000, 0x0000000746000000, 0x0000000746200000|  0%| F|  |TAMS 0x0000000746000000, 0x0000000746000000| Untracked 
|  49|0x0000000746200000, 0x0000000746200000, 0x0000000746400000|  0%| F|  |TAMS 0x0000000746200000, 0x0000000746200000| Untracked 
|  50|0x0000000746400000, 0x0000000746400000, 0x0000000746600000|  0%| F|  |TAMS 0x0000000746400000, 0x0000000746400000| Untracked 
|  51|0x0000000746600000, 0x0000000746600000, 0x0000000746800000|  0%| F|  |TAMS 0x0000000746600000, 0x0000000746600000| Untracked 
|  52|0x0000000746800000, 0x0000000746800000, 0x0000000746a00000|  0%| F|  |TAMS 0x0000000746800000, 0x0000000746800000| Untracked 
|  53|0x0000000746a00000, 0x0000000746a00000, 0x0000000746c00000|  0%| F|  |TAMS 0x0000000746a00000, 0x0000000746a00000| Untracked 
|  54|0x0000000746c00000, 0x0000000746c00000, 0x0000000746e00000|  0%| F|  |TAMS 0x0000000746c00000, 0x0000000746c00000| Untracked 
|  55|0x0000000746e00000, 0x0000000746e00000, 0x0000000747000000|  0%| F|  |TAMS 0x0000000746e00000, 0x0000000746e00000| Untracked 
|  56|0x0000000747000000, 0x0000000747000000, 0x0000000747200000|  0%| F|  |TAMS 0x0000000747000000, 0x0000000747000000| Untracked 
|  57|0x0000000747200000, 0x0000000747200000, 0x0000000747400000|  0%| F|  |TAMS 0x0000000747200000, 0x0000000747200000| Untracked 
|  58|0x0000000747400000, 0x0000000747400000, 0x0000000747600000|  0%| F|  |TAMS 0x0000000747400000, 0x0000000747400000| Untracked 
|  59|0x0000000747600000, 0x0000000747600000, 0x0000000747800000|  0%| F|  |TAMS 0x0000000747600000, 0x0000000747600000| Untracked 
|  60|0x0000000747800000, 0x0000000747800000, 0x0000000747a00000|  0%| F|  |TAMS 0x0000000747800000, 0x0000000747800000| Untracked 
|  61|0x0000000747a00000, 0x0000000747a00000, 0x0000000747c00000|  0%| F|  |TAMS 0x0000000747a00000, 0x0000000747a00000| Untracked 
|  62|0x0000000747c00000, 0x0000000747c00000, 0x0000000747e00000|  0%| F|  |TAMS 0x0000000747c00000, 0x0000000747c00000| Untracked 
|  63|0x0000000747e00000, 0x0000000747e00000, 0x0000000748000000|  0%| F|  |TAMS 0x0000000747e00000, 0x0000000747e00000| Untracked 
|  64|0x0000000748000000, 0x0000000748000000, 0x0000000748200000|  0%| F|  |TAMS 0x0000000748000000, 0x0000000748000000| Untracked 
|  65|0x0000000748200000, 0x0000000748200000, 0x0000000748400000|  0%| F|  |TAMS 0x0000000748200000, 0x0000000748200000| Untracked 
|  66|0x0000000748400000, 0x0000000748400000, 0x0000000748600000|  0%| F|  |TAMS 0x0000000748400000, 0x0000000748400000| Untracked 
|  67|0x0000000748600000, 0x0000000748600000, 0x0000000748800000|  0%| F|  |TAMS 0x0000000748600000, 0x0000000748600000| Untracked 
|  68|0x0000000748800000, 0x0000000748800000, 0x0000000748a00000|  0%| F|  |TAMS 0x0000000748800000, 0x0000000748800000| Untracked 
|  69|0x0000000748a00000, 0x0000000748a00000, 0x0000000748c00000|  0%| F|  |TAMS 0x0000000748a00000, 0x0000000748a00000| Untracked 
|  70|0x0000000748c00000, 0x0000000748c00000, 0x0000000748e00000|  0%| F|  |TAMS 0x0000000748c00000, 0x0000000748c00000| Untracked 
|  71|0x0000000748e00000, 0x0000000748e00000, 0x0000000749000000|  0%| F|  |TAMS 0x0000000748e00000, 0x0000000748e00000| Untracked 
|  72|0x0000000749000000, 0x0000000749000000, 0x0000000749200000|  0%| F|  |TAMS 0x0000000749000000, 0x0000000749000000| Untracked 
|  73|0x0000000749200000, 0x0000000749272da0, 0x0000000749400000| 22%| E|  |TAMS 0x0000000749200000, 0x0000000749200000| Complete 
|  74|0x0000000749400000, 0x0000000749600000, 0x0000000749600000|100%| E|CS|TAMS 0x0000000749400000, 0x0000000749400000| Complete 
|  75|0x0000000749600000, 0x0000000749800000, 0x0000000749800000|100%| E|CS|TAMS 0x0000000749600000, 0x0000000749600000| Complete 
|  76|0x0000000749800000, 0x0000000749a00000, 0x0000000749a00000|100%| E|CS|TAMS 0x0000000749800000, 0x0000000749800000| Complete 
|  77|0x0000000749a00000, 0x0000000749c00000, 0x0000000749c00000|100%| E|CS|TAMS 0x0000000749a00000, 0x0000000749a00000| Complete 
|  78|0x0000000749c00000, 0x0000000749e00000, 0x0000000749e00000|100%| E|CS|TAMS 0x0000000749c00000, 0x0000000749c00000| Complete 
|  79|0x0000000749e00000, 0x000000074a000000, 0x000000074a000000|100%| E|CS|TAMS 0x0000000749e00000, 0x0000000749e00000| Complete 
|  80|0x000000074a000000, 0x000000074a200000, 0x000000074a200000|100%| E|CS|TAMS 0x000000074a000000, 0x000000074a000000| Complete 
|  81|0x000000074a200000, 0x000000074a400000, 0x000000074a400000|100%| E|CS|TAMS 0x000000074a200000, 0x000000074a200000| Complete 
|  82|0x000000074a400000, 0x000000074a600000, 0x000000074a600000|100%| E|CS|TAMS 0x000000074a400000, 0x000000074a400000| Complete 
|  83|0x000000074a600000, 0x000000074a800000, 0x000000074a800000|100%| E|CS|TAMS 0x000000074a600000, 0x000000074a600000| Complete 
|  84|0x000000074a800000, 0x000000074aa00000, 0x000000074aa00000|100%| E|CS|TAMS 0x000000074a800000, 0x000000074a800000| Complete 
|  85|0x000000074aa00000, 0x000000074ac00000, 0x000000074ac00000|100%| E|CS|TAMS 0x000000074aa00000, 0x000000074aa00000| Complete 
|  86|0x000000074ac00000, 0x000000074ae00000, 0x000000074ae00000|100%| E|CS|TAMS 0x000000074ac00000, 0x000000074ac00000| Complete 
|  87|0x000000074ae00000, 0x000000074b000000, 0x000000074b000000|100%| E|CS|TAMS 0x000000074ae00000, 0x000000074ae00000| Complete 
|  88|0x000000074b000000, 0x000000074b200000, 0x000000074b200000|100%| E|CS|TAMS 0x000000074b000000, 0x000000074b000000| Complete 
|  89|0x000000074b200000, 0x000000074b400000, 0x000000074b400000|100%| E|CS|TAMS 0x000000074b200000, 0x000000074b200000| Complete 
|  90|0x000000074b400000, 0x000000074b600000, 0x000000074b600000|100%| E|CS|TAMS 0x000000074b400000, 0x000000074b400000| Complete 
|  91|0x000000074b600000, 0x000000074b800000, 0x000000074b800000|100%| E|CS|TAMS 0x000000074b600000, 0x000000074b600000| Complete 
|  92|0x000000074b800000, 0x000000074ba00000, 0x000000074ba00000|100%| E|CS|TAMS 0x000000074b800000, 0x000000074b800000| Complete 
|  93|0x000000074ba00000, 0x000000074bc00000, 0x000000074bc00000|100%| E|CS|TAMS 0x000000074ba00000, 0x000000074ba00000| Complete 
|  94|0x000000074bc00000, 0x000000074be00000, 0x000000074be00000|100%| E|CS|TAMS 0x000000074bc00000, 0x000000074bc00000| Complete 
|  95|0x000000074be00000, 0x000000074c000000, 0x000000074c000000|100%| E|CS|TAMS 0x000000074be00000, 0x000000074be00000| Complete 
|  96|0x000000074c000000, 0x000000074c200000, 0x000000074c200000|100%| E|CS|TAMS 0x000000074c000000, 0x000000074c000000| Complete 
|  97|0x000000074c200000, 0x000000074c400000, 0x000000074c400000|100%| E|CS|TAMS 0x000000074c200000, 0x000000074c200000| Complete 
|  98|0x000000074c400000, 0x000000074c600000, 0x000000074c600000|100%| E|  |TAMS 0x000000074c400000, 0x000000074c400000| Complete 
|  99|0x000000074c600000, 0x000000074c800000, 0x000000074c800000|100%| E|CS|TAMS 0x000000074c600000, 0x000000074c600000| Complete 
| 100|0x000000074c800000, 0x000000074ca00000, 0x000000074ca00000|100%| E|CS|TAMS 0x000000074c800000, 0x000000074c800000| Complete 
| 101|0x000000074ca00000, 0x000000074cc00000, 0x000000074cc00000|100%| E|CS|TAMS 0x000000074ca00000, 0x000000074ca00000| Complete 
| 102|0x000000074cc00000, 0x000000074ce00000, 0x000000074ce00000|100%| E|CS|TAMS 0x000000074cc00000, 0x000000074cc00000| Complete 
| 103|0x000000074ce00000, 0x000000074d000000, 0x000000074d000000|100%| E|CS|TAMS 0x000000074ce00000, 0x000000074ce00000| Complete 
| 104|0x000000074d000000, 0x000000074d200000, 0x000000074d200000|100%| E|CS|TAMS 0x000000074d000000, 0x000000074d000000| Complete 
| 105|0x000000074d200000, 0x000000074d400000, 0x000000074d400000|100%| E|CS|TAMS 0x000000074d200000, 0x000000074d200000| Complete 
| 106|0x000000074d400000, 0x000000074d600000, 0x000000074d600000|100%| E|CS|TAMS 0x000000074d400000, 0x000000074d400000| Complete 
| 107|0x000000074d600000, 0x000000074d800000, 0x000000074d800000|100%| E|CS|TAMS 0x000000074d600000, 0x000000074d600000| Complete 
| 108|0x000000074d800000, 0x000000074da00000, 0x000000074da00000|100%| E|CS|TAMS 0x000000074d800000, 0x000000074d800000| Complete 
| 109|0x000000074da00000, 0x000000074dc00000, 0x000000074dc00000|100%| E|CS|TAMS 0x000000074da00000, 0x000000074da00000| Complete 
| 110|0x000000074dc00000, 0x000000074de00000, 0x000000074de00000|100%| E|CS|TAMS 0x000000074dc00000, 0x000000074dc00000| Complete 
| 111|0x000000074de00000, 0x000000074e000000, 0x000000074e000000|100%| E|CS|TAMS 0x000000074de00000, 0x000000074de00000| Complete 
| 112|0x000000074e000000, 0x000000074e200000, 0x000000074e200000|100%| E|CS|TAMS 0x000000074e000000, 0x000000074e000000| Complete 
| 113|0x000000074e200000, 0x000000074e400000, 0x000000074e400000|100%| E|CS|TAMS 0x000000074e200000, 0x000000074e200000| Complete 
| 114|0x000000074e400000, 0x000000074e600000, 0x000000074e600000|100%| E|CS|TAMS 0x000000074e400000, 0x000000074e400000| Complete 
| 115|0x000000074e600000, 0x000000074e800000, 0x000000074e800000|100%| E|CS|TAMS 0x000000074e600000, 0x000000074e600000| Complete 
| 116|0x000000074e800000, 0x000000074ea00000, 0x000000074ea00000|100%| E|CS|TAMS 0x000000074e800000, 0x000000074e800000| Complete 
| 117|0x000000074ea00000, 0x000000074ec00000, 0x000000074ec00000|100%| E|CS|TAMS 0x000000074ea00000, 0x000000074ea00000| Complete 
| 118|0x000000074ec00000, 0x000000074ee00000, 0x000000074ee00000|100%| S|CS|TAMS 0x000000074ec00000, 0x000000074ec00000| Complete 
| 119|0x000000074ee00000, 0x000000074f000000, 0x000000074f000000|100%| S|CS|TAMS 0x000000074ee00000, 0x000000074ee00000| Complete 
| 120|0x000000074f000000, 0x000000074f200000, 0x000000074f200000|100%| S|CS|TAMS 0x000000074f000000, 0x000000074f000000| Complete 
| 121|0x000000074f200000, 0x000000074f400000, 0x000000074f400000|100%| S|CS|TAMS 0x000000074f200000, 0x000000074f200000| Complete 
| 122|0x000000074f400000, 0x000000074f600000, 0x000000074f600000|100%| S|CS|TAMS 0x000000074f400000, 0x000000074f400000| Complete 
| 123|0x000000074f600000, 0x000000074f800000, 0x000000074f800000|100%| S|CS|TAMS 0x000000074f600000, 0x000000074f600000| Complete 
| 124|0x000000074f800000, 0x000000074fa00000, 0x000000074fa00000|100%| S|CS|TAMS 0x000000074f800000, 0x000000074f800000| Complete 
| 125|0x000000074fa00000, 0x000000074fc00000, 0x000000074fc00000|100%| S|CS|TAMS 0x000000074fa00000, 0x000000074fa00000| Complete 
| 126|0x000000074fc00000, 0x000000074fdb3960, 0x000000074fe00000| 85%| S|CS|TAMS 0x000000074fc00000, 0x000000074fc00000| Complete 
| 127|0x000000074fe00000, 0x0000000750000000, 0x0000000750000000|100%| E|CS|TAMS 0x000000074fe00000, 0x000000074fe00000| Complete 

Card table byte_map: [0x0000021ae8ae0000,0x0000021ae90e0000] _byte_map_base: 0x0000021ae50e0000

Marking Bits (Prev, Next): (CMBitMap*) 0x0000021ad05ec410, (CMBitMap*) 0x0000021ad05ec450
 Prev Bits: [0x0000021ae96e0000, 0x0000021aec6e0000)
 Next Bits: [0x0000021aec6e0000, 0x0000021aef6e0000)

Polling page: 0x0000021ace550000

Metaspace:

Usage:
  Non-class:     53.38 MB used.
      Class:      8.07 MB used.
       Both:     61.46 MB used.

Virtual space:
  Non-class space:       56.00 MB reserved,      53.69 MB ( 96%) committed,  7 nodes.
      Class space:        1.00 GB reserved,       8.31 MB ( <1%) committed,  1 nodes.
              Both:        1.05 GB reserved,      62.00 MB (  6%) committed. 

Chunk freelists:
   Non-Class:  1.70 MB
       Class:  3.64 MB
        Both:  5.34 MB

MaxMetaspaceSize: 17179869184.00 GB
CompressedClassSpaceSize: 1.00 GB
 - commit_granule_bytes: 65536.
 - commit_granule_words: 8192.
 - virtual_space_node_default_size: 1048576.
 - enlarge_chunks_in_place: 1.
 - new_chunks_are_fully_committed: 0.
 - uncommit_free_chunks: 1.
 - use_allocation_guard: 0.
 - handle_deallocations: 1.


Internal statistics:

num_allocs_failed_limit: 6.
num_arena_births: 728.
num_arena_deaths: 0.
num_vsnodes_births: 8.
num_vsnodes_deaths: 0.
num_space_committed: 992.
num_space_uncommitted: 0.
num_chunks_returned_to_freelist: 6.
num_chunks_taken_from_freelist: 3076.
num_chunk_merges: 6.
num_chunk_splits: 1932.
num_chunks_enlarged: 1177.
num_purges: 0.

CodeHeap 'non-profiled nmethods': size=120000Kb used=4858Kb max_used=5381Kb free=115141Kb
 bounds [0x0000021ae0a50000, 0x0000021ae0fa0000, 0x0000021ae7f80000]
CodeHeap 'profiled nmethods': size=120000Kb used=15646Kb max_used=18007Kb free=104353Kb
 bounds [0x0000021ad9520000, 0x0000021ada6c0000, 0x0000021ae0a50000]
CodeHeap 'non-nmethods': size=5760Kb used=2458Kb max_used=2552Kb free=3301Kb
 bounds [0x0000021ad8f80000, 0x0000021ad9210000, 0x0000021ad9520000]
 total_blobs=8614 nmethods=7711 adapters=815
 compilation: enabled
              stopped_count=0, restarted_count=0
 full_count=0

Compilation events (20 events):
Event: 553.127 Thread 0x0000021af23411a0 9298       3       com.google.common.base.Preconditions::checkArgument (28 bytes)
Event: 553.127 Thread 0x0000021af23411a0 nmethod 9298 0x0000021ad969ce10 code [0x0000021ad969d000, 0x0000021ad969d4c8]
Event: 553.127 Thread 0x0000021af23411a0 9299       3       org.gradle.internal.watch.vfs.impl.DefaultFileSystemWatchingStatistics$$Lambda$1224/0x000000080145f098::visitEntry (9 bytes)
Event: 553.127 Thread 0x0000021af23411a0 nmethod 9299 0x0000021ad95b1190 code [0x0000021ad95b1360, 0x0000021ad95b16d8]
Event: 553.128 Thread 0x0000021af23411a0 9300       3       org.gradle.internal.watch.vfs.impl.DefaultFileSystemWatchingStatistics::lambda$getStatistics$0 (15 bytes)
Event: 553.128 Thread 0x0000021af23411a0 nmethod 9300 0x0000021ad9544a90 code [0x0000021ad9544c60, 0x0000021ad9544f58]
Event: 553.128 Thread 0x0000021af23411a0 9301       3       com.google.common.collect.EnumMultiset::add (10 bytes)
Event: 553.128 Thread 0x0000021af23411a0 nmethod 9301 0x0000021ad9680b90 code [0x0000021ad9680d40, 0x0000021ad9680fa8]
Event: 553.128 Thread 0x0000021af23411a0 9302       3       com.google.common.collect.EnumMultiset::add (102 bytes)
Event: 553.128 Thread 0x0000021af23411a0 nmethod 9302 0x0000021ad978d610 code [0x0000021ad978d820, 0x0000021ad978dd78]
Event: 553.128 Thread 0x0000021af23411a0 9304       3       com.google.common.collect.EnumMultiset::isActuallyE (44 bytes)
Event: 553.129 Thread 0x0000021af23411a0 nmethod 9304 0x0000021ad971ed90 code [0x0000021ad971ef60, 0x0000021ad971f3b8]
Event: 553.129 Thread 0x0000021af23411a0 9303       3       com.google.common.collect.EnumMultiset::checkIsE (53 bytes)
Event: 553.129 Thread 0x0000021af23411a0 nmethod 9303 0x0000021ad9af0590 code [0x0000021ad9af0880, 0x0000021ad9af1538]
Event: 553.129 Thread 0x0000021af23411a0 9307       3       org.gradle.internal.snapshot.AbstractIncompleteFileSystemNode$$Lambda$250/0x0000000800f56220::accept (16 bytes)
Event: 553.130 Thread 0x0000021af23411a0 nmethod 9307 0x0000021ad972c610 code [0x0000021ad972c7e0, 0x0000021ad972cc68]
Event: 553.130 Thread 0x0000021af23411a0 9306       3       org.gradle.internal.snapshot.DirectorySnapshot::getType (4 bytes)
Event: 553.130 Thread 0x0000021af23411a0 nmethod 9306 0x0000021ad95bb310 code [0x0000021ad95bb4a0, 0x0000021ad95bb5b8]
Event: 553.130 Thread 0x0000021af23411a0 9308       3       org.gradle.internal.snapshot.AbstractFileSystemLocationSnapshot::accept (8 bytes)
Event: 553.130 Thread 0x0000021af23411a0 nmethod 9308 0x0000021ad9622210 code [0x0000021ad96223c0, 0x0000021ad96225a8]

GC Heap History (20 events):
Event: 6.558 GC heap before
{Heap before GC invocations=10 (full 0):
 garbage-first heap   total 90112K, used 67300K [0x0000000740000000, 0x0000000800000000)
  region size 2048K, 17 young (34816K), 3 survivors (6144K)
 Metaspace       used 50549K, committed 51008K, reserved 1097728K
  class space    used 6586K, committed 6784K, reserved 1048576K
}
Event: 6.563 GC heap after
{Heap after GC invocations=11 (full 0):
 garbage-first heap   total 90112K, used 41738K [0x0000000740000000, 0x0000000800000000)
  region size 2048K, 2 young (4096K), 2 survivors (4096K)
 Metaspace       used 50549K, committed 51008K, reserved 1097728K
  class space    used 6586K, committed 6784K, reserved 1048576K
}
Event: 6.772 GC heap before
{Heap before GC invocations=11 (full 0):
 garbage-first heap   total 90112K, used 66314K [0x0000000740000000, 0x0000000800000000)
  region size 2048K, 14 young (28672K), 2 survivors (4096K)
 Metaspace       used 51428K, committed 51904K, reserved 1097728K
  class space    used 6733K, committed 6976K, reserved 1048576K
}
Event: 6.776 GC heap after
{Heap after GC invocations=12 (full 0):
 garbage-first heap   total 108544K, used 44037K [0x0000000740000000, 0x0000000800000000)
  region size 2048K, 2 young (4096K), 2 survivors (4096K)
 Metaspace       used 51428K, committed 51904K, reserved 1097728K
  class space    used 6733K, committed 6976K, reserved 1048576K
}
Event: 7.068 GC heap before
{Heap before GC invocations=13 (full 0):
 garbage-first heap   total 108544K, used 76805K [0x0000000740000000, 0x0000000800000000)
  region size 2048K, 17 young (34816K), 2 survivors (4096K)
 Metaspace       used 53261K, committed 53760K, reserved 1097728K
  class space    used 6991K, committed 7232K, reserved 1048576K
}
Event: 7.072 GC heap after
{Heap after GC invocations=14 (full 0):
 garbage-first heap   total 108544K, used 45840K [0x0000000740000000, 0x0000000800000000)
  region size 2048K, 3 young (6144K), 3 survivors (6144K)
 Metaspace       used 53261K, committed 53760K, reserved 1097728K
  class space    used 6991K, committed 7232K, reserved 1048576K
}
Event: 7.973 GC heap before
{Heap before GC invocations=14 (full 0):
 garbage-first heap   total 108544K, used 70416K [0x0000000740000000, 0x0000000800000000)
  region size 2048K, 14 young (28672K), 3 survivors (6144K)
 Metaspace       used 55499K, committed 56064K, reserved 1097728K
  class space    used 7267K, committed 7552K, reserved 1048576K
}
Event: 7.978 GC heap after
{Heap after GC invocations=15 (full 0):
 garbage-first heap   total 108544K, used 47776K [0x0000000740000000, 0x0000000800000000)
  region size 2048K, 2 young (4096K), 2 survivors (4096K)
 Metaspace       used 55499K, committed 56064K, reserved 1097728K
  class space    used 7267K, committed 7552K, reserved 1048576K
}
Event: 8.135 GC heap before
{Heap before GC invocations=15 (full 0):
 garbage-first heap   total 108544K, used 74400K [0x0000000740000000, 0x0000000800000000)
  region size 2048K, 7 young (14336K), 2 survivors (4096K)
 Metaspace       used 55784K, committed 56320K, reserved 1105920K
  class space    used 7286K, committed 7552K, reserved 1048576K
}
Event: 8.139 GC heap after
{Heap after GC invocations=16 (full 0):
 garbage-first heap   total 108544K, used 48208K [0x0000000740000000, 0x0000000800000000)
  region size 2048K, 2 young (4096K), 2 survivors (4096K)
 Metaspace       used 55784K, committed 56320K, reserved 1105920K
  class space    used 7286K, committed 7552K, reserved 1048576K
}
Event: 8.205 GC heap before
{Heap before GC invocations=17 (full 0):
 garbage-first heap   total 131072K, used 89168K [0x0000000740000000, 0x0000000800000000)
  region size 2048K, 5 young (10240K), 2 survivors (4096K)
 Metaspace       used 55819K, committed 56320K, reserved 1105920K
  class space    used 7287K, committed 7552K, reserved 1048576K
}
Event: 8.207 GC heap after
{Heap after GC invocations=18 (full 0):
 garbage-first heap   total 131072K, used 47892K [0x0000000740000000, 0x0000000800000000)
  region size 2048K, 1 young (2048K), 1 survivors (2048K)
 Metaspace       used 55819K, committed 56320K, reserved 1105920K
  class space    used 7287K, committed 7552K, reserved 1048576K
}
Event: 8.315 GC heap before
{Heap before GC invocations=18 (full 0):
 garbage-first heap   total 131072K, used 62228K [0x0000000740000000, 0x0000000800000000)
  region size 2048K, 5 young (10240K), 1 survivors (2048K)
 Metaspace       used 56256K, committed 56768K, reserved 1105920K
  class space    used 7343K, committed 7616K, reserved 1048576K
}
Event: 8.318 GC heap after
{Heap after GC invocations=19 (full 0):
 garbage-first heap   total 131072K, used 48295K [0x0000000740000000, 0x0000000800000000)
  region size 2048K, 2 young (4096K), 2 survivors (4096K)
 Metaspace       used 56256K, committed 56768K, reserved 1105920K
  class space    used 7343K, committed 7616K, reserved 1048576K
}
Event: 8.328 GC heap before
{Heap before GC invocations=19 (full 0):
 garbage-first heap   total 131072K, used 56487K [0x0000000740000000, 0x0000000800000000)
  region size 2048K, 4 young (8192K), 2 survivors (4096K)
 Metaspace       used 56258K, committed 56768K, reserved 1105920K
  class space    used 7343K, committed 7616K, reserved 1048576K
}
Event: 8.331 GC heap after
{Heap after GC invocations=20 (full 0):
 garbage-first heap   total 131072K, used 48235K [0x0000000740000000, 0x0000000800000000)
  region size 2048K, 2 young (4096K), 2 survivors (4096K)
 Metaspace       used 56258K, committed 56768K, reserved 1105920K
  class space    used 7343K, committed 7616K, reserved 1048576K
}
Event: 8.349 GC heap before
{Heap before GC invocations=20 (full 0):
 garbage-first heap   total 131072K, used 58475K [0x0000000740000000, 0x0000000800000000)
  region size 2048K, 3 young (6144K), 2 survivors (4096K)
 Metaspace       used 56258K, committed 56768K, reserved 1105920K
  class space    used 7343K, committed 7616K, reserved 1048576K
}
Event: 8.352 GC heap after
{Heap after GC invocations=21 (full 0):
 garbage-first heap   total 243712K, used 48237K [0x0000000740000000, 0x0000000800000000)
  region size 2048K, 2 young (4096K), 2 survivors (4096K)
 Metaspace       used 56258K, committed 56768K, reserved 1105920K
  class space    used 7343K, committed 7616K, reserved 1048576K
}
Event: 9.645 GC heap before
{Heap before GC invocations=21 (full 0):
 garbage-first heap   total 243712K, used 236653K [0x0000000740000000, 0x0000000800000000)
  region size 2048K, 68 young (139264K), 2 survivors (4096K)
 Metaspace       used 60211K, committed 60736K, reserved 1105920K
  class space    used 7924K, committed 8192K, reserved 1048576K
}
Event: 9.658 GC heap after
{Heap after GC invocations=22 (full 0):
 garbage-first heap   total 262144K, used 64011K [0x0000000740000000, 0x0000000800000000)
  region size 2048K, 9 young (18432K), 9 survivors (18432K)
 Metaspace       used 60211K, committed 60736K, reserved 1105920K
  class space    used 7924K, committed 8192K, reserved 1048576K
}

Deoptimization events (20 events):
Event: 553.129 Thread 0x0000021af4fce140 DEOPT PACKING pc=0x0000021ad957cbc9 sp=0x000000be2dcfbd20
Event: 553.129 Thread 0x0000021af4fce140 DEOPT UNPACKING pc=0x0000021ad8fcdece sp=0x000000be2dcfb218 mode 1
Event: 553.129 Thread 0x0000021af4fce140 DEOPT PACKING pc=0x0000021ada312d5c sp=0x000000be2dcfbe90
Event: 553.129 Thread 0x0000021af4fce140 DEOPT UNPACKING pc=0x0000021ad8fcdece sp=0x000000be2dcfb378 mode 1
Event: 553.130 Thread 0x0000021af4fce140 DEOPT PACKING pc=0x0000021ad9622a69 sp=0x000000be2dcfbe30
Event: 553.130 Thread 0x0000021af4fce140 DEOPT UNPACKING pc=0x0000021ad8fcdece sp=0x000000be2dcfb2d8 mode 1
Event: 553.130 Thread 0x0000021af4fce140 DEOPT PACKING pc=0x0000021ada312d5c sp=0x000000be2dcfbe90
Event: 553.130 Thread 0x0000021af4fce140 DEOPT UNPACKING pc=0x0000021ad8fcdece sp=0x000000be2dcfb378 mode 1
Event: 553.130 Thread 0x0000021af4fce140 DEOPT PACKING pc=0x0000021ad957cbc9 sp=0x000000be2dcfbe00
Event: 553.130 Thread 0x0000021af4fce140 DEOPT UNPACKING pc=0x0000021ad8fcdece sp=0x000000be2dcfb2f8 mode 1
Event: 553.130 Thread 0x0000021af4fce140 DEOPT PACKING pc=0x0000021ada312d5c sp=0x000000be2dcfbf70
Event: 553.130 Thread 0x0000021af4fce140 DEOPT UNPACKING pc=0x0000021ad8fcdece sp=0x000000be2dcfb458 mode 1
Event: 553.130 Thread 0x0000021af4fce140 DEOPT PACKING pc=0x0000021ad9622a69 sp=0x000000be2dcfa0f0
Event: 553.130 Thread 0x0000021af4fce140 DEOPT UNPACKING pc=0x0000021ad8fcdece sp=0x000000be2dcf9598 mode 1
Event: 553.130 Thread 0x0000021af4fce140 DEOPT PACKING pc=0x0000021ada312d5c sp=0x000000be2dcfa150
Event: 553.130 Thread 0x0000021af4fce140 DEOPT UNPACKING pc=0x0000021ad8fcdece sp=0x000000be2dcf9638 mode 1
Event: 553.130 Thread 0x0000021af4fce140 DEOPT PACKING pc=0x0000021ad957cbc9 sp=0x000000be2dcfa0c0
Event: 553.130 Thread 0x0000021af4fce140 DEOPT UNPACKING pc=0x0000021ad8fcdece sp=0x000000be2dcf95b8 mode 1
Event: 553.130 Thread 0x0000021af4fce140 DEOPT PACKING pc=0x0000021ada312d5c sp=0x000000be2dcfa230
Event: 553.130 Thread 0x0000021af4fce140 DEOPT UNPACKING pc=0x0000021ad8fcdece sp=0x000000be2dcf9718 mode 1

Classes unloaded (0 events):
No events

Classes redefined (0 events):
No events

Internal exceptions (20 events):
Event: 12.017 Thread 0x0000021af5c897f0 Exception <a 'java/lang/NoSuchMethodError'{0x000000074d91b848}: 'void java.lang.invoke.DirectMethodHandle$Holder.invokeSpecial(java.lang.Object, java.lang.Object, java.lang.Object, int)'> (0x000000074d91b848) 
thrown [c:\wsjdk\correttojdksrc\installers\windows\zip\corretto-build\buildroot\src\hotspot\share\interpreter\linkResolver.cpp, line 790]
Event: 12.021 Thread 0x0000021af5c897f0 Exception <a 'java/lang/NoSuchMethodError'{0x000000074d61aea8}: static Ljava/lang/Object;.<clinit>()V> (0x000000074d61aea8) 
thrown [c:\wsjdk\correttojdksrc\installers\windows\zip\corretto-build\buildroot\src\hotspot\share\prims\jni.cpp, line 1210]
Event: 12.023 Thread 0x0000021af5c897f0 Exception <a 'java/lang/NoSuchMethodError'{0x000000074d6327c0}: static Lorg/gradle/api/internal/tasks/compile/ApiCompilerResult;.<clinit>()V> (0x000000074d6327c0) 
thrown [c:\wsjdk\correttojdksrc\installers\windows\zip\corretto-build\buildroot\src\hotspot\share\prims\jni.cpp, line 1210]
Event: 12.024 Thread 0x0000021af5c897f0 Exception <a 'java/lang/NoSuchMethodError'{0x000000074d644df0}: static Lorg/gradle/api/internal/tasks/compile/incremental/processing/AnnotationProcessingResult;.<clinit>()V> (0x000000074d644df0) 
thrown [c:\wsjdk\correttojdksrc\installers\windows\zip\corretto-build\buildroot\src\hotspot\share\prims\jni.cpp, line 1210]
Event: 12.027 Thread 0x0000021af5c897f0 Exception <a 'java/lang/NoSuchMethodError'{0x000000074d67aa58}: static Lorg/gradle/api/internal/tasks/compile/incremental/compilerapi/constants/ConstantsAnalysisResult;.<clinit>()V> (0x000000074d67aa58) 
thrown [c:\wsjdk\correttojdksrc\installers\windows\zip\corretto-build\buildroot\src\hotspot\share\prims\jni.cpp, line 1210]
Event: 12.028 Thread 0x0000021af5c897f0 Exception <a 'java/lang/NoSuchMethodError'{0x000000074d685448}: static Lorg/gradle/api/internal/tasks/compile/incremental/compilerapi/constants/ConstantToDependentsMappingBuilder;.<clinit>()V> (0x000000074d685448) 
thrown [c:\wsjdk\correttojdksrc\installers\windows\zip\corretto-build\buildroot\src\hotspot\share\prims\jni.cpp, line 1210]
Event: 12.349 Thread 0x0000021af4c4e1b0 Exception <a 'java/lang/NoSuchMethodError'{0x000000074cdc9af0}: static Lorg/gradle/internal/build/event/types/DefaultTaskFinishedProgressEvent;.<clinit>()V> (0x000000074cdc9af0) 
thrown [c:\wsjdk\correttojdksrc\installers\windows\zip\corretto-build\buildroot\src\hotspot\share\prims\jni.cpp, line 1210]
Event: 12.351 Thread 0x0000021af4c4e1b0 Exception <a 'java/lang/NoSuchMethodError'{0x000000074cde8d68}: static Lorg/gradle/internal/build/event/types/DefaultJavaCompileTaskSuccessResult;.<clinit>()V> (0x000000074cde8d68) 
thrown [c:\wsjdk\correttojdksrc\installers\windows\zip\corretto-build\buildroot\src\hotspot\share\prims\jni.cpp, line 1210]
Event: 12.351 Thread 0x0000021af4c4e1b0 Exception <a 'java/lang/NoSuchMethodError'{0x000000074cdea590}: static Lorg/gradle/internal/build/event/types/DefaultTaskSuccessResult;.<clinit>()V> (0x000000074cdea590) 
thrown [c:\wsjdk\correttojdksrc\installers\windows\zip\corretto-build\buildroot\src\hotspot\share\prims\jni.cpp, line 1210]
Event: 12.351 Thread 0x0000021af4c4e1b0 Exception <a 'java/lang/NoSuchMethodError'{0x000000074cdeba00}: static Lorg/gradle/internal/build/event/types/AbstractTaskResult;.<clinit>()V> (0x000000074cdeba00) 
thrown [c:\wsjdk\correttojdksrc\installers\windows\zip\corretto-build\buildroot\src\hotspot\share\prims\jni.cpp, line 1210]
Event: 12.351 Thread 0x0000021af4c4e1b0 Exception <a 'java/lang/NoSuchMethodError'{0x000000074cded260}: static Lorg/gradle/internal/build/event/types/AbstractResult;.<clinit>()V> (0x000000074cded260) 
thrown [c:\wsjdk\correttojdksrc\installers\windows\zip\corretto-build\buildroot\src\hotspot\share\prims\jni.cpp, line 1210]
Event: 12.786 Thread 0x0000021af9671620 Exception <a 'java/lang/NoSuchMethodError'{0x000000074cb36938}: 'void java.lang.invoke.DirectMethodHandle$Holder.invokeInterface(java.lang.Object, java.lang.Object, java.lang.Object, java.lang.Object)'> (0x000000074cb36938) 
thrown [c:\wsjdk\correttojdksrc\installers\windows\zip\corretto-build\buildroot\src\hotspot\share\interpreter\linkResolver.cpp, line 790]
Event: 13.125 Thread 0x0000021af9671620 Exception <a 'java/lang/ClassNotFoundException'{0x000000074a80ffd8}: org/gradle/api/internal/file/collections/DefaultConfigurableFileCollectionBeanInfo> (0x000000074a80ffd8) 
thrown [c:\wsjdk\correttojdksrc\installers\windows\zip\corretto-build\buildroot\src\hotspot\share\classfile\systemDictionary.cpp, line 256]
Event: 13.126 Thread 0x0000021af9671620 Exception <a 'java/lang/ClassNotFoundException'{0x000000074a815fb0}: org/gradle/api/internal/file/collections/DefaultConfigurableFileCollectionCustomizer> (0x000000074a815fb0) 
thrown [c:\wsjdk\correttojdksrc\installers\windows\zip\corretto-build\buildroot\src\hotspot\share\classfile\systemDictionary.cpp, line 256]
Event: 13.159 Thread 0x0000021af9671620 Exception <a 'java/lang/ClassNotFoundException'{0x000000074a4265e8}: com/intellij/openapi/externalSystem/rt/execution/ForkedDebuggerHelperBeanInfo> (0x000000074a4265e8) 
thrown [c:\wsjdk\correttojdksrc\installers\windows\zip\corretto-build\buildroot\src\hotspot\share\classfile\systemDictionary.cpp, line 256]
Event: 13.160 Thread 0x0000021af9671620 Exception <a 'java/lang/ClassNotFoundException'{0x000000074a42eae8}: com/intellij/openapi/externalSystem/rt/execution/ForkedDebuggerHelperCustomizer> (0x000000074a42eae8) 
thrown [c:\wsjdk\correttojdksrc\installers\windows\zip\corretto-build\buildroot\src\hotspot\share\classfile\systemDictionary.cpp, line 256]
Event: 13.162 Thread 0x0000021af9671620 Exception <a 'java/net/SocketException'{0x000000074a441e40}: Socket is not connected: shutdown> (0x000000074a441e40) 
thrown [c:\wsjdk\correttojdksrc\installers\windows\zip\corretto-build\buildroot\src\hotspot\share\prims\jni.cpp, line 600]
Event: 553.056 Thread 0x0000021af9671620 Exception <a 'java/lang/reflect/InvocationTargetException'{0x000000074a496618}> (0x000000074a496618) 
thrown [c:\wsjdk\correttojdksrc\installers\windows\zip\corretto-build\buildroot\src\hotspot\share\runtime\reflection.cpp, line 1157]
Event: 553.062 Thread 0x0000021af4c4e1b0 Exception <a 'java/lang/NoSuchMethodError'{0x0000000749546648}: static Lorg/gradle/internal/build/event/types/DefaultTaskFailureResult;.<clinit>()V> (0x0000000749546648) 
thrown [c:\wsjdk\correttojdksrc\installers\windows\zip\corretto-build\buildroot\src\hotspot\share\prims\jni.cpp, line 1210]
Event: 553.064 Thread 0x0000021af4c4e1b0 Exception <a 'java/lang/NoSuchMethodError'{0x00000007495567a8}: static Lorg/gradle/internal/build/event/types/DefaultFailure;.<clinit>()V> (0x00000007495567a8) 
thrown [c:\wsjdk\correttojdksrc\installers\windows\zip\corretto-build\buildroot\src\hotspot\share\prims\jni.cpp, line 1210]

Events (20 events):
Event: 553.118 Thread 0x0000021af2349b00 flushing nmethod 0x0000021ad9fcfd10
Event: 553.118 Thread 0x0000021af2349b00 flushing nmethod 0x0000021ad9fd0810
Event: 553.118 Thread 0x0000021af2349b00 flushing nmethod 0x0000021ad9fd0f90
Event: 553.118 Thread 0x0000021af2349b00 flushing nmethod 0x0000021ad9fd1b90
Event: 553.118 Thread 0x0000021af2349b00 flushing nmethod 0x0000021ada001b10
Event: 553.118 Thread 0x0000021af2349b00 flushing nmethod 0x0000021ada005810
Event: 553.118 Thread 0x0000021af2349b00 flushing nmethod 0x0000021ada007610
Event: 553.118 Thread 0x0000021af2349b00 flushing nmethod 0x0000021ada00a710
Event: 553.118 Thread 0x0000021af2349b00 flushing nmethod 0x0000021ada01ab90
Event: 553.118 Thread 0x0000021af2349b00 flushing nmethod 0x0000021ada01bc90
Event: 553.118 Thread 0x0000021af2349b00 flushing nmethod 0x0000021ada01c590
Event: 553.118 Thread 0x0000021af2349b00 flushing nmethod 0x0000021ada01cc10
Event: 553.118 Thread 0x0000021af2349b00 flushing nmethod 0x0000021ada01da10
Event: 553.118 Thread 0x0000021af2349b00 flushing nmethod 0x0000021ada021190
Event: 553.118 Thread 0x0000021af2349b00 flushing nmethod 0x0000021ada040390
Event: 553.118 Thread 0x0000021af2349b00 flushing nmethod 0x0000021ada041a10
Event: 553.118 Thread 0x0000021af2349b00 flushing nmethod 0x0000021ada05d890
Event: 553.118 Thread 0x0000021af2349b00 flushing nmethod 0x0000021ada087f90
Event: 553.126 Executing  VM operation: ICBufferFull
Event: 553.126 Executing  VM operation: ICBufferFull done


Dynamic libraries:
0x00007ff6208b0000 - 0x00007ff6208bd000 	C:\Users\opadfnezig\.jdks\corretto-16.0.2\bin\java.exe
0x00007ff8d2c90000 - 0x00007ff8d2e85000 	C:\Windows\SYSTEM32\ntdll.dll
0x00007ff8d0d90000 - 0x00007ff8d0e4d000 	C:\Windows\System32\KERNEL32.DLL
0x00007ff8d04b0000 - 0x00007ff8d0778000 	C:\Windows\System32\KERNELBASE.dll
0x00007ff8d08e0000 - 0x00007ff8d09e0000 	C:\Windows\System32\ucrtbase.dll
0x00007ff8c6a10000 - 0x00007ff8c6a28000 	C:\Users\opadfnezig\.jdks\corretto-16.0.2\bin\jli.dll
0x00007ff8c6370000 - 0x00007ff8c6385000 	C:\Users\opadfnezig\.jdks\corretto-16.0.2\bin\VCRUNTIME140.dll
0x00007ff8d1250000 - 0x00007ff8d13f0000 	C:\Windows\System32\USER32.dll
0x00007ff8d0b40000 - 0x00007ff8d0b62000 	C:\Windows\System32\win32u.dll
0x00007ff8bedc0000 - 0x00007ff8bf05a000 	C:\Windows\WinSxS\amd64_microsoft.windows.common-controls_6595b64144ccf1df_6.0.19041.844_none_ca00b6081b84eb1d\COMCTL32.dll
0x00007ff8d13f0000 - 0x00007ff8d141a000 	C:\Windows\System32\GDI32.dll
0x00007ff8d2450000 - 0x00007ff8d24ee000 	C:\Windows\System32\msvcrt.dll
0x00007ff8d07d0000 - 0x00007ff8d08db000 	C:\Windows\System32\gdi32full.dll
0x00007ff8d0c20000 - 0x00007ff8d0cbd000 	C:\Windows\System32\msvcp_win.dll
0x00007ff8d2c20000 - 0x00007ff8d2c50000 	C:\Windows\System32\IMM32.DLL
0x00007ff894a50000 - 0x00007ff894aeb000 	C:\Users\opadfnezig\.jdks\corretto-16.0.2\bin\msvcp140.dll
0x00007ff866350000 - 0x00007ff866f59000 	C:\Users\opadfnezig\.jdks\corretto-16.0.2\bin\server\jvm.dll
0x00007ff8d1950000 - 0x00007ff8d19fc000 	C:\Windows\System32\ADVAPI32.dll
0x00007ff8d0cf0000 - 0x00007ff8d0d8b000 	C:\Windows\System32\sechost.dll
0x00007ff8d1820000 - 0x00007ff8d194b000 	C:\Windows\System32\RPCRT4.dll
0x00007ff8d2a10000 - 0x00007ff8d2a18000 	C:\Windows\System32\PSAPI.DLL
0x00007ff8bfaf0000 - 0x00007ff8bfaf9000 	C:\Windows\SYSTEM32\WSOCK32.dll
0x00007ff8d1b00000 - 0x00007ff8d1b6b000 	C:\Windows\System32\WS2_32.dll
0x00007ff8c9300000 - 0x00007ff8c9327000 	C:\Windows\SYSTEM32\WINMM.dll
0x00007ff8c9d80000 - 0x00007ff8c9d8a000 	C:\Windows\SYSTEM32\VERSION.dll
0x00007ff8ce340000 - 0x00007ff8ce352000 	C:\Windows\SYSTEM32\kernel.appcore.dll
0x00007ff8c92e0000 - 0x00007ff8c92ea000 	C:\Users\opadfnezig\.jdks\corretto-16.0.2\bin\jimage.dll
0x00007ff8bc610000 - 0x00007ff8bc7f4000 	C:\Windows\SYSTEM32\DBGHELP.DLL
0x00007ff8bc5c0000 - 0x00007ff8bc5ec000 	C:\Windows\SYSTEM32\dbgcore.DLL
0x00007ff8d03d0000 - 0x00007ff8d0450000 	C:\Windows\System32\bcryptPrimitives.dll
0x00007ff8a7060000 - 0x00007ff8a709a000 	C:\Users\opadfnezig\.jdks\corretto-16.0.2\bin\jdwp.dll
0x00007ff8bca10000 - 0x00007ff8bca35000 	C:\Users\opadfnezig\.jdks\corretto-16.0.2\bin\java.dll
0x00007ff8d1ca0000 - 0x00007ff8d23e2000 	C:\Windows\System32\SHELL32.dll
0x00007ff8ce540000 - 0x00007ff8cecd0000 	C:\Windows\SYSTEM32\windows.storage.dll
0x00007ff8d1420000 - 0x00007ff8d1775000 	C:\Windows\System32\combase.dll
0x00007ff8cfe40000 - 0x00007ff8cfe6c000 	C:\Windows\SYSTEM32\Wldp.dll
0x00007ff8d0e50000 - 0x00007ff8d0efe000 	C:\Windows\System32\SHCORE.dll
0x00007ff8d11f0000 - 0x00007ff8d1245000 	C:\Windows\System32\shlwapi.dll
0x00007ff8d0310000 - 0x00007ff8d032f000 	C:\Windows\SYSTEM32\profapi.dll
0x00007ff8c69b0000 - 0x00007ff8c69bc000 	C:\Users\opadfnezig\.jdks\corretto-16.0.2\bin\dt_socket.dll
0x00007ff8cf850000 - 0x00007ff8cf88b000 	C:\Windows\SYSTEM32\IPHLPAPI.DLL
0x00007ff8cfbb0000 - 0x00007ff8cfc1a000 	C:\Windows\system32\mswsock.dll
0x00007ff8c6350000 - 0x00007ff8c6369000 	C:\Users\opadfnezig\.jdks\corretto-16.0.2\bin\net.dll
0x00007ff8c91d0000 - 0x00007ff8c92db000 	C:\Windows\SYSTEM32\WINHTTP.dll
0x00007ff8c08d0000 - 0x00007ff8c08e3000 	C:\Users\opadfnezig\.jdks\corretto-16.0.2\bin\nio.dll
0x00007ff8c0890000 - 0x00007ff8c08a8000 	C:\Users\opadfnezig\.jdks\corretto-16.0.2\bin\zip.dll
0x00007ff8c6900000 - 0x00007ff8c6910000 	C:\Users\opadfnezig\.jdks\corretto-16.0.2\bin\verify.dll
0x00007ff8c65d0000 - 0x00007ff8c65f7000 	C:\Users\opadfnezig\.gradle\native\8bec1ad78214c89d9ad589b4d07fe93259594b29d510b10fafb7a158f7737e5d\windows-amd64\native-platform.dll
0x00007ff86b750000 - 0x00007ff86b88d000 	C:\Users\opadfnezig\.gradle\native\53dbd7edfb1c66fb8903c78663c9afc45aea4f116125fa6feffd364cf09443e8\windows-amd64\native-platform-file-events.dll
0x00007ff8c65c0000 - 0x00007ff8c65c9000 	C:\Users\opadfnezig\.jdks\corretto-16.0.2\bin\management.dll
0x00007ff8c6210000 - 0x00007ff8c621b000 	C:\Users\opadfnezig\.jdks\corretto-16.0.2\bin\management_ext.dll
0x00007ff8cfd90000 - 0x00007ff8cfda8000 	C:\Windows\SYSTEM32\CRYPTSP.dll
0x00007ff8cf4e0000 - 0x00007ff8cf514000 	C:\Windows\system32\rsaenh.dll
0x00007ff8d0cc0000 - 0x00007ff8d0ce7000 	C:\Windows\System32\bcrypt.dll
0x00007ff8d0290000 - 0x00007ff8d02be000 	C:\Windows\SYSTEM32\USERENV.dll
0x00007ff8cfd80000 - 0x00007ff8cfd8c000 	C:\Windows\SYSTEM32\CRYPTBASE.dll
0x00007ff8d0f00000 - 0x00007ff8d0f08000 	C:\Windows\System32\NSI.dll
0x00007ff8ca400000 - 0x00007ff8ca417000 	C:\Windows\SYSTEM32\dhcpcsvc6.DLL
0x00007ff8ca390000 - 0x00007ff8ca3ad000 	C:\Windows\SYSTEM32\dhcpcsvc.DLL
0x00007ff8cf8a0000 - 0x00007ff8cf96c000 	C:\Windows\SYSTEM32\DNSAPI.dll
0x00007ff8bcb10000 - 0x00007ff8bcb1e000 	C:\Users\opadfnezig\.jdks\corretto-16.0.2\bin\sunmscapi.dll
0x00007ff8d09e0000 - 0x00007ff8d0b3f000 	C:\Windows\System32\CRYPT32.dll
0x00007ff8cfeb0000 - 0x00007ff8cfed7000 	C:\Windows\SYSTEM32\ncrypt.dll
0x00007ff8cfe70000 - 0x00007ff8cfeab000 	C:\Windows\SYSTEM32\NTASN1.dll
0x00007ff8bbb00000 - 0x00007ff8bbb07000 	C:\Windows\system32\wshunix.dll
0x00007ff8c8b40000 - 0x00007ff8c8b4a000 	C:\Windows\System32\rasadhlp.dll
0x00007ff8c7920000 - 0x00007ff8c799f000 	C:\Windows\System32\fwpuclnt.dll

dbghelp: loaded successfully - version: 4.0.5 - missing functions: none
symbol engine: initialized successfully - sym options: 0x614 - pdb path: .;C:\Users\opadfnezig\.jdks\corretto-16.0.2\bin;C:\Windows\SYSTEM32;C:\Windows\WinSxS\amd64_microsoft.windows.common-controls_6595b64144ccf1df_6.0.19041.844_none_ca00b6081b84eb1d;C:\Users\opadfnezig\.jdks\corretto-16.0.2\bin\server;C:\Users\opadfnezig\.gradle\native\8bec1ad78214c89d9ad589b4d07fe93259594b29d510b10fafb7a158f7737e5d\windows-amd64;C:\Users\opadfnezig\.gradle\native\53dbd7edfb1c66fb8903c78663c9afc45aea4f116125fa6feffd364cf09443e8\windows-amd64

VM Arguments:
jvm_args: -agentlib:jdwp=transport=dt_socket,server=n,suspend=y,address=127.0.0.1:60362 --add-opens=java.base/java.util=ALL-UNNAMED --add-opens=java.base/java.lang=ALL-UNNAMED --add-opens=java.base/java.lang.invoke=ALL-UNNAMED --add-opens=java.base/java.util=ALL-UNNAMED --add-opens=java.prefs/java.util.prefs=ALL-UNNAMED --add-opens=java.prefs/java.util.prefs=ALL-UNNAMED --add-opens=java.base/java.nio.charset=ALL-UNNAMED --add-opens=java.base/java.net=ALL-UNNAMED --add-opens=java.base/java.util.concurrent.atomic=ALL-UNNAMED -Xmx3G -Dfile.encoding=windows-1251 -Duser.country=RU -Duser.language=ru -Duser.variant 
java_command: org.gradle.launcher.daemon.bootstrap.GradleDaemon 7.1.1
java_class_path (initial): C:\Users\opadfnezig\.gradle\wrapper\dists\gradle-7.1.1-bin\f29rtwfnc96ub43tt7p47zsru\gradle-7.1.1\lib\gradle-launcher-7.1.1.jar
Launcher Type: SUN_STANDARD

[Global flags]
     intx CICompilerCount                          = 3                                         {product} {ergonomic}
     uint ConcGCThreads                            = 3                                         {product} {ergonomic}
     uint G1ConcRefinementThreads                  = 10                                        {product} {ergonomic}
   size_t G1HeapRegionSize                         = 2097152                                   {product} {ergonomic}
    uintx GCDrainStackTargetSize                   = 64                                        {product} {ergonomic}
   size_t InitialHeapSize                          = 268435456                                 {product} {ergonomic}
   size_t MarkStackSize                            = 4194304                                   {product} {ergonomic}
   size_t MaxHeapSize                              = 3221225472                                {product} {command line}
   size_t MaxNewSize                               = 1931476992                                {product} {ergonomic}
   size_t MinHeapDeltaBytes                        = 2097152                                   {product} {ergonomic}
   size_t MinHeapSize                              = 8388608                                   {product} {ergonomic}
    uintx NonNMethodCodeHeapSize                   = 5832780                                {pd product} {ergonomic}
    uintx NonProfiledCodeHeapSize                  = 122912730                              {pd product} {ergonomic}
    uintx ProfiledCodeHeapSize                     = 122912730                              {pd product} {ergonomic}
    uintx ReservedCodeCacheSize                    = 251658240                              {pd product} {ergonomic}
     bool SegmentedCodeCache                       = true                                      {product} {ergonomic}
   size_t SoftMaxHeapSize                          = 3221225472                             {manageable} {ergonomic}
     bool UseCompressedClassPointers               = true                           {product lp64_product} {ergonomic}
     bool UseCompressedOops                        = true                           {product lp64_product} {ergonomic}
     bool UseG1GC                                  = true                                      {product} {ergonomic}
     bool UseLargePagesIndividualAllocation        = false                                  {pd product} {ergonomic}

Logging:
Log output configuration:
 #0: stdout all=warning uptime,level,tags
 #1: stderr all=off uptime,level,tags

Environment Variables:
JAVA_HOME=C:\Program Files\Eclipse Adoptium\jdk-8.0.312.7-hotspot\
PATH=C:\Program Files\Eclipse Adoptium\jdk-8.0.312.7-hotspot\bin;C:\Program Files (x86)\OpenJDK\jdk-8.0.262.10-hotspot\bin;C:\Program Files\Oculus\Support\oculus-runtime;C:\Program Files\AdoptOpenJDK\jdk-16.0.1.9-hotspot\bin;C:\Program Files (x86)\AMD APP\bin\x86_64;C:\Program Files (x86)\AMD APP\bin\x86;C:\Windows\system32;C:\Windows;C:\Windows\System32\Wbem;C:\Windows\System32\WindowsPowerShell\v1.0\;C:\Windows\System32\OpenSSH\;C:\Program Files (x86)\ATI Technologies\ATI.ACE\Core-Static;C:\Program Files (x86)\NVIDIA Corporation\PhysX\Common;C:\Program Files\Process Lasso\;C:\Program Files\dotnet\;C:\Program Files\Microsoft SQL Server\130\Tools\Binn\;D:\Program Files (x86)\Brackets\command;C:\Program Files (x86)\dotnet\;D:\nodejs\;C:\Program Files\PuTTY\;C:\Program Files\Git\cmd;C:\Program Files\Microsoft Network Monitor 3\;C:\Users\opadfnezig\AppData\Local\Microsoft\WindowsApps;C:\Users\opadfnezig\.dotnet\tools;C:\Users\opadfnezig\AppData\Roaming\npm;C:\Users\opadfnezig\AppData\Local\GitHubDesktop\bin
USERNAME=opadfnezig
OS=Windows_NT
PROCESSOR_IDENTIFIER=AMD64 Family 23 Model 8 Stepping 2, AuthenticAMD



---------------  S Y S T E M  ---------------

OS:
 Windows 10 , 64 bit Build 19041 (10.0.19041.928)
OS uptime: 1 days 15:11 hours

CPU: total 12 (initial active 12) (12 cores per cpu, 2 threads per core) family 23 model 8 stepping 2 microcode 0x0, cx8, cmov, fxsr, ht, mmx, 3dnowpref, sse, sse2, sse3, ssse3, sse4a, sse4.1, sse4.2, popcnt, lzcnt, tsc, tscinvbit, avx, avx2, aes, clmul, bmi1, bmi2, adx, sha, fma, vzeroupper, clflush, clflushopt

Memory: 4k page, system-wide physical 16335M (3826M free)
TotalPageFile size 26174M (AvailPageFile size 3428M)
current process WorkingSet (physical memory assigned to process): 502M, peak: 549M
current process commit charge ("private bytes"): 563M, peak: 618M

vm_info: OpenJDK 64-Bit Server VM (16.0.2+7) for windows-amd64 JRE (16.0.2+7), built on Jul 22 2021 01:11:46 by "Administrator" with MS VC++ 15.9 (VS2017)

END.
