#
# A fatal error has been detected by the Java Runtime Environment:
#
#  EXCEPTION_ACCESS_VIOLATION (0xc0000005) at pc=0x00007ff86b76c4be, pid=26464, tid=20904
#
# JRE version: OpenJDK Runtime Environment Corretto-16.0.2.7.1 (16.0.2+7) (build 16.0.2+7)
# Java VM: OpenJDK 64-Bit Server VM Corretto-16.0.2.7.1 (16.0.2+7, mixed mode, sharing, tiered, compressed oops, compressed class ptrs, g1 gc, windows-amd64)
# Problematic frame:
# C  [native-platform-file-events.dll+0x1c4be]
#
# No core dump will be written. Minidumps are not enabled by default on client versions of Windows
#
# If you would like to submit a bug report, please visit:
#   https://github.com/corretto/corretto-jdk/issues/
# The crash happened outside the Java Virtual Machine in native code.
# See problematic frame for where to report the bug.
#

---------------  S U M M A R Y ------------

Command Line: -agentlib:jdwp=transport=dt_socket,server=n,suspend=y,address=127.0.0.1:62894 --add-opens=java.base/java.util=ALL-UNNAMED --add-opens=java.base/java.lang=ALL-UNNAMED --add-opens=java.base/java.lang.invoke=ALL-UNNAMED --add-opens=java.base/java.util=ALL-UNNAMED --add-opens=java.prefs/java.util.prefs=ALL-UNNAMED --add-opens=java.prefs/java.util.prefs=ALL-UNNAMED --add-opens=java.base/java.nio.charset=ALL-UNNAMED --add-opens=java.base/java.net=ALL-UNNAMED --add-opens=java.base/java.util.concurrent.atomic=ALL-UNNAMED -Xmx3G -Dfile.encoding=windows-1251 -Duser.country=RU -Duser.language=ru -Duser.variant org.gradle.launcher.daemon.bootstrap.GradleDaemon 7.1.1

Host: AMD Ryzen 5 1600 Six-Core Processor            , 12 cores, 15G,  Windows 10 , 64 bit Build 19041 (10.0.19041.928)
Time: Wed Nov 10 15:29:37 2021  Windows 10 , 64 bit Build 19041 (10.0.19041.928) elapsed time: 268.902012 seconds (0d 0h 4m 28s)

---------------  T H R E A D  ---------------

Current thread (0x0000019e3340e560):  JavaThread "File watcher server" daemon [_thread_in_native, id=20904, stack(0x0000000e64c00000,0x0000000e64d00000)]

Stack: [0x0000000e64c00000,0x0000000e64d00000],  sp=0x0000000e64cfea70,  free space=1018k
Native frames: (J=compiled Java code, j=interpreted, Vv=VM code, C=native code)
C  [native-platform-file-events.dll+0x1c4be]

Java frames: (J=compiled Java code, j=interpreted, Vv=VM code)
j  net.rubygrapefruit.platform.internal.jni.AbstractFileEventFunctions$NativeFileWatcher.executeRunLoop0(Ljava/lang/Object;)V+0
j  net.rubygrapefruit.platform.internal.jni.AbstractFileEventFunctions$NativeFileWatcher.access$100(Lnet/rubygrapefruit/platform/internal/jni/AbstractFileEventFunctions$NativeFileWatcher;Ljava/lang/Object;)V+2
j  net.rubygrapefruit.platform.internal.jni.AbstractFileEventFunctions$NativeFileWatcher$1.run()V+26
v  ~StubRoutines::call_stub

siginfo: EXCEPTION_ACCESS_VIOLATION (0xc0000005), reading address 0xffffffffffffffff


Register to memory mapping:

RIP=0x00007ff86b76c4be native-platform-file-events.dll
RAX=0x2473636974736974 is an unknown value
RBX=0x0000000000000001 is an unknown value
RCX=0x2473636974736974 is an unknown value
RDX=0x0000000e64cfeac8 is pointing into the stack for thread: 0x0000019e3340e560
RSP=0x0000000e64cfea70 is pointing into the stack for thread: 0x0000019e3340e560
RBP=0x0000000e64cff468 is pointing into the stack for thread: 0x0000019e3340e560
RSI=0x0 is NULL
RDI=0x00000000ffffffff is an unknown value
R8 =0x0000000e64cfead0 is pointing into the stack for thread: 0x0000019e3340e560
R9 =0x000000007ffec000 points into unknown readable memory: 0x00000000546c6148 | 48 61 6c 54 00 00 00 00
R10=0x00000000546c6148 is an unknown value
R11=0x0000008c0f09a151 is an unknown value
R12=0x0 is NULL
R13={method} {0x0000019e36b6da30} 'executeRunLoop0' '(Ljava/lang/Object;)V' in 'net/rubygrapefruit/platform/internal/jni/AbstractFileEventFunctions$NativeFileWatcher'
R14=0x0000000e64cff490 is pointing into the stack for thread: 0x0000019e3340e560
R15=0x0000019e3340e560 is a thread


Registers:
RAX=0x2473636974736974, RBX=0x0000000000000001, RCX=0x2473636974736974, RDX=0x0000000e64cfeac8
RSP=0x0000000e64cfea70, RBP=0x0000000e64cff468, RSI=0x0000000000000000, RDI=0x00000000ffffffff
R8 =0x0000000e64cfead0, R9 =0x000000007ffec000, R10=0x00000000546c6148, R11=0x0000008c0f09a151
R12=0x0000000000000000, R13=0x0000019e36b6da28, R14=0x0000000e64cff490, R15=0x0000019e3340e560
RIP=0x00007ff86b76c4be, EFLAGS=0x0000000000010206

Top of Stack: (sp=0x0000000e64cfea70)
0x0000000e64cfea70:   000083d4e67292e8 000083d4e65e2d6c
0x0000000e64cfea80:   000083d4e67292e8 00007ff86b787be5
0x0000000e64cfea90:   0000000e64cfeb48 0000000e64cfeac8
0x0000000e64cfeaa0:   0000000e00000000 0000000e64cfead8
0x0000000e64cfeab0:   0000000e64cf0001 000001517d2f39ca
0x0000000e64cfeac0:   0000000e64cfead0 0000000000000001
0x0000000e64cfead0:   000083d4e65e2d6c 000083d4e67292e8
0x0000000e64cfeae0:   0000000e64cff490 00007ff86b787777
0x0000000e64cfeaf0:   0000000e64cfeb48 0000000e64cfeb40
0x0000000e64cfeb00:   0000019e32924f60 0000019e1886b6dc
0x0000000e64cfeb10:   0000000000000000 00007ff86b778bee
0x0000000e64cfeb20:   000083d4e67292e8 0000000000000001
0x0000000e64cfeb30:   0000000e644fbf70 000000074a200170
0x0000000e64cfeb40:   0000036a0efb7f65 0000000000000001
0x0000000e64cfeb50:   0000000e64cfeb80 00007ff86b76c6ec
0x0000000e64cfeb60:   2473636974736974 0000000e00000003 

Instructions: (pc=0x00007ff86b76c4be)
0x00007ff86b76c3be:   8b 00 48 89 44 24 38 48 8b 44 24 38 48 89 44 24
0x00007ff86b76c3ce:   58 48 8b 84 24 b0 00 00 00 48 83 c0 08 48 89 44
0x00007ff86b76c3de:   24 40 48 8d 54 24 70 48 8b 4c 24 40 e8 26 50 fe
0x00007ff86b76c3ee:   ff 48 8b 00 48 89 44 24 48 48 8b 44 24 48 48 89
0x00007ff86b76c3fe:   44 24 60 4c 8b 4c 24 50 4c 8b 44 24 58 48 8b 54
0x00007ff86b76c40e:   24 60 48 8d 4c 24 78 e8 31 92 fe ff 48 8d 4c 24
0x00007ff86b76c41e:   78 e8 8b 6a fe ff 48 8b c8 ff 15 db ab 11 00 89
0x00007ff86b76c42e:   44 24 24 83 7c 24 24 ff 74 15 8b 44 24 24 83 e0
0x00007ff86b76c43e:   10 85 c0 74 0a c7 44 24 28 01 00 00 00 eb 08 c7
0x00007ff86b76c44e:   44 24 28 00 00 00 00 0f b6 44 24 28 88 44 24 20
0x00007ff86b76c45e:   48 8d 4c 24 78 e8 1f 97 fe ff 0f b6 44 24 20 48
0x00007ff86b76c46e:   8b 8c 24 98 00 00 00 48 33 cc e8 8f 76 fe ff 48
0x00007ff86b76c47e:   81 c4 a8 00 00 00 c3 cc cc cc cc cc cc cc cc cc
0x00007ff86b76c48e:   cc cc 48 89 4c 24 08 48 81 ec e8 00 00 00 48 8b
0x00007ff86b76c49e:   05 a5 7d 10 00 48 33 c4 48 89 84 24 d0 00 00 00
0x00007ff86b76c4ae:   c7 44 24 30 00 00 00 00 48 8b 84 24 f0 00 00 00
0x00007ff86b76c4be:   83 78 68 03 0f 84 02 01 00 00 48 8b 84 24 f0 00
0x00007ff86b76c4ce:   00 00 48 8b 48 28 ff 15 36 ab 11 00 89 44 24 38
0x00007ff86b76c4de:   83 7c 24 38 00 0f 85 d0 00 00 00 ba 07 00 00 00
0x00007ff86b76c4ee:   48 8b 0d 1b b0 10 00 e8 48 a4 fe ff 88 44 24 34
0x00007ff86b76c4fe:   0f b6 44 24 34 85 c0 0f 84 90 00 00 00 ff 15 07
0x00007ff86b76c50e:   ab 11 00 89 44 24 3c 48 8b 84 24 f0 00 00 00 48
0x00007ff86b76c51e:   83 c0 08 48 8b d0 48 8d 8c 24 90 00 00 00 e8 05
0x00007ff86b76c52e:   51 fe ff 48 89 44 24 40 48 8b 44 24 40 48 89 44
0x00007ff86b76c53e:   24 48 8b 44 24 30 83 c8 01 89 44 24 30 48 8b 4c
0x00007ff86b76c54e:   24 48 e8 d5 52 fe ff 48 89 44 24 50 48 8b 84 24
0x00007ff86b76c55e:   f0 00 00 00 48 8b 40 28 48 89 44 24 58 8b 44 24
0x00007ff86b76c56e:   3c 89 44 24 28 48 8b 44 24 50 48 89 44 24 20 4c
0x00007ff86b76c57e:   8b 4c 24 58 4c 8d 05 77 af 0d 00 ba 07 00 00 00
0x00007ff86b76c58e:   48 8b 0d 7b af 10 00 e8 f8 71 fe ff 90 8b 44 24
0x00007ff86b76c59e:   30 83 e0 01 85 c0 74 13 83 64 24 30 fe 48 8d 8c
0x00007ff86b76c5ae:   24 90 00 00 00 e8 e7 5a fe ff 90 eb 00 48 8b 84 


Stack slot to memory mapping:
stack at sp + 0 slots: 0x000083d4e67292e8 is an unknown value
stack at sp + 1 slots: 0x000083d4e65e2d6c is an unknown value
stack at sp + 2 slots: 0x000083d4e67292e8 is an unknown value
stack at sp + 3 slots: 0x00007ff86b787be5 native-platform-file-events.dll
stack at sp + 4 slots: 0x0000000e64cfeb48 is pointing into the stack for thread: 0x0000019e3340e560
stack at sp + 5 slots: 0x0000000e64cfeac8 is pointing into the stack for thread: 0x0000019e3340e560
stack at sp + 6 slots: 0x0000000e00000000 is an unknown value
stack at sp + 7 slots: 0x0000000e64cfead8 is pointing into the stack for thread: 0x0000019e3340e560


---------------  P R O C E S S  ---------------

Threads class SMR info:
_java_thread_list=0x0000019e39ccee30, length=190, elements={
0x0000019e0f6d9f40, 0x0000019e31450b00, 0x0000019e314538e0, 0x0000019e3146a050,
0x0000019e3146bed0, 0x0000019e3146c7e0, 0x0000019e3146e100, 0x0000019e314722f0,
0x0000019e3147ad00, 0x0000019e31485a40, 0x0000019e3210f3b0, 0x0000019e321134c0,
0x0000019e3212db50, 0x0000019e3212e090, 0x0000019e32133bd0, 0x0000019e3455f260,
0x0000019e34d57e60, 0x0000019e339b1cf0, 0x0000019e3455ca80, 0x0000019e33c994f0,
0x0000019e33670d50, 0x0000019e3403f880, 0x0000019e333976b0, 0x0000019e335fad30,
0x0000019e335fb280, 0x0000019e335fb7d0, 0x0000019e335fa7e0, 0x0000019e3340f000,
0x0000019e334154f0, 0x0000019e3340e560, 0x0000019e33414500, 0x0000019e3340dac0,
0x0000019e33410fe0, 0x0000019e3340e010, 0x0000019e3340f550, 0x0000019e33413fb0,
0x0000019e3340fff0, 0x0000019e33412520, 0x0000019e33412a70, 0x0000019e33412fc0,
0x0000019e33413510, 0x0000019e3b545d30, 0x0000019e3b5457e0, 0x0000019e3b543d50,
0x0000019e3b5432b0, 0x0000019e3b546280, 0x0000019e3b543800, 0x0000019e3b5442a0,
0x0000019e3b544d40, 0x0000019e3b545290, 0x0000019e3b5447f0, 0x0000019e37b9a800,
0x0000019e37b9cd30, 0x0000019e37b9ed10, 0x0000019e37b9c290, 0x0000019e37b9d7d0,
0x0000019e37b9ad50, 0x0000019e37b9f7b0, 0x0000019e37b992c0, 0x0000019e37b99810,
0x0000019e37b9d280, 0x0000019e37b9c7e0, 0x0000019e37b9b2a0, 0x0000019e37b9b7f0,
0x0000019e37b9e270, 0x0000019e37b99d60, 0x0000019e37b9dd20, 0x0000019e37b9e7c0,
0x0000019e37b9a2b0, 0x0000019e37b9f260, 0x0000019e37b9bd40, 0x0000019e37ba0250,
0x0000019e335fbd20, 0x0000019e39bf5470, 0x0000019e39bf0a10, 0x0000019e39bf59c0,
0x0000019e39beea30, 0x0000019e39bf4480, 0x0000019e39bf14b0, 0x0000019e39bf49d0,
0x0000019e39bf24a0, 0x0000019e39befa20, 0x0000019e39bf29f0, 0x0000019e39bf1a00,
0x0000019e39bf39e0, 0x0000019e39bef4d0, 0x0000019e39beff70, 0x0000019e39bf1f50,
0x0000019e39bf0f60, 0x0000019e39bf4f20, 0x0000019e39bf3f30, 0x0000019e39bee4e0,
0x0000019e39bf04c0, 0x0000019e39beef80, 0x0000019e371b3750, 0x0000019e371afce0,
0x0000019e371acd10, 0x0000019e371b2210, 0x0000019e371ad260, 0x0000019e371b0cd0,
0x0000019e371aecf0, 0x0000019e371ae7a0, 0x0000019e371af240, 0x0000019e371b4740,
0x0000019e371af790, 0x0000019e371ad7b0, 0x0000019e371b1cc0, 0x0000019e371b2760,
0x0000019e371add00, 0x0000019e371b0230, 0x0000019e371b0780, 0x0000019e371b1220,
0x0000019e371b3200, 0x0000019e371b2cb0, 0x0000019e371ae250, 0x0000019e371b3ca0,
0x0000019e371b1770, 0x0000019e371b41f0, 0x0000019e36f4a800, 0x0000019e36f49d60,
0x0000019e36f45da0, 0x0000019e36f462f0, 0x0000019e36f4b2a0, 0x0000019e36f48d70,
0x0000019e36f47830, 0x0000019e36f46840, 0x0000019e36f4a2b0, 0x0000019e36f492c0,
0x0000019e36f48820, 0x0000019e36f44860, 0x0000019e36f49810, 0x0000019e36f472e0,
0x0000019e36f46d90, 0x0000019e36f44db0, 0x0000019e36f4ad50, 0x0000019e36f47d80,
0x0000019e36f43870, 0x0000019e36f43dc0, 0x0000019e36f482d0, 0x0000019e36f45300,
0x0000019e36f44310, 0x0000019e36f45850, 0x0000019e32318650, 0x0000019e32316670,
0x0000019e32314140, 0x0000019e32317110, 0x0000019e323136a0, 0x0000019e32319b90,
0x0000019e32313bf0, 0x0000019e32316120, 0x0000019e32314690, 0x0000019e32318ba0,
0x0000019e323126b0, 0x0000019e32314be0, 0x0000019e32315bd0, 0x0000019e32316bc0,
0x0000019e32315680, 0x0000019e3231a0e0, 0x0000019e32312c00, 0x0000019e32317660,
0x0000019e323190f0, 0x0000019e32317bb0, 0x0000019e32318100, 0x0000019e32313150,
0x0000019e32319640, 0x0000019e36e565c0, 0x0000019e36e58af0, 0x0000019e36e59590,
0x0000019e36e585a0, 0x0000019e36e5aad0, 0x0000019e36e5b020, 0x0000019e36e5d000,
0x0000019e36e5dff0, 0x0000019e36e5d550, 0x0000019e36e5daa0, 0x0000019e32534140,
0x0000019e3252fc30, 0x0000019e32535bd0, 0x0000019e32536120, 0x0000019e32534be0,
0x0000019e325326b0, 0x0000019e32536670, 0x0000019e32531170, 0x0000019e325306d0,
0x0000019e32534690, 0x0000019e32537660, 0x0000019e32536bc0, 0x0000019e325336a0,
0x0000019e32532c00, 0x0000019e38856a50
}

Java Threads: ( => current thread )
  0x0000019e0f6d9f40 JavaThread "main" [_thread_blocked, id=28140, stack(0x0000000e61d00000,0x0000000e61e00000)]
  0x0000019e31450b00 JavaThread "Reference Handler" daemon [_thread_blocked, id=10936, stack(0x0000000e62400000,0x0000000e62500000)]
  0x0000019e314538e0 JavaThread "Finalizer" daemon [_thread_blocked, id=17696, stack(0x0000000e62500000,0x0000000e62600000)]
  0x0000019e3146a050 JavaThread "Signal Dispatcher" daemon [_thread_blocked, id=9776, stack(0x0000000e62600000,0x0000000e62700000)]
  0x0000019e3146bed0 JavaThread "Attach Listener" daemon [_thread_blocked, id=16840, stack(0x0000000e62700000,0x0000000e62800000)]
  0x0000019e3146c7e0 JavaThread "Service Thread" daemon [_thread_blocked, id=16396, stack(0x0000000e62800000,0x0000000e62900000)]
  0x0000019e3146e100 JavaThread "Monitor Deflation Thread" daemon [_thread_blocked, id=19988, stack(0x0000000e62900000,0x0000000e62a00000)]
  0x0000019e314722f0 JavaThread "C2 CompilerThread0" daemon [_thread_in_native, id=28812, stack(0x0000000e62a00000,0x0000000e62b00000)]
  0x0000019e3147ad00 JavaThread "C1 CompilerThread0" daemon [_thread_blocked, id=8812, stack(0x0000000e62b00000,0x0000000e62c00000)]
  0x0000019e31485a40 JavaThread "Sweeper thread" daemon [_thread_blocked, id=10408, stack(0x0000000e62c00000,0x0000000e62d00000)]
  0x0000019e3210f3b0 JavaThread "Common-Cleaner" daemon [_thread_blocked, id=18588, stack(0x0000000e62d00000,0x0000000e62e00000)]
  0x0000019e321134c0 JavaThread "JDWP Transport Listener: dt_socket" daemon [_thread_blocked, id=8708, stack(0x0000000e62e00000,0x0000000e62f00000)]
  0x0000019e3212db50 JavaThread "JDWP Event Helper Thread" daemon [_thread_blocked, id=25100, stack(0x0000000e62f00000,0x0000000e63000000)]
  0x0000019e3212e090 JavaThread "JDWP Command Reader" daemon [_thread_in_native, id=15044, stack(0x0000000e63000000,0x0000000e63100000)]
  0x0000019e32133bd0 JavaThread "Notification Thread" daemon [_thread_blocked, id=17904, stack(0x0000000e63100000,0x0000000e63200000)]
  0x0000019e3455f260 JavaThread "Daemon health stats" [_thread_blocked, id=11516, stack(0x0000000e63e00000,0x0000000e63f00000)]
  0x0000019e34d57e60 JavaThread "Incoming local TCP Connector on port 62899" [_thread_in_native, id=9556, stack(0x0000000e63f00000,0x0000000e64000000)]
  0x0000019e339b1cf0 JavaThread "Daemon periodic checks" [_thread_blocked, id=8196, stack(0x0000000e64000000,0x0000000e64100000)]
  0x0000019e3455ca80 JavaThread "Daemon" [_thread_blocked, id=19868, stack(0x0000000e64100000,0x0000000e64200000)]
  0x0000019e33c994f0 JavaThread "Handler for socket connection from /127.0.0.1:62899 to /127.0.0.1:62900" [_thread_in_native, id=11284, stack(0x0000000e64200000,0x0000000e64300000)]
  0x0000019e33670d50 JavaThread "Cancel handler" [_thread_blocked, id=12300, stack(0x0000000e64300000,0x0000000e64400000)]
  0x0000019e3403f880 JavaThread "Daemon worker" [_thread_in_Java, id=15948, stack(0x0000000e64400000,0x0000000e64500000)]
  0x0000019e333976b0 JavaThread "Asynchronous log dispatcher for DefaultDaemonConnection: socket connection from /127.0.0.1:62899 to /127.0.0.1:62900" [_thread_blocked, id=3012, stack(0x0000000e64500000,0x0000000e64600000)]
  0x0000019e335fad30 JavaThread "Stdin handler" [_thread_blocked, id=9736, stack(0x0000000e64600000,0x0000000e64700000)]
  0x0000019e335fb280 JavaThread "Daemon client event forwarder" [_thread_blocked, id=18776, stack(0x0000000e64700000,0x0000000e64800000)]
  0x0000019e335fb7d0 JavaThread "Cache worker for journal cache (C:\Users\opadfnezig\.gradle\caches\journal-1)" [_thread_blocked, id=24332, stack(0x0000000e63300000,0x0000000e63400000)]
  0x0000019e335fa7e0 JavaThread "File lock request listener" [_thread_in_native, id=28136, stack(0x0000000e63400000,0x0000000e63500000)]
  0x0000019e3340f000 JavaThread "Cache worker for file hash cache (C:\Users\opadfnezig\.gradle\caches\7.1.1\fileHashes)" [_thread_blocked, id=17988, stack(0x0000000e64800000,0x0000000e64900000)]
  0x0000019e334154f0 JavaThread "Cache worker for file hash cache (Y:\workspaces\intelij\idk\.gradle\7.1.1\fileHashes)" [_thread_blocked, id=27560, stack(0x0000000e64b00000,0x0000000e64c00000)]
=>0x0000019e3340e560 JavaThread "File watcher server" daemon [_thread_in_native, id=20904, stack(0x0000000e64c00000,0x0000000e64d00000)]
  0x0000019e33414500 JavaThread "File watcher consumer" daemon [_thread_blocked, id=26080, stack(0x0000000e64d00000,0x0000000e64e00000)]
  0x0000019e3340dac0 JavaThread "Cache worker for checksums cache (Y:\workspaces\intelij\idk\.gradle\checksums)" [_thread_blocked, id=19684, stack(0x0000000e64e00000,0x0000000e64f00000)]
  0x0000019e33410fe0 JavaThread "Cache worker for execution history cache (C:\Users\opadfnezig\.gradle\caches\7.1.1\executionHistory)" [_thread_blocked, id=20296, stack(0x0000000e65100000,0x0000000e65200000)]
  0x0000019e3340e010 JavaThread "jar transforms" [_thread_blocked, id=23364, stack(0x0000000e65400000,0x0000000e65500000)]
  0x0000019e3340f550 JavaThread "jar transforms Thread 2" [_thread_blocked, id=18836, stack(0x0000000e65500000,0x0000000e65600000)]
  0x0000019e33413fb0 JavaThread "Cache worker for file content cache (C:\Users\opadfnezig\.gradle\caches\7.1.1\fileContent)" [_thread_blocked, id=8716, stack(0x0000000e65600000,0x0000000e65700000)]
  0x0000019e3340fff0 JavaThread "jar transforms Thread 3" [_thread_blocked, id=19540, stack(0x0000000e65700000,0x0000000e65800000)]
  0x0000019e33412520 JavaThread "jar transforms Thread 4" [_thread_blocked, id=29616, stack(0x0000000e65800000,0x0000000e65900000)]
  0x0000019e33412a70 JavaThread "jar transforms Thread 5" [_thread_blocked, id=20372, stack(0x0000000e65900000,0x0000000e65a00000)]
  0x0000019e33412fc0 JavaThread "Cache worker for dependencies-accessors (Y:\workspaces\intelij\idk\.gradle\7.1.1\dependencies-accessors)" [_thread_blocked, id=14792, stack(0x0000000e65a00000,0x0000000e65b00000)]
  0x0000019e33413510 JavaThread "jar transforms Thread 6" [_thread_blocked, id=6480, stack(0x0000000e65b00000,0x0000000e65c00000)]
  0x0000019e3b545d30 JavaThread "Unconstrained build operations" [_thread_blocked, id=12388, stack(0x0000000e65d00000,0x0000000e65e00000)]
  0x0000019e3b5457e0 JavaThread "Unconstrained build operations Thread 2" [_thread_blocked, id=11968, stack(0x0000000e65e00000,0x0000000e65f00000)]
  0x0000019e3b543d50 JavaThread "Unconstrained build operations Thread 3" [_thread_blocked, id=25616, stack(0x0000000e65f00000,0x0000000e66000000)]
  0x0000019e3b5432b0 JavaThread "Unconstrained build operations Thread 4" [_thread_blocked, id=16240, stack(0x0000000e66000000,0x0000000e66100000)]
  0x0000019e3b546280 JavaThread "Unconstrained build operations Thread 5" [_thread_blocked, id=27208, stack(0x0000000e66100000,0x0000000e66200000)]
  0x0000019e3b543800 JavaThread "Unconstrained build operations Thread 6" [_thread_blocked, id=6108, stack(0x0000000e66200000,0x0000000e66300000)]
  0x0000019e3b5442a0 JavaThread "Unconstrained build operations Thread 7" [_thread_blocked, id=4404, stack(0x0000000e66300000,0x0000000e66400000)]
  0x0000019e3b544d40 JavaThread "Unconstrained build operations Thread 8" [_thread_blocked, id=24228, stack(0x0000000e66400000,0x0000000e66500000)]
  0x0000019e3b545290 JavaThread "Unconstrained build operations Thread 9" [_thread_blocked, id=17968, stack(0x0000000e66500000,0x0000000e66600000)]
  0x0000019e3b5447f0 JavaThread "Unconstrained build operations Thread 10" [_thread_blocked, id=16844, stack(0x0000000e66600000,0x0000000e66700000)]
  0x0000019e37b9a800 JavaThread "Unconstrained build operations Thread 11" [_thread_blocked, id=7500, stack(0x0000000e66700000,0x0000000e66800000)]
  0x0000019e37b9cd30 JavaThread "Unconstrained build operations Thread 12" [_thread_blocked, id=26232, stack(0x0000000e66800000,0x0000000e66900000)]
  0x0000019e37b9ed10 JavaThread "Unconstrained build operations Thread 13" [_thread_blocked, id=6304, stack(0x0000000e66900000,0x0000000e66a00000)]
  0x0000019e37b9c290 JavaThread "Unconstrained build operations Thread 14" [_thread_blocked, id=12184, stack(0x0000000e66a00000,0x0000000e66b00000)]
  0x0000019e37b9d7d0 JavaThread "Unconstrained build operations Thread 15" [_thread_blocked, id=14104, stack(0x0000000e66b00000,0x0000000e66c00000)]
  0x0000019e37b9ad50 JavaThread "Unconstrained build operations Thread 16" [_thread_blocked, id=16960, stack(0x0000000e66c00000,0x0000000e66d00000)]
  0x0000019e37b9f7b0 JavaThread "Unconstrained build operations Thread 17" [_thread_blocked, id=14260, stack(0x0000000e66d00000,0x0000000e66e00000)]
  0x0000019e37b992c0 JavaThread "Unconstrained build operations Thread 18" [_thread_blocked, id=26712, stack(0x0000000e66e00000,0x0000000e66f00000)]
  0x0000019e37b99810 JavaThread "Unconstrained build operations Thread 19" [_thread_blocked, id=16984, stack(0x0000000e66f00000,0x0000000e67000000)]
  0x0000019e37b9d280 JavaThread "Unconstrained build operations Thread 20" [_thread_blocked, id=15880, stack(0x0000000e67000000,0x0000000e67100000)]
  0x0000019e37b9c7e0 JavaThread "Unconstrained build operations Thread 21" [_thread_blocked, id=23212, stack(0x0000000e67100000,0x0000000e67200000)]
  0x0000019e37b9b2a0 JavaThread "Unconstrained build operations Thread 22" [_thread_blocked, id=15372, stack(0x0000000e67200000,0x0000000e67300000)]
  0x0000019e37b9b7f0 JavaThread "Unconstrained build operations Thread 23" [_thread_blocked, id=17892, stack(0x0000000e67300000,0x0000000e67400000)]
  0x0000019e37b9e270 JavaThread "Unconstrained build operations Thread 24" [_thread_blocked, id=26188, stack(0x0000000e67400000,0x0000000e67500000)]
  0x0000019e37b99d60 JavaThread "Unconstrained build operations Thread 25" [_thread_blocked, id=18708, stack(0x0000000e67500000,0x0000000e67600000)]
  0x0000019e37b9dd20 JavaThread "Unconstrained build operations Thread 26" [_thread_blocked, id=15592, stack(0x0000000e67600000,0x0000000e67700000)]
  0x0000019e37b9e7c0 JavaThread "Unconstrained build operations Thread 27" [_thread_blocked, id=25460, stack(0x0000000e67700000,0x0000000e67800000)]
  0x0000019e37b9a2b0 JavaThread "Unconstrained build operations Thread 28" [_thread_blocked, id=21540, stack(0x0000000e67800000,0x0000000e67900000)]
  0x0000019e37b9f260 JavaThread "jar transforms Thread 7" [_thread_blocked, id=24372, stack(0x0000000e67900000,0x0000000e67a00000)]
  0x0000019e37b9bd40 JavaThread "Memory manager" [_thread_blocked, id=9912, stack(0x0000000e67b00000,0x0000000e67c00000)]
  0x0000019e37ba0250 JavaThread "ForkJoinPool.commonPool-worker-3" daemon [_thread_blocked, id=10868, stack(0x0000000e67c00000,0x0000000e67d00000)]
  0x0000019e335fbd20 JavaThread "ForkJoinPool.commonPool-worker-7" daemon [_thread_blocked, id=4496, stack(0x0000000e67e00000,0x0000000e67f00000)]
  0x0000019e39bf5470 JavaThread "Exec process" [_thread_blocked, id=27440, stack(0x0000000e68200000,0x0000000e68300000)]
  0x0000019e39bf0a10 JavaThread "Exec process Thread 2" [_thread_blocked, id=10512, stack(0x0000000e68300000,0x0000000e68400000)]
  0x0000019e39bf59c0 JavaThread "Exec process Thread 3" [_thread_in_native, id=25988, stack(0x0000000e68400000,0x0000000e68500000)]
  0x0000019e39beea30 JavaThread "Unconstrained build operations Thread 29" [_thread_blocked, id=15920, stack(0x0000000e68500000,0x0000000e68600000)]
  0x0000019e39bf4480 JavaThread "Unconstrained build operations Thread 30" [_thread_blocked, id=24716, stack(0x0000000e68600000,0x0000000e68700000)]
  0x0000019e39bf14b0 JavaThread "Unconstrained build operations Thread 31" [_thread_blocked, id=24032, stack(0x0000000e68700000,0x0000000e68800000)]
  0x0000019e39bf49d0 JavaThread "Unconstrained build operations Thread 32" [_thread_blocked, id=8456, stack(0x0000000e68800000,0x0000000e68900000)]
  0x0000019e39bf24a0 JavaThread "Unconstrained build operations Thread 33" [_thread_blocked, id=5096, stack(0x0000000e68900000,0x0000000e68a00000)]
  0x0000019e39befa20 JavaThread "Unconstrained build operations Thread 34" [_thread_blocked, id=20388, stack(0x0000000e68a00000,0x0000000e68b00000)]
  0x0000019e39bf29f0 JavaThread "Unconstrained build operations Thread 35" [_thread_blocked, id=11816, stack(0x0000000e68b00000,0x0000000e68c00000)]
  0x0000019e39bf1a00 JavaThread "Unconstrained build operations Thread 36" [_thread_blocked, id=7800, stack(0x0000000e68c00000,0x0000000e68d00000)]
  0x0000019e39bf39e0 JavaThread "Unconstrained build operations Thread 37" [_thread_blocked, id=20668, stack(0x0000000e68d00000,0x0000000e68e00000)]
  0x0000019e39bef4d0 JavaThread "Unconstrained build operations Thread 38" [_thread_blocked, id=12844, stack(0x0000000e68e00000,0x0000000e68f00000)]
  0x0000019e39beff70 JavaThread "Unconstrained build operations Thread 39" [_thread_blocked, id=28532, stack(0x0000000e68f00000,0x0000000e69000000)]
  0x0000019e39bf1f50 JavaThread "Unconstrained build operations Thread 40" [_thread_blocked, id=2996, stack(0x0000000e69000000,0x0000000e69100000)]
  0x0000019e39bf0f60 JavaThread "Unconstrained build operations Thread 41" [_thread_blocked, id=10892, stack(0x0000000e69100000,0x0000000e69200000)]
  0x0000019e39bf4f20 JavaThread "Unconstrained build operations Thread 42" [_thread_blocked, id=4620, stack(0x0000000e69200000,0x0000000e69300000)]
  0x0000019e39bf3f30 JavaThread "Unconstrained build operations Thread 43" [_thread_blocked, id=14788, stack(0x0000000e69300000,0x0000000e69400000)]
  0x0000019e39bee4e0 JavaThread "Unconstrained build operations Thread 44" [_thread_blocked, id=17460, stack(0x0000000e69400000,0x0000000e69500000)]
  0x0000019e39bf04c0 JavaThread "Unconstrained build operations Thread 45" [_thread_blocked, id=8188, stack(0x0000000e69500000,0x0000000e69600000)]
  0x0000019e39beef80 JavaThread "Unconstrained build operations Thread 46" [_thread_blocked, id=28044, stack(0x0000000e69600000,0x0000000e69700000)]
  0x0000019e371b3750 JavaThread "Unconstrained build operations Thread 47" [_thread_blocked, id=10820, stack(0x0000000e69700000,0x0000000e69800000)]
  0x0000019e371afce0 JavaThread "Unconstrained build operations Thread 48" [_thread_blocked, id=24900, stack(0x0000000e69800000,0x0000000e69900000)]
  0x0000019e371acd10 JavaThread "Unconstrained build operations Thread 49" [_thread_blocked, id=29384, stack(0x0000000e69900000,0x0000000e69a00000)]
  0x0000019e371b2210 JavaThread "Unconstrained build operations Thread 50" [_thread_blocked, id=1420, stack(0x0000000e69a00000,0x0000000e69b00000)]
  0x0000019e371ad260 JavaThread "Unconstrained build operations Thread 51" [_thread_blocked, id=4196, stack(0x0000000e69b00000,0x0000000e69c00000)]
  0x0000019e371b0cd0 JavaThread "Unconstrained build operations Thread 52" [_thread_blocked, id=23520, stack(0x0000000e69c00000,0x0000000e69d00000)]
  0x0000019e371aecf0 JavaThread "Unconstrained build operations Thread 53" [_thread_blocked, id=7184, stack(0x0000000e69d00000,0x0000000e69e00000)]
  0x0000019e371ae7a0 JavaThread "Unconstrained build operations Thread 54" [_thread_blocked, id=27008, stack(0x0000000e69e00000,0x0000000e69f00000)]
  0x0000019e371af240 JavaThread "Unconstrained build operations Thread 55" [_thread_blocked, id=17104, stack(0x0000000e69f00000,0x0000000e6a000000)]
  0x0000019e371b4740 JavaThread "Unconstrained build operations Thread 56" [_thread_blocked, id=24784, stack(0x0000000e6a000000,0x0000000e6a100000)]
  0x0000019e371af790 JavaThread "Unconstrained build operations Thread 57" [_thread_blocked, id=7916, stack(0x0000000e6a100000,0x0000000e6a200000)]
  0x0000019e371ad7b0 JavaThread "Unconstrained build operations Thread 58" [_thread_blocked, id=26484, stack(0x0000000e6a200000,0x0000000e6a300000)]
  0x0000019e371b1cc0 JavaThread "Unconstrained build operations Thread 59" [_thread_blocked, id=25768, stack(0x0000000e6a300000,0x0000000e6a400000)]
  0x0000019e371b2760 JavaThread "Unconstrained build operations Thread 60" [_thread_blocked, id=10224, stack(0x0000000e6a400000,0x0000000e6a500000)]
  0x0000019e371add00 JavaThread "Unconstrained build operations Thread 61" [_thread_blocked, id=27524, stack(0x0000000e6a500000,0x0000000e6a600000)]
  0x0000019e371b0230 JavaThread "Unconstrained build operations Thread 62" [_thread_blocked, id=22084, stack(0x0000000e6a600000,0x0000000e6a700000)]
  0x0000019e371b0780 JavaThread "Unconstrained build operations Thread 63" [_thread_blocked, id=15116, stack(0x0000000e6a700000,0x0000000e6a800000)]
  0x0000019e371b1220 JavaThread "Unconstrained build operations Thread 64" [_thread_blocked, id=27732, stack(0x0000000e6a800000,0x0000000e6a900000)]
  0x0000019e371b3200 JavaThread "Unconstrained build operations Thread 65" [_thread_blocked, id=17028, stack(0x0000000e6a900000,0x0000000e6aa00000)]
  0x0000019e371b2cb0 JavaThread "Unconstrained build operations Thread 66" [_thread_blocked, id=17796, stack(0x0000000e6aa00000,0x0000000e6ab00000)]
  0x0000019e371ae250 JavaThread "Unconstrained build operations Thread 67" [_thread_blocked, id=8628, stack(0x0000000e6ab00000,0x0000000e6ac00000)]
  0x0000019e371b3ca0 JavaThread "Unconstrained build operations Thread 68" [_thread_blocked, id=21848, stack(0x0000000e6ac00000,0x0000000e6ad00000)]
  0x0000019e371b1770 JavaThread "Unconstrained build operations Thread 69" [_thread_blocked, id=28716, stack(0x0000000e6ad00000,0x0000000e6ae00000)]
  0x0000019e371b41f0 JavaThread "Unconstrained build operations Thread 70" [_thread_blocked, id=15892, stack(0x0000000e6ae00000,0x0000000e6af00000)]
  0x0000019e36f4a800 JavaThread "Unconstrained build operations Thread 71" [_thread_blocked, id=20580, stack(0x0000000e6af00000,0x0000000e6b000000)]
  0x0000019e36f49d60 JavaThread "Unconstrained build operations Thread 72" [_thread_blocked, id=24904, stack(0x0000000e6b000000,0x0000000e6b100000)]
  0x0000019e36f45da0 JavaThread "Unconstrained build operations Thread 73" [_thread_blocked, id=29096, stack(0x0000000e6b100000,0x0000000e6b200000)]
  0x0000019e36f462f0 JavaThread "Unconstrained build operations Thread 74" [_thread_blocked, id=20056, stack(0x0000000e6b200000,0x0000000e6b300000)]
  0x0000019e36f4b2a0 JavaThread "Unconstrained build operations Thread 75" [_thread_blocked, id=19476, stack(0x0000000e6b300000,0x0000000e6b400000)]
  0x0000019e36f48d70 JavaThread "Unconstrained build operations Thread 76" [_thread_blocked, id=9508, stack(0x0000000e6b400000,0x0000000e6b500000)]
  0x0000019e36f47830 JavaThread "Unconstrained build operations Thread 77" [_thread_blocked, id=11172, stack(0x0000000e6b500000,0x0000000e6b600000)]
  0x0000019e36f46840 JavaThread "Unconstrained build operations Thread 78" [_thread_blocked, id=14504, stack(0x0000000e6b600000,0x0000000e6b700000)]
  0x0000019e36f4a2b0 JavaThread "Unconstrained build operations Thread 79" [_thread_blocked, id=2468, stack(0x0000000e6b700000,0x0000000e6b800000)]
  0x0000019e36f492c0 JavaThread "Unconstrained build operations Thread 80" [_thread_blocked, id=21884, stack(0x0000000e6b800000,0x0000000e6b900000)]
  0x0000019e36f48820 JavaThread "Unconstrained build operations Thread 81" [_thread_blocked, id=10480, stack(0x0000000e6b900000,0x0000000e6ba00000)]
  0x0000019e36f44860 JavaThread "Unconstrained build operations Thread 82" [_thread_blocked, id=18084, stack(0x0000000e6ba00000,0x0000000e6bb00000)]
  0x0000019e36f49810 JavaThread "Unconstrained build operations Thread 83" [_thread_blocked, id=18020, stack(0x0000000e6bb00000,0x0000000e6bc00000)]
  0x0000019e36f472e0 JavaThread "Unconstrained build operations Thread 84" [_thread_blocked, id=28692, stack(0x0000000e6bc00000,0x0000000e6bd00000)]
  0x0000019e36f46d90 JavaThread "Unconstrained build operations Thread 85" [_thread_blocked, id=21080, stack(0x0000000e6bd00000,0x0000000e6be00000)]
  0x0000019e36f44db0 JavaThread "Unconstrained build operations Thread 86" [_thread_blocked, id=24720, stack(0x0000000e6be00000,0x0000000e6bf00000)]
  0x0000019e36f4ad50 JavaThread "Unconstrained build operations Thread 87" [_thread_blocked, id=6652, stack(0x0000000e6bf00000,0x0000000e6c000000)]
  0x0000019e36f47d80 JavaThread "Unconstrained build operations Thread 88" [_thread_blocked, id=10996, stack(0x0000000e6c000000,0x0000000e6c100000)]
  0x0000019e36f43870 JavaThread "Unconstrained build operations Thread 89" [_thread_blocked, id=22400, stack(0x0000000e6c100000,0x0000000e6c200000)]
  0x0000019e36f43dc0 JavaThread "Unconstrained build operations Thread 90" [_thread_blocked, id=14588, stack(0x0000000e6c200000,0x0000000e6c300000)]
  0x0000019e36f482d0 JavaThread "Unconstrained build operations Thread 91" [_thread_blocked, id=11936, stack(0x0000000e6c300000,0x0000000e6c400000)]
  0x0000019e36f45300 JavaThread "Unconstrained build operations Thread 92" [_thread_blocked, id=8544, stack(0x0000000e6c400000,0x0000000e6c500000)]
  0x0000019e36f44310 JavaThread "Unconstrained build operations Thread 93" [_thread_blocked, id=18564, stack(0x0000000e6c500000,0x0000000e6c600000)]
  0x0000019e36f45850 JavaThread "Unconstrained build operations Thread 94" [_thread_blocked, id=16468, stack(0x0000000e6c600000,0x0000000e6c700000)]
  0x0000019e32318650 JavaThread "Unconstrained build operations Thread 95" [_thread_blocked, id=13404, stack(0x0000000e6c700000,0x0000000e6c800000)]
  0x0000019e32316670 JavaThread "Unconstrained build operations Thread 96" [_thread_blocked, id=16352, stack(0x0000000e6c800000,0x0000000e6c900000)]
  0x0000019e32314140 JavaThread "Unconstrained build operations Thread 97" [_thread_blocked, id=20980, stack(0x0000000e6c900000,0x0000000e6ca00000)]
  0x0000019e32317110 JavaThread "Unconstrained build operations Thread 98" [_thread_blocked, id=14124, stack(0x0000000e6ca00000,0x0000000e6cb00000)]
  0x0000019e323136a0 JavaThread "Unconstrained build operations Thread 99" [_thread_blocked, id=20376, stack(0x0000000e6cb00000,0x0000000e6cc00000)]
  0x0000019e32319b90 JavaThread "Unconstrained build operations Thread 100" [_thread_blocked, id=9960, stack(0x0000000e6cc00000,0x0000000e6cd00000)]
  0x0000019e32313bf0 JavaThread "Unconstrained build operations Thread 101" [_thread_blocked, id=13120, stack(0x0000000e6cd00000,0x0000000e6ce00000)]
  0x0000019e32316120 JavaThread "Unconstrained build operations Thread 102" [_thread_blocked, id=26860, stack(0x0000000e6ce00000,0x0000000e6cf00000)]
  0x0000019e32314690 JavaThread "Unconstrained build operations Thread 103" [_thread_blocked, id=26376, stack(0x0000000e6cf00000,0x0000000e6d000000)]
  0x0000019e32318ba0 JavaThread "Unconstrained build operations Thread 104" [_thread_blocked, id=10696, stack(0x0000000e6d000000,0x0000000e6d100000)]
  0x0000019e323126b0 JavaThread "Unconstrained build operations Thread 105" [_thread_blocked, id=21160, stack(0x0000000e6d100000,0x0000000e6d200000)]
  0x0000019e32314be0 JavaThread "Unconstrained build operations Thread 106" [_thread_blocked, id=14052, stack(0x0000000e6d200000,0x0000000e6d300000)]
  0x0000019e32315bd0 JavaThread "Unconstrained build operations Thread 107" [_thread_blocked, id=2272, stack(0x0000000e6d300000,0x0000000e6d400000)]
  0x0000019e32316bc0 JavaThread "Unconstrained build operations Thread 108" [_thread_blocked, id=23152, stack(0x0000000e6d400000,0x0000000e6d500000)]
  0x0000019e32315680 JavaThread "Unconstrained build operations Thread 109" [_thread_blocked, id=13728, stack(0x0000000e6d500000,0x0000000e6d600000)]
  0x0000019e3231a0e0 JavaThread "Unconstrained build operations Thread 110" [_thread_blocked, id=25012, stack(0x0000000e6d600000,0x0000000e6d700000)]
  0x0000019e32312c00 JavaThread "Unconstrained build operations Thread 111" [_thread_blocked, id=2144, stack(0x0000000e6d700000,0x0000000e6d800000)]
  0x0000019e32317660 JavaThread "Unconstrained build operations Thread 112" [_thread_blocked, id=26608, stack(0x0000000e6d800000,0x0000000e6d900000)]
  0x0000019e323190f0 JavaThread "Unconstrained build operations Thread 113" [_thread_blocked, id=6460, stack(0x0000000e6d900000,0x0000000e6da00000)]
  0x0000019e32317bb0 JavaThread "Unconstrained build operations Thread 114" [_thread_blocked, id=11124, stack(0x0000000e6da00000,0x0000000e6db00000)]
  0x0000019e32318100 JavaThread "Unconstrained build operations Thread 115" [_thread_blocked, id=4068, stack(0x0000000e6db00000,0x0000000e6dc00000)]
  0x0000019e32313150 JavaThread "Unconstrained build operations Thread 116" [_thread_blocked, id=3816, stack(0x0000000e6dc00000,0x0000000e6dd00000)]
  0x0000019e32319640 JavaThread "Unconstrained build operations Thread 117" [_thread_blocked, id=28632, stack(0x0000000e6dd00000,0x0000000e6de00000)]
  0x0000019e36e565c0 JavaThread "Unconstrained build operations Thread 118" [_thread_blocked, id=8508, stack(0x0000000e6de00000,0x0000000e6df00000)]
  0x0000019e36e58af0 JavaThread "Unconstrained build operations Thread 119" [_thread_blocked, id=27020, stack(0x0000000e6df00000,0x0000000e6e000000)]
  0x0000019e36e59590 JavaThread "Unconstrained build operations Thread 120" [_thread_blocked, id=20660, stack(0x0000000e6e000000,0x0000000e6e100000)]
  0x0000019e36e585a0 JavaThread "Cache worker for Java compile cache (C:\Users\opadfnezig\.gradle\caches\7.1.1\javaCompile)" [_thread_blocked, id=11560, stack(0x0000000e6ed00000,0x0000000e6ee00000)]
  0x0000019e36e5aad0 JavaThread "Build operations" [_thread_blocked, id=19652, stack(0x0000000e6ee00000,0x0000000e6ef00000)]
  0x0000019e36e5b020 JavaThread "Build operations Thread 2" [_thread_blocked, id=25128, stack(0x0000000e6ef00000,0x0000000e6f000000)]
  0x0000019e36e5d000 JavaThread "Build operations Thread 3" [_thread_blocked, id=9756, stack(0x0000000e6f000000,0x0000000e6f100000)]
  0x0000019e36e5dff0 JavaThread "Build operations Thread 4" [_thread_blocked, id=15080, stack(0x0000000e6f100000,0x0000000e6f200000)]
  0x0000019e36e5d550 JavaThread "Build operations Thread 5" [_thread_blocked, id=17744, stack(0x0000000e6f200000,0x0000000e6f300000)]
  0x0000019e36e5daa0 JavaThread "Build operations Thread 6" [_thread_blocked, id=4796, stack(0x0000000e6f300000,0x0000000e6f400000)]
  0x0000019e32534140 JavaThread "Build operations Thread 7" [_thread_blocked, id=10968, stack(0x0000000e6f400000,0x0000000e6f500000)]
  0x0000019e3252fc30 JavaThread "Build operations Thread 8" [_thread_blocked, id=25608, stack(0x0000000e6f500000,0x0000000e6f600000)]
  0x0000019e32535bd0 JavaThread "Build operations Thread 9" [_thread_blocked, id=13752, stack(0x0000000e6f600000,0x0000000e6f700000)]
  0x0000019e32536120 JavaThread "Build operations Thread 10" [_thread_blocked, id=4268, stack(0x0000000e6f700000,0x0000000e6f800000)]
  0x0000019e32534be0 JavaThread "Build operations Thread 11" [_thread_blocked, id=9832, stack(0x0000000e6f800000,0x0000000e6f900000)]
  0x0000019e325326b0 JavaThread "Build operations Thread 12" [_thread_blocked, id=3376, stack(0x0000000e6f900000,0x0000000e6fa00000)]
  0x0000019e32536670 JavaThread "Exec process Thread 4" [_thread_blocked, id=22208, stack(0x0000000e6fc00000,0x0000000e6fd00000)]
  0x0000019e325336a0 JavaThread "Exec process Thread 5" [_thread_blocked, id=18052, stack(0x0000000e70100000,0x0000000e70200000)]
  0x0000019e32532c00 JavaThread "Exec process Thread 6" [_thread_blocked, id=25316, stack(0x0000000e70200000,0x0000000e70300000)]
  0x0000019e38856a50 JavaThread "C2 CompilerThread1" daemon [_thread_blocked, id=22520, stack(0x0000000e61a00000,0x0000000e61b00000)]

Other Threads:
  0x0000019e31449f90 VMThread "VM Thread" [stack: 0x0000000e62300000,0x0000000e62400000] [id=1992]
  0x0000019e321340f0 WatcherThread [stack: 0x0000000e63200000,0x0000000e63300000] [id=18940]
  0x0000019e0f71c5e0 GCTaskThread "GC Thread#0" [stack: 0x0000000e61e00000,0x0000000e61f00000] [id=14396]
  0x0000019e32cf5a70 GCTaskThread "GC Thread#1" [stack: 0x0000000e63500000,0x0000000e63600000] [id=21440]
  0x0000019e32cf4500 GCTaskThread "GC Thread#2" [stack: 0x0000000e63600000,0x0000000e63700000] [id=15640]
  0x0000019e32cf4810 GCTaskThread "GC Thread#3" [stack: 0x0000000e63700000,0x0000000e63800000] [id=14796]
  0x0000019e32cf5140 GCTaskThread "GC Thread#4" [stack: 0x0000000e63800000,0x0000000e63900000] [id=9376]
  0x0000019e32cf4b20 GCTaskThread "GC Thread#5" [stack: 0x0000000e63900000,0x0000000e63a00000] [id=27936]
  0x0000019e32cf4e30 GCTaskThread "GC Thread#6" [stack: 0x0000000e63a00000,0x0000000e63b00000] [id=28688]
  0x0000019e32cf5450 GCTaskThread "GC Thread#7" [stack: 0x0000000e63b00000,0x0000000e63c00000] [id=26928]
  0x0000019e32cf5760 GCTaskThread "GC Thread#8" [stack: 0x0000000e63c00000,0x0000000e63d00000] [id=23884]
  0x0000019e32af7c70 GCTaskThread "GC Thread#9" [stack: 0x0000000e63d00000,0x0000000e63e00000] [id=23252]
  0x0000019e0f72a540 ConcurrentGCThread "G1 Main Marker" [stack: 0x0000000e61f00000,0x0000000e62000000] [id=10796]
  0x0000019e0f72c710 ConcurrentGCThread "G1 Conc#0" [stack: 0x0000000e62000000,0x0000000e62100000] [id=17404]
  0x0000019e32af91e0 ConcurrentGCThread "G1 Conc#1" [stack: 0x0000000e65200000,0x0000000e65300000] [id=11456]
  0x0000019e32af7340 ConcurrentGCThread "G1 Conc#2" [stack: 0x0000000e65300000,0x0000000e65400000] [id=23140]
  0x0000019e313124c0 ConcurrentGCThread "G1 Refine#0" [stack: 0x0000000e62100000,0x0000000e62200000] [id=22460]
  0x0000019e31312e50 ConcurrentGCThread "G1 Service" [stack: 0x0000000e62200000,0x0000000e62300000] [id=2060]

Threads with active compile tasks:
C1 CompilerThread0   268989 9202       1       jdk.internal.reflect.ByteVectorImpl::getData (5 bytes)
C2 CompilerThread1   268990 9204       4       java.io.ObjectOutputStream$HandleTable::lookup (56 bytes)

VM state: not at safepoint (normal execution)

VM Mutex/Monitor currently owned by a thread: None

Heap address: 0x0000000740000000, size: 3072 MB, Compressed Oops mode: Zero based, Oop shift amount: 3

CDS archive(s) mapped at: [0x0000000800000000-0x0000000800be0000-0x0000000800be0000), size 12451840, SharedBaseAddress: 0x0000000800000000, ArchiveRelocationMode: 0.
Compressed class space mapped at: 0x0000000800c00000-0x0000000840c00000, reserved size: 1073741824
Narrow klass base: 0x0000000800000000, Narrow klass shift: 3, Narrow klass range: 0x100000000

GC Precious Log:
 CPUs: 12 total, 12 available
 Memory: 16335M
 Large Page Support: Disabled
 NUMA Support: Disabled
 Compressed Oops: Enabled (Zero based)
 Heap Region Size: 2M
 Heap Min Capacity: 8M
 Heap Initial Capacity: 256M
 Heap Max Capacity: 3G
 Pre-touch: Disabled
 Parallel Workers: 10
 Concurrent Workers: 3
 Concurrent Refinement Workers: 10
 Periodic GC: Disabled

Heap:
 garbage-first heap   total 206848K, used 159929K [0x0000000740000000, 0x0000000800000000)
  region size 2048K, 58 young (118784K), 6 survivors (12288K)
 Metaspace       used 62887K, committed 63552K, reserved 1105920K
  class space    used 8251K, committed 8576K, reserved 1048576K

Heap Regions: E=young(eden), S=young(survivor), O=old, HS=humongous(starts), HC=humongous(continues), CS=collection set, F=free, OA=open archive, CA=closed archive, TAMS=top-at-mark-start (previous, next)
|   0|0x0000000740000000, 0x00000007401f8800, 0x0000000740200000| 98%| O|  |TAMS 0x00000007401f8800, 0x00000007401f8800| Untracked 
|   1|0x0000000740200000, 0x0000000740400000, 0x0000000740400000|100%| O|  |TAMS 0x0000000740400000, 0x0000000740400000| Untracked 
|   2|0x0000000740400000, 0x0000000740600000, 0x0000000740600000|100%|HS|  |TAMS 0x0000000740600000, 0x0000000740600000| Complete 
|   3|0x0000000740600000, 0x0000000740800000, 0x0000000740800000|100%|HC|  |TAMS 0x0000000740800000, 0x0000000740800000| Complete 
|   4|0x0000000740800000, 0x0000000740a00000, 0x0000000740a00000|100%| O|  |TAMS 0x0000000740a00000, 0x0000000740a00000| Untracked 
|   5|0x0000000740a00000, 0x0000000740c00000, 0x0000000740c00000|100%| O|  |TAMS 0x0000000740c00000, 0x0000000740c00000| Untracked 
|   6|0x0000000740c00000, 0x0000000740e00000, 0x0000000740e00000|100%| O|  |TAMS 0x0000000740e00000, 0x0000000740e00000| Untracked 
|   7|0x0000000740e00000, 0x0000000741000000, 0x0000000741000000|100%| O|  |TAMS 0x0000000741000000, 0x0000000741000000| Untracked 
|   8|0x0000000741000000, 0x0000000741200000, 0x0000000741200000|100%| O|  |TAMS 0x0000000741200000, 0x0000000741200000| Untracked 
|   9|0x0000000741200000, 0x0000000741400000, 0x0000000741400000|100%| O|  |TAMS 0x0000000741400000, 0x0000000741400000| Untracked 
|  10|0x0000000741400000, 0x0000000741600000, 0x0000000741600000|100%| O|  |TAMS 0x0000000741600000, 0x0000000741600000| Untracked 
|  11|0x0000000741600000, 0x0000000741800000, 0x0000000741800000|100%| O|  |TAMS 0x0000000741800000, 0x0000000741800000| Untracked 
|  12|0x0000000741800000, 0x0000000741a00000, 0x0000000741a00000|100%| O|  |TAMS 0x0000000741a00000, 0x0000000741a00000| Untracked 
|  13|0x0000000741a00000, 0x0000000741c00000, 0x0000000741c00000|100%|HS|  |TAMS 0x0000000741c00000, 0x0000000741c00000| Complete 
|  14|0x0000000741c00000, 0x0000000741e00000, 0x0000000741e00000|100%| O|  |TAMS 0x0000000741e00000, 0x0000000741e00000| Untracked 
|  15|0x0000000741e00000, 0x0000000742000000, 0x0000000742000000|100%| O|  |TAMS 0x0000000742000000, 0x0000000742000000| Untracked 
|  16|0x0000000742000000, 0x0000000742200000, 0x0000000742200000|100%| O|  |TAMS 0x0000000742200000, 0x0000000742200000| Untracked 
|  17|0x0000000742200000, 0x0000000742400000, 0x0000000742400000|100%| O|  |TAMS 0x0000000742400000, 0x0000000742400000| Untracked 
|  18|0x0000000742400000, 0x0000000742600000, 0x0000000742600000|100%| O|  |TAMS 0x0000000742600000, 0x0000000742600000| Untracked 
|  19|0x0000000742600000, 0x0000000742800000, 0x0000000742800000|100%| O|  |TAMS 0x0000000742800000, 0x0000000742800000| Untracked 
|  20|0x0000000742800000, 0x0000000742a00000, 0x0000000742a00000|100%| O|  |TAMS 0x0000000742a00000, 0x0000000742a00000| Untracked 
|  21|0x0000000742a00000, 0x0000000742c00000, 0x0000000742c00000|100%| O|  |TAMS 0x0000000742b40000, 0x0000000742c00000| Untracked 
|  22|0x0000000742c00000, 0x0000000742c00000, 0x0000000742e00000|  0%| F|  |TAMS 0x0000000742c00000, 0x0000000742c00000| Untracked 
|  23|0x0000000742e00000, 0x0000000742e00000, 0x0000000743000000|  0%| F|  |TAMS 0x0000000742e00000, 0x0000000742e00000| Untracked 
|  24|0x0000000743000000, 0x0000000743039600, 0x0000000743200000| 11%| O|  |TAMS 0x0000000743000000, 0x0000000743039600| Untracked 
|  25|0x0000000743200000, 0x0000000743200000, 0x0000000743400000|  0%| F|  |TAMS 0x0000000743200000, 0x0000000743200000| Untracked 
|  26|0x0000000743400000, 0x0000000743400000, 0x0000000743600000|  0%| F|  |TAMS 0x0000000743400000, 0x0000000743400000| Untracked 
|  27|0x0000000743600000, 0x0000000743600000, 0x0000000743800000|  0%| F|  |TAMS 0x0000000743600000, 0x0000000743600000| Untracked 
|  28|0x0000000743800000, 0x0000000743800000, 0x0000000743a00000|  0%| F|  |TAMS 0x0000000743800000, 0x0000000743800000| Untracked 
|  29|0x0000000743a00000, 0x0000000743a00000, 0x0000000743c00000|  0%| F|  |TAMS 0x0000000743a00000, 0x0000000743a00000| Untracked 
|  30|0x0000000743c00000, 0x0000000743c00000, 0x0000000743e00000|  0%| F|  |TAMS 0x0000000743c00000, 0x0000000743c00000| Untracked 
|  31|0x0000000743e00000, 0x0000000743e00000, 0x0000000744000000|  0%| F|  |TAMS 0x0000000743e00000, 0x0000000743e00000| Untracked 
|  32|0x0000000744000000, 0x0000000744000000, 0x0000000744200000|  0%| F|  |TAMS 0x0000000744000000, 0x0000000744000000| Untracked 
|  33|0x0000000744200000, 0x0000000744200000, 0x0000000744400000|  0%| F|  |TAMS 0x0000000744200000, 0x0000000744200000| Untracked 
|  34|0x0000000744400000, 0x0000000744400000, 0x0000000744600000|  0%| F|  |TAMS 0x0000000744400000, 0x0000000744400000| Untracked 
|  35|0x0000000744600000, 0x0000000744600000, 0x0000000744800000|  0%| F|  |TAMS 0x0000000744600000, 0x0000000744600000| Untracked 
|  36|0x0000000744800000, 0x0000000744800000, 0x0000000744a00000|  0%| F|  |TAMS 0x0000000744800000, 0x0000000744800000| Untracked 
|  37|0x0000000744a00000, 0x0000000744a00000, 0x0000000744c00000|  0%| F|  |TAMS 0x0000000744a00000, 0x0000000744a00000| Untracked 
|  38|0x0000000744c00000, 0x0000000744c00000, 0x0000000744e00000|  0%| F|  |TAMS 0x0000000744c00000, 0x0000000744c00000| Untracked 
|  39|0x0000000744e00000, 0x0000000744e00000, 0x0000000745000000|  0%| F|  |TAMS 0x0000000744e00000, 0x0000000744e00000| Untracked 
|  40|0x0000000745000000, 0x0000000745000000, 0x0000000745200000|  0%| F|  |TAMS 0x0000000745000000, 0x0000000745000000| Untracked 
|  41|0x0000000745200000, 0x0000000745200000, 0x0000000745400000|  0%| F|  |TAMS 0x0000000745200000, 0x0000000745200000| Untracked 
|  42|0x0000000745400000, 0x0000000745400000, 0x0000000745600000|  0%| F|  |TAMS 0x0000000745400000, 0x0000000745400000| Untracked 
|  43|0x0000000745600000, 0x0000000745700800, 0x0000000745800000| 50%| E|  |TAMS 0x0000000745600000, 0x0000000745600000| Complete 
|  44|0x0000000745800000, 0x0000000745a00000, 0x0000000745a00000|100%| E|CS|TAMS 0x0000000745800000, 0x0000000745800000| Complete 
|  45|0x0000000745a00000, 0x0000000745c00000, 0x0000000745c00000|100%| E|CS|TAMS 0x0000000745a00000, 0x0000000745a00000| Complete 
|  46|0x0000000745c00000, 0x0000000745e00000, 0x0000000745e00000|100%| E|CS|TAMS 0x0000000745c00000, 0x0000000745c00000| Complete 
|  47|0x0000000745e00000, 0x0000000746000000, 0x0000000746000000|100%| E|CS|TAMS 0x0000000745e00000, 0x0000000745e00000| Complete 
|  48|0x0000000746000000, 0x0000000746200000, 0x0000000746200000|100%| E|CS|TAMS 0x0000000746000000, 0x0000000746000000| Complete 
|  49|0x0000000746200000, 0x0000000746400000, 0x0000000746400000|100%| E|CS|TAMS 0x0000000746200000, 0x0000000746200000| Complete 
|  50|0x0000000746400000, 0x0000000746600000, 0x0000000746600000|100%| E|CS|TAMS 0x0000000746400000, 0x0000000746400000| Complete 
|  51|0x0000000746600000, 0x0000000746800000, 0x0000000746800000|100%| E|CS|TAMS 0x0000000746600000, 0x0000000746600000| Complete 
|  52|0x0000000746800000, 0x0000000746a00000, 0x0000000746a00000|100%| E|CS|TAMS 0x0000000746800000, 0x0000000746800000| Complete 
|  53|0x0000000746a00000, 0x0000000746c00000, 0x0000000746c00000|100%| E|CS|TAMS 0x0000000746a00000, 0x0000000746a00000| Complete 
|  54|0x0000000746c00000, 0x0000000746e00000, 0x0000000746e00000|100%| E|CS|TAMS 0x0000000746c00000, 0x0000000746c00000| Complete 
|  55|0x0000000746e00000, 0x0000000747000000, 0x0000000747000000|100%| E|CS|TAMS 0x0000000746e00000, 0x0000000746e00000| Complete 
|  56|0x0000000747000000, 0x0000000747200000, 0x0000000747200000|100%| E|CS|TAMS 0x0000000747000000, 0x0000000747000000| Complete 
|  57|0x0000000747200000, 0x0000000747400000, 0x0000000747400000|100%| E|CS|TAMS 0x0000000747200000, 0x0000000747200000| Complete 
|  58|0x0000000747400000, 0x0000000747600000, 0x0000000747600000|100%| E|  |TAMS 0x0000000747400000, 0x0000000747400000| Complete 
|  59|0x0000000747600000, 0x0000000747800000, 0x0000000747800000|100%| E|CS|TAMS 0x0000000747600000, 0x0000000747600000| Complete 
|  60|0x0000000747800000, 0x0000000747a00000, 0x0000000747a00000|100%| E|CS|TAMS 0x0000000747800000, 0x0000000747800000| Complete 
|  61|0x0000000747a00000, 0x0000000747c00000, 0x0000000747c00000|100%| E|CS|TAMS 0x0000000747a00000, 0x0000000747a00000| Complete 
|  62|0x0000000747c00000, 0x0000000747e00000, 0x0000000747e00000|100%| E|CS|TAMS 0x0000000747c00000, 0x0000000747c00000| Complete 
|  63|0x0000000747e00000, 0x0000000748000000, 0x0000000748000000|100%| E|CS|TAMS 0x0000000747e00000, 0x0000000747e00000| Complete 
|  64|0x0000000748000000, 0x0000000748200000, 0x0000000748200000|100%| E|CS|TAMS 0x0000000748000000, 0x0000000748000000| Complete 
|  65|0x0000000748200000, 0x0000000748400000, 0x0000000748400000|100%| E|CS|TAMS 0x0000000748200000, 0x0000000748200000| Complete 
|  66|0x0000000748400000, 0x0000000748600000, 0x0000000748600000|100%| E|CS|TAMS 0x0000000748400000, 0x0000000748400000| Complete 
|  67|0x0000000748600000, 0x0000000748800000, 0x0000000748800000|100%| E|CS|TAMS 0x0000000748600000, 0x0000000748600000| Complete 
|  68|0x0000000748800000, 0x0000000748a00000, 0x0000000748a00000|100%| E|CS|TAMS 0x0000000748800000, 0x0000000748800000| Complete 
|  69|0x0000000748a00000, 0x0000000748c00000, 0x0000000748c00000|100%| E|CS|TAMS 0x0000000748a00000, 0x0000000748a00000| Complete 
|  70|0x0000000748c00000, 0x0000000748e00000, 0x0000000748e00000|100%| E|CS|TAMS 0x0000000748c00000, 0x0000000748c00000| Complete 
|  71|0x0000000748e00000, 0x0000000749000000, 0x0000000749000000|100%| E|CS|TAMS 0x0000000748e00000, 0x0000000748e00000| Complete 
|  72|0x0000000749000000, 0x0000000749200000, 0x0000000749200000|100%| E|CS|TAMS 0x0000000749000000, 0x0000000749000000| Complete 
|  73|0x0000000749200000, 0x0000000749400000, 0x0000000749400000|100%| E|CS|TAMS 0x0000000749200000, 0x0000000749200000| Complete 
|  74|0x0000000749400000, 0x0000000749600000, 0x0000000749600000|100%| E|CS|TAMS 0x0000000749400000, 0x0000000749400000| Complete 
|  75|0x0000000749600000, 0x0000000749800000, 0x0000000749800000|100%| E|CS|TAMS 0x0000000749600000, 0x0000000749600000| Complete 
|  76|0x0000000749800000, 0x0000000749a00000, 0x0000000749a00000|100%| E|CS|TAMS 0x0000000749800000, 0x0000000749800000| Complete 
|  77|0x0000000749a00000, 0x0000000749c00000, 0x0000000749c00000|100%| E|CS|TAMS 0x0000000749a00000, 0x0000000749a00000| Complete 
|  78|0x0000000749c00000, 0x0000000749e00000, 0x0000000749e00000|100%| E|CS|TAMS 0x0000000749c00000, 0x0000000749c00000| Complete 
|  79|0x0000000749e00000, 0x000000074a000000, 0x000000074a000000|100%| E|CS|TAMS 0x0000000749e00000, 0x0000000749e00000| Complete 
|  80|0x000000074a000000, 0x000000074a200000, 0x000000074a200000|100%| E|CS|TAMS 0x000000074a000000, 0x000000074a000000| Complete 
|  81|0x000000074a200000, 0x000000074a400000, 0x000000074a400000|100%| E|CS|TAMS 0x000000074a200000, 0x000000074a200000| Complete 
|  82|0x000000074a400000, 0x000000074a600000, 0x000000074a600000|100%| E|CS|TAMS 0x000000074a400000, 0x000000074a400000| Complete 
|  83|0x000000074a600000, 0x000000074a800000, 0x000000074a800000|100%| E|CS|TAMS 0x000000074a600000, 0x000000074a600000| Complete 
|  84|0x000000074a800000, 0x000000074aa00000, 0x000000074aa00000|100%| E|CS|TAMS 0x000000074a800000, 0x000000074a800000| Complete 
|  85|0x000000074aa00000, 0x000000074ac00000, 0x000000074ac00000|100%| E|CS|TAMS 0x000000074aa00000, 0x000000074aa00000| Complete 
|  86|0x000000074ac00000, 0x000000074ae00000, 0x000000074ae00000|100%| E|CS|TAMS 0x000000074ac00000, 0x000000074ac00000| Complete 
|  87|0x000000074ae00000, 0x000000074b000000, 0x000000074b000000|100%| E|CS|TAMS 0x000000074ae00000, 0x000000074ae00000| Complete 
|  88|0x000000074b000000, 0x000000074b200000, 0x000000074b200000|100%| E|CS|TAMS 0x000000074b000000, 0x000000074b000000| Complete 
|  89|0x000000074b200000, 0x000000074b400000, 0x000000074b400000|100%| E|CS|TAMS 0x000000074b200000, 0x000000074b200000| Complete 
|  90|0x000000074b400000, 0x000000074b600000, 0x000000074b600000|100%| E|CS|TAMS 0x000000074b400000, 0x000000074b400000| Complete 
|  91|0x000000074b600000, 0x000000074b800000, 0x000000074b800000|100%| E|CS|TAMS 0x000000074b600000, 0x000000074b600000| Complete 
|  92|0x000000074b800000, 0x000000074ba00000, 0x000000074ba00000|100%| E|CS|TAMS 0x000000074b800000, 0x000000074b800000| Complete 
|  93|0x000000074ba00000, 0x000000074bc00000, 0x000000074bc00000|100%| E|CS|TAMS 0x000000074ba00000, 0x000000074ba00000| Complete 
|  94|0x000000074bc00000, 0x000000074be00000, 0x000000074be00000|100%| S|CS|TAMS 0x000000074bc00000, 0x000000074bc00000| Complete 
|  95|0x000000074be00000, 0x000000074c000000, 0x000000074c000000|100%| S|CS|TAMS 0x000000074be00000, 0x000000074be00000| Complete 
|  96|0x000000074c000000, 0x000000074c200000, 0x000000074c200000|100%| S|CS|TAMS 0x000000074c000000, 0x000000074c000000| Complete 
|  97|0x000000074c200000, 0x000000074c400000, 0x000000074c400000|100%| S|CS|TAMS 0x000000074c200000, 0x000000074c200000| Complete 
|  98|0x000000074c400000, 0x000000074c600000, 0x000000074c600000|100%| S|CS|TAMS 0x000000074c400000, 0x000000074c400000| Complete 
|  99|0x000000074c600000, 0x000000074c7fc820, 0x000000074c800000| 99%| S|CS|TAMS 0x000000074c600000, 0x000000074c600000| Complete 
| 127|0x000000074fe00000, 0x0000000750000000, 0x0000000750000000|100%| E|CS|TAMS 0x000000074fe00000, 0x000000074fe00000| Complete 

Card table byte_map: [0x0000019e27c10000,0x0000019e28210000] _byte_map_base: 0x0000019e24210000

Marking Bits (Prev, Next): (CMBitMap*) 0x0000019e0f71cba0, (CMBitMap*) 0x0000019e0f71cb60
 Prev Bits: [0x0000019e2b810000, 0x0000019e2e810000)
 Next Bits: [0x0000019e28810000, 0x0000019e2b810000)

Polling page: 0x0000019e0d650000

Metaspace:

Usage:
  Non-class:     53.37 MB used.
      Class:      8.06 MB used.
       Both:     61.43 MB used.

Virtual space:
  Non-class space:       56.00 MB reserved,      53.69 MB ( 96%) committed,  7 nodes.
      Class space:        1.00 GB reserved,       8.38 MB ( <1%) committed,  1 nodes.
              Both:        1.05 GB reserved,      62.06 MB (  6%) committed. 

Chunk freelists:
   Non-Class:  1.67 MB
       Class:  3.60 MB
        Both:  5.27 MB

MaxMetaspaceSize: 17179869184.00 GB
CompressedClassSpaceSize: 1.00 GB
 - commit_granule_bytes: 65536.
 - commit_granule_words: 8192.
 - virtual_space_node_default_size: 1048576.
 - enlarge_chunks_in_place: 1.
 - new_chunks_are_fully_committed: 0.
 - uncommit_free_chunks: 1.
 - use_allocation_guard: 0.
 - handle_deallocations: 1.


Internal statistics:

num_allocs_failed_limit: 6.
num_arena_births: 762.
num_arena_deaths: 0.
num_vsnodes_births: 8.
num_vsnodes_deaths: 0.
num_space_committed: 993.
num_space_uncommitted: 0.
num_chunks_returned_to_freelist: 6.
num_chunks_taken_from_freelist: 3117.
num_chunk_merges: 6.
num_chunk_splits: 1945.
num_chunks_enlarged: 1190.
num_purges: 0.

CodeHeap 'non-profiled nmethods': size=120000Kb used=5699Kb max_used=6129Kb free=114300Kb
 bounds [0x0000019e1fb80000, 0x0000019e20180000, 0x0000019e270b0000]
CodeHeap 'profiled nmethods': size=120000Kb used=15470Kb max_used=16926Kb free=104529Kb
 bounds [0x0000019e18650000, 0x0000019e196e0000, 0x0000019e1fb80000]
CodeHeap 'non-nmethods': size=5760Kb used=2456Kb max_used=2561Kb free=3303Kb
 bounds [0x0000019e180b0000, 0x0000019e18340000, 0x0000019e18650000]
 total_blobs=8572 nmethods=7669 adapters=815
 compilation: enabled
              stopped_count=0, restarted_count=0
 full_count=0

Compilation events (20 events):
Event: 268.851 Thread 0x0000019e3147ad00 9144       3       org.gradle.internal.watch.registry.impl.WatchableHierarchies$RemoveUnwatchedFiles::shouldBeRemoved (55 bytes)
Event: 268.851 Thread 0x0000019e3147ad00 nmethod 9144 0x0000019e18ec6390 code [0x0000019e18ec6580, 0x0000019e18ec6c78]
Event: 268.851 Thread 0x0000019e3147ad00 9145       3       org.gradle.internal.watch.registry.impl.WatchableHierarchies::isInWatchableHierarchy (11 bytes)
Event: 268.851 Thread 0x0000019e3147ad00 nmethod 9145 0x0000019e190ee410 code [0x0000019e190ee5c0, 0x0000019e190ee7a8]
Event: 268.852 Thread 0x0000019e314722f0 nmethod 9120 0x0000019e20073a10 code [0x0000019e20073be0, 0x0000019e20074eb8]
Event: 268.852 Thread 0x0000019e314722f0 9146       4       org.gradle.internal.file.DefaultFileHierarchySet$Node::isChildOfOrThis (110 bytes)
Event: 268.853 Thread 0x0000019e3147ad00 9148       3       org.gradle.internal.snapshot.AbstractListChildMap::visitChildren (47 bytes)
Event: 268.853 Thread 0x0000019e3147ad00 nmethod 9148 0x0000019e18beb910 code [0x0000019e18bebb00, 0x0000019e18bec158]
Event: 268.853 Thread 0x0000019e3147ad00 9149       3       org.gradle.internal.snapshot.DirectorySnapshot::accept (93 bytes)
Event: 268.854 Thread 0x0000019e3147ad00 nmethod 9149 0x0000019e19640e10 code [0x0000019e19641080, 0x0000019e19641c18]
Event: 268.854 Thread 0x0000019e3147ad00 9151       3       org.gradle.internal.snapshot.FileSystemSnapshotHierarchyVisitor::enterDirectory (1 bytes)
Event: 268.854 Thread 0x0000019e3147ad00 nmethod 9151 0x0000019e18f39590 code [0x0000019e18f39720, 0x0000019e18f39838]
Event: 268.854 Thread 0x0000019e3147ad00 9152       3       org.gradle.internal.snapshot.FileSystemSnapshotHierarchyVisitor::leaveDirectory (1 bytes)
Event: 268.854 Thread 0x0000019e3147ad00 nmethod 9152 0x0000019e18f44810 code [0x0000019e18f449a0, 0x0000019e18f44ab8]
Event: 268.854 Thread 0x0000019e3147ad00 9153       3       org.gradle.internal.snapshot.AbstractFileSystemLocationSnapshot::accept (8 bytes)
Event: 268.855 Thread 0x0000019e3147ad00 nmethod 9153 0x0000019e193f2a10 code [0x0000019e193f2bc0, 0x0000019e193f2da8]
Event: 268.868 Thread 0x0000019e314722f0 nmethod 9146 0x0000019e1fb9f390 code [0x0000019e1fb9f540, 0x0000019e1fb9fd98]
Event: 268.869 Thread 0x0000019e314722f0 9124       4       java.lang.StringBuilder::append (8 bytes)
Event: 268.869 Thread 0x0000019e314722f0 nmethod 9124 0x0000019e20073690 code [0x0000019e20073820, 0x0000019e200738c8]
Event: 268.869 Thread 0x0000019e314722f0 9147       4       org.gradle.internal.file.DefaultFileHierarchySet$Node::contains (101 bytes)

GC Heap History (20 events):
Event: 7.754 GC heap before
{Heap before GC invocations=15 (full 0):
 garbage-first heap   total 81920K, used 60777K [0x0000000740000000, 0x0000000800000000)
  region size 2048K, 11 young (22528K), 2 survivors (4096K)
 Metaspace       used 52950K, committed 53440K, reserved 1097728K
  class space    used 6934K, committed 7168K, reserved 1048576K
}
Event: 7.758 GC heap after
{Heap after GC invocations=16 (full 0):
 garbage-first heap   total 81920K, used 45325K [0x0000000740000000, 0x0000000800000000)
  region size 2048K, 1 young (2048K), 1 survivors (2048K)
 Metaspace       used 52950K, committed 53440K, reserved 1097728K
  class space    used 6934K, committed 7168K, reserved 1048576K
}
Event: 7.817 GC heap before
{Heap before GC invocations=17 (full 0):
 garbage-first heap   total 90112K, used 49421K [0x0000000740000000, 0x0000000800000000)
  region size 2048K, 2 young (4096K), 1 survivors (2048K)
 Metaspace       used 53202K, committed 53760K, reserved 1097728K
  class space    used 6964K, committed 7232K, reserved 1048576K
}
Event: 7.820 GC heap after
{Heap after GC invocations=18 (full 0):
 garbage-first heap   total 90112K, used 45420K [0x0000000740000000, 0x0000000800000000)
  region size 2048K, 1 young (2048K), 1 survivors (2048K)
 Metaspace       used 53202K, committed 53760K, reserved 1097728K
  class space    used 6964K, committed 7232K, reserved 1048576K
}
Event: 8.803 GC heap before
{Heap before GC invocations=19 (full 0):
 garbage-first heap   total 92160K, used 69996K [0x0000000740000000, 0x0000000800000000)
  region size 2048K, 12 young (24576K), 1 survivors (2048K)
 Metaspace       used 55437K, committed 55936K, reserved 1097728K
  class space    used 7235K, committed 7488K, reserved 1048576K
}
Event: 8.807 GC heap after
{Heap after GC invocations=20 (full 0):
 garbage-first heap   total 114688K, used 47028K [0x0000000740000000, 0x0000000800000000)
  region size 2048K, 2 young (4096K), 2 survivors (4096K)
 Metaspace       used 55437K, committed 55936K, reserved 1097728K
  class space    used 7235K, committed 7488K, reserved 1048576K
}
Event: 8.972 GC heap before
{Heap before GC invocations=20 (full 0):
 garbage-first heap   total 114688K, used 73652K [0x0000000740000000, 0x0000000800000000)
  region size 2048K, 7 young (14336K), 2 survivors (4096K)
 Metaspace       used 55693K, committed 56192K, reserved 1105920K
  class space    used 7254K, committed 7488K, reserved 1048576K
}
Event: 8.976 GC heap after
{Heap after GC invocations=21 (full 0):
 garbage-first heap   total 114688K, used 47439K [0x0000000740000000, 0x0000000800000000)
  region size 2048K, 2 young (4096K), 2 survivors (4096K)
 Metaspace       used 55693K, committed 56192K, reserved 1105920K
  class space    used 7254K, committed 7488K, reserved 1048576K
}
Event: 9.010 GC heap before
{Heap before GC invocations=21 (full 0):
 garbage-first heap   total 114688K, used 72015K [0x0000000740000000, 0x0000000800000000)
  region size 2048K, 6 young (12288K), 2 survivors (4096K)
 Metaspace       used 55719K, committed 56256K, reserved 1105920K
  class space    used 7254K, committed 7488K, reserved 1048576K
}
Event: 9.013 GC heap after
{Heap after GC invocations=22 (full 0):
 garbage-first heap   total 114688K, used 47502K [0x0000000740000000, 0x0000000800000000)
  region size 2048K, 2 young (4096K), 2 survivors (4096K)
 Metaspace       used 55719K, committed 56256K, reserved 1105920K
  class space    used 7254K, committed 7488K, reserved 1048576K
}
Event: 9.041 GC heap before
{Heap before GC invocations=22 (full 0):
 garbage-first heap   total 114688K, used 65934K [0x0000000740000000, 0x0000000800000000)
  region size 2048K, 3 young (6144K), 2 survivors (4096K)
 Metaspace       used 55722K, committed 56256K, reserved 1105920K
  class space    used 7255K, committed 7488K, reserved 1048576K
}
Event: 9.045 GC heap after
{Heap after GC invocations=23 (full 0):
 garbage-first heap   total 114688K, used 47453K [0x0000000740000000, 0x0000000800000000)
  region size 2048K, 2 young (4096K), 2 survivors (4096K)
 Metaspace       used 55722K, committed 56256K, reserved 1105920K
  class space    used 7255K, committed 7488K, reserved 1048576K
}
Event: 9.148 GC heap before
{Heap before GC invocations=23 (full 0):
 garbage-first heap   total 114688K, used 55645K [0x0000000740000000, 0x0000000800000000)
  region size 2048K, 5 young (10240K), 2 survivors (4096K)
 Metaspace       used 56125K, committed 56640K, reserved 1105920K
  class space    used 7311K, committed 7552K, reserved 1048576K
}
Event: 9.151 GC heap after
{Heap after GC invocations=24 (full 0):
 garbage-first heap   total 114688K, used 47915K [0x0000000740000000, 0x0000000800000000)
  region size 2048K, 2 young (4096K), 2 survivors (4096K)
 Metaspace       used 56125K, committed 56640K, reserved 1105920K
  class space    used 7311K, committed 7552K, reserved 1048576K
}
Event: 9.174 GC heap before
{Heap before GC invocations=24 (full 0):
 garbage-first heap   total 114688K, used 52011K [0x0000000740000000, 0x0000000800000000)
  region size 2048K, 4 young (8192K), 2 survivors (4096K)
 Metaspace       used 56164K, committed 56704K, reserved 1105920K
  class space    used 7311K, committed 7552K, reserved 1048576K
}
Event: 9.178 GC heap after
{Heap after GC invocations=25 (full 0):
 garbage-first heap   total 194560K, used 47819K [0x0000000740000000, 0x0000000800000000)
  region size 2048K, 2 young (4096K), 2 survivors (4096K)
 Metaspace       used 56164K, committed 56704K, reserved 1105920K
  class space    used 7311K, committed 7552K, reserved 1048576K
}
Event: 9.315 GC heap before
{Heap before GC invocations=25 (full 0):
 garbage-first heap   total 194560K, used 96971K [0x0000000740000000, 0x0000000800000000)
  region size 2048K, 9 young (18432K), 2 survivors (4096K)
 Metaspace       used 56278K, committed 56768K, reserved 1105920K
  class space    used 7312K, committed 7552K, reserved 1048576K
}
Event: 9.320 GC heap after
{Heap after GC invocations=26 (full 0):
 garbage-first heap   total 194560K, used 51931K [0x0000000740000000, 0x0000000800000000)
  region size 2048K, 2 young (4096K), 2 survivors (4096K)
 Metaspace       used 56278K, committed 56768K, reserved 1105920K
  class space    used 7312K, committed 7552K, reserved 1048576K
}
Event: 10.703 GC heap before
{Heap before GC invocations=26 (full 0):
 garbage-first heap   total 194560K, used 189147K [0x0000000740000000, 0x0000000800000000)
  region size 2048K, 53 young (108544K), 2 survivors (4096K)
 Metaspace       used 60111K, committed 60672K, reserved 1105920K
  class space    used 7890K, committed 8192K, reserved 1048576K
}
Event: 10.714 GC heap after
{Heap after GC invocations=27 (full 0):
 garbage-first heap   total 206848K, used 57529K [0x0000000740000000, 0x0000000800000000)
  region size 2048K, 6 young (12288K), 6 survivors (12288K)
 Metaspace       used 60111K, committed 60672K, reserved 1105920K
  class space    used 7890K, committed 8192K, reserved 1048576K
}

Deoptimization events (20 events):
Event: 268.856 Thread 0x0000019e3403f880 DEOPT PACKING pc=0x0000019e1941185c sp=0x0000000e644f9150
Event: 268.856 Thread 0x0000019e3403f880 DEOPT UNPACKING pc=0x0000019e180fdece sp=0x0000000e644f8638 mode 1
Event: 268.856 Thread 0x0000019e3403f880 DEOPT PACKING pc=0x0000019e1941185c sp=0x0000000e644f9230
Event: 268.856 Thread 0x0000019e3403f880 DEOPT UNPACKING pc=0x0000019e180fdece sp=0x0000000e644f8718 mode 1
Event: 268.857 Thread 0x0000019e3403f880 DEOPT PACKING pc=0x0000019e1941185c sp=0x0000000e644fadd0
Event: 268.857 Thread 0x0000019e3403f880 DEOPT UNPACKING pc=0x0000019e180fdece sp=0x0000000e644fa2b8 mode 1
Event: 268.857 Thread 0x0000019e3403f880 DEOPT PACKING pc=0x0000019e1941185c sp=0x0000000e644faeb0
Event: 268.857 Thread 0x0000019e3403f880 DEOPT UNPACKING pc=0x0000019e180fdece sp=0x0000000e644fa398 mode 1
Event: 268.875 Thread 0x0000019e3403f880 DEOPT PACKING pc=0x0000019e1941185c sp=0x0000000e644fb2d0
Event: 268.875 Thread 0x0000019e3403f880 DEOPT UNPACKING pc=0x0000019e180fdece sp=0x0000000e644fa7b8 mode 1
Event: 268.875 Thread 0x0000019e3403f880 DEOPT PACKING pc=0x0000019e1941185c sp=0x0000000e644fb3b0
Event: 268.875 Thread 0x0000019e3403f880 DEOPT UNPACKING pc=0x0000019e180fdece sp=0x0000000e644fa898 mode 1
Event: 268.877 Thread 0x0000019e3403f880 DEOPT PACKING pc=0x0000019e1941185c sp=0x0000000e644fbb30
Event: 268.877 Thread 0x0000019e3403f880 DEOPT UNPACKING pc=0x0000019e180fdece sp=0x0000000e644fb018 mode 1
Event: 268.877 Thread 0x0000019e3403f880 DEOPT PACKING pc=0x0000019e1941185c sp=0x0000000e644fbc10
Event: 268.877 Thread 0x0000019e3403f880 DEOPT UNPACKING pc=0x0000019e180fdece sp=0x0000000e644fb0f8 mode 1
Event: 268.878 Thread 0x0000019e3403f880 DEOPT PACKING pc=0x0000019e1941185c sp=0x0000000e644fb630
Event: 268.878 Thread 0x0000019e3403f880 DEOPT UNPACKING pc=0x0000019e180fdece sp=0x0000000e644fab18 mode 1
Event: 268.878 Thread 0x0000019e3403f880 DEOPT PACKING pc=0x0000019e1941185c sp=0x0000000e644fb710
Event: 268.878 Thread 0x0000019e3403f880 DEOPT UNPACKING pc=0x0000019e180fdece sp=0x0000000e644fabf8 mode 1

Classes unloaded (0 events):
No events

Classes redefined (0 events):
No events

Internal exceptions (20 events):
Event: 13.202 Thread 0x0000019e32536bc0 Exception <a 'java/lang/NoSuchMethodError'{0x0000000749912238}: static Ljava/lang/Object;.<clinit>()V> (0x0000000749912238) 
thrown [c:\wsjdk\correttojdksrc\installers\windows\zip\corretto-build\buildroot\src\hotspot\share\prims\jni.cpp, line 1210]
Event: 13.203 Thread 0x0000019e32536bc0 Exception <a 'java/lang/NoSuchMethodError'{0x000000074992a3d0}: static Lorg/gradle/api/internal/tasks/compile/ApiCompilerResult;.<clinit>()V> (0x000000074992a3d0) 
thrown [c:\wsjdk\correttojdksrc\installers\windows\zip\corretto-build\buildroot\src\hotspot\share\prims\jni.cpp, line 1210]
Event: 13.205 Thread 0x0000019e32536bc0 Exception <a 'java/lang/NoSuchMethodError'{0x000000074993d150}: static Lorg/gradle/api/internal/tasks/compile/incremental/processing/AnnotationProcessingResult;.<clinit>()V> (0x000000074993d150) 
thrown [c:\wsjdk\correttojdksrc\installers\windows\zip\corretto-build\buildroot\src\hotspot\share\prims\jni.cpp, line 1210]
Event: 13.208 Thread 0x0000019e32536bc0 Exception <a 'java/lang/NoSuchMethodError'{0x0000000749973940}: static Lorg/gradle/api/internal/tasks/compile/incremental/compilerapi/constants/ConstantsAnalysisResult;.<clinit>()V> (0x0000000749973940) 
thrown [c:\wsjdk\correttojdksrc\installers\windows\zip\corretto-build\buildroot\src\hotspot\share\prims\jni.cpp, line 1210]
Event: 13.208 Thread 0x0000019e32536bc0 Exception <a 'java/lang/NoSuchMethodError'{0x000000074997e3c0}: static Lorg/gradle/api/internal/tasks/compile/incremental/compilerapi/constants/ConstantToDependentsMappingBuilder;.<clinit>()V> (0x000000074997e3c0) 
thrown [c:\wsjdk\correttojdksrc\installers\windows\zip\corretto-build\buildroot\src\hotspot\share\prims\jni.cpp, line 1210]
Event: 13.508 Thread 0x0000019e335fb280 Exception <a 'java/lang/NoSuchMethodError'{0x0000000748cebe10}: static Lorg/gradle/internal/build/event/types/DefaultTaskFinishedProgressEvent;.<clinit>()V> (0x0000000748cebe10) 
thrown [c:\wsjdk\correttojdksrc\installers\windows\zip\corretto-build\buildroot\src\hotspot\share\prims\jni.cpp, line 1210]
Event: 13.512 Thread 0x0000019e335fb280 Exception <a 'java/lang/NoSuchMethodError'{0x0000000748d56e58}: static Lorg/gradle/internal/build/event/types/DefaultJavaCompileTaskSuccessResult;.<clinit>()V> (0x0000000748d56e58) 
thrown [c:\wsjdk\correttojdksrc\installers\windows\zip\corretto-build\buildroot\src\hotspot\share\prims\jni.cpp, line 1210]
Event: 13.512 Thread 0x0000019e335fb280 Exception <a 'java/lang/NoSuchMethodError'{0x0000000748d588c8}: static Lorg/gradle/internal/build/event/types/DefaultTaskSuccessResult;.<clinit>()V> (0x0000000748d588c8) 
thrown [c:\wsjdk\correttojdksrc\installers\windows\zip\corretto-build\buildroot\src\hotspot\share\prims\jni.cpp, line 1210]
Event: 13.512 Thread 0x0000019e335fb280 Exception <a 'java/lang/NoSuchMethodError'{0x0000000748d59d48}: static Lorg/gradle/internal/build/event/types/AbstractTaskResult;.<clinit>()V> (0x0000000748d59d48) 
thrown [c:\wsjdk\correttojdksrc\installers\windows\zip\corretto-build\buildroot\src\hotspot\share\prims\jni.cpp, line 1210]
Event: 13.512 Thread 0x0000019e335fb280 Exception <a 'java/lang/NoSuchMethodError'{0x0000000748d5b5a0}: static Lorg/gradle/internal/build/event/types/AbstractResult;.<clinit>()V> (0x0000000748d5b5a0) 
thrown [c:\wsjdk\correttojdksrc\installers\windows\zip\corretto-build\buildroot\src\hotspot\share\prims\jni.cpp, line 1210]
Event: 13.946 Thread 0x0000019e36e5cab0 Exception <a 'java/lang/NoSuchMethodError'{0x0000000748a5acf8}: 'void java.lang.invoke.DirectMethodHandle$Holder.invokeInterface(java.lang.Object, java.lang.Object, java.lang.Object, java.lang.Object)'> (0x0000000748a5acf8) 
thrown [c:\wsjdk\correttojdksrc\installers\windows\zip\corretto-build\buildroot\src\hotspot\share\interpreter\linkResolver.cpp, line 790]
Event: 14.290 Thread 0x0000019e36e5cab0 Exception <a 'java/lang/ClassNotFoundException'{0x0000000746b6ed30}: org/gradle/api/internal/file/collections/DefaultConfigurableFileCollectionBeanInfo> (0x0000000746b6ed30) 
thrown [c:\wsjdk\correttojdksrc\installers\windows\zip\corretto-build\buildroot\src\hotspot\share\classfile\systemDictionary.cpp, line 256]
Event: 14.290 Thread 0x0000019e36e5cab0 Exception <a 'java/lang/ClassNotFoundException'{0x0000000746b74d08}: org/gradle/api/internal/file/collections/DefaultConfigurableFileCollectionCustomizer> (0x0000000746b74d08) 
thrown [c:\wsjdk\correttojdksrc\installers\windows\zip\corretto-build\buildroot\src\hotspot\share\classfile\systemDictionary.cpp, line 256]
Event: 14.315 Thread 0x0000019e36e5cab0 Implicit null exception at 0x0000019e20084d21 to 0x0000019e20085340
Event: 14.323 Thread 0x0000019e36e5cab0 Exception <a 'java/lang/ClassNotFoundException'{0x000000074677c8e0}: com/intellij/openapi/externalSystem/rt/execution/ForkedDebuggerHelperBeanInfo> (0x000000074677c8e0) 
thrown [c:\wsjdk\correttojdksrc\installers\windows\zip\corretto-build\buildroot\src\hotspot\share\classfile\systemDictionary.cpp, line 256]
Event: 14.324 Thread 0x0000019e36e5cab0 Exception <a 'java/lang/ClassNotFoundException'{0x0000000746785040}: com/intellij/openapi/externalSystem/rt/execution/ForkedDebuggerHelperCustomizer> (0x0000000746785040) 
thrown [c:\wsjdk\correttojdksrc\installers\windows\zip\corretto-build\buildroot\src\hotspot\share\classfile\systemDictionary.cpp, line 256]
Event: 14.326 Thread 0x0000019e36e5cab0 Exception <a 'java/net/SocketException'{0x0000000746798158}: Socket is not connected: shutdown> (0x0000000746798158) 
thrown [c:\wsjdk\correttojdksrc\installers\windows\zip\corretto-build\buildroot\src\hotspot\share\prims\jni.cpp, line 600]
Event: 268.819 Thread 0x0000019e36e5cab0 Exception <a 'java/lang/reflect/InvocationTargetException'{0x00000007467eb368}> (0x00000007467eb368) 
thrown [c:\wsjdk\correttojdksrc\installers\windows\zip\corretto-build\buildroot\src\hotspot\share\runtime\reflection.cpp, line 1157]
Event: 268.825 Thread 0x0000019e335fb280 Exception <a 'java/lang/NoSuchMethodError'{0x0000000745bd16a0}: static Lorg/gradle/internal/build/event/types/DefaultTaskFailureResult;.<clinit>()V> (0x0000000745bd16a0) 
thrown [c:\wsjdk\correttojdksrc\installers\windows\zip\corretto-build\buildroot\src\hotspot\share\prims\jni.cpp, line 1210]
Event: 268.826 Thread 0x0000019e335fb280 Exception <a 'java/lang/NoSuchMethodError'{0x0000000745be2360}: static Lorg/gradle/internal/build/event/types/DefaultFailure;.<clinit>()V> (0x0000000745be2360) 
thrown [c:\wsjdk\correttojdksrc\installers\windows\zip\corretto-build\buildroot\src\hotspot\share\prims\jni.cpp, line 1210]

Events (20 events):
Event: 268.824 Thread 0x0000019e36e575b0 Thread exited: 0x0000019e36e575b0
Event: 268.824 Thread 0x0000019e36e5c560 Thread exited: 0x0000019e36e5c560
Event: 268.824 Thread 0x0000019e36e57060 Thread exited: 0x0000019e36e57060
Event: 268.824 Thread 0x0000019e36e5cab0 Thread exited: 0x0000019e36e5cab0
Event: 268.824 Thread 0x0000019e36e59ae0 Thread exited: 0x0000019e36e59ae0
Event: 268.824 Thread 0x0000019e36e5b570 Thread exited: 0x0000019e36e5b570
Event: 268.824 Thread 0x0000019e36e56b10 Thread exited: 0x0000019e36e56b10
Event: 268.824 Thread 0x0000019e36e5a580 Thread exited: 0x0000019e36e5a580
Event: 268.824 Thread 0x0000019e36e5a030 Thread exited: 0x0000019e36e5a030
Event: 268.827 loading class java/util/concurrent/ConcurrentLinkedQueue$Itr
Event: 268.828 loading class java/util/concurrent/ConcurrentLinkedQueue$Itr done
Event: 268.830 loading class java/util/logging/LogRecord
Event: 268.831 loading class java/util/logging/LogRecord done
Event: 268.836 Executing  VM operation: HandshakeAllThreads
Event: 268.837 Executing  VM operation: HandshakeAllThreads done
Event: 268.837 Executing  VM operation: Cleanup
Event: 268.837 Executing  VM operation: Cleanup done
Event: 268.839 Executing  VM operation: HandshakeAllThreads
Event: 268.839 Executing  VM operation: HandshakeAllThreads done
Event: 268.842 Thread 0x0000019e38856a50 Thread added: 0x0000019e38856a50


Dynamic libraries:
0x00007ff6208b0000 - 0x00007ff6208bd000 	C:\Users\opadfnezig\.jdks\corretto-16.0.2\bin\java.exe
0x00007ff8d2c90000 - 0x00007ff8d2e85000 	C:\Windows\SYSTEM32\ntdll.dll
0x00007ff8d0d90000 - 0x00007ff8d0e4d000 	C:\Windows\System32\KERNEL32.DLL
0x00007ff8d04b0000 - 0x00007ff8d0778000 	C:\Windows\System32\KERNELBASE.dll
0x00007ff8d08e0000 - 0x00007ff8d09e0000 	C:\Windows\System32\ucrtbase.dll
0x00007ff8c6a10000 - 0x00007ff8c6a28000 	C:\Users\opadfnezig\.jdks\corretto-16.0.2\bin\jli.dll
0x00007ff8c6370000 - 0x00007ff8c6385000 	C:\Users\opadfnezig\.jdks\corretto-16.0.2\bin\VCRUNTIME140.dll
0x00007ff8d1250000 - 0x00007ff8d13f0000 	C:\Windows\System32\USER32.dll
0x00007ff8d0b40000 - 0x00007ff8d0b62000 	C:\Windows\System32\win32u.dll
0x00007ff8bedc0000 - 0x00007ff8bf05a000 	C:\Windows\WinSxS\amd64_microsoft.windows.common-controls_6595b64144ccf1df_6.0.19041.844_none_ca00b6081b84eb1d\COMCTL32.dll
0x00007ff8d2450000 - 0x00007ff8d24ee000 	C:\Windows\System32\msvcrt.dll
0x00007ff8d13f0000 - 0x00007ff8d141a000 	C:\Windows\System32\GDI32.dll
0x00007ff8d07d0000 - 0x00007ff8d08db000 	C:\Windows\System32\gdi32full.dll
0x00007ff8d0c20000 - 0x00007ff8d0cbd000 	C:\Windows\System32\msvcp_win.dll
0x00007ff8d2c20000 - 0x00007ff8d2c50000 	C:\Windows\System32\IMM32.DLL
0x00007ff894a50000 - 0x00007ff894aeb000 	C:\Users\opadfnezig\.jdks\corretto-16.0.2\bin\msvcp140.dll
0x00007ff866350000 - 0x00007ff866f59000 	C:\Users\opadfnezig\.jdks\corretto-16.0.2\bin\server\jvm.dll
0x00007ff8d1950000 - 0x00007ff8d19fc000 	C:\Windows\System32\ADVAPI32.dll
0x00007ff8d0cf0000 - 0x00007ff8d0d8b000 	C:\Windows\System32\sechost.dll
0x00007ff8d1820000 - 0x00007ff8d194b000 	C:\Windows\System32\RPCRT4.dll
0x00007ff8d2a10000 - 0x00007ff8d2a18000 	C:\Windows\System32\PSAPI.DLL
0x00007ff8c9300000 - 0x00007ff8c9327000 	C:\Windows\SYSTEM32\WINMM.dll
0x00007ff8bfaf0000 - 0x00007ff8bfaf9000 	C:\Windows\SYSTEM32\WSOCK32.dll
0x00007ff8c9d80000 - 0x00007ff8c9d8a000 	C:\Windows\SYSTEM32\VERSION.dll
0x00007ff8d1b00000 - 0x00007ff8d1b6b000 	C:\Windows\System32\WS2_32.dll
0x00007ff8ce340000 - 0x00007ff8ce352000 	C:\Windows\SYSTEM32\kernel.appcore.dll
0x00007ff8c92e0000 - 0x00007ff8c92ea000 	C:\Users\opadfnezig\.jdks\corretto-16.0.2\bin\jimage.dll
0x00007ff8bc610000 - 0x00007ff8bc7f4000 	C:\Windows\SYSTEM32\DBGHELP.DLL
0x00007ff8bc5c0000 - 0x00007ff8bc5ec000 	C:\Windows\SYSTEM32\dbgcore.DLL
0x00007ff8d03d0000 - 0x00007ff8d0450000 	C:\Windows\System32\bcryptPrimitives.dll
0x00007ff8a7060000 - 0x00007ff8a709a000 	C:\Users\opadfnezig\.jdks\corretto-16.0.2\bin\jdwp.dll
0x00007ff8bca10000 - 0x00007ff8bca35000 	C:\Users\opadfnezig\.jdks\corretto-16.0.2\bin\java.dll
0x00007ff8d1ca0000 - 0x00007ff8d23e2000 	C:\Windows\System32\SHELL32.dll
0x00007ff8ce540000 - 0x00007ff8cecd0000 	C:\Windows\SYSTEM32\windows.storage.dll
0x00007ff8d1420000 - 0x00007ff8d1775000 	C:\Windows\System32\combase.dll
0x00007ff8cfe40000 - 0x00007ff8cfe6c000 	C:\Windows\SYSTEM32\Wldp.dll
0x00007ff8d0e50000 - 0x00007ff8d0efe000 	C:\Windows\System32\SHCORE.dll
0x00007ff8d11f0000 - 0x00007ff8d1245000 	C:\Windows\System32\shlwapi.dll
0x00007ff8d0310000 - 0x00007ff8d032f000 	C:\Windows\SYSTEM32\profapi.dll
0x00007ff8c69b0000 - 0x00007ff8c69bc000 	C:\Users\opadfnezig\.jdks\corretto-16.0.2\bin\dt_socket.dll
0x00007ff8cf850000 - 0x00007ff8cf88b000 	C:\Windows\SYSTEM32\IPHLPAPI.DLL
0x00007ff8cfbb0000 - 0x00007ff8cfc1a000 	C:\Windows\system32\mswsock.dll
0x00007ff8c6350000 - 0x00007ff8c6369000 	C:\Users\opadfnezig\.jdks\corretto-16.0.2\bin\net.dll
0x00007ff8c91d0000 - 0x00007ff8c92db000 	C:\Windows\SYSTEM32\WINHTTP.dll
0x00007ff8c08d0000 - 0x00007ff8c08e3000 	C:\Users\opadfnezig\.jdks\corretto-16.0.2\bin\nio.dll
0x00007ff8c0890000 - 0x00007ff8c08a8000 	C:\Users\opadfnezig\.jdks\corretto-16.0.2\bin\zip.dll
0x00007ff8c6900000 - 0x00007ff8c6910000 	C:\Users\opadfnezig\.jdks\corretto-16.0.2\bin\verify.dll
0x00007ff8c65d0000 - 0x00007ff8c65f7000 	C:\Users\opadfnezig\.gradle\native\8bec1ad78214c89d9ad589b4d07fe93259594b29d510b10fafb7a158f7737e5d\windows-amd64\native-platform.dll
0x00007ff86b750000 - 0x00007ff86b88d000 	C:\Users\opadfnezig\.gradle\native\53dbd7edfb1c66fb8903c78663c9afc45aea4f116125fa6feffd364cf09443e8\windows-amd64\native-platform-file-events.dll
0x00007ff8c65c0000 - 0x00007ff8c65c9000 	C:\Users\opadfnezig\.jdks\corretto-16.0.2\bin\management.dll
0x00007ff8c6210000 - 0x00007ff8c621b000 	C:\Users\opadfnezig\.jdks\corretto-16.0.2\bin\management_ext.dll
0x00007ff8cfd90000 - 0x00007ff8cfda8000 	C:\Windows\SYSTEM32\CRYPTSP.dll
0x00007ff8cf4e0000 - 0x00007ff8cf514000 	C:\Windows\system32\rsaenh.dll
0x00007ff8d0cc0000 - 0x00007ff8d0ce7000 	C:\Windows\System32\bcrypt.dll
0x00007ff8d0290000 - 0x00007ff8d02be000 	C:\Windows\SYSTEM32\USERENV.dll
0x00007ff8cfd80000 - 0x00007ff8cfd8c000 	C:\Windows\SYSTEM32\CRYPTBASE.dll
0x00007ff8d0f00000 - 0x00007ff8d0f08000 	C:\Windows\System32\NSI.dll
0x00007ff8ca400000 - 0x00007ff8ca417000 	C:\Windows\SYSTEM32\dhcpcsvc6.DLL
0x00007ff8ca390000 - 0x00007ff8ca3ad000 	C:\Windows\SYSTEM32\dhcpcsvc.DLL
0x00007ff8cf8a0000 - 0x00007ff8cf96c000 	C:\Windows\SYSTEM32\DNSAPI.dll
0x00007ff8bcb10000 - 0x00007ff8bcb1e000 	C:\Users\opadfnezig\.jdks\corretto-16.0.2\bin\sunmscapi.dll
0x00007ff8d09e0000 - 0x00007ff8d0b3f000 	C:\Windows\System32\CRYPT32.dll
0x00007ff8cfeb0000 - 0x00007ff8cfed7000 	C:\Windows\SYSTEM32\ncrypt.dll
0x00007ff8cfe70000 - 0x00007ff8cfeab000 	C:\Windows\SYSTEM32\NTASN1.dll
0x00007ff8bbb00000 - 0x00007ff8bbb07000 	C:\Windows\system32\wshunix.dll
0x00007ff8c8b40000 - 0x00007ff8c8b4a000 	C:\Windows\System32\rasadhlp.dll
0x00007ff8c7920000 - 0x00007ff8c799f000 	C:\Windows\System32\fwpuclnt.dll

dbghelp: loaded successfully - version: 4.0.5 - missing functions: none
symbol engine: initialized successfully - sym options: 0x614 - pdb path: .;C:\Users\opadfnezig\.jdks\corretto-16.0.2\bin;C:\Windows\SYSTEM32;C:\Windows\WinSxS\amd64_microsoft.windows.common-controls_6595b64144ccf1df_6.0.19041.844_none_ca00b6081b84eb1d;C:\Users\opadfnezig\.jdks\corretto-16.0.2\bin\server;C:\Users\opadfnezig\.gradle\native\8bec1ad78214c89d9ad589b4d07fe93259594b29d510b10fafb7a158f7737e5d\windows-amd64;C:\Users\opadfnezig\.gradle\native\53dbd7edfb1c66fb8903c78663c9afc45aea4f116125fa6feffd364cf09443e8\windows-amd64

VM Arguments:
jvm_args: -agentlib:jdwp=transport=dt_socket,server=n,suspend=y,address=127.0.0.1:62894 --add-opens=java.base/java.util=ALL-UNNAMED --add-opens=java.base/java.lang=ALL-UNNAMED --add-opens=java.base/java.lang.invoke=ALL-UNNAMED --add-opens=java.base/java.util=ALL-UNNAMED --add-opens=java.prefs/java.util.prefs=ALL-UNNAMED --add-opens=java.prefs/java.util.prefs=ALL-UNNAMED --add-opens=java.base/java.nio.charset=ALL-UNNAMED --add-opens=java.base/java.net=ALL-UNNAMED --add-opens=java.base/java.util.concurrent.atomic=ALL-UNNAMED -Xmx3G -Dfile.encoding=windows-1251 -Duser.country=RU -Duser.language=ru -Duser.variant 
java_command: org.gradle.launcher.daemon.bootstrap.GradleDaemon 7.1.1
java_class_path (initial): C:\Users\opadfnezig\.gradle\wrapper\dists\gradle-7.1.1-bin\f29rtwfnc96ub43tt7p47zsru\gradle-7.1.1\lib\gradle-launcher-7.1.1.jar
Launcher Type: SUN_STANDARD

[Global flags]
     intx CICompilerCount                          = 4                                         {product} {ergonomic}
     uint ConcGCThreads                            = 3                                         {product} {ergonomic}
     uint G1ConcRefinementThreads                  = 10                                        {product} {ergonomic}
   size_t G1HeapRegionSize                         = 2097152                                   {product} {ergonomic}
    uintx GCDrainStackTargetSize                   = 64                                        {product} {ergonomic}
   size_t InitialHeapSize                          = 268435456                                 {product} {ergonomic}
   size_t MarkStackSize                            = 4194304                                   {product} {ergonomic}
   size_t MaxHeapSize                              = 3221225472                                {product} {command line}
   size_t MaxNewSize                               = 1931476992                                {product} {ergonomic}
   size_t MinHeapDeltaBytes                        = 2097152                                   {product} {ergonomic}
   size_t MinHeapSize                              = 8388608                                   {product} {ergonomic}
    uintx NonNMethodCodeHeapSize                   = 5839372                                {pd product} {ergonomic}
    uintx NonProfiledCodeHeapSize                  = 122909434                              {pd product} {ergonomic}
    uintx ProfiledCodeHeapSize                     = 122909434                              {pd product} {ergonomic}
    uintx ReservedCodeCacheSize                    = 251658240                              {pd product} {ergonomic}
     bool SegmentedCodeCache                       = true                                      {product} {ergonomic}
   size_t SoftMaxHeapSize                          = 3221225472                             {manageable} {ergonomic}
     bool UseCompressedClassPointers               = true                           {product lp64_product} {ergonomic}
     bool UseCompressedOops                        = true                           {product lp64_product} {ergonomic}
     bool UseG1GC                                  = true                                      {product} {ergonomic}
     bool UseLargePagesIndividualAllocation        = false                                  {pd product} {ergonomic}

Logging:
Log output configuration:
 #0: stdout all=warning uptime,level,tags
 #1: stderr all=off uptime,level,tags

Environment Variables:
JAVA_HOME=C:\Program Files\Eclipse Adoptium\jdk-8.0.312.7-hotspot\
PATH=C:\Program Files\Eclipse Adoptium\jdk-8.0.312.7-hotspot\bin;C:\Program Files (x86)\OpenJDK\jdk-8.0.262.10-hotspot\bin;C:\Program Files\Oculus\Support\oculus-runtime;C:\Program Files\AdoptOpenJDK\jdk-16.0.1.9-hotspot\bin;C:\Program Files (x86)\AMD APP\bin\x86_64;C:\Program Files (x86)\AMD APP\bin\x86;C:\Windows\system32;C:\Windows;C:\Windows\System32\Wbem;C:\Windows\System32\WindowsPowerShell\v1.0\;C:\Windows\System32\OpenSSH\;C:\Program Files (x86)\ATI Technologies\ATI.ACE\Core-Static;C:\Program Files (x86)\NVIDIA Corporation\PhysX\Common;C:\Program Files\Process Lasso\;C:\Program Files\dotnet\;C:\Program Files\Microsoft SQL Server\130\Tools\Binn\;D:\Program Files (x86)\Brackets\command;C:\Program Files (x86)\dotnet\;D:\nodejs\;C:\Program Files\PuTTY\;C:\Program Files\Git\cmd;C:\Program Files\Microsoft Network Monitor 3\;C:\Users\opadfnezig\AppData\Local\Microsoft\WindowsApps;C:\Users\opadfnezig\.dotnet\tools;C:\Users\opadfnezig\AppData\Roaming\npm;C:\Users\opadfnezig\AppData\Local\GitHubDesktop\bin
USERNAME=opadfnezig
OS=Windows_NT
PROCESSOR_IDENTIFIER=AMD64 Family 23 Model 8 Stepping 2, AuthenticAMD



---------------  S Y S T E M  ---------------

OS:
 Windows 10 , 64 bit Build 19041 (10.0.19041.928)
OS uptime: 1 days 16:15 hours

CPU: total 12 (initial active 12) (12 cores per cpu, 2 threads per core) family 23 model 8 stepping 2 microcode 0x0, cx8, cmov, fxsr, ht, mmx, 3dnowpref, sse, sse2, sse3, ssse3, sse4a, sse4.1, sse4.2, popcnt, lzcnt, tsc, tscinvbit, avx, avx2, aes, clmul, bmi1, bmi2, adx, sha, fma, vzeroupper, clflush, clflushopt

Memory: 4k page, system-wide physical 16335M (3370M free)
TotalPageFile size 30273M (AvailPageFile size 4583M)
current process WorkingSet (physical memory assigned to process): 446M, peak: 540M
current process commit charge ("private bytes"): 505M, peak: 600M

vm_info: OpenJDK 64-Bit Server VM (16.0.2+7) for windows-amd64 JRE (16.0.2+7), built on Jul 22 2021 01:11:46 by "Administrator" with MS VC++ 15.9 (VS2017)

END.
