#
# A fatal error has been detected by the Java Runtime Environment:
#
#  EXCEPTION_ACCESS_VIOLATION (0xc0000005) at pc=0x00007ff86b76c4be, pid=27572, tid=18600
#
# JRE version: OpenJDK Runtime Environment Corretto-16.0.2.7.1 (16.0.2+7) (build 16.0.2+7)
# Java VM: OpenJDK 64-Bit Server VM Corretto-16.0.2.7.1 (16.0.2+7, mixed mode, sharing, tiered, compressed oops, compressed class ptrs, g1 gc, windows-amd64)
# Problematic frame:
# C  [native-platform-file-events.dll+0x1c4be]
#
# No core dump will be written. Minidumps are not enabled by default on client versions of Windows
#
# If you would like to submit a bug report, please visit:
#   https://github.com/corretto/corretto-jdk/issues/
# The crash happened outside the Java Virtual Machine in native code.
# See problematic frame for where to report the bug.
#

---------------  S U M M A R Y ------------

Command Line: -agentlib:jdwp=transport=dt_socket,server=n,suspend=y,address=127.0.0.1:60988 --add-opens=java.base/java.util=ALL-UNNAMED --add-opens=java.base/java.lang=ALL-UNNAMED --add-opens=java.base/java.lang.invoke=ALL-UNNAMED --add-opens=java.base/java.util=ALL-UNNAMED --add-opens=java.prefs/java.util.prefs=ALL-UNNAMED --add-opens=java.prefs/java.util.prefs=ALL-UNNAMED --add-opens=java.base/java.nio.charset=ALL-UNNAMED --add-opens=java.base/java.net=ALL-UNNAMED --add-opens=java.base/java.util.concurrent.atomic=ALL-UNNAMED -Xmx3G -Dfile.encoding=windows-1251 -Duser.country=RU -Duser.language=ru -Duser.variant org.gradle.launcher.daemon.bootstrap.GradleDaemon 7.1.1

Host: AMD Ryzen 5 1600 Six-Core Processor            , 12 cores, 15G,  Windows 10 , 64 bit Build 19041 (10.0.19041.928)
Time: Wed Nov 10 16:32:55 2021  Windows 10 , 64 bit Build 19041 (10.0.19041.928) elapsed time: 507.009164 seconds (0d 0h 8m 27s)

---------------  T H R E A D  ---------------

Current thread (0x000001f4f6ac1ce0):  JavaThread "File watcher server" daemon [_thread_in_native, id=18600, stack(0x000000cf12900000,0x000000cf12a00000)]

Stack: [0x000000cf12900000,0x000000cf12a00000],  sp=0x000000cf129fe640,  free space=1017k
Native frames: (J=compiled Java code, j=interpreted, Vv=VM code, C=native code)
C  [native-platform-file-events.dll+0x1c4be]

Java frames: (J=compiled Java code, j=interpreted, Vv=VM code)
j  net.rubygrapefruit.platform.internal.jni.AbstractFileEventFunctions$NativeFileWatcher.executeRunLoop0(Ljava/lang/Object;)V+0
j  net.rubygrapefruit.platform.internal.jni.AbstractFileEventFunctions$NativeFileWatcher.access$100(Lnet/rubygrapefruit/platform/internal/jni/AbstractFileEventFunctions$NativeFileWatcher;Ljava/lang/Object;)V+2
j  net.rubygrapefruit.platform.internal.jni.AbstractFileEventFunctions$NativeFileWatcher$1.run()V+26
v  ~StubRoutines::call_stub

siginfo: EXCEPTION_ACCESS_VIOLATION (0xc0000005), reading address 0xffffffffffffffff


Register to memory mapping:

RIP=0x00007ff86b76c4be native-platform-file-events.dll
RAX=0x2473636974736974 is an unknown value
RBX=0x0000000000000001 is an unknown value
RCX=0x2473636974736974 is an unknown value
RDX=0x000000cf129fe698 is pointing into the stack for thread: 0x000001f4f6ac1ce0
RSP=0x000000cf129fe640 is pointing into the stack for thread: 0x000001f4f6ac1ce0
RBP=0x000000cf129ff038 is pointing into the stack for thread: 0x000001f4f6ac1ce0
RSI=0x0 is NULL
RDI=0x00000000ffffffff is an unknown value
R8 =0x000000cf129fe6a0 is pointing into the stack for thread: 0x000001f4f6ac1ce0
R9 =0x000000007ffec000 points into unknown readable memory: 0x00000000546c6148 | 48 61 6c 54 00 00 00 00
R10=0x00000000546c6148 is an unknown value
R11=0x0000008c0f09a151 is an unknown value
R12=0x0 is NULL
R13={method} {0x000001f4fa76e9e0} 'executeRunLoop0' '(Ljava/lang/Object;)V' in 'net/rubygrapefruit/platform/internal/jni/AbstractFileEventFunctions$NativeFileWatcher'
R14=0x000000cf129ff060 is pointing into the stack for thread: 0x000001f4f6ac1ce0
R15=0x000001f4f6ac1ce0 is a thread


Registers:
RAX=0x2473636974736974, RBX=0x0000000000000001, RCX=0x2473636974736974, RDX=0x000000cf129fe698
RSP=0x000000cf129fe640, RBP=0x000000cf129ff038, RSI=0x0000000000000000, RDI=0x00000000ffffffff
R8 =0x000000cf129fe6a0, R9 =0x000000007ffec000, R10=0x00000000546c6148, R11=0x0000008c0f09a151
R12=0x0000000000000000, R13=0x000001f4fa76e9d8, R14=0x000000cf129ff060, R15=0x000001f4f6ac1ce0
RIP=0x00007ff86b76c4be, EFLAGS=0x0000000000010202

Top of Stack: (sp=0x000000cf129fe640)
0x000000cf129fe640:   000087494c630c50 000087494c4b4278
0x000000cf129fe650:   000087494c630c50 00007ff86b787be5
0x000000cf129fe660:   000000cf129fe718 000000cf129fe698
0x000000cf129fe670:   000000cf00000000 000000cf129fe6a8
0x000000cf129fe680:   000000cf129f0001 0000015a553e6e34
0x000000cf129fe690:   000000cf129fe6a0 0000000000000001
0x000000cf129fe6a0:   000087494c4b4278 000087494c630c50
0x000000cf129fe6b0:   000000cf129ff060 00007ff86b787777
0x000000cf129fe6c0:   000000cf129fe718 000000cf129fe710
0x000000cf129fe6d0:   000001f4f69839b0 000001f4dbe8e3dc
0x000000cf129fe6e0:   0000000000000000 00007ff86b778bee
0x000000cf129fe6f0:   000087494c630c50 0000000000000001
0x000000cf129fe700:   000000cf121fc4d0 000000074a000170
0x000000cf129fe710:   00001292f6eb9cb9 0000000000000001
0x000000cf129fe720:   000000cf129fe750 00007ff86b76c6ec
0x000000cf129fe730:   2473636974736974 000000cf00000003 

Instructions: (pc=0x00007ff86b76c4be)
0x00007ff86b76c3be:   8b 00 48 89 44 24 38 48 8b 44 24 38 48 89 44 24
0x00007ff86b76c3ce:   58 48 8b 84 24 b0 00 00 00 48 83 c0 08 48 89 44
0x00007ff86b76c3de:   24 40 48 8d 54 24 70 48 8b 4c 24 40 e8 26 50 fe
0x00007ff86b76c3ee:   ff 48 8b 00 48 89 44 24 48 48 8b 44 24 48 48 89
0x00007ff86b76c3fe:   44 24 60 4c 8b 4c 24 50 4c 8b 44 24 58 48 8b 54
0x00007ff86b76c40e:   24 60 48 8d 4c 24 78 e8 31 92 fe ff 48 8d 4c 24
0x00007ff86b76c41e:   78 e8 8b 6a fe ff 48 8b c8 ff 15 db ab 11 00 89
0x00007ff86b76c42e:   44 24 24 83 7c 24 24 ff 74 15 8b 44 24 24 83 e0
0x00007ff86b76c43e:   10 85 c0 74 0a c7 44 24 28 01 00 00 00 eb 08 c7
0x00007ff86b76c44e:   44 24 28 00 00 00 00 0f b6 44 24 28 88 44 24 20
0x00007ff86b76c45e:   48 8d 4c 24 78 e8 1f 97 fe ff 0f b6 44 24 20 48
0x00007ff86b76c46e:   8b 8c 24 98 00 00 00 48 33 cc e8 8f 76 fe ff 48
0x00007ff86b76c47e:   81 c4 a8 00 00 00 c3 cc cc cc cc cc cc cc cc cc
0x00007ff86b76c48e:   cc cc 48 89 4c 24 08 48 81 ec e8 00 00 00 48 8b
0x00007ff86b76c49e:   05 a5 7d 10 00 48 33 c4 48 89 84 24 d0 00 00 00
0x00007ff86b76c4ae:   c7 44 24 30 00 00 00 00 48 8b 84 24 f0 00 00 00
0x00007ff86b76c4be:   83 78 68 03 0f 84 02 01 00 00 48 8b 84 24 f0 00
0x00007ff86b76c4ce:   00 00 48 8b 48 28 ff 15 36 ab 11 00 89 44 24 38
0x00007ff86b76c4de:   83 7c 24 38 00 0f 85 d0 00 00 00 ba 07 00 00 00
0x00007ff86b76c4ee:   48 8b 0d 1b b0 10 00 e8 48 a4 fe ff 88 44 24 34
0x00007ff86b76c4fe:   0f b6 44 24 34 85 c0 0f 84 90 00 00 00 ff 15 07
0x00007ff86b76c50e:   ab 11 00 89 44 24 3c 48 8b 84 24 f0 00 00 00 48
0x00007ff86b76c51e:   83 c0 08 48 8b d0 48 8d 8c 24 90 00 00 00 e8 05
0x00007ff86b76c52e:   51 fe ff 48 89 44 24 40 48 8b 44 24 40 48 89 44
0x00007ff86b76c53e:   24 48 8b 44 24 30 83 c8 01 89 44 24 30 48 8b 4c
0x00007ff86b76c54e:   24 48 e8 d5 52 fe ff 48 89 44 24 50 48 8b 84 24
0x00007ff86b76c55e:   f0 00 00 00 48 8b 40 28 48 89 44 24 58 8b 44 24
0x00007ff86b76c56e:   3c 89 44 24 28 48 8b 44 24 50 48 89 44 24 20 4c
0x00007ff86b76c57e:   8b 4c 24 58 4c 8d 05 77 af 0d 00 ba 07 00 00 00
0x00007ff86b76c58e:   48 8b 0d 7b af 10 00 e8 f8 71 fe ff 90 8b 44 24
0x00007ff86b76c59e:   30 83 e0 01 85 c0 74 13 83 64 24 30 fe 48 8d 8c
0x00007ff86b76c5ae:   24 90 00 00 00 e8 e7 5a fe ff 90 eb 00 48 8b 84 


Stack slot to memory mapping:
stack at sp + 0 slots: 0x000087494c630c50 is an unknown value
stack at sp + 1 slots: 0x000087494c4b4278 is an unknown value
stack at sp + 2 slots: 0x000087494c630c50 is an unknown value
stack at sp + 3 slots: 0x00007ff86b787be5 native-platform-file-events.dll
stack at sp + 4 slots: 0x000000cf129fe718 is pointing into the stack for thread: 0x000001f4f6ac1ce0
stack at sp + 5 slots: 0x000000cf129fe698 is pointing into the stack for thread: 0x000001f4f6ac1ce0
stack at sp + 6 slots: 0x000000cf00000000 is an unknown value
stack at sp + 7 slots: 0x000000cf129fe6a8 is pointing into the stack for thread: 0x000001f4f6ac1ce0


---------------  P R O C E S S  ---------------

Threads class SMR info:
_java_thread_list=0x000001f4fe40eb30, length=180, elements={
0x000001f4d2cf84e0, 0x000001f4f51feed0, 0x000001f4f5200440, 0x000001f4f5217260,
0x000001f4f5218b80, 0x000001f4f5219490, 0x000001f4f521c410, 0x000001f4f5246550,
0x000001f4f5247640, 0x000001f4f524cb40, 0x000001f4f5d38710, 0x000001f4f5d4a120,
0x000001f4f5d5eb50, 0x000001f4f5d61430, 0x000001f4f5d74920, 0x000001f4f82648d0,
0x000001f4f8043f80, 0x000001f4f86a3290, 0x000001f4f8965d40, 0x000001f4f89e4190,
0x000001f4f77671f0, 0x000001f4f6b54fd0, 0x000001f4f76f8710, 0x000001f4f6ac0cf0,
0x000001f4f6ac0250, 0x000001f4f6ac1240, 0x000001f4f6ac1790, 0x000001f4f6ac3220,
0x000001f4f6abfd00, 0x000001f4f6ac1ce0, 0x000001f4f6ac2230, 0x000001f4f6ac2cd0,
0x000001f4f8754410, 0x000001f4f8751ee0, 0x000001f4f8754eb0, 0x000001f4f87573e0,
0x000001f4f8750ef0, 0x000001f4f8752980, 0x000001f4f8755400, 0x000001f4f8757930,
0x000001f4f87563f0, 0x000001f4f8753ec0, 0x000001f4f8757e80, 0x000001f4f87583d0,
0x000001f4f8751440, 0x000001f4fe3d35e0, 0x000001f4fe3d45d0, 0x000001f4fe3d6060,
0x000001f4fe3d7af0, 0x000001f4fe3d65b0, 0x000001f4fe3d3b30, 0x000001f4fe3d4b20,
0x000001f4fe3d8040, 0x000001f4fe3d6b00, 0x000001f4fe3d7050, 0x000001f4fe3d4080,
0x000001f4fe3d10b0, 0x000001f4fe3d75a0, 0x000001f4fe3d0b60, 0x000001f4fe3d2b40,
0x000001f4fe3d8590, 0x000001f4fe3d1b50, 0x000001f4fe3d1600, 0x000001f4fe3d3090,
0x000001f4fe3d5070, 0x000001f4fe3d55c0, 0x000001f4fe3d5b10, 0x000001f4fe3d20a0,
0x000001f4fe3d25f0, 0x000001f4fab2c780, 0x000001f4fab2a7a0, 0x000001f4fab2bce0,
0x000001f4fab2a250, 0x000001f4fab287c0, 0x000001f4fab2dcc0, 0x000001f4fab2e210,
0x000001f4fab28d10, 0x000001f4fab2f750, 0x000001f4fab2e760, 0x000001f4fab29260,
0x000001f4fab2ecb0, 0x000001f4fab2fca0, 0x000001f4fab301f0, 0x000001f4fb1e99a0,
0x000001f4fb1e3f50, 0x000001f4fb1e7470, 0x000001f4fb1e4f40, 0x000001f4fb1e8f00,
0x000001f4fb1ea440, 0x000001f4fb1e49f0, 0x000001f4fb1e9ef0, 0x000001f4fb1e9450,
0x000001f4fb1e5f30, 0x000001f4fb1e6480, 0x000001f4fb1e79c0, 0x000001f4fb1ea990,
0x000001f4fb1e5490, 0x000001f4fb1e69d0, 0x000001f4fb1e89b0, 0x000001f4fb1e7f10,
0x000001f4fb1eaee0, 0x000001f4fb1e8460, 0x000001f4fb1e34b0, 0x000001f4fb1e6f20,
0x000001f4fb1e3a00, 0x000001f4fb1e59e0, 0x000001f4fb1e44a0, 0x000001f4f61f4050,
0x000001f4f61f35b0, 0x000001f4f61f5040, 0x000001f4f61f6030, 0x000001f4f61f4af0,
0x000001f4f61f5590, 0x000001f4f61f45a0, 0x000001f4f61f5ae0, 0x000001f4f61f6580,
0x000001f4f61f3060, 0x000001f4f61f3b00, 0x000001f4fd9eaae0, 0x000001f4fd9eb580,
0x000001f4fd9ea590, 0x000001f4fd9e8060, 0x000001f4fd9e95a0, 0x000001f4fd9e9050,
0x000001f4fd9e85b0, 0x000001f4fd9e9af0, 0x000001f4fd9eb030, 0x000001f4fd9e8b00,
0x000001f4fd9ea040, 0x000001f4fc318050, 0x000001f4fc31a580, 0x000001f4fc3175b0,
0x000001f4fc31cab0, 0x000001f4fc31dff0, 0x000001f4fc31a030, 0x000001f4fc31aad0,
0x000001f4fc31b020, 0x000001f4fc3185a0, 0x000001f4fc31d550, 0x000001f4fc31ea90,
0x000001f4fc31e540, 0x000001f4fc318af0, 0x000001f4fc31bac0, 0x000001f4fc31b570,
0x000001f4fc319040, 0x000001f4fc31c010, 0x000001f4fc317060, 0x000001f4fc31c560,
0x000001f4fc317b00, 0x000001f4fc319ae0, 0x000001f4fc319590, 0x000001f4feedc5f0,
0x000001f4feedd090, 0x000001f4feee0b00, 0x000001f4feeddb30, 0x000001f4feedfb10,
0x000001f4feede080, 0x000001f4feee0060, 0x000001f4feedc0a0, 0x000001f4feede5d0,
0x000001f4feedeb20, 0x000001f4feee1050, 0x000001f4feee15a0, 0x000001f4feedab60,
0x000001f4feedbb50, 0x000001f484bb89a0, 0x000001f484bb8ef0, 0x000001f484bb5480,
0x000001f484bb69c0, 0x000001f484bb4490, 0x000001f484bb9440, 0x000001f484bb6f10,
0x000001f484bb9990, 0x000001f484bb2f50, 0x000001f484bb34a0, 0x000001f484bb7460,
0x000001f484bb5f20, 0x000001f484bb79b0, 0x000001f48738c080, 0x000001f4873880c0
}

Java Threads: ( => current thread )
  0x000001f4d2cf84e0 JavaThread "main" [_thread_blocked, id=18820, stack(0x000000cf0fa00000,0x000000cf0fb00000)]
  0x000001f4f51feed0 JavaThread "Reference Handler" daemon [_thread_blocked, id=14920, stack(0x000000cf10100000,0x000000cf10200000)]
  0x000001f4f5200440 JavaThread "Finalizer" daemon [_thread_blocked, id=25232, stack(0x000000cf10200000,0x000000cf10300000)]
  0x000001f4f5217260 JavaThread "Signal Dispatcher" daemon [_thread_blocked, id=16424, stack(0x000000cf10300000,0x000000cf10400000)]
  0x000001f4f5218b80 JavaThread "Attach Listener" daemon [_thread_blocked, id=28760, stack(0x000000cf10400000,0x000000cf10500000)]
  0x000001f4f5219490 JavaThread "Service Thread" daemon [_thread_blocked, id=23012, stack(0x000000cf10500000,0x000000cf10600000)]
  0x000001f4f521c410 JavaThread "Monitor Deflation Thread" daemon [_thread_blocked, id=11536, stack(0x000000cf10600000,0x000000cf10700000)]
  0x000001f4f5246550 JavaThread "C2 CompilerThread0" daemon [_thread_in_native, id=10068, stack(0x000000cf10700000,0x000000cf10800000)]
  0x000001f4f5247640 JavaThread "C1 CompilerThread0" daemon [_thread_blocked, id=8232, stack(0x000000cf10800000,0x000000cf10900000)]
  0x000001f4f524cb40 JavaThread "Sweeper thread" daemon [_thread_blocked, id=3476, stack(0x000000cf10900000,0x000000cf10a00000)]
  0x000001f4f5d38710 JavaThread "Common-Cleaner" daemon [_thread_blocked, id=28412, stack(0x000000cf10a00000,0x000000cf10b00000)]
  0x000001f4f5d4a120 JavaThread "JDWP Transport Listener: dt_socket" daemon [_thread_blocked, id=23864, stack(0x000000cf10b00000,0x000000cf10c00000)]
  0x000001f4f5d5eb50 JavaThread "JDWP Event Helper Thread" daemon [_thread_blocked, id=12768, stack(0x000000cf10c00000,0x000000cf10d00000)]
  0x000001f4f5d61430 JavaThread "JDWP Command Reader" daemon [_thread_in_native, id=15892, stack(0x000000cf10d00000,0x000000cf10e00000)]
  0x000001f4f5d74920 JavaThread "Notification Thread" daemon [_thread_blocked, id=14892, stack(0x000000cf10e00000,0x000000cf10f00000)]
  0x000001f4f82648d0 JavaThread "Daemon health stats" [_thread_blocked, id=11196, stack(0x000000cf11b00000,0x000000cf11c00000)]
  0x000001f4f8043f80 JavaThread "Incoming local TCP Connector on port 60993" [_thread_in_native, id=22944, stack(0x000000cf11c00000,0x000000cf11d00000)]
  0x000001f4f86a3290 JavaThread "Daemon periodic checks" [_thread_blocked, id=13352, stack(0x000000cf11d00000,0x000000cf11e00000)]
  0x000001f4f8965d40 JavaThread "Daemon" [_thread_blocked, id=19988, stack(0x000000cf11e00000,0x000000cf11f00000)]
  0x000001f4f89e4190 JavaThread "Handler for socket connection from /127.0.0.1:60993 to /127.0.0.1:60994" [_thread_in_native, id=8584, stack(0x000000cf11f00000,0x000000cf12000000)]
  0x000001f4f77671f0 JavaThread "Cancel handler" [_thread_blocked, id=24280, stack(0x000000cf12000000,0x000000cf12100000)]
  0x000001f4f6b54fd0 JavaThread "Daemon worker" [_thread_in_Java, id=1852, stack(0x000000cf12100000,0x000000cf12200000)]
  0x000001f4f76f8710 JavaThread "Asynchronous log dispatcher for DefaultDaemonConnection: socket connection from /127.0.0.1:60993 to /127.0.0.1:60994" [_thread_blocked, id=14056, stack(0x000000cf12200000,0x000000cf12300000)]
  0x000001f4f6ac0cf0 JavaThread "Stdin handler" [_thread_blocked, id=16352, stack(0x000000cf12300000,0x000000cf12400000)]
  0x000001f4f6ac0250 JavaThread "Daemon client event forwarder" [_thread_blocked, id=4932, stack(0x000000cf12400000,0x000000cf12500000)]
  0x000001f4f6ac1240 JavaThread "Cache worker for journal cache (C:\Users\opadfnezig\.gradle\caches\journal-1)" [_thread_blocked, id=4680, stack(0x000000cf12500000,0x000000cf12600000)]
  0x000001f4f6ac1790 JavaThread "File lock request listener" [_thread_in_native, id=2972, stack(0x000000cf12600000,0x000000cf12700000)]
  0x000001f4f6ac3220 JavaThread "Cache worker for file hash cache (C:\Users\opadfnezig\.gradle\caches\7.1.1\fileHashes)" [_thread_blocked, id=2600, stack(0x000000cf12700000,0x000000cf12800000)]
  0x000001f4f6abfd00 JavaThread "Cache worker for file hash cache (Y:\workspaces\intelij\idk\.gradle\7.1.1\fileHashes)" [_thread_blocked, id=7812, stack(0x000000cf12800000,0x000000cf12900000)]
=>0x000001f4f6ac1ce0 JavaThread "File watcher server" daemon [_thread_in_native, id=18600, stack(0x000000cf12900000,0x000000cf12a00000)]
  0x000001f4f6ac2230 JavaThread "File watcher consumer" daemon [_thread_blocked, id=10172, stack(0x000000cf12a00000,0x000000cf12b00000)]
  0x000001f4f6ac2cd0 JavaThread "Cache worker for checksums cache (Y:\workspaces\intelij\idk\.gradle\checksums)" [_thread_blocked, id=10944, stack(0x000000cf12b00000,0x000000cf12c00000)]
  0x000001f4f8754410 JavaThread "Cache worker for execution history cache (C:\Users\opadfnezig\.gradle\caches\7.1.1\executionHistory)" [_thread_blocked, id=24632, stack(0x000000cf12d00000,0x000000cf12e00000)]
  0x000001f4f8751ee0 JavaThread "jar transforms" [_thread_blocked, id=24716, stack(0x000000cf13000000,0x000000cf13100000)]
  0x000001f4f8754eb0 JavaThread "jar transforms Thread 2" [_thread_blocked, id=2696, stack(0x000000cf13100000,0x000000cf13200000)]
  0x000001f4f87573e0 JavaThread "Cache worker for file content cache (C:\Users\opadfnezig\.gradle\caches\7.1.1\fileContent)" [_thread_blocked, id=22252, stack(0x000000cf13300000,0x000000cf13400000)]
  0x000001f4f8750ef0 JavaThread "jar transforms Thread 3" [_thread_blocked, id=16752, stack(0x000000cf13400000,0x000000cf13500000)]
  0x000001f4f8752980 JavaThread "jar transforms Thread 4" [_thread_blocked, id=21608, stack(0x000000cf13500000,0x000000cf13600000)]
  0x000001f4f8755400 JavaThread "jar transforms Thread 5" [_thread_blocked, id=10824, stack(0x000000cf13600000,0x000000cf13700000)]
  0x000001f4f8757930 JavaThread "Cache worker for dependencies-accessors (Y:\workspaces\intelij\idk\.gradle\7.1.1\dependencies-accessors)" [_thread_blocked, id=18072, stack(0x000000cf13700000,0x000000cf13800000)]
  0x000001f4f87563f0 JavaThread "jar transforms Thread 6" [_thread_blocked, id=772, stack(0x000000cf13800000,0x000000cf13900000)]
  0x000001f4f8753ec0 JavaThread "Unconstrained build operations" [_thread_blocked, id=3212, stack(0x000000cf13200000,0x000000cf13300000)]
  0x000001f4f8757e80 JavaThread "Unconstrained build operations Thread 2" [_thread_blocked, id=22420, stack(0x000000cf13a00000,0x000000cf13b00000)]
  0x000001f4f87583d0 JavaThread "Unconstrained build operations Thread 3" [_thread_blocked, id=11936, stack(0x000000cf13b00000,0x000000cf13c00000)]
  0x000001f4f8751440 JavaThread "Unconstrained build operations Thread 4" [_thread_blocked, id=23832, stack(0x000000cf13c00000,0x000000cf13d00000)]
  0x000001f4fe3d35e0 JavaThread "Unconstrained build operations Thread 5" [_thread_blocked, id=11052, stack(0x000000cf13d00000,0x000000cf13e00000)]
  0x000001f4fe3d45d0 JavaThread "Unconstrained build operations Thread 6" [_thread_blocked, id=25080, stack(0x000000cf13e00000,0x000000cf13f00000)]
  0x000001f4fe3d6060 JavaThread "Unconstrained build operations Thread 7" [_thread_blocked, id=15780, stack(0x000000cf13f00000,0x000000cf14000000)]
  0x000001f4fe3d7af0 JavaThread "Unconstrained build operations Thread 8" [_thread_blocked, id=23828, stack(0x000000cf14000000,0x000000cf14100000)]
  0x000001f4fe3d65b0 JavaThread "Unconstrained build operations Thread 9" [_thread_blocked, id=12096, stack(0x000000cf14100000,0x000000cf14200000)]
  0x000001f4fe3d3b30 JavaThread "Unconstrained build operations Thread 10" [_thread_blocked, id=11744, stack(0x000000cf14200000,0x000000cf14300000)]
  0x000001f4fe3d4b20 JavaThread "Unconstrained build operations Thread 11" [_thread_blocked, id=25572, stack(0x000000cf14300000,0x000000cf14400000)]
  0x000001f4fe3d8040 JavaThread "Unconstrained build operations Thread 12" [_thread_blocked, id=5100, stack(0x000000cf14400000,0x000000cf14500000)]
  0x000001f4fe3d6b00 JavaThread "Unconstrained build operations Thread 13" [_thread_blocked, id=12580, stack(0x000000cf14500000,0x000000cf14600000)]
  0x000001f4fe3d7050 JavaThread "Unconstrained build operations Thread 14" [_thread_blocked, id=24304, stack(0x000000cf14600000,0x000000cf14700000)]
  0x000001f4fe3d4080 JavaThread "Unconstrained build operations Thread 15" [_thread_blocked, id=24176, stack(0x000000cf14700000,0x000000cf14800000)]
  0x000001f4fe3d10b0 JavaThread "Unconstrained build operations Thread 16" [_thread_blocked, id=23868, stack(0x000000cf14800000,0x000000cf14900000)]
  0x000001f4fe3d75a0 JavaThread "Unconstrained build operations Thread 17" [_thread_blocked, id=17636, stack(0x000000cf14900000,0x000000cf14a00000)]
  0x000001f4fe3d0b60 JavaThread "Unconstrained build operations Thread 18" [_thread_blocked, id=3316, stack(0x000000cf14a00000,0x000000cf14b00000)]
  0x000001f4fe3d2b40 JavaThread "Unconstrained build operations Thread 19" [_thread_blocked, id=4124, stack(0x000000cf14b00000,0x000000cf14c00000)]
  0x000001f4fe3d8590 JavaThread "Unconstrained build operations Thread 20" [_thread_blocked, id=28300, stack(0x000000cf14c00000,0x000000cf14d00000)]
  0x000001f4fe3d1b50 JavaThread "Unconstrained build operations Thread 21" [_thread_blocked, id=4560, stack(0x000000cf14d00000,0x000000cf14e00000)]
  0x000001f4fe3d1600 JavaThread "Unconstrained build operations Thread 22" [_thread_blocked, id=26692, stack(0x000000cf14e00000,0x000000cf14f00000)]
  0x000001f4fe3d3090 JavaThread "Unconstrained build operations Thread 23" [_thread_blocked, id=20624, stack(0x000000cf14f00000,0x000000cf15000000)]
  0x000001f4fe3d5070 JavaThread "Unconstrained build operations Thread 24" [_thread_blocked, id=6904, stack(0x000000cf15000000,0x000000cf15100000)]
  0x000001f4fe3d55c0 JavaThread "Unconstrained build operations Thread 25" [_thread_blocked, id=20112, stack(0x000000cf15100000,0x000000cf15200000)]
  0x000001f4fe3d5b10 JavaThread "Unconstrained build operations Thread 26" [_thread_blocked, id=11728, stack(0x000000cf15200000,0x000000cf15300000)]
  0x000001f4fe3d20a0 JavaThread "Unconstrained build operations Thread 27" [_thread_blocked, id=29040, stack(0x000000cf15300000,0x000000cf15400000)]
  0x000001f4fe3d25f0 JavaThread "Unconstrained build operations Thread 28" [_thread_blocked, id=17472, stack(0x000000cf15400000,0x000000cf15500000)]
  0x000001f4fab2c780 JavaThread "jar transforms Thread 7" [_thread_blocked, id=16848, stack(0x000000cf15500000,0x000000cf15600000)]
  0x000001f4fab2a7a0 JavaThread "Memory manager" [_thread_blocked, id=24952, stack(0x000000cf15800000,0x000000cf15900000)]
  0x000001f4fab2bce0 JavaThread "ForkJoinPool.commonPool-worker-11" daemon [_thread_blocked, id=18748, stack(0x000000cf15d00000,0x000000cf15e00000)]
  0x000001f4fab2a250 JavaThread "Exec process Thread 3" [_thread_in_native, id=7356, stack(0x000000cf16100000,0x000000cf16200000)]
  0x000001f4fab287c0 JavaThread "Unconstrained build operations Thread 29" [_thread_blocked, id=1580, stack(0x000000cf16200000,0x000000cf16300000)]
  0x000001f4fab2dcc0 JavaThread "Unconstrained build operations Thread 30" [_thread_blocked, id=12300, stack(0x000000cf16300000,0x000000cf16400000)]
  0x000001f4fab2e210 JavaThread "Unconstrained build operations Thread 31" [_thread_blocked, id=19488, stack(0x000000cf16400000,0x000000cf16500000)]
  0x000001f4fab28d10 JavaThread "Unconstrained build operations Thread 32" [_thread_blocked, id=28116, stack(0x000000cf16500000,0x000000cf16600000)]
  0x000001f4fab2f750 JavaThread "Unconstrained build operations Thread 33" [_thread_blocked, id=9812, stack(0x000000cf16600000,0x000000cf16700000)]
  0x000001f4fab2e760 JavaThread "Unconstrained build operations Thread 34" [_thread_blocked, id=26232, stack(0x000000cf16700000,0x000000cf16800000)]
  0x000001f4fab29260 JavaThread "Unconstrained build operations Thread 35" [_thread_blocked, id=21168, stack(0x000000cf16800000,0x000000cf16900000)]
  0x000001f4fab2ecb0 JavaThread "Unconstrained build operations Thread 36" [_thread_blocked, id=25564, stack(0x000000cf16900000,0x000000cf16a00000)]
  0x000001f4fab2fca0 JavaThread "Unconstrained build operations Thread 37" [_thread_blocked, id=22740, stack(0x000000cf16a00000,0x000000cf16b00000)]
  0x000001f4fab301f0 JavaThread "Unconstrained build operations Thread 38" [_thread_blocked, id=6404, stack(0x000000cf16b00000,0x000000cf16c00000)]
  0x000001f4fb1e99a0 JavaThread "Unconstrained build operations Thread 39" [_thread_blocked, id=11972, stack(0x000000cf16c00000,0x000000cf16d00000)]
  0x000001f4fb1e3f50 JavaThread "Unconstrained build operations Thread 40" [_thread_blocked, id=29604, stack(0x000000cf16d00000,0x000000cf16e00000)]
  0x000001f4fb1e7470 JavaThread "Unconstrained build operations Thread 41" [_thread_blocked, id=6432, stack(0x000000cf16e00000,0x000000cf16f00000)]
  0x000001f4fb1e4f40 JavaThread "Unconstrained build operations Thread 42" [_thread_blocked, id=25840, stack(0x000000cf16f00000,0x000000cf17000000)]
  0x000001f4fb1e8f00 JavaThread "Unconstrained build operations Thread 43" [_thread_blocked, id=17376, stack(0x000000cf17000000,0x000000cf17100000)]
  0x000001f4fb1ea440 JavaThread "Unconstrained build operations Thread 44" [_thread_blocked, id=4548, stack(0x000000cf17100000,0x000000cf17200000)]
  0x000001f4fb1e49f0 JavaThread "Unconstrained build operations Thread 45" [_thread_blocked, id=7708, stack(0x000000cf17200000,0x000000cf17300000)]
  0x000001f4fb1e9ef0 JavaThread "Unconstrained build operations Thread 46" [_thread_blocked, id=12848, stack(0x000000cf17300000,0x000000cf17400000)]
  0x000001f4fb1e9450 JavaThread "Unconstrained build operations Thread 47" [_thread_blocked, id=24028, stack(0x000000cf17400000,0x000000cf17500000)]
  0x000001f4fb1e5f30 JavaThread "Unconstrained build operations Thread 48" [_thread_blocked, id=14792, stack(0x000000cf17500000,0x000000cf17600000)]
  0x000001f4fb1e6480 JavaThread "Unconstrained build operations Thread 49" [_thread_blocked, id=11732, stack(0x000000cf17600000,0x000000cf17700000)]
  0x000001f4fb1e79c0 JavaThread "Unconstrained build operations Thread 50" [_thread_blocked, id=5660, stack(0x000000cf17700000,0x000000cf17800000)]
  0x000001f4fb1ea990 JavaThread "Unconstrained build operations Thread 51" [_thread_blocked, id=11764, stack(0x000000cf17800000,0x000000cf17900000)]
  0x000001f4fb1e5490 JavaThread "Unconstrained build operations Thread 52" [_thread_blocked, id=13584, stack(0x000000cf17900000,0x000000cf17a00000)]
  0x000001f4fb1e69d0 JavaThread "Unconstrained build operations Thread 53" [_thread_blocked, id=14204, stack(0x000000cf17a00000,0x000000cf17b00000)]
  0x000001f4fb1e89b0 JavaThread "Unconstrained build operations Thread 54" [_thread_blocked, id=20764, stack(0x000000cf17b00000,0x000000cf17c00000)]
  0x000001f4fb1e7f10 JavaThread "Unconstrained build operations Thread 55" [_thread_blocked, id=10052, stack(0x000000cf17c00000,0x000000cf17d00000)]
  0x000001f4fb1eaee0 JavaThread "Unconstrained build operations Thread 56" [_thread_blocked, id=28856, stack(0x000000cf17d00000,0x000000cf17e00000)]
  0x000001f4fb1e8460 JavaThread "Unconstrained build operations Thread 57" [_thread_blocked, id=13640, stack(0x000000cf17e00000,0x000000cf17f00000)]
  0x000001f4fb1e34b0 JavaThread "Unconstrained build operations Thread 58" [_thread_blocked, id=3940, stack(0x000000cf17f00000,0x000000cf18000000)]
  0x000001f4fb1e6f20 JavaThread "Unconstrained build operations Thread 59" [_thread_blocked, id=24048, stack(0x000000cf18000000,0x000000cf18100000)]
  0x000001f4fb1e3a00 JavaThread "Unconstrained build operations Thread 60" [_thread_blocked, id=24592, stack(0x000000cf18100000,0x000000cf18200000)]
  0x000001f4fb1e59e0 JavaThread "Unconstrained build operations Thread 61" [_thread_blocked, id=19484, stack(0x000000cf18200000,0x000000cf18300000)]
  0x000001f4fb1e44a0 JavaThread "Unconstrained build operations Thread 62" [_thread_blocked, id=13720, stack(0x000000cf18300000,0x000000cf18400000)]
  0x000001f4f61f4050 JavaThread "Unconstrained build operations Thread 63" [_thread_blocked, id=12268, stack(0x000000cf18400000,0x000000cf18500000)]
  0x000001f4f61f35b0 JavaThread "Unconstrained build operations Thread 64" [_thread_blocked, id=12324, stack(0x000000cf18500000,0x000000cf18600000)]
  0x000001f4f61f5040 JavaThread "Unconstrained build operations Thread 65" [_thread_blocked, id=22776, stack(0x000000cf18600000,0x000000cf18700000)]
  0x000001f4f61f6030 JavaThread "Unconstrained build operations Thread 66" [_thread_blocked, id=11512, stack(0x000000cf18700000,0x000000cf18800000)]
  0x000001f4f61f4af0 JavaThread "Unconstrained build operations Thread 67" [_thread_blocked, id=16408, stack(0x000000cf18800000,0x000000cf18900000)]
  0x000001f4f61f5590 JavaThread "Unconstrained build operations Thread 68" [_thread_blocked, id=12416, stack(0x000000cf18900000,0x000000cf18a00000)]
  0x000001f4f61f45a0 JavaThread "Unconstrained build operations Thread 69" [_thread_blocked, id=20392, stack(0x000000cf18a00000,0x000000cf18b00000)]
  0x000001f4f61f5ae0 JavaThread "Unconstrained build operations Thread 70" [_thread_blocked, id=2624, stack(0x000000cf18b00000,0x000000cf18c00000)]
  0x000001f4f61f6580 JavaThread "Unconstrained build operations Thread 71" [_thread_blocked, id=4716, stack(0x000000cf18c00000,0x000000cf18d00000)]
  0x000001f4f61f3060 JavaThread "Unconstrained build operations Thread 72" [_thread_blocked, id=15708, stack(0x000000cf18d00000,0x000000cf18e00000)]
  0x000001f4f61f3b00 JavaThread "Unconstrained build operations Thread 73" [_thread_blocked, id=19804, stack(0x000000cf18e00000,0x000000cf18f00000)]
  0x000001f4fd9eaae0 JavaThread "Unconstrained build operations Thread 74" [_thread_blocked, id=4144, stack(0x000000cf18f00000,0x000000cf19000000)]
  0x000001f4fd9eb580 JavaThread "Unconstrained build operations Thread 75" [_thread_blocked, id=19400, stack(0x000000cf19000000,0x000000cf19100000)]
  0x000001f4fd9ea590 JavaThread "Unconstrained build operations Thread 76" [_thread_blocked, id=25812, stack(0x000000cf19100000,0x000000cf19200000)]
  0x000001f4fd9e8060 JavaThread "Unconstrained build operations Thread 77" [_thread_blocked, id=20648, stack(0x000000cf19200000,0x000000cf19300000)]
  0x000001f4fd9e95a0 JavaThread "Unconstrained build operations Thread 78" [_thread_blocked, id=21668, stack(0x000000cf19300000,0x000000cf19400000)]
  0x000001f4fd9e9050 JavaThread "Unconstrained build operations Thread 79" [_thread_blocked, id=14416, stack(0x000000cf19400000,0x000000cf19500000)]
  0x000001f4fd9e85b0 JavaThread "Unconstrained build operations Thread 80" [_thread_blocked, id=6704, stack(0x000000cf19500000,0x000000cf19600000)]
  0x000001f4fd9e9af0 JavaThread "Unconstrained build operations Thread 81" [_thread_blocked, id=15392, stack(0x000000cf19600000,0x000000cf19700000)]
  0x000001f4fd9eb030 JavaThread "Unconstrained build operations Thread 82" [_thread_blocked, id=16076, stack(0x000000cf19700000,0x000000cf19800000)]
  0x000001f4fd9e8b00 JavaThread "Unconstrained build operations Thread 83" [_thread_blocked, id=10584, stack(0x000000cf19800000,0x000000cf19900000)]
  0x000001f4fd9ea040 JavaThread "Unconstrained build operations Thread 84" [_thread_blocked, id=24328, stack(0x000000cf19900000,0x000000cf19a00000)]
  0x000001f4fc318050 JavaThread "Unconstrained build operations Thread 85" [_thread_blocked, id=19768, stack(0x000000cf19a00000,0x000000cf19b00000)]
  0x000001f4fc31a580 JavaThread "Unconstrained build operations Thread 86" [_thread_blocked, id=28500, stack(0x000000cf19b00000,0x000000cf19c00000)]
  0x000001f4fc3175b0 JavaThread "Unconstrained build operations Thread 87" [_thread_blocked, id=4480, stack(0x000000cf19c00000,0x000000cf19d00000)]
  0x000001f4fc31cab0 JavaThread "Unconstrained build operations Thread 88" [_thread_blocked, id=12040, stack(0x000000cf19d00000,0x000000cf19e00000)]
  0x000001f4fc31dff0 JavaThread "Unconstrained build operations Thread 89" [_thread_blocked, id=12292, stack(0x000000cf19e00000,0x000000cf19f00000)]
  0x000001f4fc31a030 JavaThread "Unconstrained build operations Thread 90" [_thread_blocked, id=29404, stack(0x000000cf19f00000,0x000000cf1a000000)]
  0x000001f4fc31aad0 JavaThread "Unconstrained build operations Thread 91" [_thread_blocked, id=18512, stack(0x000000cf1a000000,0x000000cf1a100000)]
  0x000001f4fc31b020 JavaThread "Unconstrained build operations Thread 92" [_thread_blocked, id=12688, stack(0x000000cf1a100000,0x000000cf1a200000)]
  0x000001f4fc3185a0 JavaThread "Unconstrained build operations Thread 93" [_thread_blocked, id=3332, stack(0x000000cf1a200000,0x000000cf1a300000)]
  0x000001f4fc31d550 JavaThread "Unconstrained build operations Thread 94" [_thread_blocked, id=22148, stack(0x000000cf1a300000,0x000000cf1a400000)]
  0x000001f4fc31ea90 JavaThread "Unconstrained build operations Thread 95" [_thread_blocked, id=27728, stack(0x000000cf1a400000,0x000000cf1a500000)]
  0x000001f4fc31e540 JavaThread "Unconstrained build operations Thread 96" [_thread_blocked, id=14844, stack(0x000000cf1a500000,0x000000cf1a600000)]
  0x000001f4fc318af0 JavaThread "Unconstrained build operations Thread 97" [_thread_blocked, id=14732, stack(0x000000cf1a600000,0x000000cf1a700000)]
  0x000001f4fc31bac0 JavaThread "Unconstrained build operations Thread 98" [_thread_blocked, id=18732, stack(0x000000cf1a700000,0x000000cf1a800000)]
  0x000001f4fc31b570 JavaThread "Unconstrained build operations Thread 99" [_thread_blocked, id=22664, stack(0x000000cf1a800000,0x000000cf1a900000)]
  0x000001f4fc319040 JavaThread "Unconstrained build operations Thread 100" [_thread_blocked, id=23472, stack(0x000000cf1a900000,0x000000cf1aa00000)]
  0x000001f4fc31c010 JavaThread "Unconstrained build operations Thread 101" [_thread_blocked, id=7852, stack(0x000000cf1aa00000,0x000000cf1ab00000)]
  0x000001f4fc317060 JavaThread "Unconstrained build operations Thread 102" [_thread_blocked, id=24500, stack(0x000000cf1ab00000,0x000000cf1ac00000)]
  0x000001f4fc31c560 JavaThread "Unconstrained build operations Thread 103" [_thread_blocked, id=19976, stack(0x000000cf1ac00000,0x000000cf1ad00000)]
  0x000001f4fc317b00 JavaThread "Unconstrained build operations Thread 104" [_thread_blocked, id=27816, stack(0x000000cf1ad00000,0x000000cf1ae00000)]
  0x000001f4fc319ae0 JavaThread "Unconstrained build operations Thread 105" [_thread_blocked, id=21332, stack(0x000000cf1ae00000,0x000000cf1af00000)]
  0x000001f4fc319590 JavaThread "Unconstrained build operations Thread 106" [_thread_blocked, id=26284, stack(0x000000cf1af00000,0x000000cf1b000000)]
  0x000001f4feedc5f0 JavaThread "Unconstrained build operations Thread 107" [_thread_blocked, id=18428, stack(0x000000cf1b000000,0x000000cf1b100000)]
  0x000001f4feedd090 JavaThread "Unconstrained build operations Thread 108" [_thread_blocked, id=21156, stack(0x000000cf1b100000,0x000000cf1b200000)]
  0x000001f4feee0b00 JavaThread "Unconstrained build operations Thread 109" [_thread_blocked, id=3980, stack(0x000000cf1b200000,0x000000cf1b300000)]
  0x000001f4feeddb30 JavaThread "Unconstrained build operations Thread 110" [_thread_blocked, id=5636, stack(0x000000cf1b300000,0x000000cf1b400000)]
  0x000001f4feedfb10 JavaThread "Unconstrained build operations Thread 111" [_thread_blocked, id=4048, stack(0x000000cf1b400000,0x000000cf1b500000)]
  0x000001f4feede080 JavaThread "Unconstrained build operations Thread 112" [_thread_blocked, id=14852, stack(0x000000cf1b500000,0x000000cf1b600000)]
  0x000001f4feee0060 JavaThread "Unconstrained build operations Thread 113" [_thread_blocked, id=14660, stack(0x000000cf1b600000,0x000000cf1b700000)]
  0x000001f4feedc0a0 JavaThread "Unconstrained build operations Thread 114" [_thread_blocked, id=25148, stack(0x000000cf1b700000,0x000000cf1b800000)]
  0x000001f4feede5d0 JavaThread "Unconstrained build operations Thread 115" [_thread_blocked, id=3648, stack(0x000000cf1b800000,0x000000cf1b900000)]
  0x000001f4feedeb20 JavaThread "Unconstrained build operations Thread 116" [_thread_blocked, id=684, stack(0x000000cf1b900000,0x000000cf1ba00000)]
  0x000001f4feee1050 JavaThread "Unconstrained build operations Thread 117" [_thread_blocked, id=15992, stack(0x000000cf1ba00000,0x000000cf1bb00000)]
  0x000001f4feee15a0 JavaThread "Unconstrained build operations Thread 118" [_thread_blocked, id=18052, stack(0x000000cf1bb00000,0x000000cf1bc00000)]
  0x000001f4feedab60 JavaThread "Unconstrained build operations Thread 119" [_thread_blocked, id=27480, stack(0x000000cf1bc00000,0x000000cf1bd00000)]
  0x000001f4feedbb50 JavaThread "Unconstrained build operations Thread 120" [_thread_blocked, id=9944, stack(0x000000cf1bd00000,0x000000cf1be00000)]
  0x000001f484bb89a0 JavaThread "Cache worker for Java compile cache (C:\Users\opadfnezig\.gradle\caches\7.1.1\javaCompile)" [_thread_blocked, id=17908, stack(0x000000cf15700000,0x000000cf15800000)]
  0x000001f484bb8ef0 JavaThread "Build operations" [_thread_blocked, id=27020, stack(0x000000cf1cb00000,0x000000cf1cc00000)]
  0x000001f484bb5480 JavaThread "Build operations Thread 2" [_thread_blocked, id=19556, stack(0x000000cf1cc00000,0x000000cf1cd00000)]
  0x000001f484bb69c0 JavaThread "Build operations Thread 3" [_thread_blocked, id=26084, stack(0x000000cf1cd00000,0x000000cf1ce00000)]
  0x000001f484bb4490 JavaThread "Build operations Thread 4" [_thread_blocked, id=24868, stack(0x000000cf1ce00000,0x000000cf1cf00000)]
  0x000001f484bb9440 JavaThread "Build operations Thread 5" [_thread_blocked, id=4412, stack(0x000000cf1cf00000,0x000000cf1d000000)]
  0x000001f484bb6f10 JavaThread "Build operations Thread 6" [_thread_blocked, id=22460, stack(0x000000cf1d000000,0x000000cf1d100000)]
  0x000001f484bb9990 JavaThread "Build operations Thread 7" [_thread_blocked, id=27884, stack(0x000000cf1d100000,0x000000cf1d200000)]
  0x000001f484bb2f50 JavaThread "Build operations Thread 8" [_thread_blocked, id=13568, stack(0x000000cf1d200000,0x000000cf1d300000)]
  0x000001f484bb34a0 JavaThread "Build operations Thread 9" [_thread_blocked, id=3372, stack(0x000000cf1d300000,0x000000cf1d400000)]
  0x000001f484bb7460 JavaThread "Build operations Thread 10" [_thread_blocked, id=12448, stack(0x000000cf1d400000,0x000000cf1d500000)]
  0x000001f484bb5f20 JavaThread "Build operations Thread 11" [_thread_blocked, id=19476, stack(0x000000cf1d500000,0x000000cf1d600000)]
  0x000001f484bb79b0 JavaThread "Build operations Thread 12" [_thread_blocked, id=9400, stack(0x000000cf1d600000,0x000000cf1d700000)]
  0x000001f48738c080 JavaThread "Exec process Thread 5" [_thread_blocked, id=16992, stack(0x000000cf1de00000,0x000000cf1df00000)]
  0x000001f4873880c0 JavaThread "Exec process Thread 6" [_thread_blocked, id=19540, stack(0x000000cf1df00000,0x000000cf1e000000)]

Other Threads:
  0x000001f4f51f9bd0 VMThread "VM Thread" [stack: 0x000000cf10000000,0x000000cf10100000] [id=15844]
  0x000001f4f5d74e40 WatcherThread [stack: 0x000000cf10f00000,0x000000cf11000000] [id=27484]
  0x000001f4d2d3cd20 GCTaskThread "GC Thread#0" [stack: 0x000000cf0fb00000,0x000000cf0fc00000] [id=11964]
  0x000001f4f6862990 GCTaskThread "GC Thread#1" [stack: 0x000000cf11200000,0x000000cf11300000] [id=11000]
  0x000001f4f663af20 GCTaskThread "GC Thread#2" [stack: 0x000000cf11300000,0x000000cf11400000] [id=21316]
  0x000001f4f6666950 GCTaskThread "GC Thread#3" [stack: 0x000000cf11400000,0x000000cf11500000] [id=10532]
  0x000001f4f6982c20 GCTaskThread "GC Thread#4" [stack: 0x000000cf11500000,0x000000cf11600000] [id=20184]
  0x000001f4f68777b0 GCTaskThread "GC Thread#5" [stack: 0x000000cf11600000,0x000000cf11700000] [id=28092]
  0x000001f4f6a8c3c0 GCTaskThread "GC Thread#6" [stack: 0x000000cf11700000,0x000000cf11800000] [id=28044]
  0x000001f4f6a8c6d0 GCTaskThread "GC Thread#7" [stack: 0x000000cf11800000,0x000000cf11900000] [id=9276]
  0x000001f4f6a8c9e0 GCTaskThread "GC Thread#8" [stack: 0x000000cf11900000,0x000000cf11a00000] [id=24920]
  0x000001f4f6a8ccf0 GCTaskThread "GC Thread#9" [stack: 0x000000cf11a00000,0x000000cf11b00000] [id=21892]
  0x000001f4d2d4ac80 ConcurrentGCThread "G1 Main Marker" [stack: 0x000000cf0fc00000,0x000000cf0fd00000] [id=18488]
  0x000001f4d2d4ce50 ConcurrentGCThread "G1 Conc#0" [stack: 0x000000cf0fd00000,0x000000cf0fe00000] [id=4984]
  0x000001f4f77c7d50 ConcurrentGCThread "G1 Conc#1" [stack: 0x000000cf12e00000,0x000000cf12f00000] [id=11736]
  0x000001f4f77c8060 ConcurrentGCThread "G1 Conc#2" [stack: 0x000000cf12f00000,0x000000cf13000000] [id=24784]
  0x000001f4d2dcdf90 ConcurrentGCThread "G1 Refine#0" [stack: 0x000000cf0fe00000,0x000000cf0ff00000] [id=19452]
  0x000001f4d2dce920 ConcurrentGCThread "G1 Service" [stack: 0x000000cf0ff00000,0x000000cf10000000] [id=13160]

Threads with active compile tasks:
C2 CompilerThread0   507083 9192       4       jdk.internal.org.objectweb.asm.MethodWriter::visitLabel (328 bytes)

VM state: not at safepoint (normal execution)

VM Mutex/Monitor currently owned by a thread: None

Heap address: 0x0000000740000000, size: 3072 MB, Compressed Oops mode: Zero based, Oop shift amount: 3

CDS archive(s) mapped at: [0x0000000800000000-0x0000000800be0000-0x0000000800be0000), size 12451840, SharedBaseAddress: 0x0000000800000000, ArchiveRelocationMode: 0.
Compressed class space mapped at: 0x0000000800c00000-0x0000000840c00000, reserved size: 1073741824
Narrow klass base: 0x0000000800000000, Narrow klass shift: 3, Narrow klass range: 0x100000000

GC Precious Log:
 CPUs: 12 total, 12 available
 Memory: 16335M
 Large Page Support: Disabled
 NUMA Support: Disabled
 Compressed Oops: Enabled (Zero based)
 Heap Region Size: 2M
 Heap Min Capacity: 8M
 Heap Initial Capacity: 256M
 Heap Max Capacity: 3G
 Pre-touch: Disabled
 Parallel Workers: 10
 Concurrent Workers: 3
 Concurrent Refinement Workers: 10
 Periodic GC: Disabled

Heap:
 garbage-first heap   total 235520K, used 139918K [0x0000000740000000, 0x0000000800000000)
  region size 2048K, 48 young (98304K), 9 survivors (18432K)
 Metaspace       used 62974K, committed 63680K, reserved 1105920K
  class space    used 8275K, committed 8640K, reserved 1048576K

Heap Regions: E=young(eden), S=young(survivor), O=old, HS=humongous(starts), HC=humongous(continues), CS=collection set, F=free, OA=open archive, CA=closed archive, TAMS=top-at-mark-start (previous, next)
|   0|0x0000000740000000, 0x0000000740200000, 0x0000000740200000|100%| O|  |TAMS 0x0000000740200000, 0x0000000740200000| Untracked 
|   1|0x0000000740200000, 0x0000000740400000, 0x0000000740400000|100%| O|  |TAMS 0x0000000740400000, 0x0000000740400000| Untracked 
|   2|0x0000000740400000, 0x0000000740600000, 0x0000000740600000|100%|HS|  |TAMS 0x0000000740600000, 0x0000000740600000| Complete 
|   3|0x0000000740600000, 0x0000000740800000, 0x0000000740800000|100%|HC|  |TAMS 0x0000000740800000, 0x0000000740800000| Complete 
|   4|0x0000000740800000, 0x0000000740a00000, 0x0000000740a00000|100%| O|  |TAMS 0x0000000740a00000, 0x0000000740a00000| Untracked 
|   5|0x0000000740a00000, 0x0000000740a3c200, 0x0000000740c00000| 11%| O|  |TAMS 0x0000000740a3c200, 0x0000000740a3c200| Untracked 
|   6|0x0000000740c00000, 0x0000000740e00000, 0x0000000740e00000|100%| O|  |TAMS 0x0000000740e00000, 0x0000000740e00000| Untracked 
|   7|0x0000000740e00000, 0x0000000741000000, 0x0000000741000000|100%| O|  |TAMS 0x0000000741000000, 0x0000000741000000| Untracked 
|   8|0x0000000741000000, 0x0000000741200000, 0x0000000741200000|100%| O|  |TAMS 0x0000000741200000, 0x0000000741200000| Untracked 
|   9|0x0000000741200000, 0x0000000741400000, 0x0000000741400000|100%| O|  |TAMS 0x0000000741400000, 0x0000000741400000| Untracked 
|  10|0x0000000741400000, 0x0000000741600000, 0x0000000741600000|100%| O|  |TAMS 0x0000000741600000, 0x0000000741600000| Untracked 
|  11|0x0000000741600000, 0x0000000741800000, 0x0000000741800000|100%| O|  |TAMS 0x0000000741800000, 0x0000000741800000| Untracked 
|  12|0x0000000741800000, 0x0000000741a00000, 0x0000000741a00000|100%| O|  |TAMS 0x0000000741a00000, 0x0000000741a00000| Untracked 
|  13|0x0000000741a00000, 0x0000000741c00000, 0x0000000741c00000|100%| O|  |TAMS 0x0000000741c00000, 0x0000000741c00000| Untracked 
|  14|0x0000000741c00000, 0x0000000741e00000, 0x0000000741e00000|100%| O|  |TAMS 0x0000000741e00000, 0x0000000741e00000| Untracked 
|  15|0x0000000741e00000, 0x0000000742000000, 0x0000000742000000|100%|HS|  |TAMS 0x0000000742000000, 0x0000000742000000| Complete 
|  16|0x0000000742000000, 0x0000000742200000, 0x0000000742200000|100%| O|  |TAMS 0x0000000742200000, 0x0000000742200000| Untracked 
|  17|0x0000000742200000, 0x0000000742400000, 0x0000000742400000|100%| O|  |TAMS 0x0000000742400000, 0x0000000742400000| Untracked 
|  18|0x0000000742400000, 0x0000000742600000, 0x0000000742600000|100%| O|  |TAMS 0x0000000742600000, 0x0000000742600000| Untracked 
|  19|0x0000000742600000, 0x0000000742800000, 0x0000000742800000|100%| O|  |TAMS 0x0000000742800000, 0x0000000742800000| Untracked 
|  20|0x0000000742800000, 0x0000000742a00000, 0x0000000742a00000|100%| O|  |TAMS 0x0000000742a00000, 0x0000000742a00000| Untracked 
|  21|0x0000000742a00000, 0x0000000742a79a00, 0x0000000742c00000| 23%| O|  |TAMS 0x0000000742a00000, 0x0000000742a79a00| Untracked 
|  22|0x0000000742c00000, 0x0000000742c00000, 0x0000000742e00000|  0%| F|  |TAMS 0x0000000742c00000, 0x0000000742c00000| Untracked 
|  23|0x0000000742e00000, 0x0000000742e00000, 0x0000000743000000|  0%| F|  |TAMS 0x0000000742e00000, 0x0000000742e00000| Untracked 
|  24|0x0000000743000000, 0x0000000743200000, 0x0000000743200000|100%| O|  |TAMS 0x0000000743200000, 0x0000000743200000| Untracked 
|  25|0x0000000743200000, 0x0000000743400000, 0x0000000743400000|100%| O|  |TAMS 0x0000000743263e00, 0x0000000743400000| Untracked 
|  26|0x0000000743400000, 0x0000000743400000, 0x0000000743600000|  0%| F|  |TAMS 0x0000000743400000, 0x0000000743400000| Untracked 
|  27|0x0000000743600000, 0x0000000743600000, 0x0000000743800000|  0%| F|  |TAMS 0x0000000743600000, 0x0000000743600000| Untracked 
|  28|0x0000000743800000, 0x0000000743800000, 0x0000000743a00000|  0%| F|  |TAMS 0x0000000743800000, 0x0000000743800000| Untracked 
|  29|0x0000000743a00000, 0x0000000743a00000, 0x0000000743c00000|  0%| F|  |TAMS 0x0000000743a00000, 0x0000000743a00000| Untracked 
|  30|0x0000000743c00000, 0x0000000743c00000, 0x0000000743e00000|  0%| F|  |TAMS 0x0000000743c00000, 0x0000000743c00000| Untracked 
|  31|0x0000000743e00000, 0x0000000743e00000, 0x0000000744000000|  0%| F|  |TAMS 0x0000000743e00000, 0x0000000743e00000| Untracked 
|  32|0x0000000744000000, 0x0000000744000000, 0x0000000744200000|  0%| F|  |TAMS 0x0000000744000000, 0x0000000744000000| Untracked 
|  33|0x0000000744200000, 0x0000000744200000, 0x0000000744400000|  0%| F|  |TAMS 0x0000000744200000, 0x0000000744200000| Untracked 
|  34|0x0000000744400000, 0x0000000744400000, 0x0000000744600000|  0%| F|  |TAMS 0x0000000744400000, 0x0000000744400000| Untracked 
|  35|0x0000000744600000, 0x0000000744600000, 0x0000000744800000|  0%| F|  |TAMS 0x0000000744600000, 0x0000000744600000| Untracked 
|  36|0x0000000744800000, 0x0000000744800000, 0x0000000744a00000|  0%| F|  |TAMS 0x0000000744800000, 0x0000000744800000| Untracked 
|  37|0x0000000744a00000, 0x0000000744bedd98, 0x0000000744c00000| 96%| S|CS|TAMS 0x0000000744a00000, 0x0000000744a00000| Complete 
|  38|0x0000000744c00000, 0x0000000744e00000, 0x0000000744e00000|100%| S|CS|TAMS 0x0000000744c00000, 0x0000000744c00000| Complete 
|  39|0x0000000744e00000, 0x0000000745000000, 0x0000000745000000|100%| S|CS|TAMS 0x0000000744e00000, 0x0000000744e00000| Complete 
|  40|0x0000000745000000, 0x0000000745200000, 0x0000000745200000|100%| S|CS|TAMS 0x0000000745000000, 0x0000000745000000| Complete 
|  41|0x0000000745200000, 0x0000000745400000, 0x0000000745400000|100%| S|CS|TAMS 0x0000000745200000, 0x0000000745200000| Complete 
|  42|0x0000000745400000, 0x0000000745600000, 0x0000000745600000|100%| S|CS|TAMS 0x0000000745400000, 0x0000000745400000| Complete 
|  43|0x0000000745600000, 0x0000000745800000, 0x0000000745800000|100%| S|CS|TAMS 0x0000000745600000, 0x0000000745600000| Complete 
|  44|0x0000000745800000, 0x0000000745a00000, 0x0000000745a00000|100%| S|CS|TAMS 0x0000000745800000, 0x0000000745800000| Complete 
|  45|0x0000000745a00000, 0x0000000745c00000, 0x0000000745c00000|100%| S|CS|TAMS 0x0000000745a00000, 0x0000000745a00000| Complete 
|  46|0x0000000745c00000, 0x0000000745c00000, 0x0000000745e00000|  0%| F|  |TAMS 0x0000000745c00000, 0x0000000745c00000| Untracked 
|  47|0x0000000745e00000, 0x0000000745e00000, 0x0000000746000000|  0%| F|  |TAMS 0x0000000745e00000, 0x0000000745e00000| Untracked 
|  48|0x0000000746000000, 0x0000000746000000, 0x0000000746200000|  0%| F|  |TAMS 0x0000000746000000, 0x0000000746000000| Untracked 
|  49|0x0000000746200000, 0x0000000746200000, 0x0000000746400000|  0%| F|  |TAMS 0x0000000746200000, 0x0000000746200000| Untracked 
|  50|0x0000000746400000, 0x0000000746400000, 0x0000000746600000|  0%| F|  |TAMS 0x0000000746400000, 0x0000000746400000| Untracked 
|  51|0x0000000746600000, 0x0000000746600000, 0x0000000746800000|  0%| F|  |TAMS 0x0000000746600000, 0x0000000746600000| Untracked 
|  52|0x0000000746800000, 0x0000000746800000, 0x0000000746a00000|  0%| F|  |TAMS 0x0000000746800000, 0x0000000746800000| Untracked 
|  53|0x0000000746a00000, 0x0000000746a00000, 0x0000000746c00000|  0%| F|  |TAMS 0x0000000746a00000, 0x0000000746a00000| Untracked 
|  54|0x0000000746c00000, 0x0000000746c00000, 0x0000000746e00000|  0%| F|  |TAMS 0x0000000746c00000, 0x0000000746c00000| Untracked 
|  55|0x0000000746e00000, 0x0000000746e00000, 0x0000000747000000|  0%| F|  |TAMS 0x0000000746e00000, 0x0000000746e00000| Untracked 
|  56|0x0000000747000000, 0x0000000747000000, 0x0000000747200000|  0%| F|  |TAMS 0x0000000747000000, 0x0000000747000000| Untracked 
|  57|0x0000000747200000, 0x0000000747200000, 0x0000000747400000|  0%| F|  |TAMS 0x0000000747200000, 0x0000000747200000| Untracked 
|  58|0x0000000747400000, 0x0000000747400000, 0x0000000747600000|  0%| F|  |TAMS 0x0000000747400000, 0x0000000747400000| Untracked 
|  59|0x0000000747600000, 0x0000000747600000, 0x0000000747800000|  0%| F|  |TAMS 0x0000000747600000, 0x0000000747600000| Untracked 
|  60|0x0000000747800000, 0x0000000747800000, 0x0000000747a00000|  0%| F|  |TAMS 0x0000000747800000, 0x0000000747800000| Untracked 
|  61|0x0000000747a00000, 0x0000000747a00000, 0x0000000747c00000|  0%| F|  |TAMS 0x0000000747a00000, 0x0000000747a00000| Untracked 
|  62|0x0000000747c00000, 0x0000000747c00000, 0x0000000747e00000|  0%| F|  |TAMS 0x0000000747c00000, 0x0000000747c00000| Untracked 
|  63|0x0000000747e00000, 0x0000000747e00000, 0x0000000748000000|  0%| F|  |TAMS 0x0000000747e00000, 0x0000000747e00000| Untracked 
|  64|0x0000000748000000, 0x0000000748000000, 0x0000000748200000|  0%| F|  |TAMS 0x0000000748000000, 0x0000000748000000| Untracked 
|  65|0x0000000748200000, 0x0000000748200000, 0x0000000748400000|  0%| F|  |TAMS 0x0000000748200000, 0x0000000748200000| Untracked 
|  66|0x0000000748400000, 0x0000000748400000, 0x0000000748600000|  0%| F|  |TAMS 0x0000000748400000, 0x0000000748400000| Untracked 
|  67|0x0000000748600000, 0x0000000748600000, 0x0000000748800000|  0%| F|  |TAMS 0x0000000748600000, 0x0000000748600000| Untracked 
|  68|0x0000000748800000, 0x0000000748800000, 0x0000000748a00000|  0%| F|  |TAMS 0x0000000748800000, 0x0000000748800000| Untracked 
|  69|0x0000000748a00000, 0x0000000748a00000, 0x0000000748c00000|  0%| F|  |TAMS 0x0000000748a00000, 0x0000000748a00000| Untracked 
|  70|0x0000000748c00000, 0x0000000748c00000, 0x0000000748e00000|  0%| F|  |TAMS 0x0000000748c00000, 0x0000000748c00000| Untracked 
|  71|0x0000000748e00000, 0x0000000748e00000, 0x0000000749000000|  0%| F|  |TAMS 0x0000000748e00000, 0x0000000748e00000| Untracked 
|  72|0x0000000749000000, 0x0000000749000000, 0x0000000749200000|  0%| F|  |TAMS 0x0000000749000000, 0x0000000749000000| Untracked 
|  73|0x0000000749200000, 0x0000000749200000, 0x0000000749400000|  0%| F|  |TAMS 0x0000000749200000, 0x0000000749200000| Untracked 
|  74|0x0000000749400000, 0x0000000749400000, 0x0000000749600000|  0%| F|  |TAMS 0x0000000749400000, 0x0000000749400000| Untracked 
|  75|0x0000000749600000, 0x0000000749600000, 0x0000000749800000|  0%| F|  |TAMS 0x0000000749600000, 0x0000000749600000| Untracked 
|  76|0x0000000749800000, 0x0000000749900608, 0x0000000749a00000| 50%| E|  |TAMS 0x0000000749800000, 0x0000000749800000| Complete 
|  77|0x0000000749a00000, 0x0000000749c00000, 0x0000000749c00000|100%| E|CS|TAMS 0x0000000749a00000, 0x0000000749a00000| Complete 
|  78|0x0000000749c00000, 0x0000000749e00000, 0x0000000749e00000|100%| E|CS|TAMS 0x0000000749c00000, 0x0000000749c00000| Complete 
|  79|0x0000000749e00000, 0x000000074a000000, 0x000000074a000000|100%| E|CS|TAMS 0x0000000749e00000, 0x0000000749e00000| Complete 
|  80|0x000000074a000000, 0x000000074a200000, 0x000000074a200000|100%| E|CS|TAMS 0x000000074a000000, 0x000000074a000000| Complete 
|  81|0x000000074a200000, 0x000000074a400000, 0x000000074a400000|100%| E|CS|TAMS 0x000000074a200000, 0x000000074a200000| Complete 
|  82|0x000000074a400000, 0x000000074a600000, 0x000000074a600000|100%| E|CS|TAMS 0x000000074a400000, 0x000000074a400000| Complete 
|  83|0x000000074a600000, 0x000000074a800000, 0x000000074a800000|100%| E|CS|TAMS 0x000000074a600000, 0x000000074a600000| Complete 
|  84|0x000000074a800000, 0x000000074aa00000, 0x000000074aa00000|100%| E|CS|TAMS 0x000000074a800000, 0x000000074a800000| Complete 
|  85|0x000000074aa00000, 0x000000074ac00000, 0x000000074ac00000|100%| E|CS|TAMS 0x000000074aa00000, 0x000000074aa00000| Complete 
|  86|0x000000074ac00000, 0x000000074ae00000, 0x000000074ae00000|100%| E|CS|TAMS 0x000000074ac00000, 0x000000074ac00000| Complete 
|  87|0x000000074ae00000, 0x000000074b000000, 0x000000074b000000|100%| E|CS|TAMS 0x000000074ae00000, 0x000000074ae00000| Complete 
|  88|0x000000074b000000, 0x000000074b200000, 0x000000074b200000|100%| E|CS|TAMS 0x000000074b000000, 0x000000074b000000| Complete 
|  89|0x000000074b200000, 0x000000074b400000, 0x000000074b400000|100%| E|CS|TAMS 0x000000074b200000, 0x000000074b200000| Complete 
|  90|0x000000074b400000, 0x000000074b600000, 0x000000074b600000|100%| E|CS|TAMS 0x000000074b400000, 0x000000074b400000| Complete 
|  91|0x000000074b600000, 0x000000074b800000, 0x000000074b800000|100%| E|CS|TAMS 0x000000074b600000, 0x000000074b600000| Complete 
|  92|0x000000074b800000, 0x000000074ba00000, 0x000000074ba00000|100%| E|CS|TAMS 0x000000074b800000, 0x000000074b800000| Complete 
|  93|0x000000074ba00000, 0x000000074bc00000, 0x000000074bc00000|100%| E|CS|TAMS 0x000000074ba00000, 0x000000074ba00000| Complete 
|  94|0x000000074bc00000, 0x000000074be00000, 0x000000074be00000|100%| E|CS|TAMS 0x000000074bc00000, 0x000000074bc00000| Complete 
|  95|0x000000074be00000, 0x000000074c000000, 0x000000074c000000|100%| E|CS|TAMS 0x000000074be00000, 0x000000074be00000| Complete 
|  96|0x000000074c000000, 0x000000074c200000, 0x000000074c200000|100%| E|  |TAMS 0x000000074c000000, 0x000000074c000000| Complete 
|  97|0x000000074c200000, 0x000000074c400000, 0x000000074c400000|100%| E|CS|TAMS 0x000000074c200000, 0x000000074c200000| Complete 
|  98|0x000000074c400000, 0x000000074c600000, 0x000000074c600000|100%| E|CS|TAMS 0x000000074c400000, 0x000000074c400000| Complete 
|  99|0x000000074c600000, 0x000000074c800000, 0x000000074c800000|100%| E|CS|TAMS 0x000000074c600000, 0x000000074c600000| Complete 
| 100|0x000000074c800000, 0x000000074ca00000, 0x000000074ca00000|100%| E|CS|TAMS 0x000000074c800000, 0x000000074c800000| Complete 
| 101|0x000000074ca00000, 0x000000074cc00000, 0x000000074cc00000|100%| E|CS|TAMS 0x000000074ca00000, 0x000000074ca00000| Complete 
| 102|0x000000074cc00000, 0x000000074ce00000, 0x000000074ce00000|100%| E|CS|TAMS 0x000000074cc00000, 0x000000074cc00000| Complete 
| 103|0x000000074ce00000, 0x000000074d000000, 0x000000074d000000|100%| E|CS|TAMS 0x000000074ce00000, 0x000000074ce00000| Complete 
| 104|0x000000074d000000, 0x000000074d200000, 0x000000074d200000|100%| E|CS|TAMS 0x000000074d000000, 0x000000074d000000| Complete 
| 105|0x000000074d200000, 0x000000074d400000, 0x000000074d400000|100%| E|CS|TAMS 0x000000074d200000, 0x000000074d200000| Complete 
| 106|0x000000074d400000, 0x000000074d600000, 0x000000074d600000|100%| E|CS|TAMS 0x000000074d400000, 0x000000074d400000| Complete 
| 107|0x000000074d600000, 0x000000074d800000, 0x000000074d800000|100%| E|CS|TAMS 0x000000074d600000, 0x000000074d600000| Complete 
| 108|0x000000074d800000, 0x000000074da00000, 0x000000074da00000|100%| E|CS|TAMS 0x000000074d800000, 0x000000074d800000| Complete 
| 109|0x000000074da00000, 0x000000074dc00000, 0x000000074dc00000|100%| E|CS|TAMS 0x000000074da00000, 0x000000074da00000| Complete 
| 110|0x000000074dc00000, 0x000000074de00000, 0x000000074de00000|100%| E|CS|TAMS 0x000000074dc00000, 0x000000074dc00000| Complete 
| 111|0x000000074de00000, 0x000000074e000000, 0x000000074e000000|100%| E|CS|TAMS 0x000000074de00000, 0x000000074de00000| Complete 
| 112|0x000000074e000000, 0x000000074e200000, 0x000000074e200000|100%| E|CS|TAMS 0x000000074e000000, 0x000000074e000000| Complete 
| 113|0x000000074e200000, 0x000000074e400000, 0x000000074e400000|100%| E|CS|TAMS 0x000000074e200000, 0x000000074e200000| Complete 
| 127|0x000000074fe00000, 0x0000000750000000, 0x0000000750000000|100%| E|CS|TAMS 0x000000074fe00000, 0x000000074fe00000| Complete 

Card table byte_map: [0x000001f4eb950000,0x000001f4ebf50000] _byte_map_base: 0x000001f4e7f50000

Marking Bits (Prev, Next): (CMBitMap*) 0x000001f4d2d3d2a0, (CMBitMap*) 0x000001f4d2d3d2e0
 Prev Bits: [0x000001f4ec550000, 0x000001f4ef550000)
 Next Bits: [0x000001f4ef550000, 0x000001f4f2550000)

Polling page: 0x000001f4d14c0000

Metaspace:

Usage:
  Non-class:     53.42 MB used.
      Class:      8.08 MB used.
       Both:     61.50 MB used.

Virtual space:
  Non-class space:       56.00 MB reserved,      53.75 MB ( 96%) committed,  7 nodes.
      Class space:        1.00 GB reserved,       8.44 MB ( <1%) committed,  1 nodes.
              Both:        1.05 GB reserved,      62.19 MB (  6%) committed. 

Chunk freelists:
   Non-Class:  1.65 MB
       Class:  3.50 MB
        Both:  5.15 MB

MaxMetaspaceSize: 17179869184.00 GB
CompressedClassSpaceSize: 1.00 GB
 - commit_granule_bytes: 65536.
 - commit_granule_words: 8192.
 - virtual_space_node_default_size: 1048576.
 - enlarge_chunks_in_place: 1.
 - new_chunks_are_fully_committed: 0.
 - uncommit_free_chunks: 1.
 - use_allocation_guard: 0.
 - handle_deallocations: 1.


Internal statistics:

num_allocs_failed_limit: 6.
num_arena_births: 760.
num_arena_deaths: 0.
num_vsnodes_births: 8.
num_vsnodes_deaths: 0.
num_space_committed: 995.
num_space_uncommitted: 0.
num_chunks_returned_to_freelist: 6.
num_chunks_taken_from_freelist: 3108.
num_chunk_merges: 6.
num_chunk_splits: 1940.
num_chunks_enlarged: 1206.
num_purges: 0.

CodeHeap 'non-profiled nmethods': size=120000Kb used=6235Kb max_used=6235Kb free=113764Kb
 bounds [0x000001f4e31a0000, 0x000001f4e37c0000, 0x000001f4ea6d0000]
CodeHeap 'profiled nmethods': size=120000Kb used=17712Kb max_used=17712Kb free=102287Kb
 bounds [0x000001f4dbc70000, 0x000001f4dcdc0000, 0x000001f4e31a0000]
CodeHeap 'non-nmethods': size=5760Kb used=2458Kb max_used=2572Kb free=3301Kb
 bounds [0x000001f4db6d0000, 0x000001f4db970000, 0x000001f4dbc70000]
 total_blobs=9284 nmethods=8381 adapters=815
 compilation: enabled
              stopped_count=0, restarted_count=0
 full_count=0

Compilation events (20 events):
Event: 506.982 Thread 0x000001f4f5247640 nmethod 9151 0x000001f4dcd9ec90 code [0x000001f4dcd9ee60, 0x000001f4dcd9f158]
Event: 506.982 Thread 0x000001f4f5247640 9152       3       com.google.common.collect.EnumMultiset::add (10 bytes)
Event: 506.982 Thread 0x000001f4f5247640 nmethod 9152 0x000001f4dcd9f310 code [0x000001f4dcd9f4c0, 0x000001f4dcd9f728]
Event: 506.982 Thread 0x000001f4f5247640 9150       3       org.gradle.internal.watch.vfs.impl.DefaultFileSystemWatchingStatistics$$Lambda$1216/0x0000000801475220::visitEntry (9 bytes)
Event: 506.982 Thread 0x000001f4f5246550 9156       4       org.gradle.internal.snapshot.RegularFileSnapshot::getType (4 bytes)
Event: 506.982 Thread 0x000001f4f5247640 nmethod 9150 0x000001f4dcd9f810 code [0x000001f4dcd9f9e0, 0x000001f4dcd9fd58]
Event: 506.982 Thread 0x000001f4f5247640 9153       3       com.google.common.collect.EnumMultiset::add (102 bytes)
Event: 506.982 Thread 0x000001f4f5246550 nmethod 9156 0x000001f4e37af490 code [0x000001f4e37af620, 0x000001f4e37af698]
Event: 506.983 Thread 0x000001f4f5247640 nmethod 9153 0x000001f4dcd9ff10 code [0x000001f4dcda0120, 0x000001f4dcda0678]
Event: 506.983 Thread 0x000001f4f5247640 9154       3       com.google.common.collect.EnumMultiset::checkIsE (53 bytes)
Event: 506.983 Thread 0x000001f4f5246550 9158       4       org.gradle.internal.snapshot.DirectorySnapshot$$Lambda$1164/0x000000080145c050::accept (16 bytes)
Event: 506.983 Thread 0x000001f4f5247640 nmethod 9154 0x000001f4dcda0910 code [0x000001f4dcda0c00, 0x000001f4dcda18b8]
Event: 506.983 Thread 0x000001f4f5247640 9160       3       org.gradle.internal.snapshot.AbstractIncompleteFileSystemNode$$Lambda$250/0x0000000800f56220::accept (16 bytes)
Event: 506.983 Thread 0x000001f4f5247640 nmethod 9160 0x000001f4dcda1d90 code [0x000001f4dcda1f60, 0x000001f4dcda23e8]
Event: 506.983 Thread 0x000001f4f5247640 9157       3       org.gradle.internal.snapshot.DirectorySnapshot::getType (4 bytes)
Event: 506.983 Thread 0x000001f4f5247640 nmethod 9157 0x000001f4dcda2510 code [0x000001f4dcda26a0, 0x000001f4dcda27b8]
Event: 506.984 Thread 0x000001f4f5247640 9161       3       java.util.HashMap::clear (50 bytes)
Event: 506.985 Thread 0x000001f4f5247640 nmethod 9161 0x000001f4dcda2890 code [0x000001f4dcda2a40, 0x000001f4dcda2e38]
Event: 506.995 Thread 0x000001f4f5246550 nmethod 9158 0x000001f4e37af790 code [0x000001f4e37af9e0, 0x000001f4e37b0b28]
Event: 506.995 Thread 0x000001f4f5246550 9159       4       org.gradle.internal.snapshot.FileSystemLeafSnapshot::accept (8 bytes)

GC Heap History (20 events):
Event: 7.707 GC heap before
{Heap before GC invocations=11 (full 0):
 garbage-first heap   total 90112K, used 65439K [0x0000000740000000, 0x0000000800000000)
  region size 2048K, 14 young (28672K), 2 survivors (4096K)
 Metaspace       used 51463K, committed 51968K, reserved 1097728K
  class space    used 6735K, committed 6976K, reserved 1048576K
}
Event: 7.713 GC heap after
{Heap after GC invocations=12 (full 0):
 garbage-first heap   total 108544K, used 43756K [0x0000000740000000, 0x0000000800000000)
  region size 2048K, 2 young (4096K), 2 survivors (4096K)
 Metaspace       used 51463K, committed 51968K, reserved 1097728K
  class space    used 6735K, committed 6976K, reserved 1048576K
}
Event: 8.122 GC heap before
{Heap before GC invocations=13 (full 0):
 garbage-first heap   total 108544K, used 76524K [0x0000000740000000, 0x0000000800000000)
  region size 2048K, 17 young (34816K), 2 survivors (4096K)
 Metaspace       used 53302K, committed 53824K, reserved 1097728K
  class space    used 6993K, committed 7232K, reserved 1048576K
}
Event: 8.127 GC heap after
{Heap after GC invocations=14 (full 0):
 garbage-first heap   total 108544K, used 45724K [0x0000000740000000, 0x0000000800000000)
  region size 2048K, 3 young (6144K), 3 survivors (6144K)
 Metaspace       used 53302K, committed 53824K, reserved 1097728K
  class space    used 6993K, committed 7232K, reserved 1048576K
}
Event: 8.775 GC heap before
{Heap before GC invocations=14 (full 0):
 garbage-first heap   total 108544K, used 68252K [0x0000000740000000, 0x0000000800000000)
  region size 2048K, 13 young (26624K), 3 survivors (6144K)
 Metaspace       used 55508K, committed 56064K, reserved 1097728K
  class space    used 7268K, committed 7552K, reserved 1048576K
}
Event: 8.781 GC heap after
{Heap after GC invocations=15 (full 0):
 garbage-first heap   total 108544K, used 47555K [0x0000000740000000, 0x0000000800000000)
  region size 2048K, 2 young (4096K), 2 survivors (4096K)
 Metaspace       used 55508K, committed 56064K, reserved 1097728K
  class space    used 7268K, committed 7552K, reserved 1048576K
}
Event: 8.928 GC heap before
{Heap before GC invocations=15 (full 0):
 garbage-first heap   total 108544K, used 72131K [0x0000000740000000, 0x0000000800000000)
  region size 2048K, 6 young (12288K), 2 survivors (4096K)
 Metaspace       used 55767K, committed 56256K, reserved 1105920K
  class space    used 7286K, committed 7552K, reserved 1048576K
}
Event: 8.932 GC heap after
{Heap after GC invocations=16 (full 0):
 garbage-first heap   total 108544K, used 48035K [0x0000000740000000, 0x0000000800000000)
  region size 2048K, 2 young (4096K), 2 survivors (4096K)
 Metaspace       used 55767K, committed 56256K, reserved 1105920K
  class space    used 7286K, committed 7552K, reserved 1048576K
}
Event: 8.998 GC heap before
{Heap before GC invocations=17 (full 0):
 garbage-first heap   total 131072K, used 70563K [0x0000000740000000, 0x0000000800000000)
  region size 2048K, 5 young (10240K), 2 survivors (4096K)
 Metaspace       used 55809K, committed 56320K, reserved 1105920K
  class space    used 7286K, committed 7552K, reserved 1048576K
}
Event: 9.001 GC heap after
{Heap after GC invocations=18 (full 0):
 garbage-first heap   total 131072K, used 47637K [0x0000000740000000, 0x0000000800000000)
  region size 2048K, 1 young (2048K), 1 survivors (2048K)
 Metaspace       used 55809K, committed 56320K, reserved 1105920K
  class space    used 7286K, committed 7552K, reserved 1048576K
}
Event: 9.030 GC heap before
{Heap before GC invocations=18 (full 0):
 garbage-first heap   total 131072K, used 66069K [0x0000000740000000, 0x0000000800000000)
  region size 2048K, 2 young (4096K), 1 survivors (2048K)
 Metaspace       used 55812K, committed 56320K, reserved 1105920K
  class space    used 7286K, committed 7552K, reserved 1048576K
}
Event: 9.032 GC heap after
{Heap after GC invocations=19 (full 0):
 garbage-first heap   total 131072K, used 47540K [0x0000000740000000, 0x0000000800000000)
  region size 2048K, 1 young (2048K), 1 survivors (2048K)
 Metaspace       used 55812K, committed 56320K, reserved 1105920K
  class space    used 7286K, committed 7552K, reserved 1048576K
}
Event: 9.164 GC heap before
{Heap before GC invocations=19 (full 0):
 garbage-first heap   total 131072K, used 61876K [0x0000000740000000, 0x0000000800000000)
  region size 2048K, 5 young (10240K), 1 survivors (2048K)
 Metaspace       used 56229K, committed 56768K, reserved 1105920K
  class space    used 7343K, committed 7616K, reserved 1048576K
}
Event: 9.167 GC heap after
{Heap after GC invocations=20 (full 0):
 garbage-first heap   total 131072K, used 48082K [0x0000000740000000, 0x0000000800000000)
  region size 2048K, 2 young (4096K), 2 survivors (4096K)
 Metaspace       used 56229K, committed 56768K, reserved 1105920K
  class space    used 7343K, committed 7616K, reserved 1048576K
}
Event: 9.181 GC heap before
{Heap before GC invocations=20 (full 0):
 garbage-first heap   total 131072K, used 56274K [0x0000000740000000, 0x0000000800000000)
  region size 2048K, 4 young (8192K), 2 survivors (4096K)
 Metaspace       used 56229K, committed 56768K, reserved 1105920K
  class space    used 7343K, committed 7616K, reserved 1048576K
}
Event: 9.184 GC heap after
{Heap after GC invocations=21 (full 0):
 garbage-first heap   total 235520K, used 48024K [0x0000000740000000, 0x0000000800000000)
  region size 2048K, 2 young (4096K), 2 survivors (4096K)
 Metaspace       used 56229K, committed 56768K, reserved 1105920K
  class space    used 7343K, committed 7616K, reserved 1048576K
}
Event: 9.339 GC heap before
{Heap before GC invocations=21 (full 0):
 garbage-first heap   total 235520K, used 119704K [0x0000000740000000, 0x0000000800000000)
  region size 2048K, 11 young (22528K), 2 survivors (4096K)
 Metaspace       used 56337K, committed 56832K, reserved 1105920K
  class space    used 7344K, committed 7616K, reserved 1048576K
}
Event: 9.342 GC heap after
{Heap after GC invocations=22 (full 0):
 garbage-first heap   total 235520K, used 48215K [0x0000000740000000, 0x0000000800000000)
  region size 2048K, 2 young (4096K), 2 survivors (4096K)
 Metaspace       used 56337K, committed 56832K, reserved 1105920K
  class space    used 7344K, committed 7616K, reserved 1048576K
}
Event: 13.301 GC heap before
{Heap before GC invocations=22 (full 0):
 garbage-first heap   total 235520K, used 191575K [0x0000000740000000, 0x0000000800000000)
  region size 2048K, 69 young (141312K), 2 survivors (4096K)
 Metaspace       used 61520K, committed 62080K, reserved 1105920K
  class space    used 8118K, committed 8384K, reserved 1048576K
}
Event: 13.314 GC heap after
{Heap after GC invocations=23 (full 0):
 garbage-first heap   total 235520K, used 64142K [0x0000000740000000, 0x0000000800000000)
  region size 2048K, 9 young (18432K), 9 survivors (18432K)
 Metaspace       used 61520K, committed 62080K, reserved 1105920K
  class space    used 8118K, committed 8384K, reserved 1048576K
}

Deoptimization events (20 events):
Event: 506.979 Thread 0x000001f4f6b54fd0 DEOPT PACKING pc=0x000001f4dca3c0dc sp=0x000000cf121fc090
Event: 506.979 Thread 0x000001f4f6b54fd0 DEOPT UNPACKING pc=0x000001f4db71dece sp=0x000000cf121fb578 mode 1
Event: 506.980 Thread 0x000001f4f6b54fd0 DEOPT PACKING pc=0x000001f4dca3c0dc sp=0x000000cf121fc170
Event: 506.980 Thread 0x000001f4f6b54fd0 DEOPT UNPACKING pc=0x000001f4db71dece sp=0x000000cf121fb658 mode 1
Event: 506.980 Thread 0x000001f4f6b54fd0 DEOPT PACKING pc=0x000001f4dca3c0dc sp=0x000000cf121fbb90
Event: 506.980 Thread 0x000001f4f6b54fd0 DEOPT UNPACKING pc=0x000001f4db71dece sp=0x000000cf121fb078 mode 1
Event: 506.980 Thread 0x000001f4f6b54fd0 DEOPT PACKING pc=0x000001f4dca3c0dc sp=0x000000cf121fbc70
Event: 506.980 Thread 0x000001f4f6b54fd0 DEOPT UNPACKING pc=0x000001f4db71dece sp=0x000000cf121fb158 mode 1
Event: 506.983 Thread 0x000001f4f6b54fd0 DEOPT PACKING pc=0x000001f4dca3c0dc sp=0x000000cf121fbfa0
Event: 506.983 Thread 0x000001f4f6b54fd0 DEOPT UNPACKING pc=0x000001f4db71dece sp=0x000000cf121fb488 mode 1
Event: 506.983 Thread 0x000001f4f6b54fd0 DEOPT PACKING pc=0x000001f4dca3c0dc sp=0x000000cf121fc080
Event: 506.983 Thread 0x000001f4f6b54fd0 DEOPT UNPACKING pc=0x000001f4db71dece sp=0x000000cf121fb568 mode 1
Event: 506.983 Thread 0x000001f4f6b54fd0 DEOPT PACKING pc=0x000001f4dca3c0dc sp=0x000000cf121fc080
Event: 506.983 Thread 0x000001f4f6b54fd0 DEOPT UNPACKING pc=0x000001f4db71dece sp=0x000000cf121fb568 mode 1
Event: 506.983 Thread 0x000001f4f6b54fd0 DEOPT PACKING pc=0x000001f4dca3c0dc sp=0x000000cf121fc160
Event: 506.983 Thread 0x000001f4f6b54fd0 DEOPT UNPACKING pc=0x000001f4db71dece sp=0x000000cf121fb648 mode 1
Event: 506.983 Thread 0x000001f4f6b54fd0 DEOPT PACKING pc=0x000001f4dca3c0dc sp=0x000000cf121fa520
Event: 506.983 Thread 0x000001f4f6b54fd0 DEOPT UNPACKING pc=0x000001f4db71dece sp=0x000000cf121f9a08 mode 1
Event: 506.984 Thread 0x000001f4f6b54fd0 DEOPT PACKING pc=0x000001f4dca3c0dc sp=0x000000cf121fa600
Event: 506.984 Thread 0x000001f4f6b54fd0 DEOPT UNPACKING pc=0x000001f4db71dece sp=0x000000cf121f9ae8 mode 1

Classes unloaded (0 events):
No events

Classes redefined (0 events):
No events

Internal exceptions (20 events):
Event: 13.174 Thread 0x000001f48738bb30 Exception <a 'java/lang/NoSuchMethodError'{0x0000000745cbcb38}: static Ljava/lang/Object;.<clinit>()V> (0x0000000745cbcb38) 
thrown [c:\wsjdk\correttojdksrc\installers\windows\zip\corretto-build\buildroot\src\hotspot\share\prims\jni.cpp, line 1210]
Event: 13.175 Thread 0x000001f48738bb30 Exception <a 'java/lang/NoSuchMethodError'{0x0000000745cd44c8}: static Lorg/gradle/api/internal/tasks/compile/ApiCompilerResult;.<clinit>()V> (0x0000000745cd44c8) 
thrown [c:\wsjdk\correttojdksrc\installers\windows\zip\corretto-build\buildroot\src\hotspot\share\prims\jni.cpp, line 1210]
Event: 13.177 Thread 0x000001f48738bb30 Exception <a 'java/lang/NoSuchMethodError'{0x0000000745ce6870}: static Lorg/gradle/api/internal/tasks/compile/incremental/processing/AnnotationProcessingResult;.<clinit>()V> (0x0000000745ce6870) 
thrown [c:\wsjdk\correttojdksrc\installers\windows\zip\corretto-build\buildroot\src\hotspot\share\prims\jni.cpp, line 1210]
Event: 13.180 Thread 0x000001f48738bb30 Exception <a 'java/lang/NoSuchMethodError'{0x0000000745d1b918}: static Lorg/gradle/api/internal/tasks/compile/incremental/compilerapi/constants/ConstantsAnalysisResult;.<clinit>()V> (0x0000000745d1b918) 
thrown [c:\wsjdk\correttojdksrc\installers\windows\zip\corretto-build\buildroot\src\hotspot\share\prims\jni.cpp, line 1210]
Event: 13.180 Thread 0x000001f48738bb30 Exception <a 'java/lang/NoSuchMethodError'{0x0000000745d26308}: static Lorg/gradle/api/internal/tasks/compile/incremental/compilerapi/constants/ConstantToDependentsMappingBuilder;.<clinit>()V> (0x0000000745d26308) 
thrown [c:\wsjdk\correttojdksrc\installers\windows\zip\corretto-build\buildroot\src\hotspot\share\prims\jni.cpp, line 1210]
Event: 13.648 Thread 0x000001f4f6ac0250 Exception <a 'java/lang/NoSuchMethodError'{0x000000074db089c0}: static Lorg/gradle/internal/build/event/types/DefaultTaskFinishedProgressEvent;.<clinit>()V> (0x000000074db089c0) 
thrown [c:\wsjdk\correttojdksrc\installers\windows\zip\corretto-build\buildroot\src\hotspot\share\prims\jni.cpp, line 1210]
Event: 13.651 Thread 0x000001f4f6ac0250 Exception <a 'java/lang/NoSuchMethodError'{0x000000074d829518}: static Lorg/gradle/internal/build/event/types/DefaultJavaCompileTaskSuccessResult;.<clinit>()V> (0x000000074d829518) 
thrown [c:\wsjdk\correttojdksrc\installers\windows\zip\corretto-build\buildroot\src\hotspot\share\prims\jni.cpp, line 1210]
Event: 13.651 Thread 0x000001f4f6ac0250 Exception <a 'java/lang/NoSuchMethodError'{0x000000074d82afb8}: static Lorg/gradle/internal/build/event/types/DefaultTaskSuccessResult;.<clinit>()V> (0x000000074d82afb8) 
thrown [c:\wsjdk\correttojdksrc\installers\windows\zip\corretto-build\buildroot\src\hotspot\share\prims\jni.cpp, line 1210]
Event: 13.651 Thread 0x000001f4f6ac0250 Exception <a 'java/lang/NoSuchMethodError'{0x000000074d82c1e8}: static Lorg/gradle/internal/build/event/types/AbstractTaskResult;.<clinit>()V> (0x000000074d82c1e8) 
thrown [c:\wsjdk\correttojdksrc\installers\windows\zip\corretto-build\buildroot\src\hotspot\share\prims\jni.cpp, line 1210]
Event: 13.651 Thread 0x000001f4f6ac0250 Exception <a 'java/lang/NoSuchMethodError'{0x000000074d82da10}: static Lorg/gradle/internal/build/event/types/AbstractResult;.<clinit>()V> (0x000000074d82da10) 
thrown [c:\wsjdk\correttojdksrc\installers\windows\zip\corretto-build\buildroot\src\hotspot\share\prims\jni.cpp, line 1210]
Event: 14.459 Thread 0x000001f4feedf070 Exception <a 'java/lang/NoSuchMethodError'{0x000000074d987958}: 'void java.lang.invoke.DirectMethodHandle$Holder.invokeInterface(java.lang.Object, java.lang.Object, java.lang.Object, java.lang.Object)'> (0x000000074d987958) 
thrown [c:\wsjdk\correttojdksrc\installers\windows\zip\corretto-build\buildroot\src\hotspot\share\interpreter\linkResolver.cpp, line 790]
Event: 14.848 Thread 0x000001f4feedf5c0 Exception <a 'java/lang/ClassNotFoundException'{0x000000074b9fc298}: org/gradle/api/internal/file/collections/DefaultConfigurableFileCollectionBeanInfo> (0x000000074b9fc298) 
thrown [c:\wsjdk\correttojdksrc\installers\windows\zip\corretto-build\buildroot\src\hotspot\share\classfile\systemDictionary.cpp, line 256]
Event: 14.848 Thread 0x000001f4feedf5c0 Exception <a 'java/lang/ClassNotFoundException'{0x000000074b6027b8}: org/gradle/api/internal/file/collections/DefaultConfigurableFileCollectionCustomizer> (0x000000074b6027b8) 
thrown [c:\wsjdk\correttojdksrc\installers\windows\zip\corretto-build\buildroot\src\hotspot\share\classfile\systemDictionary.cpp, line 256]
Event: 14.871 Thread 0x000001f4feedf5c0 Implicit null exception at 0x000001f4e36b55ab to 0x000001f4e36b5bbc
Event: 14.879 Thread 0x000001f4feedf5c0 Exception <a 'java/lang/ClassNotFoundException'{0x000000074b2bc548}: com/intellij/openapi/externalSystem/rt/execution/ForkedDebuggerHelperBeanInfo> (0x000000074b2bc548) 
thrown [c:\wsjdk\correttojdksrc\installers\windows\zip\corretto-build\buildroot\src\hotspot\share\classfile\systemDictionary.cpp, line 256]
Event: 14.879 Thread 0x000001f4feedf5c0 Exception <a 'java/lang/ClassNotFoundException'{0x000000074b2c4a48}: com/intellij/openapi/externalSystem/rt/execution/ForkedDebuggerHelperCustomizer> (0x000000074b2c4a48) 
thrown [c:\wsjdk\correttojdksrc\installers\windows\zip\corretto-build\buildroot\src\hotspot\share\classfile\systemDictionary.cpp, line 256]
Event: 14.881 Thread 0x000001f4feedf5c0 Exception <a 'java/net/SocketException'{0x000000074b2d7b60}: Socket is not connected: shutdown> (0x000000074b2d7b60) 
thrown [c:\wsjdk\correttojdksrc\installers\windows\zip\corretto-build\buildroot\src\hotspot\share\prims\jni.cpp, line 600]
Event: 506.862 Thread 0x000001f4feedf5c0 Exception <a 'java/lang/reflect/InvocationTargetException'{0x000000074b32c358}> (0x000000074b32c358) 
thrown [c:\wsjdk\correttojdksrc\installers\windows\zip\corretto-build\buildroot\src\hotspot\share\runtime\reflection.cpp, line 1157]
Event: 506.868 Thread 0x000001f4f6ac0250 Exception <a 'java/lang/NoSuchMethodError'{0x0000000749a5a150}: static Lorg/gradle/internal/build/event/types/DefaultTaskFailureResult;.<clinit>()V> (0x0000000749a5a150) 
thrown [c:\wsjdk\correttojdksrc\installers\windows\zip\corretto-build\buildroot\src\hotspot\share\prims\jni.cpp, line 1210]
Event: 506.869 Thread 0x000001f4f6ac0250 Exception <a 'java/lang/NoSuchMethodError'{0x0000000749a6a580}: static Lorg/gradle/internal/build/event/types/DefaultFailure;.<clinit>()V> (0x0000000749a6a580) 
thrown [c:\wsjdk\correttojdksrc\installers\windows\zip\corretto-build\buildroot\src\hotspot\share\prims\jni.cpp, line 1210]

Events (20 events):
Event: 506.867 Thread 0x000001f4feeda610 Thread exited: 0x000001f4feeda610
Event: 506.867 Thread 0x000001f4feedf5c0 Thread exited: 0x000001f4feedf5c0
Event: 506.867 Thread 0x000001f4feedcb40 Thread exited: 0x000001f4feedcb40
Event: 506.867 Thread 0x000001f4feee05b0 Thread exited: 0x000001f4feee05b0
Event: 506.867 Thread 0x000001f4feedf070 Thread exited: 0x000001f4feedf070
Event: 506.867 Thread 0x000001f484bb4f30 Thread exited: 0x000001f484bb4f30
Event: 506.867 Thread 0x000001f4feedb600 Thread exited: 0x000001f4feedb600
Event: 506.867 Thread 0x000001f4feedd5e0 Thread exited: 0x000001f4feedd5e0
Event: 506.867 Thread 0x000001f4feedb0b0 Thread exited: 0x000001f4feedb0b0
Event: 506.868 Thread 0x000001f4fc31d000 Thread exited: 0x000001f4fc31d000
Event: 506.870 loading class java/util/concurrent/ConcurrentLinkedQueue$Itr
Event: 506.870 loading class java/util/concurrent/ConcurrentLinkedQueue$Itr done
Event: 506.872 loading class java/util/logging/LogRecord
Event: 506.872 loading class java/util/logging/LogRecord done
Event: 506.876 Executing  VM operation: HandshakeAllThreads
Event: 506.876 Executing  VM operation: HandshakeAllThreads done
Event: 506.876 Executing  VM operation: Cleanup
Event: 506.877 Executing  VM operation: Cleanup done
Event: 506.878 Executing  VM operation: HandshakeAllThreads
Event: 506.879 Executing  VM operation: HandshakeAllThreads done


Dynamic libraries:
0x00007ff6208b0000 - 0x00007ff6208bd000 	C:\Users\opadfnezig\.jdks\corretto-16.0.2\bin\java.exe
0x00007ff8d2c90000 - 0x00007ff8d2e85000 	C:\Windows\SYSTEM32\ntdll.dll
0x00007ff8d0d90000 - 0x00007ff8d0e4d000 	C:\Windows\System32\KERNEL32.DLL
0x00007ff8d04b0000 - 0x00007ff8d0778000 	C:\Windows\System32\KERNELBASE.dll
0x00007ff8d08e0000 - 0x00007ff8d09e0000 	C:\Windows\System32\ucrtbase.dll
0x00007ff8c6370000 - 0x00007ff8c6385000 	C:\Users\opadfnezig\.jdks\corretto-16.0.2\bin\VCRUNTIME140.dll
0x00007ff8c6a10000 - 0x00007ff8c6a28000 	C:\Users\opadfnezig\.jdks\corretto-16.0.2\bin\jli.dll
0x00007ff8d1250000 - 0x00007ff8d13f0000 	C:\Windows\System32\USER32.dll
0x00007ff8d0b40000 - 0x00007ff8d0b62000 	C:\Windows\System32\win32u.dll
0x00007ff8bedc0000 - 0x00007ff8bf05a000 	C:\Windows\WinSxS\amd64_microsoft.windows.common-controls_6595b64144ccf1df_6.0.19041.844_none_ca00b6081b84eb1d\COMCTL32.dll
0x00007ff8d13f0000 - 0x00007ff8d141a000 	C:\Windows\System32\GDI32.dll
0x00007ff8d2450000 - 0x00007ff8d24ee000 	C:\Windows\System32\msvcrt.dll
0x00007ff8d07d0000 - 0x00007ff8d08db000 	C:\Windows\System32\gdi32full.dll
0x00007ff8d0c20000 - 0x00007ff8d0cbd000 	C:\Windows\System32\msvcp_win.dll
0x00007ff8d2c20000 - 0x00007ff8d2c50000 	C:\Windows\System32\IMM32.DLL
0x00007ff894a50000 - 0x00007ff894aeb000 	C:\Users\opadfnezig\.jdks\corretto-16.0.2\bin\msvcp140.dll
0x00007ff866350000 - 0x00007ff866f59000 	C:\Users\opadfnezig\.jdks\corretto-16.0.2\bin\server\jvm.dll
0x00007ff8d1950000 - 0x00007ff8d19fc000 	C:\Windows\System32\ADVAPI32.dll
0x00007ff8d0cf0000 - 0x00007ff8d0d8b000 	C:\Windows\System32\sechost.dll
0x00007ff8d1820000 - 0x00007ff8d194b000 	C:\Windows\System32\RPCRT4.dll
0x00007ff8d2a10000 - 0x00007ff8d2a18000 	C:\Windows\System32\PSAPI.DLL
0x00007ff8bfaf0000 - 0x00007ff8bfaf9000 	C:\Windows\SYSTEM32\WSOCK32.dll
0x00007ff8c9d80000 - 0x00007ff8c9d8a000 	C:\Windows\SYSTEM32\VERSION.dll
0x00007ff8d1b00000 - 0x00007ff8d1b6b000 	C:\Windows\System32\WS2_32.dll
0x00007ff8c9300000 - 0x00007ff8c9327000 	C:\Windows\SYSTEM32\WINMM.dll
0x00007ff8ce340000 - 0x00007ff8ce352000 	C:\Windows\SYSTEM32\kernel.appcore.dll
0x00007ff8c92e0000 - 0x00007ff8c92ea000 	C:\Users\opadfnezig\.jdks\corretto-16.0.2\bin\jimage.dll
0x00007ff8bc610000 - 0x00007ff8bc7f4000 	C:\Windows\SYSTEM32\DBGHELP.DLL
0x00007ff8bc5c0000 - 0x00007ff8bc5ec000 	C:\Windows\SYSTEM32\dbgcore.DLL
0x00007ff8d03d0000 - 0x00007ff8d0450000 	C:\Windows\System32\bcryptPrimitives.dll
0x00007ff8a7060000 - 0x00007ff8a709a000 	C:\Users\opadfnezig\.jdks\corretto-16.0.2\bin\jdwp.dll
0x00007ff8bca10000 - 0x00007ff8bca35000 	C:\Users\opadfnezig\.jdks\corretto-16.0.2\bin\java.dll
0x00007ff8d1ca0000 - 0x00007ff8d23e2000 	C:\Windows\System32\SHELL32.dll
0x00007ff8ce540000 - 0x00007ff8cecd0000 	C:\Windows\SYSTEM32\windows.storage.dll
0x00007ff8d1420000 - 0x00007ff8d1775000 	C:\Windows\System32\combase.dll
0x00007ff8cfe40000 - 0x00007ff8cfe6c000 	C:\Windows\SYSTEM32\Wldp.dll
0x00007ff8d0e50000 - 0x00007ff8d0efe000 	C:\Windows\System32\SHCORE.dll
0x00007ff8d11f0000 - 0x00007ff8d1245000 	C:\Windows\System32\shlwapi.dll
0x00007ff8d0310000 - 0x00007ff8d032f000 	C:\Windows\SYSTEM32\profapi.dll
0x00007ff8c69b0000 - 0x00007ff8c69bc000 	C:\Users\opadfnezig\.jdks\corretto-16.0.2\bin\dt_socket.dll
0x00007ff8cf850000 - 0x00007ff8cf88b000 	C:\Windows\SYSTEM32\IPHLPAPI.DLL
0x00007ff8cfbb0000 - 0x00007ff8cfc1a000 	C:\Windows\system32\mswsock.dll
0x00007ff8c6350000 - 0x00007ff8c6369000 	C:\Users\opadfnezig\.jdks\corretto-16.0.2\bin\net.dll
0x00007ff8c91d0000 - 0x00007ff8c92db000 	C:\Windows\SYSTEM32\WINHTTP.dll
0x00007ff8c08d0000 - 0x00007ff8c08e3000 	C:\Users\opadfnezig\.jdks\corretto-16.0.2\bin\nio.dll
0x00007ff8c0890000 - 0x00007ff8c08a8000 	C:\Users\opadfnezig\.jdks\corretto-16.0.2\bin\zip.dll
0x00007ff8c6900000 - 0x00007ff8c6910000 	C:\Users\opadfnezig\.jdks\corretto-16.0.2\bin\verify.dll
0x00007ff8c65d0000 - 0x00007ff8c65f7000 	C:\Users\opadfnezig\.gradle\native\8bec1ad78214c89d9ad589b4d07fe93259594b29d510b10fafb7a158f7737e5d\windows-amd64\native-platform.dll
0x00007ff86b750000 - 0x00007ff86b88d000 	C:\Users\opadfnezig\.gradle\native\53dbd7edfb1c66fb8903c78663c9afc45aea4f116125fa6feffd364cf09443e8\windows-amd64\native-platform-file-events.dll
0x00007ff8c65c0000 - 0x00007ff8c65c9000 	C:\Users\opadfnezig\.jdks\corretto-16.0.2\bin\management.dll
0x00007ff8c6210000 - 0x00007ff8c621b000 	C:\Users\opadfnezig\.jdks\corretto-16.0.2\bin\management_ext.dll
0x00007ff8cfd90000 - 0x00007ff8cfda8000 	C:\Windows\SYSTEM32\CRYPTSP.dll
0x00007ff8cf4e0000 - 0x00007ff8cf514000 	C:\Windows\system32\rsaenh.dll
0x00007ff8d0cc0000 - 0x00007ff8d0ce7000 	C:\Windows\System32\bcrypt.dll
0x00007ff8d0290000 - 0x00007ff8d02be000 	C:\Windows\SYSTEM32\USERENV.dll
0x00007ff8cfd80000 - 0x00007ff8cfd8c000 	C:\Windows\SYSTEM32\CRYPTBASE.dll
0x00007ff8d0f00000 - 0x00007ff8d0f08000 	C:\Windows\System32\NSI.dll
0x00007ff8ca400000 - 0x00007ff8ca417000 	C:\Windows\SYSTEM32\dhcpcsvc6.DLL
0x00007ff8ca390000 - 0x00007ff8ca3ad000 	C:\Windows\SYSTEM32\dhcpcsvc.DLL
0x00007ff8cf8a0000 - 0x00007ff8cf96c000 	C:\Windows\SYSTEM32\DNSAPI.dll
0x00007ff8bcb10000 - 0x00007ff8bcb1e000 	C:\Users\opadfnezig\.jdks\corretto-16.0.2\bin\sunmscapi.dll
0x00007ff8d09e0000 - 0x00007ff8d0b3f000 	C:\Windows\System32\CRYPT32.dll
0x00007ff8cfeb0000 - 0x00007ff8cfed7000 	C:\Windows\SYSTEM32\ncrypt.dll
0x00007ff8cfe70000 - 0x00007ff8cfeab000 	C:\Windows\SYSTEM32\NTASN1.dll
0x00007ff8bbb00000 - 0x00007ff8bbb07000 	C:\Windows\system32\wshunix.dll
0x00007ff8c8b40000 - 0x00007ff8c8b4a000 	C:\Windows\System32\rasadhlp.dll
0x00007ff8c7920000 - 0x00007ff8c799f000 	C:\Windows\System32\fwpuclnt.dll

dbghelp: loaded successfully - version: 4.0.5 - missing functions: none
symbol engine: initialized successfully - sym options: 0x614 - pdb path: .;C:\Users\opadfnezig\.jdks\corretto-16.0.2\bin;C:\Windows\SYSTEM32;C:\Windows\WinSxS\amd64_microsoft.windows.common-controls_6595b64144ccf1df_6.0.19041.844_none_ca00b6081b84eb1d;C:\Users\opadfnezig\.jdks\corretto-16.0.2\bin\server;C:\Users\opadfnezig\.gradle\native\8bec1ad78214c89d9ad589b4d07fe93259594b29d510b10fafb7a158f7737e5d\windows-amd64;C:\Users\opadfnezig\.gradle\native\53dbd7edfb1c66fb8903c78663c9afc45aea4f116125fa6feffd364cf09443e8\windows-amd64

VM Arguments:
jvm_args: -agentlib:jdwp=transport=dt_socket,server=n,suspend=y,address=127.0.0.1:60988 --add-opens=java.base/java.util=ALL-UNNAMED --add-opens=java.base/java.lang=ALL-UNNAMED --add-opens=java.base/java.lang.invoke=ALL-UNNAMED --add-opens=java.base/java.util=ALL-UNNAMED --add-opens=java.prefs/java.util.prefs=ALL-UNNAMED --add-opens=java.prefs/java.util.prefs=ALL-UNNAMED --add-opens=java.base/java.nio.charset=ALL-UNNAMED --add-opens=java.base/java.net=ALL-UNNAMED --add-opens=java.base/java.util.concurrent.atomic=ALL-UNNAMED -Xmx3G -Dfile.encoding=windows-1251 -Duser.country=RU -Duser.language=ru -Duser.variant 
java_command: org.gradle.launcher.daemon.bootstrap.GradleDaemon 7.1.1
java_class_path (initial): C:\Users\opadfnezig\.gradle\wrapper\dists\gradle-7.1.1-bin\f29rtwfnc96ub43tt7p47zsru\gradle-7.1.1\lib\gradle-launcher-7.1.1.jar
Launcher Type: SUN_STANDARD

[Global flags]
     intx CICompilerCount                          = 4                                         {product} {ergonomic}
     uint ConcGCThreads                            = 3                                         {product} {ergonomic}
     uint G1ConcRefinementThreads                  = 10                                        {product} {ergonomic}
   size_t G1HeapRegionSize                         = 2097152                                   {product} {ergonomic}
    uintx GCDrainStackTargetSize                   = 64                                        {product} {ergonomic}
   size_t InitialHeapSize                          = 268435456                                 {product} {ergonomic}
   size_t MarkStackSize                            = 4194304                                   {product} {ergonomic}
   size_t MaxHeapSize                              = 3221225472                                {product} {command line}
   size_t MaxNewSize                               = 1931476992                                {product} {ergonomic}
   size_t MinHeapDeltaBytes                        = 2097152                                   {product} {ergonomic}
   size_t MinHeapSize                              = 8388608                                   {product} {ergonomic}
    uintx NonNMethodCodeHeapSize                   = 5839372                                {pd product} {ergonomic}
    uintx NonProfiledCodeHeapSize                  = 122909434                              {pd product} {ergonomic}
    uintx ProfiledCodeHeapSize                     = 122909434                              {pd product} {ergonomic}
    uintx ReservedCodeCacheSize                    = 251658240                              {pd product} {ergonomic}
     bool SegmentedCodeCache                       = true                                      {product} {ergonomic}
   size_t SoftMaxHeapSize                          = 3221225472                             {manageable} {ergonomic}
     bool UseCompressedClassPointers               = true                           {product lp64_product} {ergonomic}
     bool UseCompressedOops                        = true                           {product lp64_product} {ergonomic}
     bool UseG1GC                                  = true                                      {product} {ergonomic}
     bool UseLargePagesIndividualAllocation        = false                                  {pd product} {ergonomic}

Logging:
Log output configuration:
 #0: stdout all=warning uptime,level,tags
 #1: stderr all=off uptime,level,tags

Environment Variables:
JAVA_HOME=C:\Program Files\Eclipse Adoptium\jdk-8.0.312.7-hotspot\
PATH=C:\Program Files\Eclipse Adoptium\jdk-8.0.312.7-hotspot\bin;C:\Program Files (x86)\OpenJDK\jdk-8.0.262.10-hotspot\bin;C:\Program Files\Oculus\Support\oculus-runtime;C:\Program Files\AdoptOpenJDK\jdk-16.0.1.9-hotspot\bin;C:\Program Files (x86)\AMD APP\bin\x86_64;C:\Program Files (x86)\AMD APP\bin\x86;C:\Windows\system32;C:\Windows;C:\Windows\System32\Wbem;C:\Windows\System32\WindowsPowerShell\v1.0\;C:\Windows\System32\OpenSSH\;C:\Program Files (x86)\ATI Technologies\ATI.ACE\Core-Static;C:\Program Files (x86)\NVIDIA Corporation\PhysX\Common;C:\Program Files\Process Lasso\;C:\Program Files\dotnet\;C:\Program Files\Microsoft SQL Server\130\Tools\Binn\;D:\Program Files (x86)\Brackets\command;C:\Program Files (x86)\dotnet\;D:\nodejs\;C:\Program Files\PuTTY\;C:\Program Files\Git\cmd;C:\Program Files\Microsoft Network Monitor 3\;C:\Users\opadfnezig\AppData\Local\Microsoft\WindowsApps;C:\Users\opadfnezig\.dotnet\tools;C:\Users\opadfnezig\AppData\Roaming\npm;C:\Users\opadfnezig\AppData\Local\GitHubDesktop\bin
USERNAME=opadfnezig
OS=Windows_NT
PROCESSOR_IDENTIFIER=AMD64 Family 23 Model 8 Stepping 2, AuthenticAMD



---------------  S Y S T E M  ---------------

OS:
 Windows 10 , 64 bit Build 19041 (10.0.19041.928)
OS uptime: 1 days 17:19 hours

CPU: total 12 (initial active 12) (12 cores per cpu, 2 threads per core) family 23 model 8 stepping 2 microcode 0x0, cx8, cmov, fxsr, ht, mmx, 3dnowpref, sse, sse2, sse3, ssse3, sse4a, sse4.1, sse4.2, popcnt, lzcnt, tsc, tscinvbit, avx, avx2, aes, clmul, bmi1, bmi2, adx, sha, fma, vzeroupper, clflush, clflushopt

Memory: 4k page, system-wide physical 16335M (1788M free)
TotalPageFile size 31155M (AvailPageFile size 4210M)
current process WorkingSet (physical memory assigned to process): 470M, peak: 573M
current process commit charge ("private bytes"): 525M, peak: 647M

vm_info: OpenJDK 64-Bit Server VM (16.0.2+7) for windows-amd64 JRE (16.0.2+7), built on Jul 22 2021 01:11:46 by "Administrator" with MS VC++ 15.9 (VS2017)

END.
