#
# A fatal error has been detected by the Java Runtime Environment:
#
#  EXCEPTION_ACCESS_VIOLATION (0xc0000005) at pc=0x00007ff86b76c4be, pid=2548, tid=25280
#
# JRE version: OpenJDK Runtime Environment Corretto-16.0.2.7.1 (16.0.2+7) (build 16.0.2+7)
# Java VM: OpenJDK 64-Bit Server VM Corretto-16.0.2.7.1 (16.0.2+7, mixed mode, sharing, tiered, compressed oops, compressed class ptrs, g1 gc, windows-amd64)
# Problematic frame:
# C  [native-platform-file-events.dll+0x1c4be]
#
# No core dump will be written. Minidumps are not enabled by default on client versions of Windows
#
# If you would like to submit a bug report, please visit:
#   https://github.com/corretto/corretto-jdk/issues/
# The crash happened outside the Java Virtual Machine in native code.
# See problematic frame for where to report the bug.
#

---------------  S U M M A R Y ------------

Command Line: -agentlib:jdwp=transport=dt_socket,server=n,suspend=y,address=127.0.0.1:59745 --add-opens=java.base/java.util=ALL-UNNAMED --add-opens=java.base/java.lang=ALL-UNNAMED --add-opens=java.base/java.lang.invoke=ALL-UNNAMED --add-opens=java.base/java.util=ALL-UNNAMED --add-opens=java.prefs/java.util.prefs=ALL-UNNAMED --add-opens=java.prefs/java.util.prefs=ALL-UNNAMED --add-opens=java.base/java.nio.charset=ALL-UNNAMED --add-opens=java.base/java.net=ALL-UNNAMED --add-opens=java.base/java.util.concurrent.atomic=ALL-UNNAMED -Xmx3G -Dfile.encoding=windows-1251 -Duser.country=RU -Duser.language=ru -Duser.variant org.gradle.launcher.daemon.bootstrap.GradleDaemon 7.1.1

Host: AMD Ryzen 5 1600 Six-Core Processor            , 12 cores, 15G,  Windows 10 , 64 bit Build 19041 (10.0.19041.928)
Time: Wed Nov 10 14:57:46 2021  Windows 10 , 64 bit Build 19041 (10.0.19041.928) elapsed time: 905.022990 seconds (0d 0h 15m 5s)

---------------  T H R E A D  ---------------

Current thread (0x0000021888950c70):  JavaThread "File watcher server" daemon [_thread_in_native, id=25280, stack(0x000000c4ca500000,0x000000c4ca600000)]

Stack: [0x000000c4ca500000,0x000000c4ca600000],  sp=0x000000c4ca5fe410,  free space=1017k
Native frames: (J=compiled Java code, j=interpreted, Vv=VM code, C=native code)
C  [native-platform-file-events.dll+0x1c4be]

Java frames: (J=compiled Java code, j=interpreted, Vv=VM code)
j  net.rubygrapefruit.platform.internal.jni.AbstractFileEventFunctions$NativeFileWatcher.executeRunLoop0(Ljava/lang/Object;)V+0
j  net.rubygrapefruit.platform.internal.jni.AbstractFileEventFunctions$NativeFileWatcher.access$100(Lnet/rubygrapefruit/platform/internal/jni/AbstractFileEventFunctions$NativeFileWatcher;Ljava/lang/Object;)V+2
j  net.rubygrapefruit.platform.internal.jni.AbstractFileEventFunctions$NativeFileWatcher$1.run()V+26
v  ~StubRoutines::call_stub

siginfo: EXCEPTION_ACCESS_VIOLATION (0xc0000005), reading address 0xffffffffffffffff


Register to memory mapping:

RIP=0x00007ff86b76c4be native-platform-file-events.dll
RAX=0x2473636974736974 is an unknown value
RBX=0x0000000000000001 is an unknown value
RCX=0x2473636974736974 is an unknown value
RDX=0x000000c4ca5fe468 is pointing into the stack for thread: 0x0000021888950c70
RSP=0x000000c4ca5fe410 is pointing into the stack for thread: 0x0000021888950c70
RBP=0x000000c4ca5fee08 is pointing into the stack for thread: 0x0000021888950c70
RSI=0x0 is NULL
RDI=0x00000000ffffffff is an unknown value
R8 =0x000000c4ca5fe470 is pointing into the stack for thread: 0x0000021888950c70
R9 =0x000000007ffec000 points into unknown readable memory: 0x00000000546c6148 | 48 61 6c 54 00 00 00 00
R10=0x00000000546c6148 is an unknown value
R11=0x0000008c0f09a151 is an unknown value
R12=0x0 is NULL
R13={method} {0x000002188b36ce70} 'executeRunLoop0' '(Ljava/lang/Object;)V' in 'net/rubygrapefruit/platform/internal/jni/AbstractFileEventFunctions$NativeFileWatcher'
R14=0x000000c4ca5fee30 is pointing into the stack for thread: 0x0000021888950c70
R15=0x0000021888950c70 is a thread


Registers:
RAX=0x2473636974736974, RBX=0x0000000000000001, RCX=0x2473636974736974, RDX=0x000000c4ca5fe468
RSP=0x000000c4ca5fe410, RBP=0x000000c4ca5fee08, RSI=0x0000000000000000, RDI=0x00000000ffffffff
R8 =0x000000c4ca5fe470, R9 =0x000000007ffec000, R10=0x00000000546c6148, R11=0x0000008c0f09a151
R12=0x0000000000000000, R13=0x000002188b36ce68, R14=0x000000c4ca5fee30, R15=0x0000021888950c70
RIP=0x00007ff86b76c4be, EFLAGS=0x0000000000010202

Top of Stack: (sp=0x000000c4ca5fe410)
0x000000c4ca5fe410:   00008217fba985a4 00008217fb8e7070
0x000000c4ca5fe420:   00008217fba985a4 00007ff86b787be5
0x000000c4ca5fe430:   000000c4ca5fe4e8 000000c4ca5fe468
0x000000c4ca5fe440:   000000c400000000 000000c4ca5fe478
0x000000c4ca5fe450:   000000c4ca5f0001 0000014d0a3255d1
0x000000c4ca5fe460:   000000c4ca5fe470 0000000000000001
0x000000c4ca5fe470:   00008217fb8e7070 00008217fba985a4
0x000000c4ca5fe480:   000000c4ca5fee30 00007ff86b787777
0x000000c4ca5fe490:   000000c4ca5fe4e8 000000c4ca5fe4e0
0x000000c4ca5fe4a0:   000002188757f7f0 00000218ec986c5c
0x000000c4ca5fe4b0:   0000000000000000 00007ff86b778bee
0x000000c4ca5fe4c0:   00008217fba985a4 0000000000000001
0x000000c4ca5fe4d0:   000000c4c9dfbcf0 000000074a200170
0x000000c4ca5fe4e0:   0000c245036a2ee0 0000000000000001
0x000000c4ca5fe4f0:   000000c4ca5fe520 00007ff86b76c6ec
0x000000c4ca5fe500:   2473636974736974 000000c400000003 

Instructions: (pc=0x00007ff86b76c4be)
0x00007ff86b76c3be:   8b 00 48 89 44 24 38 48 8b 44 24 38 48 89 44 24
0x00007ff86b76c3ce:   58 48 8b 84 24 b0 00 00 00 48 83 c0 08 48 89 44
0x00007ff86b76c3de:   24 40 48 8d 54 24 70 48 8b 4c 24 40 e8 26 50 fe
0x00007ff86b76c3ee:   ff 48 8b 00 48 89 44 24 48 48 8b 44 24 48 48 89
0x00007ff86b76c3fe:   44 24 60 4c 8b 4c 24 50 4c 8b 44 24 58 48 8b 54
0x00007ff86b76c40e:   24 60 48 8d 4c 24 78 e8 31 92 fe ff 48 8d 4c 24
0x00007ff86b76c41e:   78 e8 8b 6a fe ff 48 8b c8 ff 15 db ab 11 00 89
0x00007ff86b76c42e:   44 24 24 83 7c 24 24 ff 74 15 8b 44 24 24 83 e0
0x00007ff86b76c43e:   10 85 c0 74 0a c7 44 24 28 01 00 00 00 eb 08 c7
0x00007ff86b76c44e:   44 24 28 00 00 00 00 0f b6 44 24 28 88 44 24 20
0x00007ff86b76c45e:   48 8d 4c 24 78 e8 1f 97 fe ff 0f b6 44 24 20 48
0x00007ff86b76c46e:   8b 8c 24 98 00 00 00 48 33 cc e8 8f 76 fe ff 48
0x00007ff86b76c47e:   81 c4 a8 00 00 00 c3 cc cc cc cc cc cc cc cc cc
0x00007ff86b76c48e:   cc cc 48 89 4c 24 08 48 81 ec e8 00 00 00 48 8b
0x00007ff86b76c49e:   05 a5 7d 10 00 48 33 c4 48 89 84 24 d0 00 00 00
0x00007ff86b76c4ae:   c7 44 24 30 00 00 00 00 48 8b 84 24 f0 00 00 00
0x00007ff86b76c4be:   83 78 68 03 0f 84 02 01 00 00 48 8b 84 24 f0 00
0x00007ff86b76c4ce:   00 00 48 8b 48 28 ff 15 36 ab 11 00 89 44 24 38
0x00007ff86b76c4de:   83 7c 24 38 00 0f 85 d0 00 00 00 ba 07 00 00 00
0x00007ff86b76c4ee:   48 8b 0d 1b b0 10 00 e8 48 a4 fe ff 88 44 24 34
0x00007ff86b76c4fe:   0f b6 44 24 34 85 c0 0f 84 90 00 00 00 ff 15 07
0x00007ff86b76c50e:   ab 11 00 89 44 24 3c 48 8b 84 24 f0 00 00 00 48
0x00007ff86b76c51e:   83 c0 08 48 8b d0 48 8d 8c 24 90 00 00 00 e8 05
0x00007ff86b76c52e:   51 fe ff 48 89 44 24 40 48 8b 44 24 40 48 89 44
0x00007ff86b76c53e:   24 48 8b 44 24 30 83 c8 01 89 44 24 30 48 8b 4c
0x00007ff86b76c54e:   24 48 e8 d5 52 fe ff 48 89 44 24 50 48 8b 84 24
0x00007ff86b76c55e:   f0 00 00 00 48 8b 40 28 48 89 44 24 58 8b 44 24
0x00007ff86b76c56e:   3c 89 44 24 28 48 8b 44 24 50 48 89 44 24 20 4c
0x00007ff86b76c57e:   8b 4c 24 58 4c 8d 05 77 af 0d 00 ba 07 00 00 00
0x00007ff86b76c58e:   48 8b 0d 7b af 10 00 e8 f8 71 fe ff 90 8b 44 24
0x00007ff86b76c59e:   30 83 e0 01 85 c0 74 13 83 64 24 30 fe 48 8d 8c
0x00007ff86b76c5ae:   24 90 00 00 00 e8 e7 5a fe ff 90 eb 00 48 8b 84 


Stack slot to memory mapping:
stack at sp + 0 slots: 0x00008217fba985a4 is an unknown value
stack at sp + 1 slots: 0x00008217fb8e7070 is an unknown value
stack at sp + 2 slots: 0x00008217fba985a4 is an unknown value
stack at sp + 3 slots: 0x00007ff86b787be5 native-platform-file-events.dll
stack at sp + 4 slots: 0x000000c4ca5fe4e8 is pointing into the stack for thread: 0x0000021888950c70
stack at sp + 5 slots: 0x000000c4ca5fe468 is pointing into the stack for thread: 0x0000021888950c70
stack at sp + 6 slots: 0x000000c400000000 is an unknown value
stack at sp + 7 slots: 0x000000c4ca5fe478 is pointing into the stack for thread: 0x0000021888950c70


---------------  P R O C E S S  ---------------

Threads class SMR info:
_java_thread_list=0x000002188f35a750, length=190, elements={
0x00000218e37db2c0, 0x00000218ffd1f2b0, 0x00000218ffd20080, 0x00000218ffd3a300,
0x00000218ffd3ac10, 0x00000218ffd3d530, 0x00000218ffd3f460, 0x00000218ffd435a0,
0x00000218ffd4d000, 0x00000218ffd7c710, 0x0000021886932450, 0x0000021886951620,
0x0000021886938540, 0x0000021886951f40, 0x00000218869576a0, 0x0000021888d14df0,
0x000002188923f010, 0x00000218890d07c0, 0x000002188782ad90, 0x000002188968deb0,
0x000002188998df90, 0x0000021888d11520, 0x0000021889345b70, 0x0000021888952700,
0x0000021888951c60, 0x0000021888952c50, 0x00000218889511c0, 0x0000021888951710,
0x0000021888954190, 0x0000021888950c70, 0x00000218889521b0, 0x00000218889531a0,
0x000002188e184660, 0x000002188e186640, 0x000002188e186b90, 0x000002188e183670,
0x000002188e185650, 0x000002188e184110, 0x000002188e185ba0, 0x000002188e184bb0,
0x000002188e185100, 0x000002188d5c3fe0, 0x000002188d5c7500, 0x000002188d5c7a50,
0x000002188d5c3540, 0x000002188d5c7fa0, 0x000002188d5c5fc0, 0x000002188d5c84f0,
0x000002188d5c4530, 0x000002188d5c8f90, 0x000002188d5c8a40, 0x000002188d5c94e0,
0x000002188d5c6fb0, 0x000002188d5c9a30, 0x000002188d5c4fd0, 0x000002188d5c5a70,
0x000002188d5c5520, 0x000002188d5c2000, 0x000002188d5c6510, 0x000002188d5c6a60,
0x000002188d5c2550, 0x000002188d5c2aa0, 0x000002188d5c2ff0, 0x000002188d5c3a90,
0x000002188d5c4a80, 0x00000218884de740, 0x00000218884e01d0, 0x00000218884df1e0,
0x00000218884e2700, 0x00000218884db220, 0x00000218884dd200, 0x00000218884dfc80,
0x00000218884dc210, 0x00000218884dccb0, 0x00000218884ddca0, 0x00000218884de1f0,
0x00000218884e0c70, 0x00000218884e11c0, 0x00000218884e21b0, 0x00000218884dec90,
0x00000218884e2c50, 0x000002188d02a300, 0x000002188d02d820, 0x000002188d02a850,
0x000002188d0317e0, 0x000002188d02dd70, 0x000002188d031290, 0x000002188d02f800,
0x000002188d02e810, 0x000002188d0307f0, 0x000002188d02bd90, 0x000002188d031d30,
0x000002188d02d2d0, 0x000002188d02b840, 0x000002188d02ada0, 0x000002188d02b2f0,
0x000002188d02c2e0, 0x000002188d02c830, 0x000002188d02cd80, 0x000002188d02fd50,
0x000002188d02e2c0, 0x000002188d0302a0, 0x000002188d02ed60, 0x000002188d030d40,
0x000002188d02f2b0, 0x000002188dedc6c0, 0x000002188dedcc10, 0x000002188dedb6d0,
0x000002188dedd160, 0x000002188ded96f0, 0x000002188dedc170, 0x000002188dede150,
0x000002188deddc00, 0x000002188dedd6b0, 0x000002188dede6a0, 0x000002188dee0bd0,
0x000002188dee0130, 0x000002188dedf140, 0x000002188dedac30, 0x000002188dee0680,
0x000002188dedebf0, 0x000002188ded91a0, 0x000002188dedf690, 0x000002188ded9c40,
0x000002188dedfbe0, 0x000002188deda6e0, 0x000002188deda190, 0x000002188dedbc20,
0x000002188dedb180, 0x0000021887127780, 0x00000218871227d0, 0x00000218871237c0,
0x0000021887122280, 0x0000021887126240, 0x0000021887128770, 0x0000021887122d20,
0x0000021887121d30, 0x0000021887123d10, 0x0000021887127cd0, 0x0000021887126ce0,
0x0000021887124d00, 0x0000021887124260, 0x0000021887123270, 0x0000021887120d40,
0x0000021887125cf0, 0x00000218871247b0, 0x0000021887125250, 0x0000021887126790,
0x00000218871257a0, 0x0000021887128220, 0x00000218871217e0, 0x000002188d6adcc0,
0x000002188d6b0740, 0x000002188d6ab790, 0x000002188d6af750, 0x000002188d6b01f0,
0x000002188d6aa7a0, 0x000002188d6af200, 0x000002188d6aa250, 0x000002188d6ad220,
0x000002188d6aacf0, 0x000002188d6ae210, 0x000002188d6afca0, 0x000002188d6b0c90,
0x000002188d6ab240, 0x000002188d6ae760, 0x000002188d6aecb0, 0x00000218933beb00,
0x00000218933c0040, 0x00000218933bf050, 0x00000218933bf5a0, 0x00000218933c3ab0,
0x00000218933c0ae0, 0x00000218933bc5d0, 0x00000218933c2570, 0x00000218933bd5c0,
0x00000218933c1030, 0x00000218933be060, 0x00000218933c1ad0, 0x00000218933c2ac0,
0x00000218933bdb10, 0x00000218933bcb20, 0x000002188f286470, 0x000002188f2859d0,
0x000002188f285f20, 0x000002188f2869c0, 0x000002188f286f10, 0x000002188f2839f0,
0x00000218ffd4f6f0, 0x00000218ffd4ca70
}

Java Threads: ( => current thread )
  0x00000218e37db2c0 JavaThread "main" [_thread_blocked, id=28936, stack(0x000000c4c7600000,0x000000c4c7700000)]
  0x00000218ffd1f2b0 JavaThread "Reference Handler" daemon [_thread_blocked, id=27064, stack(0x000000c4c7d00000,0x000000c4c7e00000)]
  0x00000218ffd20080 JavaThread "Finalizer" daemon [_thread_blocked, id=11912, stack(0x000000c4c7e00000,0x000000c4c7f00000)]
  0x00000218ffd3a300 JavaThread "Signal Dispatcher" daemon [_thread_blocked, id=24232, stack(0x000000c4c7f00000,0x000000c4c8000000)]
  0x00000218ffd3ac10 JavaThread "Attach Listener" daemon [_thread_blocked, id=5020, stack(0x000000c4c8000000,0x000000c4c8100000)]
  0x00000218ffd3d530 JavaThread "Service Thread" daemon [_thread_blocked, id=15780, stack(0x000000c4c8100000,0x000000c4c8200000)]
  0x00000218ffd3f460 JavaThread "Monitor Deflation Thread" daemon [_thread_blocked, id=3608, stack(0x000000c4c8200000,0x000000c4c8300000)]
  0x00000218ffd435a0 JavaThread "C2 CompilerThread0" daemon [_thread_in_native, id=28516, stack(0x000000c4c8300000,0x000000c4c8400000)]
  0x00000218ffd4d000 JavaThread "C1 CompilerThread0" daemon [_thread_blocked, id=24336, stack(0x000000c4c8400000,0x000000c4c8500000)]
  0x00000218ffd7c710 JavaThread "Sweeper thread" daemon [_thread_blocked, id=21884, stack(0x000000c4c8500000,0x000000c4c8600000)]
  0x0000021886932450 JavaThread "Common-Cleaner" daemon [_thread_blocked, id=22680, stack(0x000000c4c8600000,0x000000c4c8700000)]
  0x0000021886951620 JavaThread "JDWP Transport Listener: dt_socket" daemon [_thread_blocked, id=22968, stack(0x000000c4c8700000,0x000000c4c8800000)]
  0x0000021886938540 JavaThread "JDWP Event Helper Thread" daemon [_thread_blocked, id=3820, stack(0x000000c4c8800000,0x000000c4c8900000)]
  0x0000021886951f40 JavaThread "JDWP Command Reader" daemon [_thread_in_native, id=14948, stack(0x000000c4c8900000,0x000000c4c8a00000)]
  0x00000218869576a0 JavaThread "Notification Thread" daemon [_thread_blocked, id=19252, stack(0x000000c4c8a00000,0x000000c4c8b00000)]
  0x0000021888d14df0 JavaThread "Daemon health stats" [_thread_blocked, id=19736, stack(0x000000c4c9700000,0x000000c4c9800000)]
  0x000002188923f010 JavaThread "Incoming local TCP Connector on port 59750" [_thread_in_native, id=28468, stack(0x000000c4c9800000,0x000000c4c9900000)]
  0x00000218890d07c0 JavaThread "Daemon periodic checks" [_thread_blocked, id=23956, stack(0x000000c4c9900000,0x000000c4c9a00000)]
  0x000002188782ad90 JavaThread "Daemon" [_thread_blocked, id=22668, stack(0x000000c4c9a00000,0x000000c4c9b00000)]
  0x000002188968deb0 JavaThread "Handler for socket connection from /127.0.0.1:59750 to /127.0.0.1:59751" [_thread_in_native, id=12088, stack(0x000000c4c9b00000,0x000000c4c9c00000)]
  0x000002188998df90 JavaThread "Cancel handler" [_thread_blocked, id=28548, stack(0x000000c4c9c00000,0x000000c4c9d00000)]
  0x0000021888d11520 JavaThread "Daemon worker" [_thread_blocked, id=19652, stack(0x000000c4c9d00000,0x000000c4c9e00000)]
  0x0000021889345b70 JavaThread "Asynchronous log dispatcher for DefaultDaemonConnection: socket connection from /127.0.0.1:59750 to /127.0.0.1:59751" [_thread_blocked, id=26480, stack(0x000000c4c9e00000,0x000000c4c9f00000)]
  0x0000021888952700 JavaThread "Stdin handler" [_thread_blocked, id=29044, stack(0x000000c4c9f00000,0x000000c4ca000000)]
  0x0000021888951c60 JavaThread "Daemon client event forwarder" [_thread_blocked, id=4560, stack(0x000000c4ca000000,0x000000c4ca100000)]
  0x0000021888952c50 JavaThread "Cache worker for journal cache (C:\Users\opadfnezig\.gradle\caches\journal-1)" [_thread_blocked, id=8972, stack(0x000000c4c8d00000,0x000000c4c8e00000)]
  0x00000218889511c0 JavaThread "File lock request listener" [_thread_in_native, id=22420, stack(0x000000c4ca100000,0x000000c4ca200000)]
  0x0000021888951710 JavaThread "Cache worker for file hash cache (C:\Users\opadfnezig\.gradle\caches\7.1.1\fileHashes)" [_thread_blocked, id=7916, stack(0x000000c4ca200000,0x000000c4ca300000)]
  0x0000021888954190 JavaThread "Cache worker for file hash cache (Y:\workspaces\intelij\idk\.gradle\7.1.1\fileHashes)" [_thread_blocked, id=17528, stack(0x000000c4ca400000,0x000000c4ca500000)]
=>0x0000021888950c70 JavaThread "File watcher server" daemon [_thread_in_native, id=25280, stack(0x000000c4ca500000,0x000000c4ca600000)]
  0x00000218889521b0 JavaThread "File watcher consumer" daemon [_thread_blocked, id=29028, stack(0x000000c4ca600000,0x000000c4ca700000)]
  0x00000218889531a0 JavaThread "Cache worker for checksums cache (Y:\workspaces\intelij\idk\.gradle\checksums)" [_thread_blocked, id=27820, stack(0x000000c4ca700000,0x000000c4ca800000)]
  0x000002188e184660 JavaThread "Cache worker for execution history cache (C:\Users\opadfnezig\.gradle\caches\7.1.1\executionHistory)" [_thread_blocked, id=27752, stack(0x000000c4caa00000,0x000000c4cab00000)]
  0x000002188e186640 JavaThread "jar transforms" [_thread_blocked, id=16160, stack(0x000000c4cad00000,0x000000c4cae00000)]
  0x000002188e186b90 JavaThread "jar transforms Thread 2" [_thread_blocked, id=29360, stack(0x000000c4cae00000,0x000000c4caf00000)]
  0x000002188e183670 JavaThread "Cache worker for file content cache (C:\Users\opadfnezig\.gradle\caches\7.1.1\fileContent)" [_thread_blocked, id=26660, stack(0x000000c4caf00000,0x000000c4cb000000)]
  0x000002188e185650 JavaThread "jar transforms Thread 3" [_thread_blocked, id=18260, stack(0x000000c4cb000000,0x000000c4cb100000)]
  0x000002188e184110 JavaThread "jar transforms Thread 4" [_thread_blocked, id=1380, stack(0x000000c4cb100000,0x000000c4cb200000)]
  0x000002188e185ba0 JavaThread "jar transforms Thread 5" [_thread_blocked, id=11776, stack(0x000000c4cb200000,0x000000c4cb300000)]
  0x000002188e184bb0 JavaThread "Cache worker for dependencies-accessors (Y:\workspaces\intelij\idk\.gradle\7.1.1\dependencies-accessors)" [_thread_blocked, id=8444, stack(0x000000c4cb300000,0x000000c4cb400000)]
  0x000002188e185100 JavaThread "jar transforms Thread 6" [_thread_blocked, id=23696, stack(0x000000c4cb400000,0x000000c4cb500000)]
  0x000002188d5c3fe0 JavaThread "Unconstrained build operations" [_thread_blocked, id=18836, stack(0x000000c4cb600000,0x000000c4cb700000)]
  0x000002188d5c7500 JavaThread "Unconstrained build operations Thread 2" [_thread_blocked, id=6560, stack(0x000000c4cb700000,0x000000c4cb800000)]
  0x000002188d5c7a50 JavaThread "Unconstrained build operations Thread 3" [_thread_blocked, id=27500, stack(0x000000c4cb800000,0x000000c4cb900000)]
  0x000002188d5c3540 JavaThread "Unconstrained build operations Thread 4" [_thread_blocked, id=8004, stack(0x000000c4cb900000,0x000000c4cba00000)]
  0x000002188d5c7fa0 JavaThread "Unconstrained build operations Thread 5" [_thread_blocked, id=23492, stack(0x000000c4cba00000,0x000000c4cbb00000)]
  0x000002188d5c5fc0 JavaThread "Unconstrained build operations Thread 6" [_thread_blocked, id=26580, stack(0x000000c4cbb00000,0x000000c4cbc00000)]
  0x000002188d5c84f0 JavaThread "Unconstrained build operations Thread 7" [_thread_blocked, id=700, stack(0x000000c4cbc00000,0x000000c4cbd00000)]
  0x000002188d5c4530 JavaThread "Unconstrained build operations Thread 8" [_thread_blocked, id=17460, stack(0x000000c4cbd00000,0x000000c4cbe00000)]
  0x000002188d5c8f90 JavaThread "Unconstrained build operations Thread 9" [_thread_blocked, id=21624, stack(0x000000c4cbe00000,0x000000c4cbf00000)]
  0x000002188d5c8a40 JavaThread "Unconstrained build operations Thread 10" [_thread_blocked, id=17236, stack(0x000000c4cbf00000,0x000000c4cc000000)]
  0x000002188d5c94e0 JavaThread "Unconstrained build operations Thread 11" [_thread_blocked, id=26956, stack(0x000000c4cc000000,0x000000c4cc100000)]
  0x000002188d5c6fb0 JavaThread "Unconstrained build operations Thread 12" [_thread_blocked, id=26520, stack(0x000000c4cc100000,0x000000c4cc200000)]
  0x000002188d5c9a30 JavaThread "Unconstrained build operations Thread 13" [_thread_blocked, id=7556, stack(0x000000c4cc200000,0x000000c4cc300000)]
  0x000002188d5c4fd0 JavaThread "Unconstrained build operations Thread 14" [_thread_blocked, id=25456, stack(0x000000c4cc300000,0x000000c4cc400000)]
  0x000002188d5c5a70 JavaThread "Unconstrained build operations Thread 15" [_thread_blocked, id=3524, stack(0x000000c4cc400000,0x000000c4cc500000)]
  0x000002188d5c5520 JavaThread "Unconstrained build operations Thread 16" [_thread_blocked, id=20568, stack(0x000000c4cc500000,0x000000c4cc600000)]
  0x000002188d5c2000 JavaThread "Unconstrained build operations Thread 17" [_thread_blocked, id=28736, stack(0x000000c4cc600000,0x000000c4cc700000)]
  0x000002188d5c6510 JavaThread "Unconstrained build operations Thread 18" [_thread_blocked, id=9412, stack(0x000000c4cc700000,0x000000c4cc800000)]
  0x000002188d5c6a60 JavaThread "Unconstrained build operations Thread 19" [_thread_blocked, id=4656, stack(0x000000c4cc800000,0x000000c4cc900000)]
  0x000002188d5c2550 JavaThread "Unconstrained build operations Thread 20" [_thread_blocked, id=25664, stack(0x000000c4cc900000,0x000000c4cca00000)]
  0x000002188d5c2aa0 JavaThread "Unconstrained build operations Thread 21" [_thread_blocked, id=25308, stack(0x000000c4cca00000,0x000000c4ccb00000)]
  0x000002188d5c2ff0 JavaThread "Unconstrained build operations Thread 22" [_thread_blocked, id=29120, stack(0x000000c4ccb00000,0x000000c4ccc00000)]
  0x000002188d5c3a90 JavaThread "Unconstrained build operations Thread 23" [_thread_blocked, id=28036, stack(0x000000c4ccc00000,0x000000c4ccd00000)]
  0x000002188d5c4a80 JavaThread "Unconstrained build operations Thread 24" [_thread_blocked, id=2368, stack(0x000000c4ccd00000,0x000000c4cce00000)]
  0x00000218884de740 JavaThread "Unconstrained build operations Thread 25" [_thread_blocked, id=5200, stack(0x000000c4cce00000,0x000000c4ccf00000)]
  0x00000218884e01d0 JavaThread "Unconstrained build operations Thread 26" [_thread_blocked, id=12308, stack(0x000000c4ccf00000,0x000000c4cd000000)]
  0x00000218884df1e0 JavaThread "Unconstrained build operations Thread 27" [_thread_blocked, id=12680, stack(0x000000c4cd000000,0x000000c4cd100000)]
  0x00000218884e2700 JavaThread "Unconstrained build operations Thread 28" [_thread_blocked, id=19784, stack(0x000000c4cd100000,0x000000c4cd200000)]
  0x00000218884db220 JavaThread "jar transforms Thread 7" [_thread_blocked, id=6788, stack(0x000000c4cd200000,0x000000c4cd300000)]
  0x00000218884dd200 JavaThread "Memory manager" [_thread_blocked, id=7812, stack(0x000000c4cd400000,0x000000c4cd500000)]
  0x00000218884dfc80 JavaThread "ForkJoinPool.commonPool-worker-9" daemon [_thread_blocked, id=13296, stack(0x000000c4cd800000,0x000000c4cd900000)]
  0x00000218884dc210 JavaThread "Exec process" [_thread_in_native, id=21668, stack(0x000000c4cdb00000,0x000000c4cdc00000)]
  0x00000218884dccb0 JavaThread "Exec process Thread 2" [_thread_in_native, id=25864, stack(0x000000c4cdc00000,0x000000c4cdd00000)]
  0x00000218884ddca0 JavaThread "Exec process Thread 3" [_thread_blocked, id=9260, stack(0x000000c4cdd00000,0x000000c4cde00000)]
  0x00000218884de1f0 JavaThread "Unconstrained build operations Thread 29" [_thread_blocked, id=6776, stack(0x000000c4cde00000,0x000000c4cdf00000)]
  0x00000218884e0c70 JavaThread "Unconstrained build operations Thread 30" [_thread_blocked, id=24020, stack(0x000000c4cdf00000,0x000000c4ce000000)]
  0x00000218884e11c0 JavaThread "Unconstrained build operations Thread 31" [_thread_blocked, id=19548, stack(0x000000c4ce000000,0x000000c4ce100000)]
  0x00000218884e21b0 JavaThread "Unconstrained build operations Thread 32" [_thread_blocked, id=22060, stack(0x000000c4ce100000,0x000000c4ce200000)]
  0x00000218884dec90 JavaThread "Unconstrained build operations Thread 33" [_thread_blocked, id=13192, stack(0x000000c4ce200000,0x000000c4ce300000)]
  0x00000218884e2c50 JavaThread "Unconstrained build operations Thread 34" [_thread_blocked, id=11316, stack(0x000000c4ce300000,0x000000c4ce400000)]
  0x000002188d02a300 JavaThread "Unconstrained build operations Thread 35" [_thread_blocked, id=14944, stack(0x000000c4ce400000,0x000000c4ce500000)]
  0x000002188d02d820 JavaThread "Unconstrained build operations Thread 36" [_thread_blocked, id=22228, stack(0x000000c4ce500000,0x000000c4ce600000)]
  0x000002188d02a850 JavaThread "Unconstrained build operations Thread 37" [_thread_blocked, id=16620, stack(0x000000c4ce600000,0x000000c4ce700000)]
  0x000002188d0317e0 JavaThread "Unconstrained build operations Thread 38" [_thread_blocked, id=19984, stack(0x000000c4ce700000,0x000000c4ce800000)]
  0x000002188d02dd70 JavaThread "Unconstrained build operations Thread 39" [_thread_blocked, id=26284, stack(0x000000c4ce800000,0x000000c4ce900000)]
  0x000002188d031290 JavaThread "Unconstrained build operations Thread 40" [_thread_blocked, id=10876, stack(0x000000c4ce900000,0x000000c4cea00000)]
  0x000002188d02f800 JavaThread "Unconstrained build operations Thread 41" [_thread_blocked, id=17908, stack(0x000000c4cea00000,0x000000c4ceb00000)]
  0x000002188d02e810 JavaThread "Unconstrained build operations Thread 42" [_thread_blocked, id=19828, stack(0x000000c4ceb00000,0x000000c4cec00000)]
  0x000002188d0307f0 JavaThread "Unconstrained build operations Thread 43" [_thread_blocked, id=28832, stack(0x000000c4cec00000,0x000000c4ced00000)]
  0x000002188d02bd90 JavaThread "Unconstrained build operations Thread 44" [_thread_blocked, id=11584, stack(0x000000c4ced00000,0x000000c4cee00000)]
  0x000002188d031d30 JavaThread "Unconstrained build operations Thread 45" [_thread_blocked, id=25520, stack(0x000000c4cee00000,0x000000c4cef00000)]
  0x000002188d02d2d0 JavaThread "Unconstrained build operations Thread 46" [_thread_blocked, id=10356, stack(0x000000c4cef00000,0x000000c4cf000000)]
  0x000002188d02b840 JavaThread "Unconstrained build operations Thread 47" [_thread_blocked, id=20348, stack(0x000000c4cf000000,0x000000c4cf100000)]
  0x000002188d02ada0 JavaThread "Unconstrained build operations Thread 48" [_thread_blocked, id=28772, stack(0x000000c4cf100000,0x000000c4cf200000)]
  0x000002188d02b2f0 JavaThread "Unconstrained build operations Thread 49" [_thread_blocked, id=29268, stack(0x000000c4cf200000,0x000000c4cf300000)]
  0x000002188d02c2e0 JavaThread "Unconstrained build operations Thread 50" [_thread_blocked, id=22108, stack(0x000000c4cf300000,0x000000c4cf400000)]
  0x000002188d02c830 JavaThread "Unconstrained build operations Thread 51" [_thread_blocked, id=20164, stack(0x000000c4cf400000,0x000000c4cf500000)]
  0x000002188d02cd80 JavaThread "Unconstrained build operations Thread 52" [_thread_blocked, id=3536, stack(0x000000c4cf500000,0x000000c4cf600000)]
  0x000002188d02fd50 JavaThread "Unconstrained build operations Thread 53" [_thread_blocked, id=15276, stack(0x000000c4cf600000,0x000000c4cf700000)]
  0x000002188d02e2c0 JavaThread "Unconstrained build operations Thread 54" [_thread_blocked, id=23028, stack(0x000000c4cf700000,0x000000c4cf800000)]
  0x000002188d0302a0 JavaThread "Unconstrained build operations Thread 55" [_thread_blocked, id=20892, stack(0x000000c4cf800000,0x000000c4cf900000)]
  0x000002188d02ed60 JavaThread "Unconstrained build operations Thread 56" [_thread_blocked, id=25272, stack(0x000000c4cf900000,0x000000c4cfa00000)]
  0x000002188d030d40 JavaThread "Unconstrained build operations Thread 57" [_thread_blocked, id=14556, stack(0x000000c4cfa00000,0x000000c4cfb00000)]
  0x000002188d02f2b0 JavaThread "Unconstrained build operations Thread 58" [_thread_blocked, id=22556, stack(0x000000c4cfb00000,0x000000c4cfc00000)]
  0x000002188dedc6c0 JavaThread "Unconstrained build operations Thread 59" [_thread_blocked, id=10936, stack(0x000000c4cfc00000,0x000000c4cfd00000)]
  0x000002188dedcc10 JavaThread "Unconstrained build operations Thread 60" [_thread_blocked, id=16924, stack(0x000000c4cfd00000,0x000000c4cfe00000)]
  0x000002188dedb6d0 JavaThread "Unconstrained build operations Thread 61" [_thread_blocked, id=27276, stack(0x000000c4cfe00000,0x000000c4cff00000)]
  0x000002188dedd160 JavaThread "Unconstrained build operations Thread 62" [_thread_blocked, id=17616, stack(0x000000c4cff00000,0x000000c4d0000000)]
  0x000002188ded96f0 JavaThread "Unconstrained build operations Thread 63" [_thread_blocked, id=12440, stack(0x000000c4d0000000,0x000000c4d0100000)]
  0x000002188dedc170 JavaThread "Unconstrained build operations Thread 64" [_thread_blocked, id=11576, stack(0x000000c4d0100000,0x000000c4d0200000)]
  0x000002188dede150 JavaThread "Unconstrained build operations Thread 65" [_thread_blocked, id=23608, stack(0x000000c4d0200000,0x000000c4d0300000)]
  0x000002188deddc00 JavaThread "Unconstrained build operations Thread 66" [_thread_blocked, id=16612, stack(0x000000c4d0300000,0x000000c4d0400000)]
  0x000002188dedd6b0 JavaThread "Unconstrained build operations Thread 67" [_thread_blocked, id=18476, stack(0x000000c4d0400000,0x000000c4d0500000)]
  0x000002188dede6a0 JavaThread "Unconstrained build operations Thread 68" [_thread_blocked, id=17332, stack(0x000000c4d0500000,0x000000c4d0600000)]
  0x000002188dee0bd0 JavaThread "Unconstrained build operations Thread 69" [_thread_blocked, id=15144, stack(0x000000c4d0600000,0x000000c4d0700000)]
  0x000002188dee0130 JavaThread "Unconstrained build operations Thread 70" [_thread_blocked, id=18612, stack(0x000000c4d0700000,0x000000c4d0800000)]
  0x000002188dedf140 JavaThread "Unconstrained build operations Thread 71" [_thread_blocked, id=10980, stack(0x000000c4d0800000,0x000000c4d0900000)]
  0x000002188dedac30 JavaThread "Unconstrained build operations Thread 72" [_thread_blocked, id=8156, stack(0x000000c4d0900000,0x000000c4d0a00000)]
  0x000002188dee0680 JavaThread "Unconstrained build operations Thread 73" [_thread_blocked, id=28176, stack(0x000000c4d0a00000,0x000000c4d0b00000)]
  0x000002188dedebf0 JavaThread "Unconstrained build operations Thread 74" [_thread_blocked, id=17428, stack(0x000000c4d0b00000,0x000000c4d0c00000)]
  0x000002188ded91a0 JavaThread "Unconstrained build operations Thread 75" [_thread_blocked, id=28872, stack(0x000000c4d0c00000,0x000000c4d0d00000)]
  0x000002188dedf690 JavaThread "Unconstrained build operations Thread 76" [_thread_blocked, id=18988, stack(0x000000c4d0d00000,0x000000c4d0e00000)]
  0x000002188ded9c40 JavaThread "Unconstrained build operations Thread 77" [_thread_blocked, id=21920, stack(0x000000c4d0e00000,0x000000c4d0f00000)]
  0x000002188dedfbe0 JavaThread "Unconstrained build operations Thread 78" [_thread_blocked, id=17524, stack(0x000000c4d0f00000,0x000000c4d1000000)]
  0x000002188deda6e0 JavaThread "Unconstrained build operations Thread 79" [_thread_blocked, id=11956, stack(0x000000c4d1000000,0x000000c4d1100000)]
  0x000002188deda190 JavaThread "Unconstrained build operations Thread 80" [_thread_blocked, id=24088, stack(0x000000c4d1100000,0x000000c4d1200000)]
  0x000002188dedbc20 JavaThread "Unconstrained build operations Thread 81" [_thread_blocked, id=19436, stack(0x000000c4d1200000,0x000000c4d1300000)]
  0x000002188dedb180 JavaThread "Unconstrained build operations Thread 82" [_thread_blocked, id=4124, stack(0x000000c4d1300000,0x000000c4d1400000)]
  0x0000021887127780 JavaThread "Unconstrained build operations Thread 83" [_thread_blocked, id=27864, stack(0x000000c4d1400000,0x000000c4d1500000)]
  0x00000218871227d0 JavaThread "Unconstrained build operations Thread 84" [_thread_blocked, id=20644, stack(0x000000c4d1500000,0x000000c4d1600000)]
  0x00000218871237c0 JavaThread "Unconstrained build operations Thread 85" [_thread_blocked, id=14608, stack(0x000000c4d1600000,0x000000c4d1700000)]
  0x0000021887122280 JavaThread "Unconstrained build operations Thread 86" [_thread_blocked, id=21240, stack(0x000000c4d1700000,0x000000c4d1800000)]
  0x0000021887126240 JavaThread "Unconstrained build operations Thread 87" [_thread_blocked, id=10480, stack(0x000000c4d1800000,0x000000c4d1900000)]
  0x0000021887128770 JavaThread "Unconstrained build operations Thread 88" [_thread_blocked, id=16148, stack(0x000000c4d1900000,0x000000c4d1a00000)]
  0x0000021887122d20 JavaThread "Unconstrained build operations Thread 89" [_thread_blocked, id=18600, stack(0x000000c4d1a00000,0x000000c4d1b00000)]
  0x0000021887121d30 JavaThread "Unconstrained build operations Thread 90" [_thread_blocked, id=22796, stack(0x000000c4d1b00000,0x000000c4d1c00000)]
  0x0000021887123d10 JavaThread "Unconstrained build operations Thread 91" [_thread_blocked, id=8548, stack(0x000000c4d1c00000,0x000000c4d1d00000)]
  0x0000021887127cd0 JavaThread "Unconstrained build operations Thread 92" [_thread_blocked, id=12400, stack(0x000000c4d1d00000,0x000000c4d1e00000)]
  0x0000021887126ce0 JavaThread "Unconstrained build operations Thread 93" [_thread_blocked, id=9528, stack(0x000000c4d1e00000,0x000000c4d1f00000)]
  0x0000021887124d00 JavaThread "Unconstrained build operations Thread 94" [_thread_blocked, id=22132, stack(0x000000c4d1f00000,0x000000c4d2000000)]
  0x0000021887124260 JavaThread "Unconstrained build operations Thread 95" [_thread_blocked, id=18520, stack(0x000000c4d2000000,0x000000c4d2100000)]
  0x0000021887123270 JavaThread "Unconstrained build operations Thread 96" [_thread_blocked, id=10172, stack(0x000000c4d2100000,0x000000c4d2200000)]
  0x0000021887120d40 JavaThread "Unconstrained build operations Thread 97" [_thread_blocked, id=15824, stack(0x000000c4d2200000,0x000000c4d2300000)]
  0x0000021887125cf0 JavaThread "Unconstrained build operations Thread 98" [_thread_blocked, id=10080, stack(0x000000c4d2300000,0x000000c4d2400000)]
  0x00000218871247b0 JavaThread "Unconstrained build operations Thread 99" [_thread_blocked, id=12388, stack(0x000000c4d2400000,0x000000c4d2500000)]
  0x0000021887125250 JavaThread "Unconstrained build operations Thread 100" [_thread_blocked, id=25548, stack(0x000000c4d2500000,0x000000c4d2600000)]
  0x0000021887126790 JavaThread "Unconstrained build operations Thread 101" [_thread_blocked, id=21108, stack(0x000000c4d2600000,0x000000c4d2700000)]
  0x00000218871257a0 JavaThread "Unconstrained build operations Thread 102" [_thread_blocked, id=16680, stack(0x000000c4d2700000,0x000000c4d2800000)]
  0x0000021887128220 JavaThread "Unconstrained build operations Thread 103" [_thread_blocked, id=872, stack(0x000000c4d2800000,0x000000c4d2900000)]
  0x00000218871217e0 JavaThread "Unconstrained build operations Thread 104" [_thread_blocked, id=1252, stack(0x000000c4d2900000,0x000000c4d2a00000)]
  0x000002188d6adcc0 JavaThread "Unconstrained build operations Thread 105" [_thread_blocked, id=3940, stack(0x000000c4d2a00000,0x000000c4d2b00000)]
  0x000002188d6b0740 JavaThread "Unconstrained build operations Thread 106" [_thread_blocked, id=8420, stack(0x000000c4d2b00000,0x000000c4d2c00000)]
  0x000002188d6ab790 JavaThread "Unconstrained build operations Thread 107" [_thread_blocked, id=3212, stack(0x000000c4d2c00000,0x000000c4d2d00000)]
  0x000002188d6af750 JavaThread "Unconstrained build operations Thread 108" [_thread_blocked, id=3292, stack(0x000000c4d2d00000,0x000000c4d2e00000)]
  0x000002188d6b01f0 JavaThread "Unconstrained build operations Thread 109" [_thread_blocked, id=14144, stack(0x000000c4d2e00000,0x000000c4d2f00000)]
  0x000002188d6aa7a0 JavaThread "Unconstrained build operations Thread 110" [_thread_blocked, id=6216, stack(0x000000c4d2f00000,0x000000c4d3000000)]
  0x000002188d6af200 JavaThread "Unconstrained build operations Thread 111" [_thread_blocked, id=15456, stack(0x000000c4d3000000,0x000000c4d3100000)]
  0x000002188d6aa250 JavaThread "Unconstrained build operations Thread 112" [_thread_blocked, id=25516, stack(0x000000c4d3100000,0x000000c4d3200000)]
  0x000002188d6ad220 JavaThread "Unconstrained build operations Thread 113" [_thread_blocked, id=25452, stack(0x000000c4d3200000,0x000000c4d3300000)]
  0x000002188d6aacf0 JavaThread "Unconstrained build operations Thread 114" [_thread_blocked, id=11304, stack(0x000000c4d3300000,0x000000c4d3400000)]
  0x000002188d6ae210 JavaThread "Unconstrained build operations Thread 115" [_thread_blocked, id=24892, stack(0x000000c4d3400000,0x000000c4d3500000)]
  0x000002188d6afca0 JavaThread "Unconstrained build operations Thread 116" [_thread_blocked, id=19132, stack(0x000000c4d3500000,0x000000c4d3600000)]
  0x000002188d6b0c90 JavaThread "Unconstrained build operations Thread 117" [_thread_blocked, id=11032, stack(0x000000c4d3600000,0x000000c4d3700000)]
  0x000002188d6ab240 JavaThread "Unconstrained build operations Thread 118" [_thread_blocked, id=14756, stack(0x000000c4d3700000,0x000000c4d3800000)]
  0x000002188d6ae760 JavaThread "Unconstrained build operations Thread 119" [_thread_blocked, id=12120, stack(0x000000c4d3800000,0x000000c4d3900000)]
  0x000002188d6aecb0 JavaThread "Unconstrained build operations Thread 120" [_thread_blocked, id=1588, stack(0x000000c4d3900000,0x000000c4d3a00000)]
  0x00000218933beb00 JavaThread "Cache worker for Java compile cache (C:\Users\opadfnezig\.gradle\caches\7.1.1\javaCompile)" [_thread_blocked, id=4796, stack(0x000000c4d4600000,0x000000c4d4700000)]
  0x00000218933c0040 JavaThread "Build operations" [_thread_blocked, id=13720, stack(0x000000c4d4700000,0x000000c4d4800000)]
  0x00000218933bf050 JavaThread "Build operations Thread 2" [_thread_blocked, id=21808, stack(0x000000c4d4800000,0x000000c4d4900000)]
  0x00000218933bf5a0 JavaThread "Build operations Thread 3" [_thread_blocked, id=24964, stack(0x000000c4d4900000,0x000000c4d4a00000)]
  0x00000218933c3ab0 JavaThread "Build operations Thread 4" [_thread_blocked, id=25776, stack(0x000000c4d4a00000,0x000000c4d4b00000)]
  0x00000218933c0ae0 JavaThread "Build operations Thread 5" [_thread_blocked, id=26584, stack(0x000000c4d4b00000,0x000000c4d4c00000)]
  0x00000218933bc5d0 JavaThread "Build operations Thread 6" [_thread_blocked, id=17240, stack(0x000000c4d4c00000,0x000000c4d4d00000)]
  0x00000218933c2570 JavaThread "Build operations Thread 7" [_thread_blocked, id=25172, stack(0x000000c4d4d00000,0x000000c4d4e00000)]
  0x00000218933bd5c0 JavaThread "Build operations Thread 8" [_thread_blocked, id=1568, stack(0x000000c4d4e00000,0x000000c4d4f00000)]
  0x00000218933c1030 JavaThread "Build operations Thread 9" [_thread_blocked, id=29504, stack(0x000000c4d4f00000,0x000000c4d5000000)]
  0x00000218933be060 JavaThread "Build operations Thread 10" [_thread_blocked, id=5972, stack(0x000000c4d5000000,0x000000c4d5100000)]
  0x00000218933c1ad0 JavaThread "Build operations Thread 11" [_thread_blocked, id=6780, stack(0x000000c4d5100000,0x000000c4d5200000)]
  0x00000218933c2ac0 JavaThread "Build operations Thread 12" [_thread_blocked, id=28480, stack(0x000000c4d5200000,0x000000c4d5300000)]
  0x00000218933bdb10 JavaThread "Exec process Thread 4" [_thread_blocked, id=11720, stack(0x000000c4d5500000,0x000000c4d5600000)]
  0x00000218933bcb20 JavaThread "/127.0.0.1:59760 to /127.0.0.1:59761 workers" [_thread_blocked, id=13532, stack(0x000000c4d5400000,0x000000c4d5500000)]
  0x000002188f286470 JavaThread "/127.0.0.1:59760 to /127.0.0.1:59761 workers Thread 2" [_thread_blocked, id=23824, stack(0x000000c4d5600000,0x000000c4d5700000)]
  0x000002188f2859d0 JavaThread "/127.0.0.1:59760 to /127.0.0.1:59761 workers Thread 3" [_thread_blocked, id=23976, stack(0x000000c4d5700000,0x000000c4d5800000)]
  0x000002188f285f20 JavaThread "/127.0.0.1:59760 to /127.0.0.1:59761 workers Thread 4" [_thread_blocked, id=1044, stack(0x000000c4ca300000,0x000000c4ca400000)]
  0x000002188f2869c0 JavaThread "/127.0.0.1:59760 to /127.0.0.1:59761 workers Thread 5" [_thread_blocked, id=15224, stack(0x000000c4d5800000,0x000000c4d5900000)]
  0x000002188f286f10 JavaThread "Exec process Thread 5" [_thread_blocked, id=12524, stack(0x000000c4d6100000,0x000000c4d6200000)]
  0x000002188f2839f0 JavaThread "Exec process Thread 6" [_thread_blocked, id=26128, stack(0x000000c4d6200000,0x000000c4d6300000)]
  0x00000218ffd4f6f0 JavaThread "C2 CompilerThread1" daemon [_thread_blocked, id=7708, stack(0x000000c4c7300000,0x000000c4c7400000)]
  0x00000218ffd4ca70 JavaThread "C2 CompilerThread2" daemon [_thread_blocked, id=2500, stack(0x000000c4c7400000,0x000000c4c7500000)]

Other Threads:
  0x00000218ffd18340 VMThread "VM Thread" [stack: 0x000000c4c7c00000,0x000000c4c7d00000] [id=19028]
  0x0000021886957bc0 WatcherThread [stack: 0x000000c4c8b00000,0x000000c4c8c00000] [id=6656]
  0x00000218e381c830 GCTaskThread "GC Thread#0" [stack: 0x000000c4c7700000,0x000000c4c7800000] [id=1452]
  0x00000218875670d0 GCTaskThread "GC Thread#1" [stack: 0x000000c4c8e00000,0x000000c4c8f00000] [id=20236]
  0x0000021887573980 GCTaskThread "GC Thread#2" [stack: 0x000000c4c8f00000,0x000000c4c9000000] [id=15540]
  0x0000021887707e00 GCTaskThread "GC Thread#3" [stack: 0x000000c4c9000000,0x000000c4c9100000] [id=14584]
  0x0000021887708110 GCTaskThread "GC Thread#4" [stack: 0x000000c4c9100000,0x000000c4c9200000] [id=3664]
  0x0000021887422c80 GCTaskThread "GC Thread#5" [stack: 0x000000c4c9200000,0x000000c4c9300000] [id=22196]
  0x0000021887704ca0 GCTaskThread "GC Thread#6" [stack: 0x000000c4c9300000,0x000000c4c9400000] [id=10948]
  0x000002188757cf80 GCTaskThread "GC Thread#7" [stack: 0x000000c4c9400000,0x000000c4c9500000] [id=27040]
  0x00000218870ad3e0 GCTaskThread "GC Thread#8" [stack: 0x000000c4c9500000,0x000000c4c9600000] [id=23572]
  0x0000021887484530 GCTaskThread "GC Thread#9" [stack: 0x000000c4c9600000,0x000000c4c9700000] [id=22672]
  0x00000218e382a790 ConcurrentGCThread "G1 Main Marker" [stack: 0x000000c4c7800000,0x000000c4c7900000] [id=10360]
  0x00000218e382c960 ConcurrentGCThread "G1 Conc#0" [stack: 0x000000c4c7900000,0x000000c4c7a00000] [id=16084]
  0x0000021888cdb7a0 ConcurrentGCThread "G1 Conc#1" [stack: 0x000000c4cab00000,0x000000c4cac00000] [id=6584]
  0x0000021888cdbdc0 ConcurrentGCThread "G1 Conc#2" [stack: 0x000000c4cac00000,0x000000c4cad00000] [id=12080]
  0x00000218ffbe24c0 ConcurrentGCThread "G1 Refine#0" [stack: 0x000000c4c7a00000,0x000000c4c7b00000] [id=28016]
  0x00000218933193a0 ConcurrentGCThread "G1 Refine#1" [stack: 0x000000c4d5900000,0x000000c4d5a00000] [id=13912]
  0x000002189331aa60 ConcurrentGCThread "G1 Refine#2" [stack: 0x000000c4d5a00000,0x000000c4d5b00000] [id=29632]
  0x00000218933196e0 ConcurrentGCThread "G1 Refine#3" [stack: 0x000000c4d5b00000,0x000000c4d5c00000] [id=25800]
  0x0000021893319a20 ConcurrentGCThread "G1 Refine#4" [stack: 0x000000c4d5c00000,0x000000c4d5d00000] [id=29212]
  0x0000021893319060 ConcurrentGCThread "G1 Refine#5" [stack: 0x000000c4d5d00000,0x000000c4d5e00000] [id=7720]
  0x0000021893319d60 ConcurrentGCThread "G1 Refine#6" [stack: 0x000000c4d5e00000,0x000000c4d5f00000] [id=708]
  0x000002189331a0a0 ConcurrentGCThread "G1 Refine#7" [stack: 0x000000c4d5f00000,0x000000c4d6000000] [id=13164]
  0x00000218ffbe2e50 ConcurrentGCThread "G1 Service" [stack: 0x000000c4c7b00000,0x000000c4c7c00000] [id=28288]

Threads with active compile tasks:
C2 CompilerThread0   905084 9233       4       org.gradle.internal.logging.text.AbstractLineChoppingStyledTextOutput::doAppend (43 bytes)

VM state: not at safepoint (normal execution)

VM Mutex/Monitor currently owned by a thread: None

Heap address: 0x0000000740000000, size: 3072 MB, Compressed Oops mode: Zero based, Oop shift amount: 3

CDS archive(s) mapped at: [0x0000000800000000-0x0000000800be0000-0x0000000800be0000), size 12451840, SharedBaseAddress: 0x0000000800000000, ArchiveRelocationMode: 0.
Compressed class space mapped at: 0x0000000800c00000-0x0000000840c00000, reserved size: 1073741824
Narrow klass base: 0x0000000800000000, Narrow klass shift: 3, Narrow klass range: 0x100000000

GC Precious Log:
 CPUs: 12 total, 12 available
 Memory: 16335M
 Large Page Support: Disabled
 NUMA Support: Disabled
 Compressed Oops: Enabled (Zero based)
 Heap Region Size: 2M
 Heap Min Capacity: 8M
 Heap Initial Capacity: 256M
 Heap Max Capacity: 3G
 Pre-touch: Disabled
 Parallel Workers: 10
 Concurrent Workers: 3
 Concurrent Refinement Workers: 10
 Periodic GC: Disabled

Heap:
 garbage-first heap   total 184320K, used 126572K [0x0000000740000000, 0x0000000800000000)
  region size 2048K, 39 young (79872K), 7 survivors (14336K)
 Metaspace       used 62849K, committed 63424K, reserved 1105920K
  class space    used 8242K, committed 8512K, reserved 1048576K

Heap Regions: E=young(eden), S=young(survivor), O=old, HS=humongous(starts), HC=humongous(continues), CS=collection set, F=free, OA=open archive, CA=closed archive, TAMS=top-at-mark-start (previous, next)
|   0|0x0000000740000000, 0x0000000740200000, 0x0000000740200000|100%| O|  |TAMS 0x0000000740200000, 0x0000000740000000| Untracked 
|   1|0x0000000740200000, 0x00000007403e9800, 0x0000000740400000| 95%| O|  |TAMS 0x00000007403e9800, 0x0000000740200000| Untracked 
|   2|0x0000000740400000, 0x0000000740600000, 0x0000000740600000|100%|HS|  |TAMS 0x0000000740600000, 0x0000000740400000| Complete 
|   3|0x0000000740600000, 0x0000000740800000, 0x0000000740800000|100%|HC|  |TAMS 0x0000000740800000, 0x0000000740600000| Complete 
|   4|0x0000000740800000, 0x0000000740a00000, 0x0000000740a00000|100%| O|  |TAMS 0x0000000740a00000, 0x0000000740800000| Untracked 
|   5|0x0000000740a00000, 0x0000000740c00000, 0x0000000740c00000|100%| O|  |TAMS 0x0000000740c00000, 0x0000000740a00000| Untracked 
|   6|0x0000000740c00000, 0x0000000740e00000, 0x0000000740e00000|100%| O|  |TAMS 0x0000000740e00000, 0x0000000740c00000| Untracked 
|   7|0x0000000740e00000, 0x0000000741000000, 0x0000000741000000|100%| O|  |TAMS 0x0000000741000000, 0x0000000740e00000| Untracked 
|   8|0x0000000741000000, 0x0000000741200000, 0x0000000741200000|100%| O|  |TAMS 0x0000000741200000, 0x0000000741000000| Untracked 
|   9|0x0000000741200000, 0x0000000741400000, 0x0000000741400000|100%| O|  |TAMS 0x0000000741400000, 0x0000000741200000| Untracked 
|  10|0x0000000741400000, 0x0000000741600000, 0x0000000741600000|100%| O|  |TAMS 0x0000000741600000, 0x0000000741400000| Untracked 
|  11|0x0000000741600000, 0x0000000741800000, 0x0000000741800000|100%| O|  |TAMS 0x0000000741800000, 0x0000000741600000| Untracked 
|  12|0x0000000741800000, 0x0000000741a00000, 0x0000000741a00000|100%| O|  |TAMS 0x0000000741a00000, 0x0000000741800000| Untracked 
|  13|0x0000000741a00000, 0x0000000741c00000, 0x0000000741c00000|100%| O|  |TAMS 0x0000000741c00000, 0x0000000741a00000| Untracked 
|  14|0x0000000741c00000, 0x0000000741e00000, 0x0000000741e00000|100%|HS|  |TAMS 0x0000000741e00000, 0x0000000741c00000| Complete 
|  15|0x0000000741e00000, 0x0000000742000000, 0x0000000742000000|100%| O|  |TAMS 0x0000000742000000, 0x0000000741e00000| Untracked 
|  16|0x0000000742000000, 0x0000000742200000, 0x0000000742200000|100%| O|  |TAMS 0x0000000742200000, 0x0000000742000000| Untracked 
|  17|0x0000000742200000, 0x0000000742400000, 0x0000000742400000|100%| O|  |TAMS 0x0000000742400000, 0x0000000742200000| Untracked 
|  18|0x0000000742400000, 0x0000000742600000, 0x0000000742600000|100%| O|  |TAMS 0x0000000742600000, 0x0000000742400000| Untracked 
|  19|0x0000000742600000, 0x0000000742800000, 0x0000000742800000|100%| O|  |TAMS 0x0000000742800000, 0x0000000742600000| Untracked 
|  20|0x0000000742800000, 0x0000000742a00000, 0x0000000742a00000|100%| O|  |TAMS 0x0000000742a00000, 0x0000000742800000| Untracked 
|  21|0x0000000742a00000, 0x0000000742c00000, 0x0000000742c00000|100%| O|  |TAMS 0x0000000742a00000, 0x0000000742a00000| Untracked 
|  22|0x0000000742c00000, 0x0000000742e00000, 0x0000000742e00000|100%| O|  |TAMS 0x0000000742c00000, 0x0000000742c00000| Untracked 
|  23|0x0000000742e00000, 0x0000000742eb6e00, 0x0000000743000000| 35%| O|  |TAMS 0x0000000742e00000, 0x0000000742e00000| Untracked 
|  24|0x0000000743000000, 0x00000007430faa00, 0x0000000743200000| 48%| O|  |TAMS 0x00000007430faa00, 0x0000000743000000| Untracked 
|  25|0x0000000743200000, 0x0000000743200000, 0x0000000743400000|  0%| F|  |TAMS 0x0000000743200000, 0x0000000743200000| Untracked 
|  26|0x0000000743400000, 0x0000000743400000, 0x0000000743600000|  0%| F|  |TAMS 0x0000000743400000, 0x0000000743400000| Untracked 
|  27|0x0000000743600000, 0x0000000743600000, 0x0000000743800000|  0%| F|  |TAMS 0x0000000743600000, 0x0000000743600000| Untracked 
|  28|0x0000000743800000, 0x0000000743800000, 0x0000000743a00000|  0%| F|  |TAMS 0x0000000743800000, 0x0000000743800000| Untracked 
|  29|0x0000000743a00000, 0x0000000743c00000, 0x0000000743c00000|100%| S|CS|TAMS 0x0000000743a00000, 0x0000000743a00000| Complete 
|  30|0x0000000743c00000, 0x0000000743e00000, 0x0000000743e00000|100%| S|CS|TAMS 0x0000000743c00000, 0x0000000743c00000| Complete 
|  31|0x0000000743e00000, 0x0000000744000000, 0x0000000744000000|100%| S|CS|TAMS 0x0000000743e00000, 0x0000000743e00000| Complete 
|  32|0x0000000744000000, 0x0000000744200000, 0x0000000744200000|100%| S|CS|TAMS 0x0000000744000000, 0x0000000744000000| Complete 
|  33|0x0000000744200000, 0x0000000744400000, 0x0000000744400000|100%| S|CS|TAMS 0x0000000744200000, 0x0000000744200000| Complete 
|  34|0x0000000744400000, 0x0000000744600000, 0x0000000744600000|100%| S|CS|TAMS 0x0000000744400000, 0x0000000744400000| Complete 
|  35|0x0000000744600000, 0x0000000744800000, 0x0000000744800000|100%| S|CS|TAMS 0x0000000744600000, 0x0000000744600000| Complete 
|  36|0x0000000744800000, 0x0000000744800000, 0x0000000744a00000|  0%| F|  |TAMS 0x0000000744800000, 0x0000000744800000| Untracked 
|  37|0x0000000744a00000, 0x0000000744a00000, 0x0000000744c00000|  0%| F|  |TAMS 0x0000000744a00000, 0x0000000744a00000| Untracked 
|  38|0x0000000744c00000, 0x0000000744c00000, 0x0000000744e00000|  0%| F|  |TAMS 0x0000000744c00000, 0x0000000744c00000| Untracked 
|  39|0x0000000744e00000, 0x0000000744e00000, 0x0000000745000000|  0%| F|  |TAMS 0x0000000744e00000, 0x0000000744e00000| Untracked 
|  40|0x0000000745000000, 0x0000000745000000, 0x0000000745200000|  0%| F|  |TAMS 0x0000000745000000, 0x0000000745000000| Untracked 
|  41|0x0000000745200000, 0x0000000745200000, 0x0000000745400000|  0%| F|  |TAMS 0x0000000745200000, 0x0000000745200000| Untracked 
|  42|0x0000000745400000, 0x0000000745400000, 0x0000000745600000|  0%| F|  |TAMS 0x0000000745400000, 0x0000000745400000| Untracked 
|  43|0x0000000745600000, 0x0000000745600000, 0x0000000745800000|  0%| F|  |TAMS 0x0000000745600000, 0x0000000745600000| Untracked 
|  44|0x0000000745800000, 0x0000000745800000, 0x0000000745a00000|  0%| F|  |TAMS 0x0000000745800000, 0x0000000745800000| Untracked 
|  45|0x0000000745a00000, 0x0000000745a00000, 0x0000000745c00000|  0%| F|  |TAMS 0x0000000745a00000, 0x0000000745a00000| Untracked 
|  46|0x0000000745c00000, 0x0000000745c00000, 0x0000000745e00000|  0%| F|  |TAMS 0x0000000745c00000, 0x0000000745c00000| Untracked 
|  47|0x0000000745e00000, 0x0000000745e00000, 0x0000000746000000|  0%| F|  |TAMS 0x0000000745e00000, 0x0000000745e00000| Untracked 
|  48|0x0000000746000000, 0x0000000746000000, 0x0000000746200000|  0%| F|  |TAMS 0x0000000746000000, 0x0000000746000000| Untracked 
|  49|0x0000000746200000, 0x0000000746200000, 0x0000000746400000|  0%| F|  |TAMS 0x0000000746200000, 0x0000000746200000| Untracked 
|  50|0x0000000746400000, 0x0000000746400000, 0x0000000746600000|  0%| F|  |TAMS 0x0000000746400000, 0x0000000746400000| Untracked 
|  51|0x0000000746600000, 0x0000000746600000, 0x0000000746800000|  0%| F|  |TAMS 0x0000000746600000, 0x0000000746600000| Untracked 
|  52|0x0000000746800000, 0x0000000746800000, 0x0000000746a00000|  0%| F|  |TAMS 0x0000000746800000, 0x0000000746800000| Untracked 
|  53|0x0000000746a00000, 0x0000000746a00000, 0x0000000746c00000|  0%| F|  |TAMS 0x0000000746a00000, 0x0000000746a00000| Untracked 
|  54|0x0000000746c00000, 0x0000000746c00000, 0x0000000746e00000|  0%| F|  |TAMS 0x0000000746c00000, 0x0000000746c00000| Untracked 
|  55|0x0000000746e00000, 0x0000000746e00000, 0x0000000747000000|  0%| F|  |TAMS 0x0000000746e00000, 0x0000000746e00000| Untracked 
|  56|0x0000000747000000, 0x0000000747000000, 0x0000000747200000|  0%| F|  |TAMS 0x0000000747000000, 0x0000000747000000| Untracked 
|  57|0x0000000747200000, 0x0000000747200000, 0x0000000747400000|  0%| F|  |TAMS 0x0000000747200000, 0x0000000747200000| Untracked 
|  58|0x0000000747400000, 0x00000007475c7718, 0x0000000747600000| 88%| E|  |TAMS 0x0000000747400000, 0x0000000747400000| Complete 
|  59|0x0000000747600000, 0x0000000747800000, 0x0000000747800000|100%| E|CS|TAMS 0x0000000747600000, 0x0000000747600000| Complete 
|  60|0x0000000747800000, 0x0000000747a00000, 0x0000000747a00000|100%| E|CS|TAMS 0x0000000747800000, 0x0000000747800000| Complete 
|  61|0x0000000747a00000, 0x0000000747c00000, 0x0000000747c00000|100%| E|CS|TAMS 0x0000000747a00000, 0x0000000747a00000| Complete 
|  62|0x0000000747c00000, 0x0000000747e00000, 0x0000000747e00000|100%| E|CS|TAMS 0x0000000747c00000, 0x0000000747c00000| Complete 
|  63|0x0000000747e00000, 0x0000000748000000, 0x0000000748000000|100%| E|CS|TAMS 0x0000000747e00000, 0x0000000747e00000| Complete 
|  64|0x0000000748000000, 0x0000000748200000, 0x0000000748200000|100%| E|CS|TAMS 0x0000000748000000, 0x0000000748000000| Complete 
|  65|0x0000000748200000, 0x0000000748400000, 0x0000000748400000|100%| E|CS|TAMS 0x0000000748200000, 0x0000000748200000| Complete 
|  66|0x0000000748400000, 0x0000000748600000, 0x0000000748600000|100%| E|CS|TAMS 0x0000000748400000, 0x0000000748400000| Complete 
|  67|0x0000000748600000, 0x0000000748800000, 0x0000000748800000|100%| E|CS|TAMS 0x0000000748600000, 0x0000000748600000| Complete 
|  68|0x0000000748800000, 0x0000000748a00000, 0x0000000748a00000|100%| E|CS|TAMS 0x0000000748800000, 0x0000000748800000| Complete 
|  69|0x0000000748a00000, 0x0000000748c00000, 0x0000000748c00000|100%| E|CS|TAMS 0x0000000748a00000, 0x0000000748a00000| Complete 
|  70|0x0000000748c00000, 0x0000000748e00000, 0x0000000748e00000|100%| E|CS|TAMS 0x0000000748c00000, 0x0000000748c00000| Complete 
|  71|0x0000000748e00000, 0x0000000749000000, 0x0000000749000000|100%| E|CS|TAMS 0x0000000748e00000, 0x0000000748e00000| Complete 
|  72|0x0000000749000000, 0x0000000749200000, 0x0000000749200000|100%| E|CS|TAMS 0x0000000749000000, 0x0000000749000000| Complete 
|  73|0x0000000749200000, 0x0000000749400000, 0x0000000749400000|100%| E|CS|TAMS 0x0000000749200000, 0x0000000749200000| Complete 
|  74|0x0000000749400000, 0x0000000749600000, 0x0000000749600000|100%| E|CS|TAMS 0x0000000749400000, 0x0000000749400000| Complete 
|  75|0x0000000749600000, 0x0000000749800000, 0x0000000749800000|100%| E|CS|TAMS 0x0000000749600000, 0x0000000749600000| Complete 
|  76|0x0000000749800000, 0x0000000749a00000, 0x0000000749a00000|100%| E|CS|TAMS 0x0000000749800000, 0x0000000749800000| Complete 
|  77|0x0000000749a00000, 0x0000000749c00000, 0x0000000749c00000|100%| E|CS|TAMS 0x0000000749a00000, 0x0000000749a00000| Complete 
|  78|0x0000000749c00000, 0x0000000749e00000, 0x0000000749e00000|100%| E|CS|TAMS 0x0000000749c00000, 0x0000000749c00000| Complete 
|  79|0x0000000749e00000, 0x000000074a000000, 0x000000074a000000|100%| E|CS|TAMS 0x0000000749e00000, 0x0000000749e00000| Complete 
|  80|0x000000074a000000, 0x000000074a200000, 0x000000074a200000|100%| E|CS|TAMS 0x000000074a000000, 0x000000074a000000| Complete 
|  81|0x000000074a200000, 0x000000074a400000, 0x000000074a400000|100%| E|CS|TAMS 0x000000074a200000, 0x000000074a200000| Complete 
|  82|0x000000074a400000, 0x000000074a600000, 0x000000074a600000|100%| E|CS|TAMS 0x000000074a400000, 0x000000074a400000| Complete 
|  83|0x000000074a600000, 0x000000074a800000, 0x000000074a800000|100%| E|CS|TAMS 0x000000074a600000, 0x000000074a600000| Complete 
|  84|0x000000074a800000, 0x000000074aa00000, 0x000000074aa00000|100%| E|CS|TAMS 0x000000074a800000, 0x000000074a800000| Complete 
|  85|0x000000074aa00000, 0x000000074ac00000, 0x000000074ac00000|100%| E|CS|TAMS 0x000000074aa00000, 0x000000074aa00000| Complete 
|  86|0x000000074ac00000, 0x000000074ae00000, 0x000000074ae00000|100%| E|CS|TAMS 0x000000074ac00000, 0x000000074ac00000| Complete 
|  87|0x000000074ae00000, 0x000000074b000000, 0x000000074b000000|100%| E|CS|TAMS 0x000000074ae00000, 0x000000074ae00000| Complete 
|  88|0x000000074b000000, 0x000000074b200000, 0x000000074b200000|100%| E|CS|TAMS 0x000000074b000000, 0x000000074b000000| Complete 
| 127|0x000000074fe00000, 0x0000000750000000, 0x0000000750000000|100%| E|CS|TAMS 0x000000074fe00000, 0x000000074fe00000| Complete 

Card table byte_map: [0x00000218fc470000,0x00000218fca70000] _byte_map_base: 0x00000218f8a70000

Marking Bits (Prev, Next): (CMBitMap*) 0x00000218e381cdf0, (CMBitMap*) 0x00000218e381cdb0
 Prev Bits: [0x0000021883000000, 0x0000021886000000)
 Next Bits: [0x0000021880000000, 0x0000021883000000)

Polling page: 0x00000218e38c0000

Metaspace:

Usage:
  Non-class:     53.34 MB used.
      Class:      8.05 MB used.
       Both:     61.40 MB used.

Virtual space:
  Non-class space:       56.00 MB reserved,      53.69 MB ( 96%) committed,  7 nodes.
      Class space:        1.00 GB reserved,       8.31 MB ( <1%) committed,  1 nodes.
              Both:        1.05 GB reserved,      62.00 MB (  6%) committed. 

Chunk freelists:
   Non-Class:  1.75 MB
       Class:  3.50 MB
        Both:  5.25 MB

MaxMetaspaceSize: 17179869184.00 GB
CompressedClassSpaceSize: 1.00 GB
 - commit_granule_bytes: 65536.
 - commit_granule_words: 8192.
 - virtual_space_node_default_size: 1048576.
 - enlarge_chunks_in_place: 1.
 - new_chunks_are_fully_committed: 0.
 - uncommit_free_chunks: 1.
 - use_allocation_guard: 0.
 - handle_deallocations: 1.


Internal statistics:

num_allocs_failed_limit: 9.
num_arena_births: 736.
num_arena_deaths: 0.
num_vsnodes_births: 8.
num_vsnodes_deaths: 0.
num_space_committed: 992.
num_space_uncommitted: 0.
num_chunks_returned_to_freelist: 9.
num_chunks_taken_from_freelist: 3085.
num_chunk_merges: 9.
num_chunk_splits: 1923.
num_chunks_enlarged: 1191.
num_purges: 0.

CodeHeap 'non-profiled nmethods': size=120000Kb used=5931Kb max_used=6407Kb free=114068Kb
 bounds [0x00000218f3ca0000, 0x00000218f42f0000, 0x00000218fb1d0000]
CodeHeap 'profiled nmethods': size=120000Kb used=15685Kb max_used=16942Kb free=104314Kb
 bounds [0x00000218ec770000, 0x00000218ed800000, 0x00000218f3ca0000]
CodeHeap 'non-nmethods': size=5760Kb used=2454Kb max_used=2549Kb free=3305Kb
 bounds [0x00000218ec1d0000, 0x00000218ec470000, 0x00000218ec770000]
 total_blobs=8646 nmethods=7743 adapters=815
 compilation: enabled
              stopped_count=0, restarted_count=0
 full_count=0

Compilation events (20 events):
Event: 905.008 Thread 0x00000218ffd4d000 9255       3       com.google.common.collect.AbstractMultiset::add (9 bytes)
Event: 905.008 Thread 0x00000218ffd4d000 nmethod 9255 0x00000218ed020690 code [0x00000218ed020840, 0x00000218ed020a28]
Event: 905.008 Thread 0x00000218ffd4d000 9256       3       com.google.common.base.Preconditions::checkArgument (28 bytes)
Event: 905.008 Thread 0x00000218ffd4d000 nmethod 9256 0x00000218ecf34090 code [0x00000218ecf34280, 0x00000218ecf34748]
Event: 905.008 Thread 0x00000218ffd4d000 9262       3       com.google.common.collect.EnumMultiset::isActuallyE (44 bytes)
Event: 905.009 Thread 0x00000218ffd4d000 nmethod 9262 0x00000218ed046e10 code [0x00000218ed046fe0, 0x00000218ed047438]
Event: 905.009 Thread 0x00000218ffd4d000 9258       3       org.gradle.internal.watch.vfs.impl.DefaultFileSystemWatchingStatistics::lambda$getStatistics$0 (15 bytes)
Event: 905.009 Thread 0x00000218ffd4d000 nmethod 9258 0x00000218ed072d90 code [0x00000218ed072f60, 0x00000218ed073258]
Event: 905.009 Thread 0x00000218ffd4d000 9259       3       com.google.common.collect.EnumMultiset::add (10 bytes)
Event: 905.009 Thread 0x00000218ffd4d000 nmethod 9259 0x00000218ec8ab610 code [0x00000218ec8ab7c0, 0x00000218ec8aba28]
Event: 905.009 Thread 0x00000218ffd4d000 9257       3       org.gradle.internal.watch.vfs.impl.DefaultFileSystemWatchingStatistics$$Lambda$1198/0x000000080147b2e0::visitEntry (9 bytes)
Event: 905.009 Thread 0x00000218ffd4d000 nmethod 9257 0x00000218ed227910 code [0x00000218ed227ae0, 0x00000218ed227e58]
Event: 905.009 Thread 0x00000218ffd4d000 9260       3       com.google.common.collect.EnumMultiset::add (102 bytes)
Event: 905.010 Thread 0x00000218ffd4d000 nmethod 9260 0x00000218ed076590 code [0x00000218ed0767a0, 0x00000218ed076cf8]
Event: 905.010 Thread 0x00000218ffd4d000 9261       3       com.google.common.collect.EnumMultiset::checkIsE (53 bytes)
Event: 905.010 Thread 0x00000218ffd4d000 nmethod 9261 0x00000218eceb9d90 code [0x00000218eceba080, 0x00000218ecebad38]
Event: 905.010 Thread 0x00000218ffd4d000 9264       3       org.gradle.internal.snapshot.DirectorySnapshot::getType (4 bytes)
Event: 905.011 Thread 0x00000218ffd4d000 nmethod 9264 0x00000218ed049f90 code [0x00000218ed04a120, 0x00000218ed04a238]
Event: 905.011 Thread 0x00000218ffd4d000 9265       3       org.gradle.internal.snapshot.AbstractIncompleteFileSystemNode$$Lambda$250/0x0000000800f56220::accept (16 bytes)
Event: 905.011 Thread 0x00000218ffd4d000 nmethod 9265 0x00000218ed2e7910 code [0x00000218ed2e7ae0, 0x00000218ed2e7f68]

GC Heap History (20 events):
Event: 8.531 GC heap before
{Heap before GC invocations=13 (full 0):
 garbage-first heap   total 108544K, used 67806K [0x0000000740000000, 0x0000000800000000)
  region size 2048K, 12 young (24576K), 2 survivors (4096K)
 Metaspace       used 55474K, committed 55936K, reserved 1097728K
  class space    used 7259K, committed 7488K, reserved 1048576K
}
Event: 8.536 GC heap after
{Heap after GC invocations=14 (full 0):
 garbage-first heap   total 108544K, used 46988K [0x0000000740000000, 0x0000000800000000)
  region size 2048K, 2 young (4096K), 2 survivors (4096K)
 Metaspace       used 55474K, committed 55936K, reserved 1097728K
  class space    used 7259K, committed 7488K, reserved 1048576K
}
Event: 8.688 GC heap before
{Heap before GC invocations=14 (full 0):
 garbage-first heap   total 108544K, used 73612K [0x0000000740000000, 0x0000000800000000)
  region size 2048K, 7 young (14336K), 2 survivors (4096K)
 Metaspace       used 55719K, committed 56256K, reserved 1105920K
  class space    used 7277K, committed 7488K, reserved 1048576K
}
Event: 8.692 GC heap after
{Heap after GC invocations=15 (full 0):
 garbage-first heap   total 108544K, used 47307K [0x0000000740000000, 0x0000000800000000)
  region size 2048K, 2 young (4096K), 2 survivors (4096K)
 Metaspace       used 55719K, committed 56256K, reserved 1105920K
  class space    used 7277K, committed 7488K, reserved 1048576K
}
Event: 8.727 GC heap before
{Heap before GC invocations=15 (full 0):
 garbage-first heap   total 108544K, used 69835K [0x0000000740000000, 0x0000000800000000)
  region size 2048K, 6 young (12288K), 2 survivors (4096K)
 Metaspace       used 55746K, committed 56256K, reserved 1105920K
  class space    used 7277K, committed 7488K, reserved 1048576K
}
Event: 8.730 GC heap after
{Heap after GC invocations=16 (full 0):
 garbage-first heap   total 108544K, used 47058K [0x0000000740000000, 0x0000000800000000)
  region size 2048K, 2 young (4096K), 2 survivors (4096K)
 Metaspace       used 55746K, committed 56256K, reserved 1105920K
  class space    used 7277K, committed 7488K, reserved 1048576K
}
Event: 8.756 GC heap before
{Heap before GC invocations=16 (full 0):
 garbage-first heap   total 108544K, used 65490K [0x0000000740000000, 0x0000000800000000)
  region size 2048K, 3 young (6144K), 2 survivors (4096K)
 Metaspace       used 55750K, committed 56256K, reserved 1105920K
  class space    used 7278K, committed 7488K, reserved 1048576K
}
Event: 8.759 GC heap after
{Heap after GC invocations=17 (full 0):
 garbage-first heap   total 145408K, used 47045K [0x0000000740000000, 0x0000000800000000)
  region size 2048K, 2 young (4096K), 2 survivors (4096K)
 Metaspace       used 55750K, committed 56256K, reserved 1105920K
  class space    used 7278K, committed 7488K, reserved 1048576K
}
Event: 8.942 GC heap before
{Heap before GC invocations=17 (full 0):
 garbage-first heap   total 145408K, used 73669K [0x0000000740000000, 0x0000000800000000)
  region size 2048K, 7 young (14336K), 2 survivors (4096K)
 Metaspace       used 56187K, committed 56640K, reserved 1105920K
  class space    used 7334K, committed 7552K, reserved 1048576K
}
Event: 8.947 GC heap after
{Heap after GC invocations=18 (full 0):
 garbage-first heap   total 145408K, used 47673K [0x0000000740000000, 0x0000000800000000)
  region size 2048K, 2 young (4096K), 2 survivors (4096K)
 Metaspace       used 56187K, committed 56640K, reserved 1105920K
  class space    used 7334K, committed 7552K, reserved 1048576K
}
Event: 8.984 GC heap before
{Heap before GC invocations=18 (full 0):
 garbage-first heap   total 145408K, used 62009K [0x0000000740000000, 0x0000000800000000)
  region size 2048K, 4 young (8192K), 2 survivors (4096K)
 Metaspace       used 56187K, committed 56640K, reserved 1105920K
  class space    used 7334K, committed 7552K, reserved 1048576K
}
Event: 8.988 GC heap after
{Heap after GC invocations=19 (full 0):
 garbage-first heap   total 145408K, used 47685K [0x0000000740000000, 0x0000000800000000)
  region size 2048K, 2 young (4096K), 2 survivors (4096K)
 Metaspace       used 56187K, committed 56640K, reserved 1105920K
  class space    used 7334K, committed 7552K, reserved 1048576K
}
Event: 9.086 GC heap before
{Heap before GC invocations=19 (full 0):
 garbage-first heap   total 145408K, used 72261K [0x0000000740000000, 0x0000000800000000)
  region size 2048K, 6 young (12288K), 2 survivors (4096K)
 Metaspace       used 56297K, committed 56768K, reserved 1105920K
  class space    used 7335K, committed 7552K, reserved 1048576K
}
Event: 9.089 GC heap after
{Heap after GC invocations=20 (full 0):
 garbage-first heap   total 145408K, used 47527K [0x0000000740000000, 0x0000000800000000)
  region size 2048K, 2 young (4096K), 2 survivors (4096K)
 Metaspace       used 56297K, committed 56768K, reserved 1105920K
  class space    used 7335K, committed 7552K, reserved 1048576K
}
Event: 9.120 GC heap before
{Heap before GC invocations=20 (full 0):
 garbage-first heap   total 145408K, used 65959K [0x0000000740000000, 0x0000000800000000)
  region size 2048K, 4 young (8192K), 2 survivors (4096K)
 Metaspace       used 56299K, committed 56768K, reserved 1105920K
  class space    used 7335K, committed 7552K, reserved 1048576K
}
Event: 9.124 GC heap after
{Heap after GC invocations=21 (full 0):
 garbage-first heap   total 243712K, used 47445K [0x0000000740000000, 0x0000000800000000)
  region size 2048K, 2 young (4096K), 2 survivors (4096K)
 Metaspace       used 56299K, committed 56768K, reserved 1105920K
  class space    used 7335K, committed 7552K, reserved 1048576K
}
Event: 10.083 GC heap before
{Heap before GC invocations=21 (full 0):
 garbage-first heap   total 243712K, used 117077K [0x0000000740000000, 0x0000000800000000)
  region size 2048K, 33 young (67584K), 2 survivors (4096K)
 Metaspace       used 59210K, committed 59776K, reserved 1105920K
  class space    used 7749K, committed 8000K, reserved 1048576K
}
Event: 10.090 GC heap after
{Heap after GC invocations=22 (full 0):
 garbage-first heap   total 243712K, used 50823K [0x0000000740000000, 0x0000000800000000)
  region size 2048K, 4 young (8192K), 4 survivors (8192K)
 Metaspace       used 59210K, committed 59776K, reserved 1105920K
  class space    used 7749K, committed 8000K, reserved 1048576K
}
Event: 14.301 GC heap before
{Heap before GC invocations=23 (full 0):
 garbage-first heap   total 184320K, used 151175K [0x0000000740000000, 0x0000000800000000)
  region size 2048K, 54 young (110592K), 4 survivors (8192K)
 Metaspace       used 61980K, committed 62528K, reserved 1105920K
  class space    used 8178K, committed 8448K, reserved 1048576K
}
Event: 14.314 GC heap after
{Heap after GC invocations=24 (full 0):
 garbage-first heap   total 184320K, used 63084K [0x0000000740000000, 0x0000000800000000)
  region size 2048K, 7 young (14336K), 7 survivors (14336K)
 Metaspace       used 61980K, committed 62528K, reserved 1105920K
  class space    used 8178K, committed 8448K, reserved 1048576K
}

Deoptimization events (20 events):
Event: 905.004 Thread 0x0000021888d11520 Uncommon trap: reason=class_check action=maybe_recompile pc=0x00000218f3d7e8a4 method=java.util.stream.ReferencePipeline$7$1.accept(Ljava/lang/Object;)V @ 8 c2
Event: 905.004 Thread 0x0000021888d11520 DEOPT PACKING pc=0x00000218f3d7e8a4 sp=0x000000c4c9dfbbb0
Event: 905.004 Thread 0x0000021888d11520 DEOPT UNPACKING pc=0x00000218ec21d72e sp=0x000000c4c9dfbb90 mode 2
Event: 905.004 Thread 0x0000021888d11520 DEOPT PACKING pc=0x00000218ed51df5c sp=0x000000c4c9dfb8b0
Event: 905.004 Thread 0x0000021888d11520 DEOPT UNPACKING pc=0x00000218ec21dece sp=0x000000c4c9dfad98 mode 1
Event: 905.004 Thread 0x0000021888d11520 DEOPT PACKING pc=0x00000218ed51df5c sp=0x000000c4c9dfb990
Event: 905.004 Thread 0x0000021888d11520 DEOPT UNPACKING pc=0x00000218ec21dece sp=0x000000c4c9dfae78 mode 1
Event: 905.005 Thread 0x0000021888d11520 DEOPT PACKING pc=0x00000218ed51df5c sp=0x000000c4c9dfb3b0
Event: 905.005 Thread 0x0000021888d11520 DEOPT UNPACKING pc=0x00000218ec21dece sp=0x000000c4c9dfa898 mode 1
Event: 905.005 Thread 0x0000021888d11520 DEOPT PACKING pc=0x00000218ed51df5c sp=0x000000c4c9dfb490
Event: 905.005 Thread 0x0000021888d11520 DEOPT UNPACKING pc=0x00000218ec21dece sp=0x000000c4c9dfa978 mode 1
Event: 905.010 Thread 0x0000021888d11520 DEOPT PACKING pc=0x00000218ed51df5c sp=0x000000c4c9dfb7d0
Event: 905.010 Thread 0x0000021888d11520 DEOPT UNPACKING pc=0x00000218ec21dece sp=0x000000c4c9dfacb8 mode 1
Event: 905.010 Thread 0x0000021888d11520 DEOPT PACKING pc=0x00000218ed51df5c sp=0x000000c4c9dfb8b0
Event: 905.010 Thread 0x0000021888d11520 DEOPT UNPACKING pc=0x00000218ec21dece sp=0x000000c4c9dfad98 mode 1
Event: 905.011 Thread 0x0000021888d11520 DEOPT PACKING pc=0x00000218ed51df5c sp=0x000000c4c9dfb8b0
Event: 905.011 Thread 0x0000021888d11520 DEOPT UNPACKING pc=0x00000218ec21dece sp=0x000000c4c9dfad98 mode 1
Event: 905.011 Thread 0x0000021888d11520 DEOPT PACKING pc=0x00000218ed51df5c sp=0x000000c4c9dfb990
Event: 905.011 Thread 0x0000021888d11520 DEOPT UNPACKING pc=0x00000218ec21dece sp=0x000000c4c9dfae78 mode 1
Event: 905.011 Thread 0x0000021888d11520 DEOPT PACKING pc=0x00000218ed51df5c sp=0x000000c4c9df9ef0

Classes unloaded (0 events):
No events

Classes redefined (0 events):
No events

Internal exceptions (20 events):
Event: 12.913 Thread 0x000002188f2869c0 Exception <a 'java/lang/NoSuchMethodError'{0x0000000745d695c0}: 'void java.lang.invoke.DirectMethodHandle$Holder.invokeSpecial(java.lang.Object, java.lang.Object, java.lang.Object, int)'> (0x0000000745d695c0) 
thrown [c:\wsjdk\correttojdksrc\installers\windows\zip\corretto-build\buildroot\src\hotspot\share\interpreter\linkResolver.cpp, line 790]
Event: 12.916 Thread 0x000002188f2869c0 Exception <a 'java/lang/NoSuchMethodError'{0x0000000745aa9f00}: static Ljava/lang/Object;.<clinit>()V> (0x0000000745aa9f00) 
thrown [c:\wsjdk\correttojdksrc\installers\windows\zip\corretto-build\buildroot\src\hotspot\share\prims\jni.cpp, line 1210]
Event: 12.918 Thread 0x000002188f2869c0 Exception <a 'java/lang/NoSuchMethodError'{0x0000000745ac2068}: static Lorg/gradle/api/internal/tasks/compile/ApiCompilerResult;.<clinit>()V> (0x0000000745ac2068) 
thrown [c:\wsjdk\correttojdksrc\installers\windows\zip\corretto-build\buildroot\src\hotspot\share\prims\jni.cpp, line 1210]
Event: 12.919 Thread 0x000002188f2869c0 Exception <a 'java/lang/NoSuchMethodError'{0x0000000745ad4e20}: static Lorg/gradle/api/internal/tasks/compile/incremental/processing/AnnotationProcessingResult;.<clinit>()V> (0x0000000745ad4e20) 
thrown [c:\wsjdk\correttojdksrc\installers\windows\zip\corretto-build\buildroot\src\hotspot\share\prims\jni.cpp, line 1210]
Event: 12.923 Thread 0x000002188f2869c0 Exception <a 'java/lang/NoSuchMethodError'{0x0000000745b0b838}: static Lorg/gradle/api/internal/tasks/compile/incremental/compilerapi/constants/ConstantsAnalysisResult;.<clinit>()V> (0x0000000745b0b838) 
thrown [c:\wsjdk\correttojdksrc\installers\windows\zip\corretto-build\buildroot\src\hotspot\share\prims\jni.cpp, line 1210]
Event: 12.923 Thread 0x000002188f2869c0 Exception <a 'java/lang/NoSuchMethodError'{0x0000000745b162c8}: static Lorg/gradle/api/internal/tasks/compile/incremental/compilerapi/constants/ConstantToDependentsMappingBuilder;.<clinit>()V> (0x0000000745b162c8) 
thrown [c:\wsjdk\correttojdksrc\installers\windows\zip\corretto-build\buildroot\src\hotspot\share\prims\jni.cpp, line 1210]
Event: 13.382 Thread 0x0000021888951c60 Exception <a 'java/lang/NoSuchMethodError'{0x0000000744e68540}: static Lorg/gradle/internal/build/event/types/DefaultTaskFinishedProgressEvent;.<clinit>()V> (0x0000000744e68540) 
thrown [c:\wsjdk\correttojdksrc\installers\windows\zip\corretto-build\buildroot\src\hotspot\share\prims\jni.cpp, line 1210]
Event: 13.385 Thread 0x0000021888951c60 Exception <a 'java/lang/NoSuchMethodError'{0x0000000744e86358}: static Lorg/gradle/internal/build/event/types/DefaultJavaCompileTaskSuccessResult;.<clinit>()V> (0x0000000744e86358) 
thrown [c:\wsjdk\correttojdksrc\installers\windows\zip\corretto-build\buildroot\src\hotspot\share\prims\jni.cpp, line 1210]
Event: 13.385 Thread 0x0000021888951c60 Exception <a 'java/lang/NoSuchMethodError'{0x0000000744e87b80}: static Lorg/gradle/internal/build/event/types/DefaultTaskSuccessResult;.<clinit>()V> (0x0000000744e87b80) 
thrown [c:\wsjdk\correttojdksrc\installers\windows\zip\corretto-build\buildroot\src\hotspot\share\prims\jni.cpp, line 1210]
Event: 13.385 Thread 0x0000021888951c60 Exception <a 'java/lang/NoSuchMethodError'{0x0000000744e89088}: static Lorg/gradle/internal/build/event/types/AbstractTaskResult;.<clinit>()V> (0x0000000744e89088) 
thrown [c:\wsjdk\correttojdksrc\installers\windows\zip\corretto-build\buildroot\src\hotspot\share\prims\jni.cpp, line 1210]
Event: 13.385 Thread 0x0000021888951c60 Exception <a 'java/lang/NoSuchMethodError'{0x0000000744e8a668}: static Lorg/gradle/internal/build/event/types/AbstractResult;.<clinit>()V> (0x0000000744e8a668) 
thrown [c:\wsjdk\correttojdksrc\installers\windows\zip\corretto-build\buildroot\src\hotspot\share\prims\jni.cpp, line 1210]
Event: 14.197 Thread 0x0000021888d11520 Exception <a 'java/lang/NoSuchMethodError'{0x0000000744f87e48}: 'void java.lang.invoke.DirectMethodHandle$Holder.invokeInterface(java.lang.Object, java.lang.Object, java.lang.Object, java.lang.Object)'> (0x0000000744f87e48) 
thrown [c:\wsjdk\correttojdksrc\installers\windows\zip\corretto-build\buildroot\src\hotspot\share\interpreter\linkResolver.cpp, line 790]
Event: 14.575 Thread 0x0000021888d11520 Exception <a 'java/lang/ClassNotFoundException'{0x000000074962af68}: org/gradle/api/internal/file/collections/DefaultConfigurableFileCollectionBeanInfo> (0x000000074962af68) 
thrown [c:\wsjdk\correttojdksrc\installers\windows\zip\corretto-build\buildroot\src\hotspot\share\classfile\systemDictionary.cpp, line 256]
Event: 14.575 Thread 0x0000021888d11520 Exception <a 'java/lang/ClassNotFoundException'{0x0000000749634708}: org/gradle/api/internal/file/collections/DefaultConfigurableFileCollectionCustomizer> (0x0000000749634708) 
thrown [c:\wsjdk\correttojdksrc\installers\windows\zip\corretto-build\buildroot\src\hotspot\share\classfile\systemDictionary.cpp, line 256]
Event: 14.604 Thread 0x0000021888d11520 Exception <a 'java/lang/ClassNotFoundException'{0x000000074959db18}: com/intellij/openapi/externalSystem/rt/execution/ForkedDebuggerHelperBeanInfo> (0x000000074959db18) 
thrown [c:\wsjdk\correttojdksrc\installers\windows\zip\corretto-build\buildroot\src\hotspot\share\classfile\systemDictionary.cpp, line 256]
Event: 14.605 Thread 0x0000021888d11520 Exception <a 'java/lang/ClassNotFoundException'{0x00000007495aa528}: com/intellij/openapi/externalSystem/rt/execution/ForkedDebuggerHelperCustomizer> (0x00000007495aa528) 
thrown [c:\wsjdk\correttojdksrc\installers\windows\zip\corretto-build\buildroot\src\hotspot\share\classfile\systemDictionary.cpp, line 256]
Event: 14.608 Thread 0x0000021888d11520 Exception <a 'java/net/SocketException'{0x00000007495beb90}: Socket is not connected: shutdown> (0x00000007495beb90) 
thrown [c:\wsjdk\correttojdksrc\installers\windows\zip\corretto-build\buildroot\src\hotspot\share\prims\jni.cpp, line 600]
Event: 904.938 Thread 0x0000021888d11520 Exception <a 'java/lang/reflect/InvocationTargetException'{0x000000074921f5a8}> (0x000000074921f5a8) 
thrown [c:\wsjdk\correttojdksrc\installers\windows\zip\corretto-build\buildroot\src\hotspot\share\runtime\reflection.cpp, line 1157]
Event: 904.945 Thread 0x0000021888951c60 Exception <a 'java/lang/NoSuchMethodError'{0x0000000747709e48}: static Lorg/gradle/internal/build/event/types/DefaultTaskFailureResult;.<clinit>()V> (0x0000000747709e48) 
thrown [c:\wsjdk\correttojdksrc\installers\windows\zip\corretto-build\buildroot\src\hotspot\share\prims\jni.cpp, line 1210]
Event: 904.947 Thread 0x0000021888951c60 Exception <a 'java/lang/NoSuchMethodError'{0x0000000747407490}: static Lorg/gradle/internal/build/event/types/DefaultFailure;.<clinit>()V> (0x0000000747407490) 
thrown [c:\wsjdk\correttojdksrc\installers\windows\zip\corretto-build\buildroot\src\hotspot\share\prims\jni.cpp, line 1210]

Events (20 events):
Event: 904.944 Thread 0x00000218933bfaf0 Thread exited: 0x00000218933bfaf0
Event: 904.944 Thread 0x00000218933c2020 Thread exited: 0x00000218933c2020
Event: 904.944 Thread 0x000002188d6ad770 Thread exited: 0x000002188d6ad770
Event: 904.944 Thread 0x000002188d6accd0 Thread exited: 0x000002188d6accd0
Event: 904.944 Thread 0x00000218933c1580 Thread exited: 0x00000218933c1580
Event: 904.944 Thread 0x0000021887121290 Thread exited: 0x0000021887121290
Event: 904.944 Thread 0x000002188d6b1730 Thread exited: 0x000002188d6b1730
Event: 904.944 Thread 0x00000218933be5b0 Thread exited: 0x00000218933be5b0
Event: 904.944 Thread 0x000002188d6ac230 Thread exited: 0x000002188d6ac230
Event: 904.947 loading class java/util/concurrent/ConcurrentLinkedQueue$Itr
Event: 904.948 loading class java/util/concurrent/ConcurrentLinkedQueue$Itr done
Event: 904.951 loading class java/util/logging/LogRecord
Event: 904.952 loading class java/util/logging/LogRecord done
Event: 904.957 Executing  VM operation: HandshakeAllThreads
Event: 904.958 Executing  VM operation: HandshakeAllThreads done
Event: 904.958 Executing  VM operation: Cleanup
Event: 904.958 Executing  VM operation: Cleanup done
Event: 904.961 Executing  VM operation: HandshakeAllThreads
Event: 904.961 Executing  VM operation: HandshakeAllThreads done
Event: 904.972 Thread 0x00000218ffd4f6f0 Thread added: 0x00000218ffd4f6f0


Dynamic libraries:
0x00007ff6208b0000 - 0x00007ff6208bd000 	C:\Users\opadfnezig\.jdks\corretto-16.0.2\bin\java.exe
0x00007ff8d2c90000 - 0x00007ff8d2e85000 	C:\Windows\SYSTEM32\ntdll.dll
0x00007ff8d0d90000 - 0x00007ff8d0e4d000 	C:\Windows\System32\KERNEL32.DLL
0x00007ff8d04b0000 - 0x00007ff8d0778000 	C:\Windows\System32\KERNELBASE.dll
0x00007ff8d08e0000 - 0x00007ff8d09e0000 	C:\Windows\System32\ucrtbase.dll
0x00007ff8c6a10000 - 0x00007ff8c6a28000 	C:\Users\opadfnezig\.jdks\corretto-16.0.2\bin\jli.dll
0x00007ff8c6370000 - 0x00007ff8c6385000 	C:\Users\opadfnezig\.jdks\corretto-16.0.2\bin\VCRUNTIME140.dll
0x00007ff8d1250000 - 0x00007ff8d13f0000 	C:\Windows\System32\USER32.dll
0x00007ff8d0b40000 - 0x00007ff8d0b62000 	C:\Windows\System32\win32u.dll
0x00007ff8bedc0000 - 0x00007ff8bf05a000 	C:\Windows\WinSxS\amd64_microsoft.windows.common-controls_6595b64144ccf1df_6.0.19041.844_none_ca00b6081b84eb1d\COMCTL32.dll
0x00007ff8d13f0000 - 0x00007ff8d141a000 	C:\Windows\System32\GDI32.dll
0x00007ff8d2450000 - 0x00007ff8d24ee000 	C:\Windows\System32\msvcrt.dll
0x00007ff8d07d0000 - 0x00007ff8d08db000 	C:\Windows\System32\gdi32full.dll
0x00007ff8d0c20000 - 0x00007ff8d0cbd000 	C:\Windows\System32\msvcp_win.dll
0x00007ff8d2c20000 - 0x00007ff8d2c50000 	C:\Windows\System32\IMM32.DLL
0x00007ff894a50000 - 0x00007ff894aeb000 	C:\Users\opadfnezig\.jdks\corretto-16.0.2\bin\msvcp140.dll
0x00007ff866350000 - 0x00007ff866f59000 	C:\Users\opadfnezig\.jdks\corretto-16.0.2\bin\server\jvm.dll
0x00007ff8d1950000 - 0x00007ff8d19fc000 	C:\Windows\System32\ADVAPI32.dll
0x00007ff8d0cf0000 - 0x00007ff8d0d8b000 	C:\Windows\System32\sechost.dll
0x00007ff8d1820000 - 0x00007ff8d194b000 	C:\Windows\System32\RPCRT4.dll
0x00007ff8d2a10000 - 0x00007ff8d2a18000 	C:\Windows\System32\PSAPI.DLL
0x00007ff8c9300000 - 0x00007ff8c9327000 	C:\Windows\SYSTEM32\WINMM.dll
0x00007ff8bfaf0000 - 0x00007ff8bfaf9000 	C:\Windows\SYSTEM32\WSOCK32.dll
0x00007ff8d1b00000 - 0x00007ff8d1b6b000 	C:\Windows\System32\WS2_32.dll
0x00007ff8c9d80000 - 0x00007ff8c9d8a000 	C:\Windows\SYSTEM32\VERSION.dll
0x00007ff8ce340000 - 0x00007ff8ce352000 	C:\Windows\SYSTEM32\kernel.appcore.dll
0x00007ff8c92e0000 - 0x00007ff8c92ea000 	C:\Users\opadfnezig\.jdks\corretto-16.0.2\bin\jimage.dll
0x00007ff8bc610000 - 0x00007ff8bc7f4000 	C:\Windows\SYSTEM32\DBGHELP.DLL
0x00007ff8bc5c0000 - 0x00007ff8bc5ec000 	C:\Windows\SYSTEM32\dbgcore.DLL
0x00007ff8d03d0000 - 0x00007ff8d0450000 	C:\Windows\System32\bcryptPrimitives.dll
0x00007ff8a7060000 - 0x00007ff8a709a000 	C:\Users\opadfnezig\.jdks\corretto-16.0.2\bin\jdwp.dll
0x00007ff8bca10000 - 0x00007ff8bca35000 	C:\Users\opadfnezig\.jdks\corretto-16.0.2\bin\java.dll
0x00007ff8d1ca0000 - 0x00007ff8d23e2000 	C:\Windows\System32\SHELL32.dll
0x00007ff8ce540000 - 0x00007ff8cecd0000 	C:\Windows\SYSTEM32\windows.storage.dll
0x00007ff8d1420000 - 0x00007ff8d1775000 	C:\Windows\System32\combase.dll
0x00007ff8cfe40000 - 0x00007ff8cfe6c000 	C:\Windows\SYSTEM32\Wldp.dll
0x00007ff8d0e50000 - 0x00007ff8d0efe000 	C:\Windows\System32\SHCORE.dll
0x00007ff8d11f0000 - 0x00007ff8d1245000 	C:\Windows\System32\shlwapi.dll
0x00007ff8d0310000 - 0x00007ff8d032f000 	C:\Windows\SYSTEM32\profapi.dll
0x00007ff8c69b0000 - 0x00007ff8c69bc000 	C:\Users\opadfnezig\.jdks\corretto-16.0.2\bin\dt_socket.dll
0x00007ff8cf850000 - 0x00007ff8cf88b000 	C:\Windows\SYSTEM32\IPHLPAPI.DLL
0x00007ff8cfbb0000 - 0x00007ff8cfc1a000 	C:\Windows\system32\mswsock.dll
0x00007ff8c6350000 - 0x00007ff8c6369000 	C:\Users\opadfnezig\.jdks\corretto-16.0.2\bin\net.dll
0x00007ff8c91d0000 - 0x00007ff8c92db000 	C:\Windows\SYSTEM32\WINHTTP.dll
0x00007ff8c08d0000 - 0x00007ff8c08e3000 	C:\Users\opadfnezig\.jdks\corretto-16.0.2\bin\nio.dll
0x00007ff8c0890000 - 0x00007ff8c08a8000 	C:\Users\opadfnezig\.jdks\corretto-16.0.2\bin\zip.dll
0x00007ff8c6900000 - 0x00007ff8c6910000 	C:\Users\opadfnezig\.jdks\corretto-16.0.2\bin\verify.dll
0x00007ff8c65d0000 - 0x00007ff8c65f7000 	C:\Users\opadfnezig\.gradle\native\8bec1ad78214c89d9ad589b4d07fe93259594b29d510b10fafb7a158f7737e5d\windows-amd64\native-platform.dll
0x00007ff86b750000 - 0x00007ff86b88d000 	C:\Users\opadfnezig\.gradle\native\53dbd7edfb1c66fb8903c78663c9afc45aea4f116125fa6feffd364cf09443e8\windows-amd64\native-platform-file-events.dll
0x00007ff8c65c0000 - 0x00007ff8c65c9000 	C:\Users\opadfnezig\.jdks\corretto-16.0.2\bin\management.dll
0x00007ff8c6210000 - 0x00007ff8c621b000 	C:\Users\opadfnezig\.jdks\corretto-16.0.2\bin\management_ext.dll
0x00007ff8cfd90000 - 0x00007ff8cfda8000 	C:\Windows\SYSTEM32\CRYPTSP.dll
0x00007ff8cf4e0000 - 0x00007ff8cf514000 	C:\Windows\system32\rsaenh.dll
0x00007ff8d0cc0000 - 0x00007ff8d0ce7000 	C:\Windows\System32\bcrypt.dll
0x00007ff8d0290000 - 0x00007ff8d02be000 	C:\Windows\SYSTEM32\USERENV.dll
0x00007ff8cfd80000 - 0x00007ff8cfd8c000 	C:\Windows\SYSTEM32\CRYPTBASE.dll
0x00007ff8d0f00000 - 0x00007ff8d0f08000 	C:\Windows\System32\NSI.dll
0x00007ff8ca400000 - 0x00007ff8ca417000 	C:\Windows\SYSTEM32\dhcpcsvc6.DLL
0x00007ff8ca390000 - 0x00007ff8ca3ad000 	C:\Windows\SYSTEM32\dhcpcsvc.DLL
0x00007ff8cf8a0000 - 0x00007ff8cf96c000 	C:\Windows\SYSTEM32\DNSAPI.dll
0x00007ff8bcb10000 - 0x00007ff8bcb1e000 	C:\Users\opadfnezig\.jdks\corretto-16.0.2\bin\sunmscapi.dll
0x00007ff8d09e0000 - 0x00007ff8d0b3f000 	C:\Windows\System32\CRYPT32.dll
0x00007ff8cfeb0000 - 0x00007ff8cfed7000 	C:\Windows\SYSTEM32\ncrypt.dll
0x00007ff8cfe70000 - 0x00007ff8cfeab000 	C:\Windows\SYSTEM32\NTASN1.dll
0x00007ff8bbb00000 - 0x00007ff8bbb07000 	C:\Windows\system32\wshunix.dll
0x00007ff8c8b40000 - 0x00007ff8c8b4a000 	C:\Windows\System32\rasadhlp.dll
0x00007ff8c7920000 - 0x00007ff8c799f000 	C:\Windows\System32\fwpuclnt.dll

dbghelp: loaded successfully - version: 4.0.5 - missing functions: none
symbol engine: initialized successfully - sym options: 0x614 - pdb path: .;C:\Users\opadfnezig\.jdks\corretto-16.0.2\bin;C:\Windows\SYSTEM32;C:\Windows\WinSxS\amd64_microsoft.windows.common-controls_6595b64144ccf1df_6.0.19041.844_none_ca00b6081b84eb1d;C:\Users\opadfnezig\.jdks\corretto-16.0.2\bin\server;C:\Users\opadfnezig\.gradle\native\8bec1ad78214c89d9ad589b4d07fe93259594b29d510b10fafb7a158f7737e5d\windows-amd64;C:\Users\opadfnezig\.gradle\native\53dbd7edfb1c66fb8903c78663c9afc45aea4f116125fa6feffd364cf09443e8\windows-amd64

VM Arguments:
jvm_args: -agentlib:jdwp=transport=dt_socket,server=n,suspend=y,address=127.0.0.1:59745 --add-opens=java.base/java.util=ALL-UNNAMED --add-opens=java.base/java.lang=ALL-UNNAMED --add-opens=java.base/java.lang.invoke=ALL-UNNAMED --add-opens=java.base/java.util=ALL-UNNAMED --add-opens=java.prefs/java.util.prefs=ALL-UNNAMED --add-opens=java.prefs/java.util.prefs=ALL-UNNAMED --add-opens=java.base/java.nio.charset=ALL-UNNAMED --add-opens=java.base/java.net=ALL-UNNAMED --add-opens=java.base/java.util.concurrent.atomic=ALL-UNNAMED -Xmx3G -Dfile.encoding=windows-1251 -Duser.country=RU -Duser.language=ru -Duser.variant 
java_command: org.gradle.launcher.daemon.bootstrap.GradleDaemon 7.1.1
java_class_path (initial): C:\Users\opadfnezig\.gradle\wrapper\dists\gradle-7.1.1-bin\f29rtwfnc96ub43tt7p47zsru\gradle-7.1.1\lib\gradle-launcher-7.1.1.jar
Launcher Type: SUN_STANDARD

[Global flags]
     intx CICompilerCount                          = 4                                         {product} {ergonomic}
     uint ConcGCThreads                            = 3                                         {product} {ergonomic}
     uint G1ConcRefinementThreads                  = 10                                        {product} {ergonomic}
   size_t G1HeapRegionSize                         = 2097152                                   {product} {ergonomic}
    uintx GCDrainStackTargetSize                   = 64                                        {product} {ergonomic}
   size_t InitialHeapSize                          = 268435456                                 {product} {ergonomic}
   size_t MarkStackSize                            = 4194304                                   {product} {ergonomic}
   size_t MaxHeapSize                              = 3221225472                                {product} {command line}
   size_t MaxNewSize                               = 1931476992                                {product} {ergonomic}
   size_t MinHeapDeltaBytes                        = 2097152                                   {product} {ergonomic}
   size_t MinHeapSize                              = 8388608                                   {product} {ergonomic}
    uintx NonNMethodCodeHeapSize                   = 5839372                                {pd product} {ergonomic}
    uintx NonProfiledCodeHeapSize                  = 122909434                              {pd product} {ergonomic}
    uintx ProfiledCodeHeapSize                     = 122909434                              {pd product} {ergonomic}
    uintx ReservedCodeCacheSize                    = 251658240                              {pd product} {ergonomic}
     bool SegmentedCodeCache                       = true                                      {product} {ergonomic}
   size_t SoftMaxHeapSize                          = 3221225472                             {manageable} {ergonomic}
     bool UseCompressedClassPointers               = true                           {product lp64_product} {ergonomic}
     bool UseCompressedOops                        = true                           {product lp64_product} {ergonomic}
     bool UseG1GC                                  = true                                      {product} {ergonomic}
     bool UseLargePagesIndividualAllocation        = false                                  {pd product} {ergonomic}

Logging:
Log output configuration:
 #0: stdout all=warning uptime,level,tags
 #1: stderr all=off uptime,level,tags

Environment Variables:
JAVA_HOME=C:\Program Files\Eclipse Adoptium\jdk-8.0.312.7-hotspot\
PATH=C:\Program Files\Eclipse Adoptium\jdk-8.0.312.7-hotspot\bin;C:\Program Files (x86)\OpenJDK\jdk-8.0.262.10-hotspot\bin;C:\Program Files\Oculus\Support\oculus-runtime;C:\Program Files\AdoptOpenJDK\jdk-16.0.1.9-hotspot\bin;C:\Program Files (x86)\AMD APP\bin\x86_64;C:\Program Files (x86)\AMD APP\bin\x86;C:\Windows\system32;C:\Windows;C:\Windows\System32\Wbem;C:\Windows\System32\WindowsPowerShell\v1.0\;C:\Windows\System32\OpenSSH\;C:\Program Files (x86)\ATI Technologies\ATI.ACE\Core-Static;C:\Program Files (x86)\NVIDIA Corporation\PhysX\Common;C:\Program Files\Process Lasso\;C:\Program Files\dotnet\;C:\Program Files\Microsoft SQL Server\130\Tools\Binn\;D:\Program Files (x86)\Brackets\command;C:\Program Files (x86)\dotnet\;D:\nodejs\;C:\Program Files\PuTTY\;C:\Program Files\Git\cmd;C:\Program Files\Microsoft Network Monitor 3\;C:\Users\opadfnezig\AppData\Local\Microsoft\WindowsApps;C:\Users\opadfnezig\.dotnet\tools;C:\Users\opadfnezig\AppData\Roaming\npm;C:\Users\opadfnezig\AppData\Local\GitHubDesktop\bin
USERNAME=opadfnezig
OS=Windows_NT
PROCESSOR_IDENTIFIER=AMD64 Family 23 Model 8 Stepping 2, AuthenticAMD



---------------  S Y S T E M  ---------------

OS:
 Windows 10 , 64 bit Build 19041 (10.0.19041.928)
OS uptime: 1 days 15:43 hours

CPU: total 12 (initial active 12) (12 cores per cpu, 2 threads per core) family 23 model 8 stepping 2 microcode 0x0, cx8, cmov, fxsr, ht, mmx, 3dnowpref, sse, sse2, sse3, ssse3, sse4a, sse4.1, sse4.2, popcnt, lzcnt, tsc, tscinvbit, avx, avx2, aes, clmul, bmi1, bmi2, adx, sha, fma, vzeroupper, clflush, clflushopt

Memory: 4k page, system-wide physical 16335M (3336M free)
TotalPageFile size 28983M (AvailPageFile size 4668M)
current process WorkingSet (physical memory assigned to process): 435M, peak: 517M
current process commit charge ("private bytes"): 489M, peak: 596M

vm_info: OpenJDK 64-Bit Server VM (16.0.2+7) for windows-amd64 JRE (16.0.2+7), built on Jul 22 2021 01:11:46 by "Administrator" with MS VC++ 15.9 (VS2017)

END.
