#
# A fatal error has been detected by the Java Runtime Environment:
#
#  EXCEPTION_ACCESS_VIOLATION (0xc0000005) at pc=0x00007ffbb254c4be, pid=35828, tid=22220
#
# JRE version: OpenJDK Runtime Environment Corretto-16.0.2.7.1 (16.0.2+7) (build 16.0.2+7)
# Java VM: OpenJDK 64-Bit Server VM Corretto-16.0.2.7.1 (16.0.2+7, mixed mode, sharing, tiered, compressed oops, compressed class ptrs, g1 gc, windows-amd64)
# Problematic frame:
# C  [native-platform-file-events.dll+0x1c4be]
#
# No core dump will be written. Minidumps are not enabled by default on client versions of Windows
#
# If you would like to submit a bug report, please visit:
#   https://github.com/corretto/corretto-jdk/issues/
# The crash happened outside the Java Virtual Machine in native code.
# See problematic frame for where to report the bug.
#

---------------  S U M M A R Y ------------

Command Line: -agentlib:jdwp=transport=dt_socket,server=n,suspend=y,address=127.0.0.1:49406 --add-opens=java.base/java.util=ALL-UNNAMED --add-opens=java.base/java.lang=ALL-UNNAMED --add-opens=java.base/java.lang.invoke=ALL-UNNAMED --add-opens=java.base/java.util=ALL-UNNAMED --add-opens=java.prefs/java.util.prefs=ALL-UNNAMED --add-opens=java.prefs/java.util.prefs=ALL-UNNAMED --add-opens=java.base/java.nio.charset=ALL-UNNAMED --add-opens=java.base/java.net=ALL-UNNAMED --add-opens=java.base/java.util.concurrent.atomic=ALL-UNNAMED -Xmx3G -Dfile.encoding=windows-1251 -Duser.country=RU -Duser.language=ru -Duser.variant org.gradle.launcher.daemon.bootstrap.GradleDaemon 7.1.1

Host: AMD Ryzen 5 1600 Six-Core Processor            , 12 cores, 15G,  Windows 10 , 64 bit Build 19041 (10.0.19041.928)
Time: Tue Dec 21 01:15:57 2021  Windows 10 , 64 bit Build 19041 (10.0.19041.928) elapsed time: 203.125286 seconds (0d 0h 3m 23s)

---------------  T H R E A D  ---------------

Current thread (0x000002bb53ff59d0):  JavaThread "File watcher server" daemon [_thread_in_native, id=22220, stack(0x000000de11e00000,0x000000de11f00000)]

Stack: [0x000000de11e00000,0x000000de11f00000],  sp=0x000000de11efe960,  free space=1018k
Native frames: (J=compiled Java code, j=interpreted, Vv=VM code, C=native code)
C  [native-platform-file-events.dll+0x1c4be]

Java frames: (J=compiled Java code, j=interpreted, Vv=VM code)
j  net.rubygrapefruit.platform.internal.jni.AbstractFileEventFunctions$NativeFileWatcher.executeRunLoop0(Ljava/lang/Object;)V+0
j  net.rubygrapefruit.platform.internal.jni.AbstractFileEventFunctions$NativeFileWatcher.access$100(Lnet/rubygrapefruit/platform/internal/jni/AbstractFileEventFunctions$NativeFileWatcher;Ljava/lang/Object;)V+2
j  net.rubygrapefruit.platform.internal.jni.AbstractFileEventFunctions$NativeFileWatcher$1.run()V+26
v  ~StubRoutines::call_stub

siginfo: EXCEPTION_ACCESS_VIOLATION (0xc0000005), reading address 0xffffffffffffffff


Register to memory mapping:

RIP=0x00007ffbb254c4be native-platform-file-events.dll
RAX=0x6e732f6c616e7265 is an unknown value
RBX=0x0000000000000001 is an unknown value
RCX=0x6e732f6c616e7265 is an unknown value
RDX=0x000000de11efe9b8 is pointing into the stack for thread: 0x000002bb53ff59d0
RSP=0x000000de11efe960 is pointing into the stack for thread: 0x000002bb53ff59d0
RBP=0x000000de11eff358 is pointing into the stack for thread: 0x000002bb53ff59d0
RSI=0x0 is NULL
RDI=0x00000000ffffffff is an unknown value
R8 =0x000000de11efe9c0 is pointing into the stack for thread: 0x000002bb53ff59d0
R9 =0x000000007ffe2000 points into unknown readable memory: 0x00000000546c6148 | 48 61 6c 54 00 00 00 00
R10=0x00000000546c6148 is an unknown value
R11=0x0000016eea086590 is an unknown value
R12=0x0 is NULL
R13={method} {0x000002bb56b709f8} 'executeRunLoop0' '(Ljava/lang/Object;)V' in 'net/rubygrapefruit/platform/internal/jni/AbstractFileEventFunctions$NativeFileWatcher'
R14=0x000000de11eff380 is pointing into the stack for thread: 0x000002bb53ff59d0
R15=0x000002bb53ff59d0 is a thread


Registers:
RAX=0x6e732f6c616e7265, RBX=0x0000000000000001, RCX=0x6e732f6c616e7265, RDX=0x000000de11efe9b8
RSP=0x000000de11efe960, RBP=0x000000de11eff358, RSI=0x0000000000000000, RDI=0x00000000ffffffff
R8 =0x000000de11efe9c0, R9 =0x000000007ffe2000, R10=0x00000000546c6148, R11=0x0000016eea086590
R12=0x0000000000000000, R13=0x000002bb56b709f0, R14=0x000000de11eff380, R15=0x000002bb53ff59d0
RIP=0x00007ffbb254c4be, EFLAGS=0x0000000000010206

Top of Stack: (sp=0x000000de11efe960)
0x000000de11efe960:   000147527116ccfc 00014752710284cc
0x000000de11efe970:   000147527116ccfc 00007ffbb2567be5
0x000000de11efe980:   000000de11efea38 000000de11efe9b8
0x000000de11efe990:   000000de00000000 000000de11efe9c8
0x000000de11efe9a0:   000000de11ef0001 00000345f1c55917
0x000000de11efe9b0:   000000de11efe9c0 0000000000000001
0x000000de11efe9c0:   00014752710284cc 000147527116ccfc
0x000000de11efe9d0:   000000de11eff380 00007ffbb2567777
0x000000de11efe9e0:   000000de11efea38 000000de11efea30
0x000000de11efe9f0:   000002bb5203c610 000002bb3853cddc
0x000000de11efea00:   0000000000000000 00007ffbb2558bee
0x000000de11efea10:   000147527116ccfc 0000000000000001
0x000000de11efea20:   000000de116fbf20 0000000749c00170
0x000000de11efea30:   000072e7bd1d3eb1 0000000000000001
0x000000de11efea40:   000000de11efea70 00007ffbb254c6ec
0x000000de11efea50:   6e732f6c616e7265 000000de00000003 

Instructions: (pc=0x00007ffbb254c4be)
0x00007ffbb254c3be:   8b 00 48 89 44 24 38 48 8b 44 24 38 48 89 44 24
0x00007ffbb254c3ce:   58 48 8b 84 24 b0 00 00 00 48 83 c0 08 48 89 44
0x00007ffbb254c3de:   24 40 48 8d 54 24 70 48 8b 4c 24 40 e8 26 50 fe
0x00007ffbb254c3ee:   ff 48 8b 00 48 89 44 24 48 48 8b 44 24 48 48 89
0x00007ffbb254c3fe:   44 24 60 4c 8b 4c 24 50 4c 8b 44 24 58 48 8b 54
0x00007ffbb254c40e:   24 60 48 8d 4c 24 78 e8 31 92 fe ff 48 8d 4c 24
0x00007ffbb254c41e:   78 e8 8b 6a fe ff 48 8b c8 ff 15 db ab 11 00 89
0x00007ffbb254c42e:   44 24 24 83 7c 24 24 ff 74 15 8b 44 24 24 83 e0
0x00007ffbb254c43e:   10 85 c0 74 0a c7 44 24 28 01 00 00 00 eb 08 c7
0x00007ffbb254c44e:   44 24 28 00 00 00 00 0f b6 44 24 28 88 44 24 20
0x00007ffbb254c45e:   48 8d 4c 24 78 e8 1f 97 fe ff 0f b6 44 24 20 48
0x00007ffbb254c46e:   8b 8c 24 98 00 00 00 48 33 cc e8 8f 76 fe ff 48
0x00007ffbb254c47e:   81 c4 a8 00 00 00 c3 cc cc cc cc cc cc cc cc cc
0x00007ffbb254c48e:   cc cc 48 89 4c 24 08 48 81 ec e8 00 00 00 48 8b
0x00007ffbb254c49e:   05 a5 7d 10 00 48 33 c4 48 89 84 24 d0 00 00 00
0x00007ffbb254c4ae:   c7 44 24 30 00 00 00 00 48 8b 84 24 f0 00 00 00
0x00007ffbb254c4be:   83 78 68 03 0f 84 02 01 00 00 48 8b 84 24 f0 00
0x00007ffbb254c4ce:   00 00 48 8b 48 28 ff 15 36 ab 11 00 89 44 24 38
0x00007ffbb254c4de:   83 7c 24 38 00 0f 85 d0 00 00 00 ba 07 00 00 00
0x00007ffbb254c4ee:   48 8b 0d 1b b0 10 00 e8 48 a4 fe ff 88 44 24 34
0x00007ffbb254c4fe:   0f b6 44 24 34 85 c0 0f 84 90 00 00 00 ff 15 07
0x00007ffbb254c50e:   ab 11 00 89 44 24 3c 48 8b 84 24 f0 00 00 00 48
0x00007ffbb254c51e:   83 c0 08 48 8b d0 48 8d 8c 24 90 00 00 00 e8 05
0x00007ffbb254c52e:   51 fe ff 48 89 44 24 40 48 8b 44 24 40 48 89 44
0x00007ffbb254c53e:   24 48 8b 44 24 30 83 c8 01 89 44 24 30 48 8b 4c
0x00007ffbb254c54e:   24 48 e8 d5 52 fe ff 48 89 44 24 50 48 8b 84 24
0x00007ffbb254c55e:   f0 00 00 00 48 8b 40 28 48 89 44 24 58 8b 44 24
0x00007ffbb254c56e:   3c 89 44 24 28 48 8b 44 24 50 48 89 44 24 20 4c
0x00007ffbb254c57e:   8b 4c 24 58 4c 8d 05 77 af 0d 00 ba 07 00 00 00
0x00007ffbb254c58e:   48 8b 0d 7b af 10 00 e8 f8 71 fe ff 90 8b 44 24
0x00007ffbb254c59e:   30 83 e0 01 85 c0 74 13 83 64 24 30 fe 48 8d 8c
0x00007ffbb254c5ae:   24 90 00 00 00 e8 e7 5a fe ff 90 eb 00 48 8b 84 


Stack slot to memory mapping:
stack at sp + 0 slots: 0x000147527116ccfc is an unknown value
stack at sp + 1 slots: 0x00014752710284cc is an unknown value
stack at sp + 2 slots: 0x000147527116ccfc is an unknown value
stack at sp + 3 slots: 0x00007ffbb2567be5 native-platform-file-events.dll
stack at sp + 4 slots: 0x000000de11efea38 is pointing into the stack for thread: 0x000002bb53ff59d0
stack at sp + 5 slots: 0x000000de11efe9b8 is pointing into the stack for thread: 0x000002bb53ff59d0
stack at sp + 6 slots: 0x000000de00000000 is an unknown value
stack at sp + 7 slots: 0x000000de11efe9c8 is pointing into the stack for thread: 0x000002bb53ff59d0


---------------  P R O C E S S  ---------------

Threads class SMR info:
_java_thread_list=0x000002bb548eab30, length=183, elements={
0x000002bb2f398760, 0x000002bb5129e230, 0x000002bb5129f000, 0x000002bb512b3240,
0x000002bb512b4cc0, 0x000002bb512b7800, 0x000002bb512b8930, 0x000002bb512bcb20,
0x000002bb512bd520, 0x000002bb512c0ea0, 0x000002bb51d2ef50, 0x000002bb51d329d0,
0x000002bb51d4bd10, 0x000002bb51d4c250, 0x000002bb51d52000, 0x000002bb52e3a710,
0x000002bb52e3a1c0, 0x000002bb52e38c80, 0x000002bb52e39720, 0x000002bb52e39c70,
0x000002bb52e3ac60, 0x000002bb52e37740, 0x000002bb52e37c90, 0x000002bb52e381e0,
0x000002bb52e38730, 0x000002bb52e391d0, 0x000002bb53fefa30, 0x000002bb53ff0f70,
0x000002bb53ff3f40, 0x000002bb53ff59d0, 0x000002bb53feff80, 0x000002bb53ff14c0,
0x000002bb53ff49e0, 0x000002bb53ff1a10, 0x000002bb53fee4f0, 0x000002bb53ff1f60,
0x000002bb53ff2a00, 0x000002bb53fef4e0, 0x000002bb53ff34a0, 0x000002bb53ff24b0,
0x000002bb53ff04d0, 0x000002bb570c1900, 0x000002bb570c38e0, 0x000002bb570c3e30,
0x000002bb570bf920, 0x000002bb570c3390, 0x000002bb570bee80, 0x000002bb570c5370,
0x000002bb570c13b0, 0x000002bb570c0e60, 0x000002bb570bf3d0, 0x000002bb570c1e50,
0x000002bb570c23a0, 0x000002bb570c28f0, 0x000002bb570c0910, 0x000002bb570bfe70,
0x000002bb570c2e40, 0x000002bb570c03c0, 0x000002bb570c4380, 0x000002bb570c48d0,
0x000002bb570c4e20, 0x000002bb570bd940, 0x000002bb570bde90, 0x000002bb570be3e0,
0x000002bb570be930, 0x000002bb59a317a0, 0x000002bb59a32ce0, 0x000002bb59a33780,
0x000002bb59a35210, 0x000002bb59a35760, 0x000002bb59a34cc0, 0x000002bb59a31cf0,
0x000002bb59a2f270, 0x000002bb59a2f7c0, 0x000002bb59a34770, 0x000002bb59a36200,
0x000002bb59a307b0, 0x000002bb59a36750, 0x000002bb59a36ca0, 0x000002bb59a31250,
0x000002bb59a32240, 0x000002bb59a32790, 0x000002bb56d65310, 0x000002bb56d64320,
0x000002bb56d64870, 0x000002bb56d65860, 0x000002bb56d65db0, 0x000002bb56d69820,
0x000002bb56d66300, 0x000002bb56d66850, 0x000002bb56d66da0, 0x000002bb56d64dc0,
0x000002bb56d63330, 0x000002bb56d672f0, 0x000002bb56d68830, 0x000002bb56d67840,
0x000002bb56d6a2c0, 0x000002bb56d67d90, 0x000002bb56d682e0, 0x000002bb56d63880,
0x000002bb56d63dd0, 0x000002bb56d68d80, 0x000002bb56d692d0, 0x000002bb56d69d70,
0x000002bb56d6a810, 0x000002bb56d62de0, 0x000002bb52abfae0, 0x000002bb52abc5c0,
0x000002bb52ac2560, 0x000002bb52ac0030, 0x000002bb52abd060, 0x000002bb52ac1570,
0x000002bb52abcb10, 0x000002bb52abc070, 0x000002bb52ac0580, 0x000002bb52ac2010,
0x000002bb52ac2ab0, 0x000002bb52abd5b0, 0x000002bb52abb080, 0x000002bb52ac1ac0,
0x000002bb52abe5a0, 0x000002bb52abb5d0, 0x000002bb52abf040, 0x000002bb52abdb00,
0x000002bb52ac0ad0, 0x000002bb52abf590, 0x000002bb52abe050, 0x000002bb52ac1020,
0x000002bb52abbb20, 0x000002bb52abeaf0, 0x000002bb54da4b10, 0x000002bb54da25e0,
0x000002bb54da00b0, 0x000002bb54da45c0, 0x000002bb54da0b50, 0x000002bb54d9e0d0,
0x000002bb54d9f610, 0x000002bb54d9e620, 0x000002bb54da55b0, 0x000002bb54da10a0,
0x000002bb54da35d0, 0x000002bb54da15f0, 0x000002bb54da2090, 0x000002bb54da2b30,
0x000002bb54d9fb60, 0x000002bb54da5b00, 0x000002bb54d9eb70, 0x000002bb54d9f0c0,
0x000002bb54da0600, 0x000002bb54da1b40, 0x000002bb54da3b20, 0x000002bb54da5060,
0x000002bb58780bf0, 0x000002bb58782680, 0x000002bb58784110, 0x000002bb58783120,
0x000002bb58781690, 0x000002bb5877f160, 0x000002bb58783670, 0x000002bb5877fc00,
0x000002bb5877f6b0, 0x000002bb5877e170, 0x000002bb58784bb0, 0x000002bb5877ec10,
0x000002bb58783bc0, 0x000002bb5877dc20, 0x000002bb58781be0, 0x000002bb55018bb0,
0x000002bb5501d0c0, 0x000002bb55019ba0, 0x000002bb5501b0e0, 0x000002bb5501c620,
0x000002bb5501eb50, 0x000002bb55019650, 0x000002bb5501a0f0, 0x000002bb55017bc0,
0x000002bb55018110, 0x000002bb55018660, 0x000002bb5501e600, 0x000002bb5501ab90,
0x000002bb57835fe0, 0x000002bb57836530, 0x000002bb585c39c0
}

Java Threads: ( => current thread )
  0x000002bb2f398760 JavaThread "main" [_thread_blocked, id=33308, stack(0x000000de0f300000,0x000000de0f400000)]
  0x000002bb5129e230 JavaThread "Reference Handler" daemon [_thread_blocked, id=35428, stack(0x000000de0fa00000,0x000000de0fb00000)]
  0x000002bb5129f000 JavaThread "Finalizer" daemon [_thread_blocked, id=24208, stack(0x000000de0fb00000,0x000000de0fc00000)]
  0x000002bb512b3240 JavaThread "Signal Dispatcher" daemon [_thread_blocked, id=20872, stack(0x000000de0fc00000,0x000000de0fd00000)]
  0x000002bb512b4cc0 JavaThread "Attach Listener" daemon [_thread_blocked, id=24892, stack(0x000000de0fd00000,0x000000de0fe00000)]
  0x000002bb512b7800 JavaThread "Service Thread" daemon [_thread_blocked, id=15288, stack(0x000000de0fe00000,0x000000de0ff00000)]
  0x000002bb512b8930 JavaThread "Monitor Deflation Thread" daemon [_thread_blocked, id=34348, stack(0x000000de0ff00000,0x000000de10000000)]
  0x000002bb512bcb20 JavaThread "C2 CompilerThread0" daemon [_thread_blocked, id=13892, stack(0x000000de10000000,0x000000de10100000)]
  0x000002bb512bd520 JavaThread "C1 CompilerThread0" daemon [_thread_blocked, id=3540, stack(0x000000de10100000,0x000000de10200000)]
  0x000002bb512c0ea0 JavaThread "Sweeper thread" daemon [_thread_blocked, id=7544, stack(0x000000de10200000,0x000000de10300000)]
  0x000002bb51d2ef50 JavaThread "Common-Cleaner" daemon [_thread_blocked, id=27500, stack(0x000000de10300000,0x000000de10400000)]
  0x000002bb51d329d0 JavaThread "JDWP Transport Listener: dt_socket" daemon [_thread_blocked, id=22156, stack(0x000000de10400000,0x000000de10500000)]
  0x000002bb51d4bd10 JavaThread "JDWP Event Helper Thread" daemon [_thread_blocked, id=35144, stack(0x000000de10500000,0x000000de10600000)]
  0x000002bb51d4c250 JavaThread "JDWP Command Reader" daemon [_thread_in_native, id=35308, stack(0x000000de10600000,0x000000de10700000)]
  0x000002bb51d52000 JavaThread "Notification Thread" daemon [_thread_blocked, id=1340, stack(0x000000de10700000,0x000000de10800000)]
  0x000002bb52e3a710 JavaThread "Daemon health stats" [_thread_blocked, id=35336, stack(0x000000de11000000,0x000000de11100000)]
  0x000002bb52e3a1c0 JavaThread "Incoming local TCP Connector on port 49412" [_thread_in_native, id=8020, stack(0x000000de11100000,0x000000de11200000)]
  0x000002bb52e38c80 JavaThread "Daemon periodic checks" [_thread_blocked, id=14220, stack(0x000000de11200000,0x000000de11300000)]
  0x000002bb52e39720 JavaThread "Daemon" [_thread_blocked, id=16572, stack(0x000000de11300000,0x000000de11400000)]
  0x000002bb52e39c70 JavaThread "Handler for socket connection from /127.0.0.1:49412 to /127.0.0.1:49413" [_thread_in_native, id=33916, stack(0x000000de11400000,0x000000de11500000)]
  0x000002bb52e3ac60 JavaThread "Cancel handler" [_thread_blocked, id=3532, stack(0x000000de11500000,0x000000de11600000)]
  0x000002bb52e37740 JavaThread "Daemon worker" [_thread_in_native, id=34876, stack(0x000000de11600000,0x000000de11700000)]
  0x000002bb52e37c90 JavaThread "Asynchronous log dispatcher for DefaultDaemonConnection: socket connection from /127.0.0.1:49412 to /127.0.0.1:49413" [_thread_blocked, id=34596, stack(0x000000de11700000,0x000000de11800000)]
  0x000002bb52e381e0 JavaThread "Stdin handler" [_thread_blocked, id=15256, stack(0x000000de11800000,0x000000de11900000)]
  0x000002bb52e38730 JavaThread "Daemon client event forwarder" [_thread_blocked, id=1000, stack(0x000000de11900000,0x000000de11a00000)]
  0x000002bb52e391d0 JavaThread "Cache worker for journal cache (C:\Users\opadfnezig\.gradle\caches\journal-1)" [_thread_blocked, id=21712, stack(0x000000de11a00000,0x000000de11b00000)]
  0x000002bb53fefa30 JavaThread "File lock request listener" [_thread_in_native, id=2292, stack(0x000000de11b00000,0x000000de11c00000)]
  0x000002bb53ff0f70 JavaThread "Cache worker for file hash cache (C:\Users\opadfnezig\.gradle\caches\7.1.1\fileHashes)" [_thread_blocked, id=33116, stack(0x000000de11c00000,0x000000de11d00000)]
  0x000002bb53ff3f40 JavaThread "Cache worker for file hash cache (Y:\workspaces\intelij\idk\.gradle\7.1.1\fileHashes)" [_thread_blocked, id=17864, stack(0x000000de11d00000,0x000000de11e00000)]
=>0x000002bb53ff59d0 JavaThread "File watcher server" daemon [_thread_in_native, id=22220, stack(0x000000de11e00000,0x000000de11f00000)]
  0x000002bb53feff80 JavaThread "File watcher consumer" daemon [_thread_blocked, id=34088, stack(0x000000de11f00000,0x000000de12000000)]
  0x000002bb53ff14c0 Thread [stack: 0x000000de12000000,0x000000de12100000] [id=28016]
  0x000002bb53ff49e0 JavaThread "Cache worker for execution history cache (C:\Users\opadfnezig\.gradle\caches\7.1.1\executionHistory)" [_thread_blocked, id=30404, stack(0x000000de12300000,0x000000de12400000)]
  0x000002bb53ff1a10 JavaThread "jar transforms" [_thread_blocked, id=18176, stack(0x000000de12500000,0x000000de12600000)]
  0x000002bb53fee4f0 JavaThread "jar transforms Thread 2" [_thread_blocked, id=27000, stack(0x000000de12600000,0x000000de12700000)]
  0x000002bb53ff1f60 JavaThread "Cache worker for file content cache (C:\Users\opadfnezig\.gradle\caches\7.1.1\fileContent)" [_thread_blocked, id=4160, stack(0x000000de12800000,0x000000de12900000)]
  0x000002bb53ff2a00 JavaThread "jar transforms Thread 3" [_thread_blocked, id=9236, stack(0x000000de12900000,0x000000de12a00000)]
  0x000002bb53fef4e0 JavaThread "jar transforms Thread 4" [_thread_blocked, id=35796, stack(0x000000de12a00000,0x000000de12b00000)]
  0x000002bb53ff34a0 JavaThread "jar transforms Thread 5" [_thread_blocked, id=35176, stack(0x000000de12b00000,0x000000de12c00000)]
  0x000002bb53ff24b0 JavaThread "Cache worker for dependencies-accessors (Y:\workspaces\intelij\idk\.gradle\7.1.1\dependencies-accessors)" [_thread_blocked, id=35756, stack(0x000000de12c00000,0x000000de12d00000)]
  0x000002bb53ff04d0 JavaThread "jar transforms Thread 6" [_thread_blocked, id=30328, stack(0x000000de12d00000,0x000000de12e00000)]
  0x000002bb570c1900 JavaThread "Unconstrained build operations" [_thread_blocked, id=34948, stack(0x000000de12f00000,0x000000de13000000)]
  0x000002bb570c38e0 JavaThread "Unconstrained build operations Thread 2" [_thread_blocked, id=13144, stack(0x000000de13000000,0x000000de13100000)]
  0x000002bb570c3e30 JavaThread "Unconstrained build operations Thread 3" [_thread_blocked, id=35788, stack(0x000000de13100000,0x000000de13200000)]
  0x000002bb570bf920 JavaThread "Unconstrained build operations Thread 4" [_thread_blocked, id=17740, stack(0x000000de13200000,0x000000de13300000)]
  0x000002bb570c3390 JavaThread "Unconstrained build operations Thread 5" [_thread_blocked, id=33600, stack(0x000000de13300000,0x000000de13400000)]
  0x000002bb570bee80 JavaThread "Unconstrained build operations Thread 6" [_thread_blocked, id=6912, stack(0x000000de13400000,0x000000de13500000)]
  0x000002bb570c5370 JavaThread "Unconstrained build operations Thread 7" [_thread_blocked, id=20256, stack(0x000000de13500000,0x000000de13600000)]
  0x000002bb570c13b0 JavaThread "Unconstrained build operations Thread 8" [_thread_blocked, id=35656, stack(0x000000de13600000,0x000000de13700000)]
  0x000002bb570c0e60 JavaThread "Unconstrained build operations Thread 9" [_thread_blocked, id=31944, stack(0x000000de13700000,0x000000de13800000)]
  0x000002bb570bf3d0 JavaThread "Unconstrained build operations Thread 10" [_thread_blocked, id=33432, stack(0x000000de13800000,0x000000de13900000)]
  0x000002bb570c1e50 JavaThread "Unconstrained build operations Thread 11" [_thread_blocked, id=35668, stack(0x000000de13900000,0x000000de13a00000)]
  0x000002bb570c23a0 JavaThread "Unconstrained build operations Thread 12" [_thread_blocked, id=5148, stack(0x000000de13a00000,0x000000de13b00000)]
  0x000002bb570c28f0 JavaThread "Unconstrained build operations Thread 13" [_thread_blocked, id=14856, stack(0x000000de13b00000,0x000000de13c00000)]
  0x000002bb570c0910 JavaThread "Unconstrained build operations Thread 14" [_thread_blocked, id=24480, stack(0x000000de13c00000,0x000000de13d00000)]
  0x000002bb570bfe70 JavaThread "Unconstrained build operations Thread 15" [_thread_blocked, id=35416, stack(0x000000de13d00000,0x000000de13e00000)]
  0x000002bb570c2e40 JavaThread "Unconstrained build operations Thread 16" [_thread_blocked, id=6704, stack(0x000000de13e00000,0x000000de13f00000)]
  0x000002bb570c03c0 JavaThread "Unconstrained build operations Thread 17" [_thread_blocked, id=29756, stack(0x000000de13f00000,0x000000de14000000)]
  0x000002bb570c4380 JavaThread "Unconstrained build operations Thread 18" [_thread_blocked, id=31856, stack(0x000000de14000000,0x000000de14100000)]
  0x000002bb570c48d0 JavaThread "Unconstrained build operations Thread 19" [_thread_blocked, id=32916, stack(0x000000de14100000,0x000000de14200000)]
  0x000002bb570c4e20 JavaThread "Unconstrained build operations Thread 20" [_thread_blocked, id=34324, stack(0x000000de14200000,0x000000de14300000)]
  0x000002bb570bd940 JavaThread "Unconstrained build operations Thread 21" [_thread_blocked, id=35728, stack(0x000000de14300000,0x000000de14400000)]
  0x000002bb570bde90 JavaThread "Unconstrained build operations Thread 22" [_thread_blocked, id=1456, stack(0x000000de14400000,0x000000de14500000)]
  0x000002bb570be3e0 JavaThread "Unconstrained build operations Thread 23" [_thread_blocked, id=8960, stack(0x000000de14500000,0x000000de14600000)]
  0x000002bb570be930 JavaThread "Unconstrained build operations Thread 24" [_thread_blocked, id=34844, stack(0x000000de14600000,0x000000de14700000)]
  0x000002bb59a317a0 JavaThread "Unconstrained build operations Thread 25" [_thread_blocked, id=35800, stack(0x000000de14700000,0x000000de14800000)]
  0x000002bb59a32ce0 JavaThread "Unconstrained build operations Thread 26" [_thread_blocked, id=23440, stack(0x000000de14800000,0x000000de14900000)]
  0x000002bb59a33780 JavaThread "Unconstrained build operations Thread 27" [_thread_blocked, id=25588, stack(0x000000de14900000,0x000000de14a00000)]
  0x000002bb59a35210 JavaThread "Unconstrained build operations Thread 28" [_thread_blocked, id=3548, stack(0x000000de14a00000,0x000000de14b00000)]
  0x000002bb59a35760 JavaThread "jar transforms Thread 7" [_thread_blocked, id=33972, stack(0x000000de14b00000,0x000000de14c00000)]
  0x000002bb59a34cc0 JavaThread "Memory manager" [_thread_blocked, id=32792, stack(0x000000de14d00000,0x000000de14e00000)]
  0x000002bb59a31cf0 JavaThread "ForkJoinPool.commonPool-worker-3" daemon [_thread_blocked, id=33796, stack(0x000000de14e00000,0x000000de14f00000)]
  0x000002bb59a2f270 JavaThread "ForkJoinPool.commonPool-worker-9" daemon [_thread_blocked, id=3432, stack(0x000000de15100000,0x000000de15200000)]
  0x000002bb59a2f7c0 JavaThread "ForkJoinPool.commonPool-worker-11" daemon [_thread_blocked, id=30724, stack(0x000000de15200000,0x000000de15300000)]
  0x000002bb59a34770 JavaThread "Exec process Thread 2" [_thread_in_native, id=28456, stack(0x000000de15500000,0x000000de15600000)]
  0x000002bb59a36200 JavaThread "Unconstrained build operations Thread 29" [_thread_blocked, id=25940, stack(0x000000de15700000,0x000000de15800000)]
  0x000002bb59a307b0 JavaThread "Unconstrained build operations Thread 30" [_thread_blocked, id=27096, stack(0x000000de15800000,0x000000de15900000)]
  0x000002bb59a36750 JavaThread "Unconstrained build operations Thread 31" [_thread_blocked, id=32408, stack(0x000000de15900000,0x000000de15a00000)]
  0x000002bb59a36ca0 JavaThread "Unconstrained build operations Thread 32" [_thread_blocked, id=35784, stack(0x000000de15a00000,0x000000de15b00000)]
  0x000002bb59a31250 JavaThread "Unconstrained build operations Thread 33" [_thread_blocked, id=35080, stack(0x000000de15b00000,0x000000de15c00000)]
  0x000002bb59a32240 JavaThread "Unconstrained build operations Thread 34" [_thread_blocked, id=33828, stack(0x000000de15c00000,0x000000de15d00000)]
  0x000002bb59a32790 JavaThread "Unconstrained build operations Thread 35" [_thread_blocked, id=32788, stack(0x000000de15d00000,0x000000de15e00000)]
  0x000002bb56d65310 JavaThread "Unconstrained build operations Thread 36" [_thread_blocked, id=13712, stack(0x000000de15e00000,0x000000de15f00000)]
  0x000002bb56d64320 JavaThread "Unconstrained build operations Thread 37" [_thread_blocked, id=19712, stack(0x000000de15f00000,0x000000de16000000)]
  0x000002bb56d64870 JavaThread "Unconstrained build operations Thread 38" [_thread_blocked, id=34356, stack(0x000000de16000000,0x000000de16100000)]
  0x000002bb56d65860 JavaThread "Unconstrained build operations Thread 39" [_thread_blocked, id=12568, stack(0x000000de16100000,0x000000de16200000)]
  0x000002bb56d65db0 JavaThread "Unconstrained build operations Thread 40" [_thread_blocked, id=16860, stack(0x000000de16200000,0x000000de16300000)]
  0x000002bb56d69820 JavaThread "Unconstrained build operations Thread 41" [_thread_blocked, id=34440, stack(0x000000de16300000,0x000000de16400000)]
  0x000002bb56d66300 JavaThread "Unconstrained build operations Thread 42" [_thread_blocked, id=18656, stack(0x000000de16400000,0x000000de16500000)]
  0x000002bb56d66850 JavaThread "Unconstrained build operations Thread 43" [_thread_blocked, id=34004, stack(0x000000de16500000,0x000000de16600000)]
  0x000002bb56d66da0 JavaThread "Unconstrained build operations Thread 44" [_thread_blocked, id=35136, stack(0x000000de16600000,0x000000de16700000)]
  0x000002bb56d64dc0 JavaThread "Unconstrained build operations Thread 45" [_thread_blocked, id=28696, stack(0x000000de16700000,0x000000de16800000)]
  0x000002bb56d63330 JavaThread "Unconstrained build operations Thread 46" [_thread_blocked, id=26876, stack(0x000000de16800000,0x000000de16900000)]
  0x000002bb56d672f0 JavaThread "Unconstrained build operations Thread 47" [_thread_blocked, id=5760, stack(0x000000de16900000,0x000000de16a00000)]
  0x000002bb56d68830 JavaThread "Unconstrained build operations Thread 48" [_thread_blocked, id=14808, stack(0x000000de16a00000,0x000000de16b00000)]
  0x000002bb56d67840 JavaThread "Unconstrained build operations Thread 49" [_thread_blocked, id=33900, stack(0x000000de16b00000,0x000000de16c00000)]
  0x000002bb56d6a2c0 JavaThread "Unconstrained build operations Thread 50" [_thread_blocked, id=13676, stack(0x000000de16c00000,0x000000de16d00000)]
  0x000002bb56d67d90 JavaThread "Unconstrained build operations Thread 51" [_thread_blocked, id=16332, stack(0x000000de16d00000,0x000000de16e00000)]
  0x000002bb56d682e0 JavaThread "Unconstrained build operations Thread 52" [_thread_blocked, id=35436, stack(0x000000de16e00000,0x000000de16f00000)]
  0x000002bb56d63880 JavaThread "Unconstrained build operations Thread 53" [_thread_blocked, id=35380, stack(0x000000de16f00000,0x000000de17000000)]
  0x000002bb56d63dd0 JavaThread "Unconstrained build operations Thread 54" [_thread_blocked, id=34628, stack(0x000000de17000000,0x000000de17100000)]
  0x000002bb56d68d80 JavaThread "Unconstrained build operations Thread 55" [_thread_blocked, id=23980, stack(0x000000de17100000,0x000000de17200000)]
  0x000002bb56d692d0 JavaThread "Unconstrained build operations Thread 56" [_thread_blocked, id=9448, stack(0x000000de17200000,0x000000de17300000)]
  0x000002bb56d69d70 JavaThread "Unconstrained build operations Thread 57" [_thread_blocked, id=35596, stack(0x000000de17300000,0x000000de17400000)]
  0x000002bb56d6a810 JavaThread "Unconstrained build operations Thread 58" [_thread_blocked, id=23840, stack(0x000000de17400000,0x000000de17500000)]
  0x000002bb56d62de0 JavaThread "Unconstrained build operations Thread 59" [_thread_blocked, id=24884, stack(0x000000de17500000,0x000000de17600000)]
  0x000002bb52abfae0 JavaThread "Unconstrained build operations Thread 60" [_thread_blocked, id=26700, stack(0x000000de17600000,0x000000de17700000)]
  0x000002bb52abc5c0 JavaThread "Unconstrained build operations Thread 61" [_thread_blocked, id=30796, stack(0x000000de17700000,0x000000de17800000)]
  0x000002bb52ac2560 JavaThread "Unconstrained build operations Thread 62" [_thread_blocked, id=35360, stack(0x000000de17800000,0x000000de17900000)]
  0x000002bb52ac0030 JavaThread "Unconstrained build operations Thread 63" [_thread_blocked, id=30704, stack(0x000000de17900000,0x000000de17a00000)]
  0x000002bb52abd060 JavaThread "Unconstrained build operations Thread 64" [_thread_blocked, id=33356, stack(0x000000de17a00000,0x000000de17b00000)]
  0x000002bb52ac1570 JavaThread "Unconstrained build operations Thread 65" [_thread_blocked, id=34548, stack(0x000000de17b00000,0x000000de17c00000)]
  0x000002bb52abcb10 JavaThread "Unconstrained build operations Thread 66" [_thread_blocked, id=25228, stack(0x000000de17c00000,0x000000de17d00000)]
  0x000002bb52abc070 JavaThread "Unconstrained build operations Thread 67" [_thread_blocked, id=9532, stack(0x000000de17d00000,0x000000de17e00000)]
  0x000002bb52ac0580 JavaThread "Unconstrained build operations Thread 68" [_thread_blocked, id=35676, stack(0x000000de17e00000,0x000000de17f00000)]
  0x000002bb52ac2010 JavaThread "Unconstrained build operations Thread 69" [_thread_blocked, id=35820, stack(0x000000de17f00000,0x000000de18000000)]
  0x000002bb52ac2ab0 JavaThread "Unconstrained build operations Thread 70" [_thread_blocked, id=26280, stack(0x000000de18000000,0x000000de18100000)]
  0x000002bb52abd5b0 JavaThread "Unconstrained build operations Thread 71" [_thread_blocked, id=34468, stack(0x000000de18100000,0x000000de18200000)]
  0x000002bb52abb080 JavaThread "Unconstrained build operations Thread 72" [_thread_blocked, id=33984, stack(0x000000de18200000,0x000000de18300000)]
  0x000002bb52ac1ac0 JavaThread "Unconstrained build operations Thread 73" [_thread_blocked, id=15196, stack(0x000000de18300000,0x000000de18400000)]
  0x000002bb52abe5a0 JavaThread "Unconstrained build operations Thread 74" [_thread_blocked, id=5620, stack(0x000000de18400000,0x000000de18500000)]
  0x000002bb52abb5d0 JavaThread "Unconstrained build operations Thread 75" [_thread_blocked, id=3840, stack(0x000000de18500000,0x000000de18600000)]
  0x000002bb52abf040 JavaThread "Unconstrained build operations Thread 76" [_thread_blocked, id=28512, stack(0x000000de18600000,0x000000de18700000)]
  0x000002bb52abdb00 JavaThread "Unconstrained build operations Thread 77" [_thread_blocked, id=29336, stack(0x000000de18700000,0x000000de18800000)]
  0x000002bb52ac0ad0 JavaThread "Unconstrained build operations Thread 78" [_thread_blocked, id=19828, stack(0x000000de18800000,0x000000de18900000)]
  0x000002bb52abf590 JavaThread "Unconstrained build operations Thread 79" [_thread_blocked, id=25180, stack(0x000000de18900000,0x000000de18a00000)]
  0x000002bb52abe050 JavaThread "Unconstrained build operations Thread 80" [_thread_blocked, id=27300, stack(0x000000de18a00000,0x000000de18b00000)]
  0x000002bb52ac1020 JavaThread "Unconstrained build operations Thread 81" [_thread_blocked, id=25904, stack(0x000000de18b00000,0x000000de18c00000)]
  0x000002bb52abbb20 JavaThread "Unconstrained build operations Thread 82" [_thread_blocked, id=9980, stack(0x000000de18c00000,0x000000de18d00000)]
  0x000002bb52abeaf0 JavaThread "Unconstrained build operations Thread 83" [_thread_blocked, id=7068, stack(0x000000de18d00000,0x000000de18e00000)]
  0x000002bb54da4b10 JavaThread "Unconstrained build operations Thread 84" [_thread_blocked, id=1888, stack(0x000000de18e00000,0x000000de18f00000)]
  0x000002bb54da25e0 JavaThread "Unconstrained build operations Thread 85" [_thread_blocked, id=25696, stack(0x000000de18f00000,0x000000de19000000)]
  0x000002bb54da00b0 JavaThread "Unconstrained build operations Thread 86" [_thread_blocked, id=34296, stack(0x000000de19000000,0x000000de19100000)]
  0x000002bb54da45c0 JavaThread "Unconstrained build operations Thread 87" [_thread_blocked, id=732, stack(0x000000de19100000,0x000000de19200000)]
  0x000002bb54da0b50 JavaThread "Unconstrained build operations Thread 88" [_thread_blocked, id=3980, stack(0x000000de19200000,0x000000de19300000)]
  0x000002bb54d9e0d0 JavaThread "Unconstrained build operations Thread 89" [_thread_blocked, id=30948, stack(0x000000de19300000,0x000000de19400000)]
  0x000002bb54d9f610 JavaThread "Unconstrained build operations Thread 90" [_thread_blocked, id=26452, stack(0x000000de19400000,0x000000de19500000)]
  0x000002bb54d9e620 JavaThread "Unconstrained build operations Thread 91" [_thread_blocked, id=13696, stack(0x000000de19500000,0x000000de19600000)]
  0x000002bb54da55b0 JavaThread "Unconstrained build operations Thread 92" [_thread_blocked, id=24228, stack(0x000000de19600000,0x000000de19700000)]
  0x000002bb54da10a0 JavaThread "Unconstrained build operations Thread 93" [_thread_blocked, id=24364, stack(0x000000de19700000,0x000000de19800000)]
  0x000002bb54da35d0 JavaThread "Unconstrained build operations Thread 94" [_thread_blocked, id=17632, stack(0x000000de19800000,0x000000de19900000)]
  0x000002bb54da15f0 JavaThread "Unconstrained build operations Thread 95" [_thread_blocked, id=34720, stack(0x000000de19900000,0x000000de19a00000)]
  0x000002bb54da2090 JavaThread "Unconstrained build operations Thread 96" [_thread_blocked, id=25488, stack(0x000000de19a00000,0x000000de19b00000)]
  0x000002bb54da2b30 JavaThread "Unconstrained build operations Thread 97" [_thread_blocked, id=33220, stack(0x000000de19b00000,0x000000de19c00000)]
  0x000002bb54d9fb60 JavaThread "Unconstrained build operations Thread 98" [_thread_blocked, id=33880, stack(0x000000de19c00000,0x000000de19d00000)]
  0x000002bb54da5b00 JavaThread "Unconstrained build operations Thread 99" [_thread_blocked, id=23700, stack(0x000000de19d00000,0x000000de19e00000)]
  0x000002bb54d9eb70 JavaThread "Unconstrained build operations Thread 100" [_thread_blocked, id=33968, stack(0x000000de19e00000,0x000000de19f00000)]
  0x000002bb54d9f0c0 JavaThread "Unconstrained build operations Thread 101" [_thread_blocked, id=25292, stack(0x000000de19f00000,0x000000de1a000000)]
  0x000002bb54da0600 JavaThread "Unconstrained build operations Thread 102" [_thread_blocked, id=35132, stack(0x000000de1a000000,0x000000de1a100000)]
  0x000002bb54da1b40 JavaThread "Unconstrained build operations Thread 103" [_thread_blocked, id=6724, stack(0x000000de1a100000,0x000000de1a200000)]
  0x000002bb54da3b20 JavaThread "Unconstrained build operations Thread 104" [_thread_blocked, id=15776, stack(0x000000de1a200000,0x000000de1a300000)]
  0x000002bb54da5060 JavaThread "Unconstrained build operations Thread 105" [_thread_blocked, id=24760, stack(0x000000de1a300000,0x000000de1a400000)]
  0x000002bb58780bf0 JavaThread "Unconstrained build operations Thread 106" [_thread_blocked, id=34224, stack(0x000000de1a400000,0x000000de1a500000)]
  0x000002bb58782680 JavaThread "Unconstrained build operations Thread 107" [_thread_blocked, id=24668, stack(0x000000de1a500000,0x000000de1a600000)]
  0x000002bb58784110 JavaThread "Unconstrained build operations Thread 108" [_thread_blocked, id=2332, stack(0x000000de1a600000,0x000000de1a700000)]
  0x000002bb58783120 JavaThread "Unconstrained build operations Thread 109" [_thread_blocked, id=29024, stack(0x000000de1a700000,0x000000de1a800000)]
  0x000002bb58781690 JavaThread "Unconstrained build operations Thread 110" [_thread_blocked, id=26272, stack(0x000000de1a800000,0x000000de1a900000)]
  0x000002bb5877f160 JavaThread "Unconstrained build operations Thread 111" [_thread_blocked, id=33148, stack(0x000000de1a900000,0x000000de1aa00000)]
  0x000002bb58783670 JavaThread "Unconstrained build operations Thread 112" [_thread_blocked, id=28400, stack(0x000000de1aa00000,0x000000de1ab00000)]
  0x000002bb5877fc00 JavaThread "Unconstrained build operations Thread 113" [_thread_blocked, id=2288, stack(0x000000de1ab00000,0x000000de1ac00000)]
  0x000002bb5877f6b0 JavaThread "Unconstrained build operations Thread 114" [_thread_blocked, id=33484, stack(0x000000de1ac00000,0x000000de1ad00000)]
  0x000002bb5877e170 JavaThread "Unconstrained build operations Thread 115" [_thread_blocked, id=28320, stack(0x000000de1ad00000,0x000000de1ae00000)]
  0x000002bb58784bb0 JavaThread "Unconstrained build operations Thread 116" [_thread_blocked, id=1244, stack(0x000000de1ae00000,0x000000de1af00000)]
  0x000002bb5877ec10 JavaThread "Unconstrained build operations Thread 117" [_thread_blocked, id=29524, stack(0x000000de1af00000,0x000000de1b000000)]
  0x000002bb58783bc0 JavaThread "Unconstrained build operations Thread 118" [_thread_blocked, id=23784, stack(0x000000de1b000000,0x000000de1b100000)]
  0x000002bb5877dc20 JavaThread "Unconstrained build operations Thread 119" [_thread_blocked, id=24552, stack(0x000000de1b100000,0x000000de1b200000)]
  0x000002bb58781be0 JavaThread "Unconstrained build operations Thread 120" [_thread_blocked, id=34292, stack(0x000000de1b200000,0x000000de1b300000)]
  0x000002bb55018bb0 JavaThread "Cache worker for Java compile cache (C:\Users\opadfnezig\.gradle\caches\7.1.1\javaCompile)" [_thread_blocked, id=7088, stack(0x000000de1bf00000,0x000000de1c000000)]
  0x000002bb5501d0c0 JavaThread "Build operations" [_thread_blocked, id=30012, stack(0x000000de1c000000,0x000000de1c100000)]
  0x000002bb55019ba0 JavaThread "Build operations Thread 2" [_thread_blocked, id=22636, stack(0x000000de1c100000,0x000000de1c200000)]
  0x000002bb5501b0e0 JavaThread "Build operations Thread 3" [_thread_blocked, id=35648, stack(0x000000de1c200000,0x000000de1c300000)]
  0x000002bb5501c620 JavaThread "Build operations Thread 4" [_thread_blocked, id=35396, stack(0x000000de1c300000,0x000000de1c400000)]
  0x000002bb5501eb50 JavaThread "Build operations Thread 5" [_thread_blocked, id=27248, stack(0x000000de1c400000,0x000000de1c500000)]
  0x000002bb55019650 JavaThread "Build operations Thread 6" [_thread_blocked, id=33460, stack(0x000000de1c500000,0x000000de1c600000)]
  0x000002bb5501a0f0 JavaThread "Build operations Thread 7" [_thread_blocked, id=33612, stack(0x000000de1c600000,0x000000de1c700000)]
  0x000002bb55017bc0 JavaThread "Build operations Thread 8" [_thread_blocked, id=33852, stack(0x000000de1c700000,0x000000de1c800000)]
  0x000002bb55018110 JavaThread "Build operations Thread 9" [_thread_blocked, id=13184, stack(0x000000de1c800000,0x000000de1c900000)]
  0x000002bb55018660 JavaThread "Build operations Thread 10" [_thread_blocked, id=34228, stack(0x000000de1c900000,0x000000de1ca00000)]
  0x000002bb5501e600 JavaThread "Build operations Thread 11" [_thread_blocked, id=14584, stack(0x000000de1ca00000,0x000000de1cb00000)]
  0x000002bb5501ab90 JavaThread "Build operations Thread 12" [_thread_blocked, id=34328, stack(0x000000de1cb00000,0x000000de1cc00000)]
  0x000002bb57835fe0 JavaThread "Exec process Thread 5" [_thread_blocked, id=33336, stack(0x000000de1d300000,0x000000de1d400000)]
  0x000002bb57836530 JavaThread "Exec process Thread 6" [_thread_blocked, id=26196, stack(0x000000de1d400000,0x000000de1d500000)]
  0x000002bb585c39c0 JavaThread "C2 CompilerThread1" daemon [_thread_blocked, id=6808, stack(0x000000de0f000000,0x000000de0f100000)]

Other Threads:
  0x000002bb512936b0 VMThread "VM Thread" [stack: 0x000000de0f900000,0x000000de0fa00000] [id=23636]
  0x000002bb51d52520 WatcherThread [stack: 0x000000de10800000,0x000000de10900000] [id=10852]
  0x000002bb2f3dd840 GCTaskThread "GC Thread#0" [stack: 0x000000de0f400000,0x000000de0f500000] [id=34712]
  0x000002bb52533d50 GCTaskThread "GC Thread#1" [stack: 0x000000de10a00000,0x000000de10b00000] [id=34936]
  0x000002bb5234e2a0 GCTaskThread "GC Thread#2" [stack: 0x000000de10b00000,0x000000de10c00000] [id=29104]
  0x000002bb52321310 GCTaskThread "GC Thread#3" [stack: 0x000000de10c00000,0x000000de10d00000] [id=34464]
  0x000002bb52bd34d0 GCTaskThread "GC Thread#4" [stack: 0x000000de10d00000,0x000000de10e00000] [id=35412]
  0x000002bb52732580 GCTaskThread "GC Thread#5" [stack: 0x000000de10e00000,0x000000de10f00000] [id=29268]
  0x000002bb52950e00 GCTaskThread "GC Thread#6" [stack: 0x000000de10f00000,0x000000de11000000] [id=34476]
  0x000002bb2f3ea790 ConcurrentGCThread "G1 Main Marker" [stack: 0x000000de0f500000,0x000000de0f600000] [id=19872]
  0x000002bb2f3eb950 ConcurrentGCThread "G1 Conc#0" [stack: 0x000000de0f600000,0x000000de0f700000] [id=22044]
  0x000002bb542f97d0 ConcurrentGCThread "G1 Conc#1" [stack: 0x000000de12400000,0x000000de12500000] [id=23304]
  0x000002bb2f47e560 ConcurrentGCThread "G1 Refine#0" [stack: 0x000000de0f700000,0x000000de0f800000] [id=30192]
  0x000002bb57ad1f30 ConcurrentGCThread "G1 Refine#1" [stack: 0x000000de12700000,0x000000de12800000] [id=23512]
  0x000002bb5114c110 ConcurrentGCThread "G1 Service" [stack: 0x000000de0f800000,0x000000de0f900000] [id=25576]

Threads with active compile tasks:

VM state: not at safepoint (normal execution)

VM Mutex/Monitor currently owned by a thread: None

Heap address: 0x0000000740000000, size: 3072 MB, Compressed Oops mode: Zero based, Oop shift amount: 3

CDS archive(s) mapped at: [0x0000000800000000-0x0000000800be0000-0x0000000800be0000), size 12451840, SharedBaseAddress: 0x0000000800000000, ArchiveRelocationMode: 0.
Compressed class space mapped at: 0x0000000800c00000-0x0000000840c00000, reserved size: 1073741824
Narrow klass base: 0x0000000800000000, Narrow klass shift: 3, Narrow klass range: 0x100000000

GC Precious Log:
 CPUs: 12 total, 7 available
 Memory: 16335M
 Large Page Support: Disabled
 NUMA Support: Disabled
 Compressed Oops: Enabled (Zero based)
 Heap Region Size: 2M
 Heap Min Capacity: 8M
 Heap Initial Capacity: 256M
 Heap Max Capacity: 3G
 Pre-touch: Disabled
 Parallel Workers: 7
 Concurrent Workers: 2
 Concurrent Refinement Workers: 7
 Periodic GC: Disabled

Heap:
 garbage-first heap   total 196608K, used 74407K [0x0000000740000000, 0x0000000800000000)
  region size 2048K, 10 young (20480K), 5 survivors (10240K)
 Metaspace       used 62738K, committed 63360K, reserved 1105920K
  class space    used 8237K, committed 8512K, reserved 1048576K

Heap Regions: E=young(eden), S=young(survivor), O=old, HS=humongous(starts), HC=humongous(continues), CS=collection set, F=free, OA=open archive, CA=closed archive, TAMS=top-at-mark-start (previous, next)
|   0|0x0000000740000000, 0x0000000740200000, 0x0000000740200000|100%| O|  |TAMS 0x0000000740200000, 0x0000000740200000| Untracked 
|   1|0x0000000740200000, 0x00000007403b9800, 0x0000000740400000| 86%| O|  |TAMS 0x00000007403b9800, 0x00000007403b9800| Untracked 
|   2|0x0000000740400000, 0x0000000740600000, 0x0000000740600000|100%|HS|  |TAMS 0x0000000740600000, 0x0000000740600000| Complete 
|   3|0x0000000740600000, 0x0000000740800000, 0x0000000740800000|100%|HC|  |TAMS 0x0000000740800000, 0x0000000740800000| Complete 
|   4|0x0000000740800000, 0x0000000740a00000, 0x0000000740a00000|100%| O|  |TAMS 0x0000000740a00000, 0x0000000740a00000| Untracked 
|   5|0x0000000740a00000, 0x0000000740c00000, 0x0000000740c00000|100%| O|  |TAMS 0x0000000740c00000, 0x0000000740c00000| Untracked 
|   6|0x0000000740c00000, 0x0000000740e00000, 0x0000000740e00000|100%| O|  |TAMS 0x0000000740e00000, 0x0000000740e00000| Untracked 
|   7|0x0000000740e00000, 0x0000000741000000, 0x0000000741000000|100%| O|  |TAMS 0x0000000741000000, 0x0000000741000000| Untracked 
|   8|0x0000000741000000, 0x0000000741200000, 0x0000000741200000|100%| O|  |TAMS 0x0000000741200000, 0x0000000741200000| Untracked 
|   9|0x0000000741200000, 0x0000000741400000, 0x0000000741400000|100%| O|  |TAMS 0x0000000741400000, 0x0000000741400000| Untracked 
|  10|0x0000000741400000, 0x0000000741600000, 0x0000000741600000|100%| O|  |TAMS 0x0000000741600000, 0x0000000741600000| Untracked 
|  11|0x0000000741600000, 0x0000000741800000, 0x0000000741800000|100%| O|  |TAMS 0x0000000741800000, 0x0000000741800000| Untracked 
|  12|0x0000000741800000, 0x0000000741a00000, 0x0000000741a00000|100%| O|  |TAMS 0x0000000741a00000, 0x0000000741a00000| Untracked 
|  13|0x0000000741a00000, 0x0000000741c00000, 0x0000000741c00000|100%|HS|  |TAMS 0x0000000741c00000, 0x0000000741c00000| Complete 
|  14|0x0000000741c00000, 0x0000000741e00000, 0x0000000741e00000|100%| O|  |TAMS 0x0000000741e00000, 0x0000000741e00000| Untracked 
|  15|0x0000000741e00000, 0x0000000742000000, 0x0000000742000000|100%| O|  |TAMS 0x0000000742000000, 0x0000000742000000| Untracked 
|  16|0x0000000742000000, 0x0000000742200000, 0x0000000742200000|100%| O|  |TAMS 0x0000000742200000, 0x0000000742200000| Untracked 
|  17|0x0000000742200000, 0x0000000742400000, 0x0000000742400000|100%| O|  |TAMS 0x0000000742400000, 0x0000000742400000| Untracked 
|  18|0x0000000742400000, 0x0000000742600000, 0x0000000742600000|100%| O|  |TAMS 0x0000000742600000, 0x0000000742600000| Untracked 
|  19|0x0000000742600000, 0x0000000742800000, 0x0000000742800000|100%| O|  |TAMS 0x0000000742800000, 0x0000000742800000| Untracked 
|  20|0x0000000742800000, 0x0000000742a00000, 0x0000000742a00000|100%| O|  |TAMS 0x0000000742a00000, 0x0000000742a00000| Untracked 
|  21|0x0000000742a00000, 0x0000000742c00000, 0x0000000742c00000|100%| O|  |TAMS 0x0000000742a5fe00, 0x0000000742bfa200| Untracked 
|  22|0x0000000742c00000, 0x0000000742e00000, 0x0000000742e00000|100%| O|  |TAMS 0x0000000742c00000, 0x0000000742c00000| Untracked 
|  23|0x0000000742e00000, 0x0000000743000000, 0x0000000743000000|100%| O|  |TAMS 0x0000000742e00000, 0x0000000742e00000| Untracked 
|  24|0x0000000743000000, 0x0000000743200000, 0x0000000743200000|100%| O|  |TAMS 0x0000000743000000, 0x0000000743000000| Untracked 
|  25|0x0000000743200000, 0x0000000743400000, 0x0000000743400000|100%| O|  |TAMS 0x0000000743200000, 0x0000000743200000| Untracked 
|  26|0x0000000743400000, 0x0000000743600000, 0x0000000743600000|100%| O|  |TAMS 0x0000000743400000, 0x0000000743400000| Untracked 
|  27|0x0000000743600000, 0x0000000743800000, 0x0000000743800000|100%| O|  |TAMS 0x0000000743600000, 0x0000000743600000| Untracked 
|  28|0x0000000743800000, 0x000000074384d000, 0x0000000743a00000| 15%| O|  |TAMS 0x0000000743800000, 0x0000000743800000| Untracked 
|  29|0x0000000743a00000, 0x0000000743a00000, 0x0000000743c00000|  0%| F|  |TAMS 0x0000000743a00000, 0x0000000743a00000| Untracked 
|  30|0x0000000743c00000, 0x0000000743c00000, 0x0000000743e00000|  0%| F|  |TAMS 0x0000000743c00000, 0x0000000743c00000| Untracked 
|  31|0x0000000743e00000, 0x0000000743e00000, 0x0000000744000000|  0%| F|  |TAMS 0x0000000743e00000, 0x0000000743e00000| Untracked 
|  32|0x0000000744000000, 0x0000000744000000, 0x0000000744200000|  0%| F|  |TAMS 0x0000000744000000, 0x0000000744000000| Untracked 
|  33|0x0000000744200000, 0x0000000744200000, 0x0000000744400000|  0%| F|  |TAMS 0x0000000744200000, 0x0000000744200000| Untracked 
|  34|0x0000000744400000, 0x0000000744400000, 0x0000000744600000|  0%| F|  |TAMS 0x0000000744400000, 0x0000000744400000| Untracked 
|  35|0x0000000744600000, 0x0000000744600000, 0x0000000744800000|  0%| F|  |TAMS 0x0000000744600000, 0x0000000744600000| Untracked 
|  36|0x0000000744800000, 0x0000000744800000, 0x0000000744a00000|  0%| F|  |TAMS 0x0000000744800000, 0x0000000744800000| Untracked 
|  37|0x0000000744a00000, 0x0000000744a00000, 0x0000000744c00000|  0%| F|  |TAMS 0x0000000744a00000, 0x0000000744a00000| Untracked 
|  38|0x0000000744c00000, 0x0000000744c00000, 0x0000000744e00000|  0%| F|  |TAMS 0x0000000744c00000, 0x0000000744c00000| Untracked 
|  39|0x0000000744e00000, 0x0000000744ea3580, 0x0000000745000000| 31%| S|CS|TAMS 0x0000000744e00000, 0x0000000744e00000| Complete 
|  40|0x0000000745000000, 0x0000000745200000, 0x0000000745200000|100%| S|CS|TAMS 0x0000000745000000, 0x0000000745000000| Complete 
|  41|0x0000000745200000, 0x0000000745400000, 0x0000000745400000|100%| S|CS|TAMS 0x0000000745200000, 0x0000000745200000| Complete 
|  42|0x0000000745400000, 0x0000000745600000, 0x0000000745600000|100%| S|CS|TAMS 0x0000000745400000, 0x0000000745400000| Complete 
|  43|0x0000000745600000, 0x0000000745800000, 0x0000000745800000|100%| S|CS|TAMS 0x0000000745600000, 0x0000000745600000| Complete 
|  44|0x0000000745800000, 0x0000000745800000, 0x0000000745a00000|  0%| F|  |TAMS 0x0000000745800000, 0x0000000745800000| Untracked 
|  45|0x0000000745a00000, 0x0000000745a00000, 0x0000000745c00000|  0%| F|  |TAMS 0x0000000745a00000, 0x0000000745a00000| Untracked 
|  46|0x0000000745c00000, 0x0000000745c00000, 0x0000000745e00000|  0%| F|  |TAMS 0x0000000745c00000, 0x0000000745c00000| Untracked 
|  47|0x0000000745e00000, 0x0000000745e00000, 0x0000000746000000|  0%| F|  |TAMS 0x0000000745e00000, 0x0000000745e00000| Untracked 
|  48|0x0000000746000000, 0x0000000746000000, 0x0000000746200000|  0%| F|  |TAMS 0x0000000746000000, 0x0000000746000000| Untracked 
|  49|0x0000000746200000, 0x0000000746200000, 0x0000000746400000|  0%| F|  |TAMS 0x0000000746200000, 0x0000000746200000| Untracked 
|  50|0x0000000746400000, 0x0000000746400000, 0x0000000746600000|  0%| F|  |TAMS 0x0000000746400000, 0x0000000746400000| Untracked 
|  51|0x0000000746600000, 0x0000000746600000, 0x0000000746800000|  0%| F|  |TAMS 0x0000000746600000, 0x0000000746600000| Untracked 
|  52|0x0000000746800000, 0x0000000746800000, 0x0000000746a00000|  0%| F|  |TAMS 0x0000000746800000, 0x0000000746800000| Untracked 
|  53|0x0000000746a00000, 0x0000000746a00000, 0x0000000746c00000|  0%| F|  |TAMS 0x0000000746a00000, 0x0000000746a00000| Untracked 
|  54|0x0000000746c00000, 0x0000000746c00000, 0x0000000746e00000|  0%| F|  |TAMS 0x0000000746c00000, 0x0000000746c00000| Untracked 
|  55|0x0000000746e00000, 0x0000000746e00000, 0x0000000747000000|  0%| F|  |TAMS 0x0000000746e00000, 0x0000000746e00000| Untracked 
|  56|0x0000000747000000, 0x0000000747000000, 0x0000000747200000|  0%| F|  |TAMS 0x0000000747000000, 0x0000000747000000| Untracked 
|  57|0x0000000747200000, 0x0000000747200000, 0x0000000747400000|  0%| F|  |TAMS 0x0000000747200000, 0x0000000747200000| Untracked 
|  58|0x0000000747400000, 0x0000000747400000, 0x0000000747600000|  0%| F|  |TAMS 0x0000000747400000, 0x0000000747400000| Untracked 
|  59|0x0000000747600000, 0x0000000747600000, 0x0000000747800000|  0%| F|  |TAMS 0x0000000747600000, 0x0000000747600000| Untracked 
|  60|0x0000000747800000, 0x0000000747800000, 0x0000000747a00000|  0%| F|  |TAMS 0x0000000747800000, 0x0000000747800000| Untracked 
|  61|0x0000000747a00000, 0x0000000747a00000, 0x0000000747c00000|  0%| F|  |TAMS 0x0000000747a00000, 0x0000000747a00000| Untracked 
|  62|0x0000000747c00000, 0x0000000747c00000, 0x0000000747e00000|  0%| F|  |TAMS 0x0000000747c00000, 0x0000000747c00000| Untracked 
|  63|0x0000000747e00000, 0x0000000747e00000, 0x0000000748000000|  0%| F|  |TAMS 0x0000000747e00000, 0x0000000747e00000| Untracked 
|  64|0x0000000748000000, 0x0000000748000000, 0x0000000748200000|  0%| F|  |TAMS 0x0000000748000000, 0x0000000748000000| Untracked 
|  65|0x0000000748200000, 0x0000000748200000, 0x0000000748400000|  0%| F|  |TAMS 0x0000000748200000, 0x0000000748200000| Untracked 
|  66|0x0000000748400000, 0x0000000748400000, 0x0000000748600000|  0%| F|  |TAMS 0x0000000748400000, 0x0000000748400000| Untracked 
|  67|0x0000000748600000, 0x0000000748600000, 0x0000000748800000|  0%| F|  |TAMS 0x0000000748600000, 0x0000000748600000| Untracked 
|  68|0x0000000748800000, 0x0000000748800000, 0x0000000748a00000|  0%| F|  |TAMS 0x0000000748800000, 0x0000000748800000| Untracked 
|  69|0x0000000748a00000, 0x0000000748a00000, 0x0000000748c00000|  0%| F|  |TAMS 0x0000000748a00000, 0x0000000748a00000| Untracked 
|  70|0x0000000748c00000, 0x0000000748c00000, 0x0000000748e00000|  0%| F|  |TAMS 0x0000000748c00000, 0x0000000748c00000| Untracked 
|  71|0x0000000748e00000, 0x0000000748e00000, 0x0000000749000000|  0%| F|  |TAMS 0x0000000748e00000, 0x0000000748e00000| Untracked 
|  72|0x0000000749000000, 0x0000000749000000, 0x0000000749200000|  0%| F|  |TAMS 0x0000000749000000, 0x0000000749000000| Untracked 
|  73|0x0000000749200000, 0x0000000749200000, 0x0000000749400000|  0%| F|  |TAMS 0x0000000749200000, 0x0000000749200000| Untracked 
|  74|0x0000000749400000, 0x0000000749400000, 0x0000000749600000|  0%| F|  |TAMS 0x0000000749400000, 0x0000000749400000| Untracked 
|  75|0x0000000749600000, 0x0000000749600000, 0x0000000749800000|  0%| F|  |TAMS 0x0000000749600000, 0x0000000749600000| Untracked 
|  76|0x0000000749800000, 0x0000000749800000, 0x0000000749a00000|  0%| F|  |TAMS 0x0000000749800000, 0x0000000749800000| Untracked 
|  77|0x0000000749a00000, 0x0000000749a00000, 0x0000000749c00000|  0%| F|  |TAMS 0x0000000749a00000, 0x0000000749a00000| Untracked 
|  78|0x0000000749c00000, 0x0000000749c00000, 0x0000000749e00000|  0%| F|  |TAMS 0x0000000749c00000, 0x0000000749c00000| Untracked 
|  79|0x0000000749e00000, 0x0000000749e00000, 0x000000074a000000|  0%| F|  |TAMS 0x0000000749e00000, 0x0000000749e00000| Untracked 
|  80|0x000000074a000000, 0x000000074a000000, 0x000000074a200000|  0%| F|  |TAMS 0x000000074a000000, 0x000000074a000000| Untracked 
|  81|0x000000074a200000, 0x000000074a200000, 0x000000074a400000|  0%| F|  |TAMS 0x000000074a200000, 0x000000074a200000| Untracked 
|  82|0x000000074a400000, 0x000000074a400000, 0x000000074a600000|  0%| F|  |TAMS 0x000000074a400000, 0x000000074a400000| Untracked 
|  83|0x000000074a600000, 0x000000074a600000, 0x000000074a800000|  0%| F|  |TAMS 0x000000074a600000, 0x000000074a600000| Untracked 
|  84|0x000000074a800000, 0x000000074a800000, 0x000000074aa00000|  0%| F|  |TAMS 0x000000074a800000, 0x000000074a800000| Untracked 
|  85|0x000000074aa00000, 0x000000074aa00000, 0x000000074ac00000|  0%| F|  |TAMS 0x000000074aa00000, 0x000000074aa00000| Untracked 
|  86|0x000000074ac00000, 0x000000074ac00000, 0x000000074ae00000|  0%| F|  |TAMS 0x000000074ac00000, 0x000000074ac00000| Untracked 
|  87|0x000000074ae00000, 0x000000074ae00000, 0x000000074b000000|  0%| F|  |TAMS 0x000000074ae00000, 0x000000074ae00000| Untracked 
|  88|0x000000074b000000, 0x000000074b000000, 0x000000074b200000|  0%| F|  |TAMS 0x000000074b000000, 0x000000074b000000| Untracked 
| 111|0x000000074de00000, 0x000000074de00000, 0x000000074e000000|  0%| F|  |TAMS 0x000000074de00000, 0x000000074de00000| Untracked 
| 112|0x000000074e000000, 0x000000074e000000, 0x000000074e200000|  0%| F|  |TAMS 0x000000074e000000, 0x000000074e000000| Untracked 
| 113|0x000000074e200000, 0x000000074e371090, 0x000000074e400000| 72%| E|  |TAMS 0x000000074e200000, 0x000000074e200000| Complete 
| 114|0x000000074e400000, 0x000000074e600000, 0x000000074e600000|100%| E|CS|TAMS 0x000000074e400000, 0x000000074e400000| Complete 
| 115|0x000000074e600000, 0x000000074e800000, 0x000000074e800000|100%| E|CS|TAMS 0x000000074e600000, 0x000000074e600000| Complete 
| 116|0x000000074e800000, 0x000000074ea00000, 0x000000074ea00000|100%| E|CS|TAMS 0x000000074e800000, 0x000000074e800000| Complete 
| 127|0x000000074fe00000, 0x0000000750000000, 0x0000000750000000|100%| E|CS|TAMS 0x000000074fe00000, 0x000000074fe00000| Complete 

Card table byte_map: [0x000002bb47d00000,0x000002bb48300000] _byte_map_base: 0x000002bb44300000

Marking Bits (Prev, Next): (CMBitMap*) 0x000002bb2f3dddc0, (CMBitMap*) 0x000002bb2f3dde00
 Prev Bits: [0x000002bb48900000, 0x000002bb4b900000)
 Next Bits: [0x000002bb4b900000, 0x000002bb4e900000)

Polling page: 0x000002bb2da50000

Metaspace:

Usage:
  Non-class:     53.22 MB used.
      Class:      8.04 MB used.
       Both:     61.27 MB used.

Virtual space:
  Non-class space:       56.00 MB reserved,      53.56 MB ( 96%) committed,  7 nodes.
      Class space:        1.00 GB reserved,       8.31 MB ( <1%) committed,  1 nodes.
              Both:        1.05 GB reserved,      61.88 MB (  6%) committed. 

Chunk freelists:
   Non-Class:  1.73 MB
       Class:  3.51 MB
        Both:  5.25 MB

MaxMetaspaceSize: 17179869184.00 GB
CompressedClassSpaceSize: 1.00 GB
 - commit_granule_bytes: 65536.
 - commit_granule_words: 8192.
 - virtual_space_node_default_size: 1048576.
 - enlarge_chunks_in_place: 1.
 - new_chunks_are_fully_committed: 0.
 - uncommit_free_chunks: 1.
 - use_allocation_guard: 0.
 - handle_deallocations: 1.


Internal statistics:

num_allocs_failed_limit: 6.
num_arena_births: 726.
num_arena_deaths: 0.
num_vsnodes_births: 8.
num_vsnodes_deaths: 0.
num_space_committed: 990.
num_space_uncommitted: 0.
num_chunks_returned_to_freelist: 6.
num_chunks_taken_from_freelist: 3047.
num_chunk_merges: 6.
num_chunk_splits: 1925.
num_chunks_enlarged: 1203.
num_purges: 0.

CodeHeap 'non-profiled nmethods': size=120000Kb used=5396Kb max_used=5396Kb free=114603Kb
 bounds [0x000002bb3f850000, 0x000002bb3fda0000, 0x000002bb46d80000]
CodeHeap 'profiled nmethods': size=120000Kb used=17318Kb max_used=17318Kb free=102681Kb
 bounds [0x000002bb38320000, 0x000002bb39410000, 0x000002bb3f850000]
CodeHeap 'non-nmethods': size=5760Kb used=2456Kb max_used=2551Kb free=3303Kb
 bounds [0x000002bb37d80000, 0x000002bb38020000, 0x000002bb38320000]
 total_blobs=9031 nmethods=8128 adapters=815
 compilation: enabled
              stopped_count=0, restarted_count=0
 full_count=0

Compilation events (20 events):
Event: 203.071 Thread 0x000002bb512bd520 8946       3       org.gradle.internal.watch.registry.impl.WatchableHierarchies$RemoveUnwatchedFiles::visitEntry (21 bytes)
Event: 203.071 Thread 0x000002bb512bd520 nmethod 8946 0x000002bb393fa790 code [0x000002bb393fa980, 0x000002bb393fafb8]
Event: 203.071 Thread 0x000002bb512bd520 8947       3       org.gradle.internal.watch.registry.impl.WatchableHierarchies$RemoveUnwatchedFiles::shouldBeRemoved (55 bytes)
Event: 203.072 Thread 0x000002bb512bd520 nmethod 8947 0x000002bb393fb210 code [0x000002bb393fb400, 0x000002bb393fbaf8]
Event: 203.072 Thread 0x000002bb512bd520 8948       3       org.gradle.internal.watch.registry.impl.WatchableHierarchies::isInWatchableHierarchy (11 bytes)
Event: 203.072 Thread 0x000002bb512bd520 nmethod 8948 0x000002bb393fbd10 code [0x000002bb393fbec0, 0x000002bb393fc0a8]
Event: 203.074 Thread 0x000002bb512bd520 8951       3       org.gradle.internal.snapshot.AbstractListChildMap::visitChildren (47 bytes)
Event: 203.074 Thread 0x000002bb512bd520 nmethod 8951 0x000002bb393fc190 code [0x000002bb393fc380, 0x000002bb393fc9b8]
Event: 203.075 Thread 0x000002bb512bd520 8952       3       org.gradle.internal.snapshot.DirectorySnapshot::accept (93 bytes)
Event: 203.076 Thread 0x000002bb512bd520 nmethod 8952 0x000002bb393fcc10 code [0x000002bb393fce80, 0x000002bb393fda18]
Event: 203.076 Thread 0x000002bb512bd520 8953       3       org.gradle.internal.snapshot.FileSystemSnapshotHierarchyVisitor::enterDirectory (1 bytes)
Event: 203.076 Thread 0x000002bb512bd520 nmethod 8953 0x000002bb393fde10 code [0x000002bb393fdfa0, 0x000002bb393fe0b8]
Event: 203.076 Thread 0x000002bb512bd520 8954       3       org.gradle.internal.snapshot.FileSystemSnapshotHierarchyVisitor::leaveDirectory (1 bytes)
Event: 203.076 Thread 0x000002bb512bd520 nmethod 8954 0x000002bb393fe190 code [0x000002bb393fe320, 0x000002bb393fe438]
Event: 203.076 Thread 0x000002bb512bd520 8955       3       org.gradle.internal.snapshot.AbstractFileSystemLocationSnapshot::accept (8 bytes)
Event: 203.077 Thread 0x000002bb512bd520 nmethod 8955 0x000002bb393fe510 code [0x000002bb393fe6c0, 0x000002bb393fe8a8]
Event: 203.079 Thread 0x000002bb585c39c0 nmethod 8938 0x000002bb3fd89510 code [0x000002bb3fd896e0, 0x000002bb3fd89f78]
Event: 203.079 Thread 0x000002bb585c39c0 8949       4       org.gradle.internal.file.DefaultFileHierarchySet$Node::isChildOfOrThis (110 bytes)
Event: 203.098 Thread 0x000002bb585c39c0 nmethod 8949 0x000002bb3fd8a610 code [0x000002bb3fd8a7c0, 0x000002bb3fd8b018]
Event: 203.098 Thread 0x000002bb585c39c0 8950       4       org.gradle.internal.file.DefaultFileHierarchySet$PrefixFileSet::contains (10 bytes)

GC Heap History (20 events):
Event: 7.098 GC heap before
{Heap before GC invocations=18 (full 0):
 garbage-first heap   total 98304K, used 50064K [0x0000000740000000, 0x0000000800000000)
  region size 2048K, 3 young (6144K), 2 survivors (4096K)
 Metaspace       used 53257K, committed 53760K, reserved 1097728K
  class space    used 6976K, committed 7232K, reserved 1048576K
}
Event: 7.102 GC heap after
{Heap after GC invocations=19 (full 0):
 garbage-first heap   total 98304K, used 46060K [0x0000000740000000, 0x0000000800000000)
  region size 2048K, 2 young (4096K), 2 survivors (4096K)
 Metaspace       used 53257K, committed 53760K, reserved 1097728K
  class space    used 6976K, committed 7232K, reserved 1048576K
}
Event: 7.762 GC heap before
{Heap before GC invocations=20 (full 0):
 garbage-first heap   total 98304K, used 68588K [0x0000000740000000, 0x0000000800000000)
  region size 2048K, 12 young (24576K), 2 survivors (4096K)
 Metaspace       used 55448K, committed 56000K, reserved 1097728K
  class space    used 7251K, committed 7488K, reserved 1048576K
}
Event: 7.765 GC heap after
{Heap after GC invocations=21 (full 0):
 garbage-first heap   total 98304K, used 47666K [0x0000000740000000, 0x0000000800000000)
  region size 2048K, 3 young (6144K), 3 survivors (6144K)
 Metaspace       used 55448K, committed 56000K, reserved 1097728K
  class space    used 7251K, committed 7488K, reserved 1048576K
}
Event: 7.949 GC heap before
{Heap before GC invocations=22 (full 0):
 garbage-first heap   total 120832K, used 72242K [0x0000000740000000, 0x0000000800000000)
  region size 2048K, 8 young (16384K), 3 survivors (6144K)
 Metaspace       used 55713K, committed 56192K, reserved 1105920K
  class space    used 7270K, committed 7488K, reserved 1048576K
}
Event: 7.952 GC heap after
{Heap after GC invocations=23 (full 0):
 garbage-first heap   total 120832K, used 48062K [0x0000000740000000, 0x0000000800000000)
  region size 2048K, 2 young (4096K), 2 survivors (4096K)
 Metaspace       used 55713K, committed 56192K, reserved 1105920K
  class space    used 7270K, committed 7488K, reserved 1048576K
}
Event: 7.982 GC heap before
{Heap before GC invocations=23 (full 0):
 garbage-first heap   total 120832K, used 74686K [0x0000000740000000, 0x0000000800000000)
  region size 2048K, 7 young (14336K), 2 survivors (4096K)
 Metaspace       used 55729K, committed 56192K, reserved 1105920K
  class space    used 7270K, committed 7488K, reserved 1048576K
}
Event: 7.984 GC heap after
{Heap after GC invocations=24 (full 0):
 garbage-first heap   total 120832K, used 47816K [0x0000000740000000, 0x0000000800000000)
  region size 2048K, 2 young (4096K), 2 survivors (4096K)
 Metaspace       used 55729K, committed 56192K, reserved 1105920K
  class space    used 7270K, committed 7488K, reserved 1048576K
}
Event: 8.011 GC heap before
{Heap before GC invocations=24 (full 0):
 garbage-first heap   total 120832K, used 66248K [0x0000000740000000, 0x0000000800000000)
  region size 2048K, 3 young (6144K), 2 survivors (4096K)
 Metaspace       used 55732K, committed 56192K, reserved 1105920K
  class space    used 7271K, committed 7488K, reserved 1048576K
}
Event: 8.013 GC heap after
{Heap after GC invocations=25 (full 0):
 garbage-first heap   total 120832K, used 47976K [0x0000000740000000, 0x0000000800000000)
  region size 2048K, 2 young (4096K), 2 survivors (4096K)
 Metaspace       used 55732K, committed 56192K, reserved 1105920K
  class space    used 7271K, committed 7488K, reserved 1048576K
}
Event: 8.126 GC heap before
{Heap before GC invocations=25 (full 0):
 garbage-first heap   total 120832K, used 62312K [0x0000000740000000, 0x0000000800000000)
  region size 2048K, 6 young (12288K), 2 survivors (4096K)
 Metaspace       used 56171K, committed 56704K, reserved 1105920K
  class space    used 7327K, committed 7552K, reserved 1048576K
}
Event: 8.129 GC heap after
{Heap after GC invocations=26 (full 0):
 garbage-first heap   total 120832K, used 48381K [0x0000000740000000, 0x0000000800000000)
  region size 2048K, 2 young (4096K), 2 survivors (4096K)
 Metaspace       used 56171K, committed 56704K, reserved 1105920K
  class space    used 7327K, committed 7552K, reserved 1048576K
}
Event: 8.139 GC heap before
{Heap before GC invocations=26 (full 0):
 garbage-first heap   total 120832K, used 56573K [0x0000000740000000, 0x0000000800000000)
  region size 2048K, 4 young (8192K), 2 survivors (4096K)
 Metaspace       used 56173K, committed 56704K, reserved 1105920K
  class space    used 7327K, committed 7552K, reserved 1048576K
}
Event: 8.143 GC heap after
{Heap after GC invocations=27 (full 0):
 garbage-first heap   total 188416K, used 48405K [0x0000000740000000, 0x0000000800000000)
  region size 2048K, 2 young (4096K), 2 survivors (4096K)
 Metaspace       used 56173K, committed 56704K, reserved 1105920K
  class space    used 7327K, committed 7552K, reserved 1048576K
}
Event: 8.245 GC heap before
{Heap before GC invocations=27 (full 0):
 garbage-first heap   total 188416K, used 97557K [0x0000000740000000, 0x0000000800000000)
  region size 2048K, 9 young (18432K), 2 survivors (4096K)
 Metaspace       used 56272K, committed 56768K, reserved 1105920K
  class space    used 7328K, committed 7552K, reserved 1048576K
}
Event: 8.248 GC heap after
{Heap after GC invocations=28 (full 0):
 garbage-first heap   total 188416K, used 48393K [0x0000000740000000, 0x0000000800000000)
  region size 2048K, 2 young (4096K), 2 survivors (4096K)
 Metaspace       used 56272K, committed 56768K, reserved 1105920K
  class space    used 7328K, committed 7552K, reserved 1048576K
}
Event: 9.452 GC heap before
{Heap before GC invocations=28 (full 0):
 garbage-first heap   total 188416K, used 179465K [0x0000000740000000, 0x0000000800000000)
  region size 2048K, 54 young (110592K), 2 survivors (4096K)
 Metaspace       used 60084K, committed 60672K, reserved 1105920K
  class space    used 7895K, committed 8192K, reserved 1048576K
}
Event: 9.461 GC heap after
{Heap after GC invocations=29 (full 0):
 garbage-first heap   total 196608K, used 58816K [0x0000000740000000, 0x0000000800000000)
  region size 2048K, 7 young (14336K), 7 survivors (14336K)
 Metaspace       used 60084K, committed 60672K, reserved 1105920K
  class space    used 7895K, committed 8192K, reserved 1048576K
}
Event: 71.931 GC heap before
{Heap before GC invocations=29 (full 0):
 garbage-first heap   total 196608K, used 155072K [0x0000000740000000, 0x0000000800000000)
  region size 2048K, 55 young (112640K), 7 survivors (14336K)
 Metaspace       used 62393K, committed 62976K, reserved 1105920K
  class space    used 8194K, committed 8512K, reserved 1048576K
}
Event: 71.943 GC heap after
{Heap after GC invocations=30 (full 0):
 garbage-first heap   total 196608K, used 66215K [0x0000000740000000, 0x0000000800000000)
  region size 2048K, 5 young (10240K), 5 survivors (10240K)
 Metaspace       used 62393K, committed 62976K, reserved 1105920K
  class space    used 8194K, committed 8512K, reserved 1048576K
}

Deoptimization events (20 events):
Event: 203.106 Thread 0x000002bb52e37740 DEOPT PACKING pc=0x000002bb390af05c sp=0x000000de116fbbc0
Event: 203.106 Thread 0x000002bb52e37740 DEOPT UNPACKING pc=0x000002bb37dcdece sp=0x000000de116fb0a8 mode 1
Event: 203.107 Thread 0x000002bb52e37740 DEOPT PACKING pc=0x000002bb3841f769 sp=0x000000de116fb580
Event: 203.107 Thread 0x000002bb52e37740 DEOPT UNPACKING pc=0x000002bb37dcdece sp=0x000000de116faa28 mode 1
Event: 203.107 Thread 0x000002bb52e37740 DEOPT PACKING pc=0x000002bb390af05c sp=0x000000de116fb5e0
Event: 203.107 Thread 0x000002bb52e37740 DEOPT UNPACKING pc=0x000002bb37dcdece sp=0x000000de116faac8 mode 1
Event: 203.107 Thread 0x000002bb52e37740 DEOPT PACKING pc=0x000002bb390af05c sp=0x000000de116fb6c0
Event: 203.107 Thread 0x000002bb52e37740 DEOPT UNPACKING pc=0x000002bb37dcdece sp=0x000000de116faba8 mode 1
Event: 203.109 Thread 0x000002bb52e37740 DEOPT PACKING pc=0x000002bb3889c47c sp=0x000000de116fac40
Event: 203.109 Thread 0x000002bb52e37740 DEOPT UNPACKING pc=0x000002bb37dcdece sp=0x000000de116fa1b0 mode 1
Event: 203.109 Thread 0x000002bb52e37740 DEOPT PACKING pc=0x000002bb3889a734 sp=0x000000de116fad90
Event: 203.109 Thread 0x000002bb52e37740 DEOPT UNPACKING pc=0x000002bb37dcdece sp=0x000000de116fa270 mode 1
Event: 203.109 Thread 0x000002bb52e37740 DEOPT PACKING pc=0x000002bb393fe7dc sp=0x000000de116fbe80
Event: 203.109 Thread 0x000002bb52e37740 DEOPT UNPACKING pc=0x000002bb37dcdece sp=0x000000de116fb338 mode 1
Event: 203.109 Thread 0x000002bb52e37740 DEOPT PACKING pc=0x000002bb393fc754 sp=0x000000de116fbfd0
Event: 203.109 Thread 0x000002bb52e37740 DEOPT UNPACKING pc=0x000002bb37dcdece sp=0x000000de116fb498 mode 1
Event: 203.109 Thread 0x000002bb52e37740 DEOPT PACKING pc=0x000002bb393fc754 sp=0x000000de116fc1a0
Event: 203.109 Thread 0x000002bb52e37740 DEOPT UNPACKING pc=0x000002bb37dcdece sp=0x000000de116fb668 mode 1
Event: 203.109 Thread 0x000002bb52e37740 DEOPT PACKING pc=0x000002bb39271c3c sp=0x000000de116fc890
Event: 203.109 Thread 0x000002bb52e37740 DEOPT UNPACKING pc=0x000002bb37dcdece sp=0x000000de116fbe08 mode 1

Classes unloaded (0 events):
No events

Classes redefined (0 events):
No events

Internal exceptions (20 events):
Event: 11.936 Thread 0x000002bb5501e0b0 Exception <a 'java/lang/NoSuchMethodError'{0x00000007492011a8}: 'void java.lang.invoke.DirectMethodHandle$Holder.invokeSpecial(java.lang.Object, java.lang.Object, java.lang.Object, int)'> (0x00000007492011a8) 
thrown [c:\wsjdk\correttojdksrc\installers\windows\zip\corretto-build\buildroot\src\hotspot\share\interpreter\linkResolver.cpp, line 790]
Event: 11.939 Thread 0x000002bb5501e0b0 Exception <a 'java/lang/NoSuchMethodError'{0x000000074921f9d0}: static Ljava/lang/Object;.<clinit>()V> (0x000000074921f9d0) 
thrown [c:\wsjdk\correttojdksrc\installers\windows\zip\corretto-build\buildroot\src\hotspot\share\prims\jni.cpp, line 1210]
Event: 11.940 Thread 0x000002bb5501e0b0 Exception <a 'java/lang/NoSuchMethodError'{0x0000000749237d70}: static Lorg/gradle/api/internal/tasks/compile/ApiCompilerResult;.<clinit>()V> (0x0000000749237d70) 
thrown [c:\wsjdk\correttojdksrc\installers\windows\zip\corretto-build\buildroot\src\hotspot\share\prims\jni.cpp, line 1210]
Event: 11.942 Thread 0x000002bb5501e0b0 Exception <a 'java/lang/NoSuchMethodError'{0x000000074924aa50}: static Lorg/gradle/api/internal/tasks/compile/incremental/processing/AnnotationProcessingResult;.<clinit>()V> (0x000000074924aa50) 
thrown [c:\wsjdk\correttojdksrc\installers\windows\zip\corretto-build\buildroot\src\hotspot\share\prims\jni.cpp, line 1210]
Event: 11.945 Thread 0x000002bb5501e0b0 Exception <a 'java/lang/NoSuchMethodError'{0x00000007492812b0}: static Lorg/gradle/api/internal/tasks/compile/incremental/compilerapi/constants/ConstantsAnalysisResult;.<clinit>()V> (0x00000007492812b0) 
thrown [c:\wsjdk\correttojdksrc\installers\windows\zip\corretto-build\buildroot\src\hotspot\share\prims\jni.cpp, line 1210]
Event: 11.946 Thread 0x000002bb5501e0b0 Exception <a 'java/lang/NoSuchMethodError'{0x000000074928bef8}: static Lorg/gradle/api/internal/tasks/compile/incremental/compilerapi/constants/ConstantToDependentsMappingBuilder;.<clinit>()V> (0x000000074928bef8) 
thrown [c:\wsjdk\correttojdksrc\installers\windows\zip\corretto-build\buildroot\src\hotspot\share\prims\jni.cpp, line 1210]
Event: 12.409 Thread 0x000002bb52e38730 Exception <a 'java/lang/NoSuchMethodError'{0x0000000748638018}: static Lorg/gradle/internal/build/event/types/DefaultTaskFinishedProgressEvent;.<clinit>()V> (0x0000000748638018) 
thrown [c:\wsjdk\correttojdksrc\installers\windows\zip\corretto-build\buildroot\src\hotspot\share\prims\jni.cpp, line 1210]
Event: 12.412 Thread 0x000002bb52e38730 Exception <a 'java/lang/NoSuchMethodError'{0x000000074867bbb8}: static Lorg/gradle/internal/build/event/types/DefaultJavaCompileTaskSuccessResult;.<clinit>()V> (0x000000074867bbb8) 
thrown [c:\wsjdk\correttojdksrc\installers\windows\zip\corretto-build\buildroot\src\hotspot\share\prims\jni.cpp, line 1210]
Event: 12.412 Thread 0x000002bb52e38730 Exception <a 'java/lang/NoSuchMethodError'{0x000000074867d638}: static Lorg/gradle/internal/build/event/types/DefaultTaskSuccessResult;.<clinit>()V> (0x000000074867d638) 
thrown [c:\wsjdk\correttojdksrc\installers\windows\zip\corretto-build\buildroot\src\hotspot\share\prims\jni.cpp, line 1210]
Event: 12.412 Thread 0x000002bb52e38730 Exception <a 'java/lang/NoSuchMethodError'{0x000000074867eab0}: static Lorg/gradle/internal/build/event/types/AbstractTaskResult;.<clinit>()V> (0x000000074867eab0) 
thrown [c:\wsjdk\correttojdksrc\installers\windows\zip\corretto-build\buildroot\src\hotspot\share\prims\jni.cpp, line 1210]
Event: 12.412 Thread 0x000002bb52e38730 Exception <a 'java/lang/NoSuchMethodError'{0x000000074868ea98}: static Lorg/gradle/internal/build/event/types/AbstractResult;.<clinit>()V> (0x000000074868ea98) 
thrown [c:\wsjdk\correttojdksrc\installers\windows\zip\corretto-build\buildroot\src\hotspot\share\prims\jni.cpp, line 1210]
Event: 13.138 Thread 0x000002bb58785650 Exception <a 'java/lang/NoSuchMethodError'{0x00000007482d5cf8}: 'void java.lang.invoke.DirectMethodHandle$Holder.invokeInterface(java.lang.Object, java.lang.Object, java.lang.Object, java.lang.Object)'> (0x00000007482d5cf8) 
thrown [c:\wsjdk\correttojdksrc\installers\windows\zip\corretto-build\buildroot\src\hotspot\share\interpreter\linkResolver.cpp, line 790]
Event: 13.483 Thread 0x000002bb58785650 Exception <a 'java/lang/ClassNotFoundException'{0x0000000746196af0}: org/gradle/api/internal/file/collections/DefaultConfigurableFileCollectionBeanInfo> (0x0000000746196af0) 
thrown [c:\wsjdk\correttojdksrc\installers\windows\zip\corretto-build\buildroot\src\hotspot\share\classfile\systemDictionary.cpp, line 256]
Event: 13.483 Thread 0x000002bb58785650 Exception <a 'java/lang/ClassNotFoundException'{0x000000074619cac8}: org/gradle/api/internal/file/collections/DefaultConfigurableFileCollectionCustomizer> (0x000000074619cac8) 
thrown [c:\wsjdk\correttojdksrc\installers\windows\zip\corretto-build\buildroot\src\hotspot\share\classfile\systemDictionary.cpp, line 256]
Event: 13.513 Thread 0x000002bb58785650 Exception <a 'java/lang/ClassNotFoundException'{0x0000000745a76ec8}: com/intellij/openapi/externalSystem/rt/execution/ForkedDebuggerHelperBeanInfo> (0x0000000745a76ec8) 
thrown [c:\wsjdk\correttojdksrc\installers\windows\zip\corretto-build\buildroot\src\hotspot\share\classfile\systemDictionary.cpp, line 256]
Event: 13.514 Thread 0x000002bb58785650 Exception <a 'java/lang/ClassNotFoundException'{0x0000000745a7f3c8}: com/intellij/openapi/externalSystem/rt/execution/ForkedDebuggerHelperCustomizer> (0x0000000745a7f3c8) 
thrown [c:\wsjdk\correttojdksrc\installers\windows\zip\corretto-build\buildroot\src\hotspot\share\classfile\systemDictionary.cpp, line 256]
Event: 13.516 Thread 0x000002bb58785650 Exception <a 'java/net/SocketException'{0x0000000745a924f0}: Socket is not connected: shutdown> (0x0000000745a924f0) 
thrown [c:\wsjdk\correttojdksrc\installers\windows\zip\corretto-build\buildroot\src\hotspot\share\prims\jni.cpp, line 600]
Event: 203.040 Thread 0x000002bb58785650 Exception <a 'java/lang/reflect/InvocationTargetException'{0x000000074e4022e0}> (0x000000074e4022e0) 
thrown [c:\wsjdk\correttojdksrc\installers\windows\zip\corretto-build\buildroot\src\hotspot\share\runtime\reflection.cpp, line 1157]
Event: 203.046 Thread 0x000002bb52e38730 Exception <a 'java/lang/NoSuchMethodError'{0x000000074e5d8fa8}: static Lorg/gradle/internal/build/event/types/DefaultTaskFailureResult;.<clinit>()V> (0x000000074e5d8fa8) 
thrown [c:\wsjdk\correttojdksrc\installers\windows\zip\corretto-build\buildroot\src\hotspot\share\prims\jni.cpp, line 1210]
Event: 203.047 Thread 0x000002bb52e38730 Exception <a 'java/lang/NoSuchMethodError'{0x000000074e5e9860}: static Lorg/gradle/internal/build/event/types/DefaultFailure;.<clinit>()V> (0x000000074e5e9860) 
thrown [c:\wsjdk\correttojdksrc\installers\windows\zip\corretto-build\buildroot\src\hotspot\share\prims\jni.cpp, line 1210]

Events (20 events):
Event: 203.045 Thread 0x000002bb54da4070 Thread exited: 0x000002bb54da4070
Event: 203.045 Thread 0x000002bb58780150 Thread exited: 0x000002bb58780150
Event: 203.045 Thread 0x000002bb58782130 Thread exited: 0x000002bb58782130
Event: 203.045 Thread 0x000002bb58782bd0 Thread exited: 0x000002bb58782bd0
Event: 203.045 Thread 0x000002bb5877e6c0 Thread exited: 0x000002bb5877e6c0
Event: 203.045 Thread 0x000002bb58785100 Thread exited: 0x000002bb58785100
Event: 203.045 Thread 0x000002bb58784660 Thread exited: 0x000002bb58784660
Event: 203.045 Thread 0x000002bb58781140 Thread exited: 0x000002bb58781140
Event: 203.045 Thread 0x000002bb58785650 Thread exited: 0x000002bb58785650
Event: 203.048 Executing  VM operation: Cleanup
Event: 203.048 Executing  VM operation: Cleanup done
Event: 203.048 loading class java/util/concurrent/ConcurrentLinkedQueue$Itr
Event: 203.049 loading class java/util/concurrent/ConcurrentLinkedQueue$Itr done
Event: 203.052 loading class java/util/logging/LogRecord
Event: 203.052 loading class java/util/logging/LogRecord done
Event: 203.058 Executing  VM operation: HandshakeAllThreads
Event: 203.058 Executing  VM operation: HandshakeAllThreads done
Event: 203.061 Executing  VM operation: HandshakeAllThreads
Event: 203.061 Executing  VM operation: HandshakeAllThreads done
Event: 203.062 Thread 0x000002bb585c39c0 Thread added: 0x000002bb585c39c0


Dynamic libraries:
0x00007ff6f2ed0000 - 0x00007ff6f2edd000 	C:\Users\opadfnezig\.jdks\corretto-16.0.2\bin\java.exe
0x00007ffc494b0000 - 0x00007ffc496a5000 	C:\Windows\SYSTEM32\ntdll.dll
0x00007ffc48de0000 - 0x00007ffc48e9d000 	C:\Windows\System32\KERNEL32.DLL
0x00007ffc46f00000 - 0x00007ffc471c8000 	C:\Windows\System32\KERNELBASE.dll
0x00007ffc471d0000 - 0x00007ffc472d0000 	C:\Windows\System32\ucrtbase.dll
0x00007ffc2a890000 - 0x00007ffc2a8a8000 	C:\Users\opadfnezig\.jdks\corretto-16.0.2\bin\jli.dll
0x00007ffc1a1c0000 - 0x00007ffc1a1d5000 	C:\Users\opadfnezig\.jdks\corretto-16.0.2\bin\VCRUNTIME140.dll
0x00007ffc47620000 - 0x00007ffc477c0000 	C:\Windows\System32\USER32.dll
0x00007ffc47330000 - 0x00007ffc47352000 	C:\Windows\System32\win32u.dll
0x00007ffc38860000 - 0x00007ffc38afa000 	C:\Windows\WinSxS\amd64_microsoft.windows.common-controls_6595b64144ccf1df_6.0.19041.844_none_ca00b6081b84eb1d\COMCTL32.dll
0x00007ffc47ad0000 - 0x00007ffc47afa000 	C:\Windows\System32\GDI32.dll
0x00007ffc485f0000 - 0x00007ffc4868e000 	C:\Windows\System32\msvcrt.dll
0x00007ffc46ca0000 - 0x00007ffc46dab000 	C:\Windows\System32\gdi32full.dll
0x00007ffc46db0000 - 0x00007ffc46e4d000 	C:\Windows\System32\msvcp_win.dll
0x00007ffc481f0000 - 0x00007ffc48220000 	C:\Windows\System32\IMM32.DLL
0x00007ffbe43a0000 - 0x00007ffbe443b000 	C:\Users\opadfnezig\.jdks\corretto-16.0.2\bin\msvcp140.dll
0x00007ffba4c80000 - 0x00007ffba5889000 	C:\Users\opadfnezig\.jdks\corretto-16.0.2\bin\server\jvm.dll
0x00007ffc47890000 - 0x00007ffc4793c000 	C:\Windows\System32\ADVAPI32.dll
0x00007ffc493b0000 - 0x00007ffc4944b000 	C:\Windows\System32\sechost.dll
0x00007ffc49280000 - 0x00007ffc493ab000 	C:\Windows\System32\RPCRT4.dll
0x00007ffc49450000 - 0x00007ffc49458000 	C:\Windows\System32\PSAPI.DLL
0x00007ffc40080000 - 0x00007ffc40089000 	C:\Windows\SYSTEM32\WSOCK32.dll
0x00007ffc3d9b0000 - 0x00007ffc3d9d7000 	C:\Windows\SYSTEM32\WINMM.dll
0x00007ffc480f0000 - 0x00007ffc4815b000 	C:\Windows\System32\WS2_32.dll
0x00007ffc3f960000 - 0x00007ffc3f96a000 	C:\Windows\SYSTEM32\VERSION.dll
0x00007ffc44a80000 - 0x00007ffc44a92000 	C:\Windows\SYSTEM32\kernel.appcore.dll
0x00007ffc42b20000 - 0x00007ffc42b2a000 	C:\Users\opadfnezig\.jdks\corretto-16.0.2\bin\jimage.dll
0x00007ffc39990000 - 0x00007ffc39b74000 	C:\Windows\SYSTEM32\DBGHELP.DLL
0x00007ffc32990000 - 0x00007ffc329bc000 	C:\Windows\SYSTEM32\dbgcore.DLL
0x00007ffc46e50000 - 0x00007ffc46ed0000 	C:\Windows\System32\bcryptPrimitives.dll
0x00007ffc03c10000 - 0x00007ffc03c4a000 	C:\Users\opadfnezig\.jdks\corretto-16.0.2\bin\jdwp.dll
0x00007ffc11870000 - 0x00007ffc11895000 	C:\Users\opadfnezig\.jdks\corretto-16.0.2\bin\java.dll
0x00007ffc48690000 - 0x00007ffc48dd2000 	C:\Windows\System32\SHELL32.dll
0x00007ffc44d60000 - 0x00007ffc454f0000 	C:\Windows\SYSTEM32\windows.storage.dll
0x00007ffc48220000 - 0x00007ffc48575000 	C:\Windows\System32\combase.dll
0x00007ffc46660000 - 0x00007ffc4668c000 	C:\Windows\SYSTEM32\Wldp.dll
0x00007ffc47510000 - 0x00007ffc475be000 	C:\Windows\System32\SHCORE.dll
0x00007ffc48590000 - 0x00007ffc485e5000 	C:\Windows\System32\shlwapi.dll
0x00007ffc46b30000 - 0x00007ffc46b4f000 	C:\Windows\SYSTEM32\profapi.dll
0x00007ffc2a880000 - 0x00007ffc2a88c000 	C:\Users\opadfnezig\.jdks\corretto-16.0.2\bin\dt_socket.dll
0x00007ffc46070000 - 0x00007ffc460ab000 	C:\Windows\SYSTEM32\IPHLPAPI.DLL
0x00007ffc463d0000 - 0x00007ffc4643a000 	C:\Windows\system32\mswsock.dll
0x00007ffc11850000 - 0x00007ffc11869000 	C:\Users\opadfnezig\.jdks\corretto-16.0.2\bin\net.dll
0x00007ffc40220000 - 0x00007ffc4032b000 	C:\Windows\SYSTEM32\WINHTTP.dll
0x00007ffc11830000 - 0x00007ffc11843000 	C:\Users\opadfnezig\.jdks\corretto-16.0.2\bin\nio.dll
0x00007ffc11810000 - 0x00007ffc11828000 	C:\Users\opadfnezig\.jdks\corretto-16.0.2\bin\zip.dll
0x00007ffc40090000 - 0x00007ffc400a0000 	C:\Users\opadfnezig\.jdks\corretto-16.0.2\bin\verify.dll
0x00007ffc142a0000 - 0x00007ffc142c7000 	C:\Users\opadfnezig\.gradle\native\8bec1ad78214c89d9ad589b4d07fe93259594b29d510b10fafb7a158f7737e5d\windows-amd64\native-platform.dll
0x00007ffbb2530000 - 0x00007ffbb266d000 	C:\Users\opadfnezig\.gradle\native\53dbd7edfb1c66fb8903c78663c9afc45aea4f116125fa6feffd364cf09443e8\windows-amd64\native-platform-file-events.dll
0x00007ffc3d770000 - 0x00007ffc3d779000 	C:\Users\opadfnezig\.jdks\corretto-16.0.2\bin\management.dll
0x00007ffc34130000 - 0x00007ffc3413b000 	C:\Users\opadfnezig\.jdks\corretto-16.0.2\bin\management_ext.dll
0x00007ffc465b0000 - 0x00007ffc465c8000 	C:\Windows\SYSTEM32\CRYPTSP.dll
0x00007ffc45d00000 - 0x00007ffc45d34000 	C:\Windows\system32\rsaenh.dll
0x00007ffc46ed0000 - 0x00007ffc46ef7000 	C:\Windows\System32\bcrypt.dll
0x00007ffc46af0000 - 0x00007ffc46b1e000 	C:\Windows\SYSTEM32\USERENV.dll
0x00007ffc465a0000 - 0x00007ffc465ac000 	C:\Windows\SYSTEM32\CRYPTBASE.dll
0x00007ffc49460000 - 0x00007ffc49468000 	C:\Windows\System32\NSI.dll
0x00007ffc405b0000 - 0x00007ffc405c7000 	C:\Windows\SYSTEM32\dhcpcsvc6.DLL
0x00007ffc40590000 - 0x00007ffc405ad000 	C:\Windows\SYSTEM32\dhcpcsvc.DLL
0x00007ffc460c0000 - 0x00007ffc4618c000 	C:\Windows\SYSTEM32\DNSAPI.dll
0x00007ffc33de0000 - 0x00007ffc33dee000 	C:\Users\opadfnezig\.jdks\corretto-16.0.2\bin\sunmscapi.dll
0x00007ffc47360000 - 0x00007ffc474bf000 	C:\Windows\System32\CRYPT32.dll
0x00007ffc466d0000 - 0x00007ffc466f7000 	C:\Windows\SYSTEM32\ncrypt.dll
0x00007ffc46690000 - 0x00007ffc466cb000 	C:\Windows\SYSTEM32\NTASN1.dll
0x00007ffc2fc90000 - 0x00007ffc2fc97000 	C:\Windows\system32\wshunix.dll
0x00007ffc3de00000 - 0x00007ffc3de0a000 	C:\Windows\System32\rasadhlp.dll
0x00007ffc3d8d0000 - 0x00007ffc3d94f000 	C:\Windows\System32\fwpuclnt.dll

dbghelp: loaded successfully - version: 4.0.5 - missing functions: none
symbol engine: initialized successfully - sym options: 0x614 - pdb path: .;C:\Users\opadfnezig\.jdks\corretto-16.0.2\bin;C:\Windows\SYSTEM32;C:\Windows\WinSxS\amd64_microsoft.windows.common-controls_6595b64144ccf1df_6.0.19041.844_none_ca00b6081b84eb1d;C:\Users\opadfnezig\.jdks\corretto-16.0.2\bin\server;C:\Users\opadfnezig\.gradle\native\8bec1ad78214c89d9ad589b4d07fe93259594b29d510b10fafb7a158f7737e5d\windows-amd64;C:\Users\opadfnezig\.gradle\native\53dbd7edfb1c66fb8903c78663c9afc45aea4f116125fa6feffd364cf09443e8\windows-amd64

VM Arguments:
jvm_args: -agentlib:jdwp=transport=dt_socket,server=n,suspend=y,address=127.0.0.1:49406 --add-opens=java.base/java.util=ALL-UNNAMED --add-opens=java.base/java.lang=ALL-UNNAMED --add-opens=java.base/java.lang.invoke=ALL-UNNAMED --add-opens=java.base/java.util=ALL-UNNAMED --add-opens=java.prefs/java.util.prefs=ALL-UNNAMED --add-opens=java.prefs/java.util.prefs=ALL-UNNAMED --add-opens=java.base/java.nio.charset=ALL-UNNAMED --add-opens=java.base/java.net=ALL-UNNAMED --add-opens=java.base/java.util.concurrent.atomic=ALL-UNNAMED -Xmx3G -Dfile.encoding=windows-1251 -Duser.country=RU -Duser.language=ru -Duser.variant 
java_command: org.gradle.launcher.daemon.bootstrap.GradleDaemon 7.1.1
java_class_path (initial): C:\Users\opadfnezig\.gradle\wrapper\dists\gradle-7.1.1-bin\f29rtwfnc96ub43tt7p47zsru\gradle-7.1.1\lib\gradle-launcher-7.1.1.jar
Launcher Type: SUN_STANDARD

[Global flags]
     intx CICompilerCount                          = 3                                         {product} {ergonomic}
     uint ConcGCThreads                            = 2                                         {product} {ergonomic}
     uint G1ConcRefinementThreads                  = 7                                         {product} {ergonomic}
   size_t G1HeapRegionSize                         = 2097152                                   {product} {ergonomic}
    uintx GCDrainStackTargetSize                   = 64                                        {product} {ergonomic}
   size_t InitialHeapSize                          = 268435456                                 {product} {ergonomic}
   size_t MarkStackSize                            = 4194304                                   {product} {ergonomic}
   size_t MaxHeapSize                              = 3221225472                                {product} {command line}
   size_t MaxNewSize                               = 1931476992                                {product} {ergonomic}
   size_t MinHeapDeltaBytes                        = 2097152                                   {product} {ergonomic}
   size_t MinHeapSize                              = 8388608                                   {product} {ergonomic}
    uintx NonNMethodCodeHeapSize                   = 5832780                                {pd product} {ergonomic}
    uintx NonProfiledCodeHeapSize                  = 122912730                              {pd product} {ergonomic}
    uintx ProfiledCodeHeapSize                     = 122912730                              {pd product} {ergonomic}
    uintx ReservedCodeCacheSize                    = 251658240                              {pd product} {ergonomic}
     bool SegmentedCodeCache                       = true                                      {product} {ergonomic}
   size_t SoftMaxHeapSize                          = 3221225472                             {manageable} {ergonomic}
     bool UseCompressedClassPointers               = true                           {product lp64_product} {ergonomic}
     bool UseCompressedOops                        = true                           {product lp64_product} {ergonomic}
     bool UseG1GC                                  = true                                      {product} {ergonomic}
     bool UseLargePagesIndividualAllocation        = false                                  {pd product} {ergonomic}

Logging:
Log output configuration:
 #0: stdout all=warning uptime,level,tags
 #1: stderr all=off uptime,level,tags

Environment Variables:
JAVA_HOME=C:\Program Files\Eclipse Adoptium\jdk-8.0.312.7-hotspot\
PATH=C:\Program Files\Eclipse Adoptium\jdk-8.0.312.7-hotspot\bin;C:\Program Files\Oculus\Support\oculus-runtime;C:\Program Files\AdoptOpenJDK\jdk-16.0.1.9-hotspot\bin;C:\Program Files (x86)\AMD APP\bin\x86_64;C:\Program Files (x86)\AMD APP\bin\x86;C:\Windows\system32;C:\Windows;C:\Windows\System32\Wbem;C:\Windows\System32\WindowsPowerShell\v1.0\;C:\Windows\System32\OpenSSH\;C:\Program Files (x86)\ATI Technologies\ATI.ACE\Core-Static;C:\Program Files (x86)\NVIDIA Corporation\PhysX\Common;C:\Program Files\Process Lasso\;C:\Program Files\dotnet\;C:\Program Files\Microsoft SQL Server\130\Tools\Binn\;D:\Program Files (x86)\Brackets\command;C:\Program Files (x86)\dotnet\;D:\nodejs\;C:\Program Files\PuTTY\;C:\Program Files\Git\cmd;C:\Program Files\Microsoft Network Monitor 3\;D:\Program Files (x86)\Yarn\bin\;C:\Program Files\NVIDIA Corporation\NVIDIA NvDLISR;C:\Users\opadfnezig\AppData\Local\Microsoft\WindowsApps;C:\Users\opadfnezig\.dotnet\tools;C:\Users\opadfnezig\AppData\Roaming\npm;C:\Users\opadfnezig\AppData\Local\GitHubDesktop\bin;D:\Users\opadfnezig\AppData\Local\Programs\Microsoft VS Code\bin;C:\Users\opadfnezig\AppData\Local\Yarn\bin
USERNAME=opadfnezig
OS=Windows_NT
PROCESSOR_IDENTIFIER=AMD64 Family 23 Model 8 Stepping 2, AuthenticAMD



---------------  S Y S T E M  ---------------

OS:
 Windows 10 , 64 bit Build 19041 (10.0.19041.928)
OS uptime: 4 days 3:58 hours

CPU: total 12 (initial active 7) (12 cores per cpu, 2 threads per core) family 23 model 8 stepping 2 microcode 0x0, cx8, cmov, fxsr, ht, mmx, 3dnowpref, sse, sse2, sse3, ssse3, sse4a, sse4.1, sse4.2, popcnt, lzcnt, tsc, tscinvbit, avx, avx2, aes, clmul, bmi1, bmi2, adx, sha, fma, vzeroupper, clflush, clflushopt

Memory: 4k page, system-wide physical 16335M (1586M free)
TotalPageFile size 48835M (AvailPageFile size 6023M)
current process WorkingSet (physical memory assigned to process): 439M, peak: 516M
current process commit charge ("private bytes"): 485M, peak: 568M

vm_info: OpenJDK 64-Bit Server VM (16.0.2+7) for windows-amd64 JRE (16.0.2+7), built on Jul 22 2021 01:11:46 by "Administrator" with MS VC++ 15.9 (VS2017)

END.
